Change Component Designator: OldDesignator=R? NewDesignator=R1
Change Component Designator: OldDesignator=R? NewDesignator=R2
Change Component Designator: OldDesignator=R? NewDesignator=R3
Change Component Designator: OldDesignator=R? NewDesignator=R4
Change Component Designator: OldDesignator=R? NewDesignator=R5
Change Component Designator: OldDesignator=R? NewDesignator=R6
Change Component Designator: OldDesignator=R? NewDesignator=R7
Change Component Designator: OldDesignator=R? NewDesignator=R8
Change Component Designator: OldDesignator=TP? NewDesignator=TP2
Change Component Designator: OldDesignator=TP? NewDesignator=TP7
Change Component Designator: OldDesignator=TP? NewDesignator=TP8
Change Component Designator: OldDesignator=TP? NewDesignator=TP9
Added Component: Designator=C1(FP-C0805C-DN-MFG)
Added Component: Designator=C2(FP-C0805C-DN-MFG)
Added Component: Designator=C6(FP-C0805C-DN-MFG)
Added Component: Designator=C7(FP-C0805C-DN-MFG)
Added Component: Designator=C40(FP-C0805C-DN-MFG)
Added Component: Designator=C43(FP-C0805C-DN-MFG)
Added Component: Designator=C44(FP-C0805C-DN-MFG)
Change Net Name : Old Net Name=NetC?_1 New Net Name=NetC7_1
Added Pin To Net: NetName=NetC1_1 Pin=R1-1
Added Pin To Net: NetName=NetC1_1 Pin=R3-2
Added Pin To Net: NetName=NetC1_1 Pin=R74-2
Added Pin To Net: NetName=NetC1_1 Pin=TP2-1
Added Net: Name=NetC1_1
Added Pin To Net: NetName=NetC2_1 Pin=R2-1
Added Pin To Net: NetName=NetC2_1 Pin=R4-2
Added Pin To Net: NetName=NetC2_1 Pin=R73-2
Added Pin To Net: NetName=NetC2_1 Pin=TP7-1
Added Net: Name=NetC2_1
Added Pin To Net: NetName=NetC6_1 Pin=R5-1
Added Pin To Net: NetName=NetC6_1 Pin=R7-2
Added Pin To Net: NetName=NetC6_1 Pin=R69-2
Added Pin To Net: NetName=NetC6_1 Pin=TP8-1
Added Net: Name=NetC6_1
Added Member To Class: ClassName=Driver_10kW Member=Component R1 10K
Added Member To Class: ClassName=Driver_10kW Member=Component R3 1K
Added Member To Class: ClassName=Driver_10kW Member=Component R4 1K
Added Member To Class: ClassName=Driver_10kW Member=Component R5 10K
Added Member To Class: ClassName=Driver_10kW Member=Component R6 10K
Added Member To Class: ClassName=Driver_10kW Member=Component R7 1K
Added Member To Class: ClassName=Driver_10kW Member=Component R8 1K
Added Member To Class: ClassName=Driver_10kW Member=Component TP2 Test_Point_PCB
Added Member To Class: ClassName=Driver_10kW Member=Component TP7 Test_Point_PCB
Added Member To Class: ClassName=Driver_10kW Member=Component TP9 Test_Point_PCB
Added Room: Name=Driver_10kW
