Removed Pin From Net: NetName=GND Pin=BT1-1
Removed Pin From Net: NetName=GND Pin=C1-1
Removed Pin From Net: NetName=+3V3 Pin=C1-2
Removed Pin From Net: NetName=+5V Pin=C2-1
Removed Pin From Net: NetName=GND Pin=C2-2
Removed Pin From Net: NetName=+3V3 Pin=C6-1
Removed Pin From Net: NetName=GND Pin=C6-2
Removed Pin From Net: NetName=VCC Pin=C7-1
Removed Pin From Net: NetName=GND Pin=C7-2
Removed Pin From Net: NetName=+3V3 Pin=C8-1
Removed Pin From Net: NetName=GND Pin=C8-2
Removed Pin From Net: NetName=VCC Pin=C9-1
Removed Pin From Net: NetName=GND Pin=C9-2
Removed Pin From Net: NetName=+3V3 Pin=C10-1
Removed Pin From Net: NetName=GND Pin=C10-2
Removed Pin From Net: NetName=GND Pin=C17-1
Removed Pin From Net: NetName=GND Pin=C18-1
Removed Pin From Net: NetName=GND Pin=C19-1
Removed Pin From Net: NetName=+5V Pin=C26-1
Removed Pin From Net: NetName=GND Pin=C26-2
Removed Pin From Net: NetName=+5V Pin=C27-1
Removed Pin From Net: NetName=GND Pin=C27-2
Removed Pin From Net: NetName=+5V Pin=C28-1
Removed Pin From Net: NetName=GND Pin=C28-2
Removed Pin From Net: NetName=GND Pin=C42-2
Removed Pin From Net: NetName=+3V3 Pin=C45-1
Removed Pin From Net: NetName=GND Pin=C45-2
Removed Pin From Net: NetName=GND Pin=C48-2
Removed Pin From Net: NetName=GND Pin=D22-2
Removed Pin From Net: NetName=GND Pin=D23-4
Removed Pin From Net: NetName=+5V Pin=D23-8
Removed Pin From Net: NetName=+3V3 Pin=D27-2
Removed Pin From Net: NetName=GND Pin=D29-2
Removed Pin From Net: NetName=GND Pin=D47-2
Removed Pin From Net: NetName=+3V3 Pin=D48-1
Removed Pin From Net: NetName=GND Pin=D48-2
Removed Pin From Net: NetName=GND Pin=J1-1
Removed Pin From Net: NetName=VCC Pin=J1-2
Removed Pin From Net: NetName=V_PS Pin=J2-1
Removed Pin From Net: NetName=GND Pin=J2-2
Removed Pin From Net: NetName=+5V Pin=J4-1
Removed Pin From Net: NetName=GND Pin=J4-2
Removed Pin From Net: NetName=GND Pin=J5-2
Removed Pin From Net: NetName=+3V3 Pin=J6-1
Removed Pin From Net: NetName=+5V Pin=J6-2
Removed Pin From Net: NetName=GND Pin=J6-6
Removed Pin From Net: NetName=+3V3 Pin=J7-1
Removed Pin From Net: NetName=GND Pin=J7-6
Removed Pin From Net: NetName=+3V3 Pin=J11-1
Removed Pin From Net: NetName=+5V Pin=J11-2
Removed Pin From Net: NetName=GND Pin=J11-6
Removed Pin From Net: NetName=GND Pin=J15-1
Removed Pin From Net: NetName=VCC Pin=J15-2
Removed Pin From Net: NetName=+3V3 Pin=P1-1
Removed Pin From Net: NetName=GND Pin=P1-4
Removed Pin From Net: NetName=GND Pin=P2-1
Removed Pin From Net: NetName=+5V Pin=P2-3
Removed Pin From Net: NetName=GND Pin=P4-1
Removed Pin From Net: NetName=+5V Pin=P4-3
Removed Pin From Net: NetName=GND Pin=P8-1
Removed Pin From Net: NetName=+5V Pin=P8-3
Removed Pin From Net: NetName=GND Pin=P9-1
Removed Pin From Net: NetName=+5V Pin=P9-3
Removed Pin From Net: NetName=GND Pin=P10-1
Removed Pin From Net: NetName=+5V Pin=P10-3
Removed Pin From Net: NetName=GND Pin=P11-1
Removed Pin From Net: NetName=+5V Pin=P11-3
Removed Pin From Net: NetName=GND Pin=P12-1
Removed Pin From Net: NetName=+3V3 Pin=P12-4
Removed Pin From Net: NetName=+5V Pin=P12-5
Removed Pin From Net: NetName=GND Pin=P14-1
Removed Pin From Net: NetName=+3V3 Pin=P14-4
Removed Pin From Net: NetName=+5V Pin=P14-5
Removed Pin From Net: NetName=+3V3 Pin=R1-2
Removed Pin From Net: NetName=GND Pin=R2-2
Removed Pin From Net: NetName=+3V3 Pin=R3-2
Removed Pin From Net: NetName=+3V3 Pin=R4-2
Removed Pin From Net: NetName=+5V Pin=R5-2
Removed Pin From Net: NetName=GND Pin=R8-1
Removed Pin From Net: NetName=GND Pin=R9-1
Removed Pin From Net: NetName=+3V3 Pin=R10-2
Removed Pin From Net: NetName=GND Pin=R22-2
Removed Pin From Net: NetName=GND Pin=R39-2
Removed Pin From Net: NetName=+3V3 Pin=R57-2
Removed Pin From Net: NetName=+5V Pin=R87-2
Removed Pin From Net: NetName=+5V Pin=R88-2
Removed Pin From Net: NetName=+3V3 Pin=R89-2
Removed Pin From Net: NetName=GND Pin=R93-1
Removed Pin From Net: NetName=GND Pin=R94-1
Removed Pin From Net: NetName=GND Pin=R95-1
Removed Pin From Net: NetName=GND Pin=R96-1
Removed Pin From Net: NetName=+5V Pin=R99-2
Removed Pin From Net: NetName=+5V Pin=R100-2
Removed Pin From Net: NetName=GND Pin=R101-2
Removed Pin From Net: NetName=GND Pin=R102-2
Removed Pin From Net: NetName=+3V3 Pin=R116-2
Removed Pin From Net: NetName=+3V3 Pin=R117-2
Removed Pin From Net: NetName=+3V3 Pin=R118-2
Removed Pin From Net: NetName=VCC Pin=RG1-1
Removed Pin From Net: NetName=GND Pin=RG1-2
Removed Pin From Net: NetName=GND Pin=RG1-2
Removed Pin From Net: NetName=+5V Pin=RG1-3
Removed Pin From Net: NetName=+5V Pin=RP6-1
Removed Pin From Net: NetName=GND Pin=RP6-3
Removed Pin From Net: NetName=+5V Pin=RP7-1
Removed Pin From Net: NetName=GND Pin=RP7-3
Removed Pin From Net: NetName=+5V Pin=RP8-1
Removed Pin From Net: NetName=GND Pin=RP8-3
Removed Pin From Net: NetName=+5V Pin=RP9-1
Removed Pin From Net: NetName=GND Pin=RP9-3
Removed Pin From Net: NetName=GND Pin=SW1-1
Removed Pin From Net: NetName=GND Pin=SW1-1
Removed Pin From Net: NetName=GND Pin=SW1-2
Removed Pin From Net: NetName=GND Pin=SW1-2
Removed Pin From Net: NetName=GND Pin=SW2-1
Removed Pin From Net: NetName=GND Pin=SW2-1
Removed Pin From Net: NetName=GND Pin=SW2-2
Removed Pin From Net: NetName=GND Pin=SW2-2
Removed Pin From Net: NetName=GND Pin=SW3-1
Removed Pin From Net: NetName=GND Pin=SW3-1
Removed Pin From Net: NetName=GND Pin=SW3-2
Removed Pin From Net: NetName=GND Pin=SW3-2
Removed Pin From Net: NetName=+5V Pin=TP13-1
Removed Pin From Net: NetName=+5V Pin=TP14-1
Removed Pin From Net: NetName=GND Pin=U1-1
Removed Pin From Net: NetName=+3V3 Pin=U1-2
Removed Pin From Net: NetName=+5V Pin=U1-3
Removed Pin From Net: NetName=+3V3 Pin=U1-4
Removed Pin From Net: NetName=GND Pin=U3-5
Removed Pin From Net: NetName=+5V Pin=U3-8
Removed Pin From Net: NetName=GND Pin=U4-8
Removed Pin From Net: NetName=+3V3 Pin=U4-9
Removed Pin From Net: NetName=NetC43_2 Pin=U4-13
Removed Pin From Net: NetName=NetC54_2 Pin=U4-14
Removed Pin From Net: NetName=NetC52_2 Pin=U4-15
Removed Pin From Net: NetName=NetC47_2 Pin=U4-16
Removed Pin From Net: NetName=NetC50_2 Pin=U4-17
Removed Pin From Net: NetName=NetC44_2 Pin=U4-20
Removed Pin From Net: NetName=NetR14_2 Pin=U4-22
Removed Pin From Net: NetName=GND Pin=U4-23
Removed Pin From Net: NetName=+3V3 Pin=U4-24
Removed Pin From Net: NetName=NetR78_2 Pin=U4-28
Removed Pin From Net: NetName=NetR13_2 Pin=U4-29
Removed Pin From Net: NetName=NetR15_2 Pin=U4-30
Removed Pin From Net: NetName=NetR51_2 Pin=U4-31
Removed Pin From Net: NetName=NetR29_2 Pin=U4-32
Removed Pin From Net: NetName=NetR31_2 Pin=U4-33
Removed Pin From Net: NetName=GND Pin=U4-35
Removed Pin From Net: NetName=+3V3 Pin=U4-36
Removed Pin From Net: NetName=NetR58_2 Pin=U4-38
Removed Pin From Net: NetName=NetR80_2 Pin=U4-39
Removed Pin From Net: NetName=GND Pin=U4-47
Removed Pin From Net: NetName=+3V3 Pin=U4-48
Removed Pin From Net: NetName=+3V3 Pin=U12-1
Removed Pin From Net: NetName=GND Pin=U12-4
Removed Pin From Net: NetName=GND Pin=U18-1
Removed Pin From Net: NetName=+5V Pin=U18-2
Removed Pin From Net: NetName=GND Pin=Z1-2
Removed Pin From Net: NetName=GND Pin=Z2-2
Removed Member From Class: ClassName=Driver_10kW Member=BT1
Removed Member From Class: ClassName=Driver_10kW Member=C1
Removed Member From Class: ClassName=Driver_10kW Member=C2
Removed Member From Class: ClassName=Driver_10kW Member=C6
Removed Member From Class: ClassName=Driver_10kW Member=C7
Removed Member From Class: ClassName=Driver_10kW Member=C8
Removed Member From Class: ClassName=Driver_10kW Member=C9
Removed Member From Class: ClassName=Driver_10kW Member=C10
Removed Member From Class: ClassName=Driver_10kW Member=C17
Removed Member From Class: ClassName=Driver_10kW Member=C18
Removed Member From Class: ClassName=Driver_10kW Member=C19
Removed Member From Class: ClassName=Driver_10kW Member=C26
Removed Member From Class: ClassName=Driver_10kW Member=C27
Removed Member From Class: ClassName=Driver_10kW Member=C28
Removed Member From Class: ClassName=Driver_10kW Member=C42
Removed Member From Class: ClassName=Driver_10kW Member=C45
Removed Member From Class: ClassName=Driver_10kW Member=C48
Removed Member From Class: ClassName=Driver_10kW Member=D22
Removed Member From Class: ClassName=Driver_10kW Member=D23
Removed Member From Class: ClassName=Driver_10kW Member=D27
Removed Member From Class: ClassName=Driver_10kW Member=D29
Removed Member From Class: ClassName=Driver_10kW Member=D47
Removed Member From Class: ClassName=Driver_10kW Member=D48
Removed Member From Class: ClassName=Driver_10kW Member=J1
Removed Member From Class: ClassName=Driver_10kW Member=J2
Removed Member From Class: ClassName=Driver_10kW Member=J4
Removed Member From Class: ClassName=Driver_10kW Member=J5
Removed Member From Class: ClassName=Driver_10kW Member=J6
Removed Member From Class: ClassName=Driver_10kW Member=J7
Removed Member From Class: ClassName=Driver_10kW Member=J11
Removed Member From Class: ClassName=Driver_10kW Member=J15
Removed Member From Class: ClassName=Driver_10kW Member=P1
Removed Member From Class: ClassName=Driver_10kW Member=P2
Removed Member From Class: ClassName=Driver_10kW Member=P3
Removed Member From Class: ClassName=Driver_10kW Member=P4
Removed Member From Class: ClassName=Driver_10kW Member=P8
Removed Member From Class: ClassName=Driver_10kW Member=P9
Removed Member From Class: ClassName=Driver_10kW Member=P10
Removed Member From Class: ClassName=Driver_10kW Member=P11
Removed Member From Class: ClassName=Driver_10kW Member=P12
Removed Member From Class: ClassName=Driver_10kW Member=P14
Removed Member From Class: ClassName=Driver_10kW Member=R1
Removed Member From Class: ClassName=Driver_10kW Member=R2
Removed Member From Class: ClassName=Driver_10kW Member=R3
Removed Member From Class: ClassName=Driver_10kW Member=R4
Removed Member From Class: ClassName=Driver_10kW Member=R5
Removed Member From Class: ClassName=Driver_10kW Member=R8
Removed Member From Class: ClassName=Driver_10kW Member=R9
Removed Member From Class: ClassName=Driver_10kW Member=R10
Removed Member From Class: ClassName=Driver_10kW Member=R20
Removed Member From Class: ClassName=Driver_10kW Member=R22
Removed Member From Class: ClassName=Driver_10kW Member=R38
Removed Member From Class: ClassName=Driver_10kW Member=R39
Removed Member From Class: ClassName=Driver_10kW Member=R57
Removed Member From Class: ClassName=Driver_10kW Member=R83
Removed Member From Class: ClassName=Driver_10kW Member=R84
Removed Member From Class: ClassName=Driver_10kW Member=R85
Removed Member From Class: ClassName=Driver_10kW Member=R86
Removed Member From Class: ClassName=Driver_10kW Member=R87
Removed Member From Class: ClassName=Driver_10kW Member=R88
Removed Member From Class: ClassName=Driver_10kW Member=R89
Removed Member From Class: ClassName=Driver_10kW Member=R91
Removed Member From Class: ClassName=Driver_10kW Member=R92
Removed Member From Class: ClassName=Driver_10kW Member=R93
Removed Member From Class: ClassName=Driver_10kW Member=R94
Removed Member From Class: ClassName=Driver_10kW Member=R95
Removed Member From Class: ClassName=Driver_10kW Member=R96
Removed Member From Class: ClassName=Driver_10kW Member=R97
Removed Member From Class: ClassName=Driver_10kW Member=R98
Removed Member From Class: ClassName=Driver_10kW Member=R99
Removed Member From Class: ClassName=Driver_10kW Member=R100
Removed Member From Class: ClassName=Driver_10kW Member=R101
Removed Member From Class: ClassName=Driver_10kW Member=R102
Removed Member From Class: ClassName=Driver_10kW Member=R113
Removed Member From Class: ClassName=Driver_10kW Member=R116
Removed Member From Class: ClassName=Driver_10kW Member=R117
Removed Member From Class: ClassName=Driver_10kW Member=R118
Removed Member From Class: ClassName=Driver_10kW Member=R119
Removed Member From Class: ClassName=Driver_10kW Member=RG1
Removed Member From Class: ClassName=Driver_10kW Member=RP6
Removed Member From Class: ClassName=Driver_10kW Member=RP7
Removed Member From Class: ClassName=Driver_10kW Member=RP8
Removed Member From Class: ClassName=Driver_10kW Member=RP9
Removed Member From Class: ClassName=Driver_10kW Member=SW1
Removed Member From Class: ClassName=Driver_10kW Member=SW2
Removed Member From Class: ClassName=Driver_10kW Member=SW3
Removed Member From Class: ClassName=Driver_10kW Member=TP13
Removed Member From Class: ClassName=Driver_10kW Member=TP14
Removed Member From Class: ClassName=Driver_10kW Member=TP15
Removed Member From Class: ClassName=Driver_10kW Member=TP16
Removed Member From Class: ClassName=Driver_10kW Member=TP17
Removed Member From Class: ClassName=Driver_10kW Member=TP18
Removed Member From Class: ClassName=Driver_10kW Member=TP19
Removed Member From Class: ClassName=Driver_10kW Member=TP20
Removed Member From Class: ClassName=Driver_10kW Member=TP21
Removed Member From Class: ClassName=Driver_10kW Member=TP22
Removed Member From Class: ClassName=Driver_10kW Member=U1
Removed Member From Class: ClassName=Driver_10kW Member=U3
Removed Member From Class: ClassName=Driver_10kW Member=U4
Removed Member From Class: ClassName=Driver_10kW Member=U12
Removed Member From Class: ClassName=Driver_10kW Member=U18
Removed Member From Class: ClassName=Driver_10kW Member=X1
Removed Member From Class: ClassName=Driver_10kW Member=Z1
Removed Member From Class: ClassName=Driver_10kW Member=Z2
Added Room: Name=Driver_10kW
