Removed Pin From Net: NetName=NetD7_3 Pin=J3-2
Removed Pin From Net: NetName=NetD7_3 Pin=J3-2
Removed Pin From Net: NetName=GND Pin=J9-1
Removed Pin From Net: NetName=GND Pin=J9-1
Removed Pin From Net: NetName=+350 VDC Pin=J9-2
Removed Pin From Net: NetName=+350 VDC Pin=J9-2
Removed Pin From Net: NetName=NetD3_1 Pin=J10-1
Removed Pin From Net: NetName=NetD3_1 Pin=J10-1
Removed Pin From Net: NetName=NetD5_1 Pin=J12-1
Removed Pin From Net: NetName=NetD5_1 Pin=J12-1
Removed Pin From Net: NetName=NetD7_3 Pin=J12-2
Removed Pin From Net: NetName=NetD7_3 Pin=J12-2
Removed Pin From Net: NetName=GND Pin=J13-1
Removed Pin From Net: NetName=GND Pin=J13-1
Removed Pin From Net: NetName=GND Pin=J13-2
Removed Pin From Net: NetName=GND Pin=J13-2
Removed Pin From Net: NetName=GND Pin=TP1-1
Removed Member From Class: ClassName=Driver_10kW Member=J9
Removed Member From Class: ClassName=Driver_10kW Member=J12
Added Pin To Net: NetName=NetD3_1 Pin=J3-2
Added Pin To Net: NetName=NetD3_1 Pin=J3-2
Added Pin To Net: NetName=NetD5_1 Pin=J10-1
Added Pin To Net: NetName=NetD5_1 Pin=J10-1
Added Pin To Net: NetName=NetD7_3 Pin=J13-1
Added Pin To Net: NetName=NetD7_3 Pin=J13-1
Added Pin To Net: NetName=GND_1 Pin=J13-2
Added Pin To Net: NetName=GND_1 Pin=J13-2
Added Pin To Net: NetName=GND_1 Pin=TP1-1
Added Net: Name=GND_1
Added Room: Name=Driver_10kW
