Added Component: Designator=C5(CAP_450V_470uF)
Added Component: Designator=C55(CAP_450V_470uF)
Added Component: Designator=C56(CAP_450V_470uF)
Added Component: Designator=C57(CAP_450V_470uF)
Added Component: Designator=L3(Filtr_drossel)
Added Pin To Net: NetName=V_BAT Pin=C5-1
Added Pin To Net: NetName=GND Pin=C5-2
Added Pin To Net: NetName=V_BAT Pin=C55-1
Added Pin To Net: NetName=GND Pin=C55-2
Added Pin To Net: NetName=V_BAT Pin=C56-1
Added Pin To Net: NetName=GND Pin=C56-2
Added Pin To Net: NetName=V_BAT Pin=C57-1
Added Pin To Net: NetName=GND Pin=C57-2
Added Pin To Net: NetName=V_PS Pin=L3-1
Added Pin To Net: NetName=NetL3_2 Pin=L3-2
Added Member To Class: ClassName=Driver_10kW Member=Component C5 450V_330uF
Added Member To Class: ClassName=Driver_10kW Member=Component C55 450V_330uF
Added Member To Class: ClassName=Driver_10kW Member=Component C56 450V_330uF
Added Member To Class: ClassName=Driver_10kW Member=Component C57 450V_330uF
Added Member To Class: ClassName=Driver_10kW Member=Component L3 Coil
Added Room: Name=Driver_10kW
