Removed Pin From Net: NetName=NetC3_2 Pin=C4-2
Removed Pin From Net: NetName=GND Pin=D30-2
Removed Pin From Net: NetName=GND Pin=D31-2
Removed Pin From Net: NetName=NetJ6_4 Pin=J7-4
Removed Pin From Net: NetName=NetJ6_3 Pin=J7-5
Removed Pin From Net: NetName=GND Pin=P13-1
Removed Pin From Net: NetName=+5V Pin=P13-5
Removed Pin From Net: NetName=NetJ6_4 Pin=U4-12
Removed Member From Class: ClassName=Driver_10kW Member=D30
Removed Member From Class: ClassName=Driver_10kW Member=D31
Removed Member From Class: ClassName=Driver_10kW Member=P13
Removed Member From Class: ClassName=Driver_10kW Member=R114
Removed Member From Class: ClassName=Driver_10kW Member=R115
Removed Member From Class: ClassName=HV Member=NetR121_2
Change Component Footprint: Designator=C38 Old Footprint=4700uF_100V New Footprint=CAP-1206
Change Component Footprint: Designator=C7 Old Footprint=CAP-1206 New Footprint=CAPPOL-12x25
Change Component Footprint: Designator=C9 Old Footprint=CAP-1206 New Footprint=CAPPOL-12x25
Change Component Footprint: Designator=D3 Old Footprint=FP-6_560-5005_01-4-MFG New Footprint=40EPS08
Change Component Footprint: Designator=D4 Old Footprint=FP-6_560-5005_01-4-MFG New Footprint=40EPS08
Change Component Footprint: Designator=D5 Old Footprint=FP-6_560-5005_01-4-MFG New Footprint=40EPS08
Change Component Footprint: Designator=D7 Old Footprint=FP-6_560-5005_01-4-MFG New Footprint=40EPS08
Change Component Footprint: Designator=D8 Old Footprint=FP-6_560-5005_01-4-MFG New Footprint=40EPS08
Change Component Footprint: Designator=C20 Old Footprint=FP-C0805C-DN-MFG New Footprint=CAP-1206
Change Component Footprint: Designator=C21 Old Footprint=FP-C0805C-DN-MFG New Footprint=CAP-1206
Change Component Footprint: Designator=C22 Old Footprint=FP-C0805C-DN-MFG New Footprint=CAP-1206
Change Component Footprint: Designator=C23 Old Footprint=FP-C0805C-DN-MFG New Footprint=CAP-1206
Change Component Footprint: Designator=D1 Old Footprint=FP-SMA-MFG New Footprint=40EPS08
Change Component Footprint: Designator=D2 Old Footprint=FP-SMA-MFG New Footprint=40EPS08
Change Component Footprint: Designator=D6 Old Footprint=FP-SMA-MFG New Footprint=40EPS08
Change Component Footprint: Designator=Q1 Old Footprint=TO-247 New Footprint=TO-247
Change Component Footprint: Designator=Q2 Old Footprint=TO-247 New Footprint=TO-247
Change Component Footprint: Designator=Q3 Old Footprint=TO-247 New Footprint=TO-247
Change Component Footprint: Designator=Q4 Old Footprint=TO-247 New Footprint=TO-247
Change Component Footprint: Designator=Q5 Old Footprint=TO-247 New Footprint=TO-247
Change Component Footprint: Designator=Q6 Old Footprint=TO-247 New Footprint=TO-247
Change Component Footprint: Designator=Q7 Old Footprint=TO-247 New Footprint=TO-247
Change Component Footprint: Designator=Q8 Old Footprint=TO-247 New Footprint=TO-247
Change Component Footprint: Designator=Q9 Old Footprint=TO-247 New Footprint=TO-247
Change Component Footprint: Designator=Q10 Old Footprint=TO-247 New Footprint=TO-247
Change Component Footprint: Designator=Q11 Old Footprint=TO-247 New Footprint=TO-247
Change Component Footprint: Designator=Q12 Old Footprint=TO-247 New Footprint=TO-247
Change Component Footprint: Designator=Q13 Old Footprint=TO-247 New Footprint=TO-247
Change Component Footprint: Designator=Q14 Old Footprint=TO-247 New Footprint=TO-247
Change Component Footprint: Designator=Q15 Old Footprint=TO-247 New Footprint=TO-247
Change Component Footprint: Designator=Q16 Old Footprint=TO-247 New Footprint=TO-247
Change Component Designator: OldDesignator=C? NewDesignator=C42
Change Component Designator: OldDesignator=C? NewDesignator=C48
Change Component Designator: OldDesignator=R? NewDesignator=R1
Change Component Designator: OldDesignator=R? NewDesignator=R89
Change Component Designator: OldDesignator=R? NewDesignator=R90
Change Component Designator: OldDesignator=X? NewDesignator=X1
Added Component: Designator=L1(Filtr_drossel)
Added Component: Designator=U18(FP-B0505S-1WR3-MFG)
Added Pin To Net: NetName=+350 VDC Pin=C4-2
Added Pin To Net: NetName=GND Pin=D1-3
Added Pin To Net: NetName=NetD1_1 Pin=D2-3
Added Pin To Net: NetName=GND Pin=D3-3
Added Pin To Net: NetName=NetD3_1 Pin=D4-3
Added Pin To Net: NetName=GND Pin=D5-3
Added Pin To Net: NetName=NetD5_1 Pin=D6-3
Added Pin To Net: NetName=NetD7_3 Pin=D7-3
Added Pin To Net: NetName=GND Pin=D8-3
Added Pin To Net: NetName=NetC3_2 Pin=L1-1
Added Pin To Net: NetName=+350 VDC Pin=L1-2
Change Net Name : Old Net Name=NetC?_1 New Net Name=NetC42_1
Change Net Name : Old Net Name=NetR121_2 New Net Name=NetR90_1
Added Pin To Net: NetName=NetC48_1 Pin=C48-1
Added Pin To Net: NetName=NetC48_1 Pin=U4-6
Added Pin To Net: NetName=NetC48_1 Pin=X1-2
Added Net: Name=NetC48_1
Added Pin To Net: NetName=NetJ7_4 Pin=J7-4
Added Pin To Net: NetName=NetJ7_4 Pin=U4-12
Added Net: Name=NetJ7_4
Added Pin To Net: NetName=NetJ7_5 Pin=J7-5
Added Pin To Net: NetName=NetJ7_5 Pin=U4-40
Added Net: Name=NetJ7_5
Added Net: Name=NetP3_1
Added Net: Name=NetP3_2
Added Net: Name=NetP3_3
Added Net: Name=NetP3_4
Added Net: Name=NetP3_5
Added Pin To Net: NetName=NetR113_2 Pin=R113-2
Added Pin To Net: NetName=NetR113_2 Pin=U4-4
Added Net: Name=NetR113_2
Added Member To Class: ClassName=Driver_10kW Member=Component C48 16pF
Added Member To Class: ClassName=Driver_10kW Member=Component L1 Coil
Added Member To Class: ClassName=Driver_10kW Member=Component R89 10K
Added Member To Class: ClassName=Driver_10kW Member=Component R90 47K
Added Member To Class: ClassName=HV Member=Wire NetR90_1
