Removed Pin From Net: NetName=GND Pin=C24-2
Removed Pin From Net: NetName=GND Pin=C25-2
Removed Pin From Net: NetName=GND Pin=C39-2
Removed Pin From Net: NetName=GND Pin=C41-2
Removed Pin From Net: NetName=NetQ3_3 Pin=R37-2
Removed Pin From Net: NetName=NetQ4_3 Pin=R41-2
Removed Pin From Net: NetName=GND Pin=R43-1
Removed Pin From Net: NetName=GND Pin=R44-1
Removed Pin From Net: NetName=NetQ11_3 Pin=R106-2
Removed Pin From Net: NetName=NetQ12_3 Pin=R108-2
Removed Pin From Net: NetName=GND Pin=R110-1
Removed Pin From Net: NetName=GND Pin=R111-1
Removed Member From Class: ClassName=Driver_10kW Member=C24
Removed Member From Class: ClassName=Driver_10kW Member=C25
Removed Member From Class: ClassName=Driver_10kW Member=C39
Removed Member From Class: ClassName=Driver_10kW Member=C41
Removed Member From Class: ClassName=Driver_10kW Member=R37
Removed Member From Class: ClassName=Driver_10kW Member=R41
Removed Member From Class: ClassName=Driver_10kW Member=R43
Removed Member From Class: ClassName=Driver_10kW Member=R44
Removed Member From Class: ClassName=Driver_10kW Member=R106
Removed Member From Class: ClassName=Driver_10kW Member=R108
Removed Member From Class: ClassName=Driver_10kW Member=R110
Removed Member From Class: ClassName=Driver_10kW Member=R111
Removed Member From Class: ClassName=HV Member=NetC13_1
Removed Member From Class: ClassName=HV Member=NetC14_1
Removed Member From Class: ClassName=HV Member=NetC20_1
Removed Member From Class: ClassName=HV Member=NetC21_1
Removed Member From Class: ClassName=HV Member=NetC31_1
Removed Member From Class: ClassName=HV Member=NetC32_1
Removed Member From Class: ClassName=HV Member=NetC35_1
Removed Member From Class: ClassName=HV Member=NetC36_1
Added Component: Designator=C40(FP-C0805C-DN-MFG)
Added Component: Designator=C43(FP-C0805C-DN-MFG)
Added Component: Designator=C44(FP-C0805C-DN-MFG)
Added Component: Designator=C?(FP-C0805C-DN-MFG)
Added Component: Designator=C?(FP-C0805C-DN-MFG)
Added Component: Designator=C?(FP-C0805C-DN-MFG)
Added Component: Designator=C?(FP-C0805C-DN-MFG)
Added Component: Designator=R53(Vishay_CRCW0805-e3_IPC_A)
Added Component: Designator=R54(Vishay_CRCW0805-e3_IPC_A)
Added Component: Designator=R55(Vishay_CRCW0805-e3_IPC_A)
Added Component: Designator=R56(Vishay_CRCW0805-e3_IPC_A)
Added Component: Designator=R90(Vishay_CRCW0805-e3_IPC_A)
Added Component: Designator=R121(Yageo_RC0805_IPC_A)
Added Component: Designator=R?(Yageo_RC0805_IPC_C)
Added Component: Designator=R?(Yageo_RC0805_IPC_A)
Added Component: Designator=R?(Yageo_RC0805_IPC_C)
Added Component: Designator=R?(Yageo_RC0805_IPC_A)
Added Component: Designator=R?(Yageo_RC0805_IPC_A)
Added Component: Designator=R?(Yageo_RC0805_IPC_C)
Added Component: Designator=R?(Yageo_RC0805_IPC_C)
Added Component: Designator=R?(Yageo_RC0805_IPC_A)
Added Component: Designator=TP3(Test_Point)
Added Component: Designator=TP4(Test_Point)
Added Component: Designator=TP5(Test_Point)
Added Component: Designator=TP6(Test_Point)
Added Component: Designator=TP34(Test_Point)
Added Component: Designator=TP35(Test_Point)
Added Component: Designator=TP56(Test_Point)
Added Component: Designator=TP57(Test_Point)
Added Component: Designator=TP?(Test_Point)
Added Component: Designator=TP?(Test_Point)
Added Component: Designator=TP?(Test_Point)
Added Component: Designator=TP?(Test_Point)
Added Component: Designator=VD17(DO-017AA)
Added Component: Designator=VD18(LED-0603)
Added Pin To Net: NetName=NetC43_2 Pin=R53-1
Added Pin To Net: NetName=V_PS Pin=R53-2
Added Pin To Net: NetName=NetC44_2 Pin=R54-1
Added Pin To Net: NetName=NetR54_2 Pin=R54-2
Added Pin To Net: NetName=GND Pin=R55-1
Added Pin To Net: NetName=NetC43_2 Pin=R55-2
Added Pin To Net: NetName=GND Pin=R56-1
Added Pin To Net: NetName=NetC44_2 Pin=R56-2
Added Pin To Net: NetName=NetR90_1 Pin=R90-1
Added Pin To Net: NetName=V_PS Pin=R90-2
Added Pin To Net: NetName=NetR121_1 Pin=R121-1
Added Pin To Net: NetName=NetR90_1 Pin=R121-2
Added Pin To Net: NetName=GND Pin=R?-1
Added Pin To Net: NetName=GND Pin=R?-1
Added Pin To Net: NetName=GND Pin=R?-1
Added Pin To Net: NetName=GND Pin=R?-1
Added Pin To Net: NetName=NetQ3_3 Pin=R?-2
Added Pin To Net: NetName=NetQ4_3 Pin=R?-2
Added Pin To Net: NetName=NetQ11_3 Pin=R?-2
Added Pin To Net: NetName=NetQ12_3 Pin=R?-2
Added Pin To Net: NetName=NetR54_2 Pin=TP3-1
Added Pin To Net: NetName=NetC43_2 Pin=TP4-1
Added Pin To Net: NetName=NetC44_2 Pin=TP5-1
Added Pin To Net: NetName=V_BAT Pin=TP6-1
Added Pin To Net: NetName=NetQ3_3 Pin=TP34-1
Added Pin To Net: NetName=NetQ4_3 Pin=TP35-1
Added Pin To Net: NetName=NetQ11_3 Pin=TP56-1
Added Pin To Net: NetName=NetQ12_3 Pin=TP57-1
Added Pin To Net: NetName=NetR90_1 Pin=VD17-1
Added Pin To Net: NetName=GND Pin=VD17-2
Added Pin To Net: NetName=GND Pin=VD18-1
Added Pin To Net: NetName=NetR121_1 Pin=VD18-2
Change Net Name : Old Net Name=NetC13_1 New Net Name=NetC15_2
Change Net Name : Old Net Name=NetC14_1 New Net Name=NetC16_2
Change Net Name : Old Net Name=NetC20_1 New Net Name=NetJ14_2
Change Net Name : Old Net Name=NetC21_1 New Net Name=NetJ16_2
Change Net Name : Old Net Name=NetC31_1 New Net Name=NetC33_2
Change Net Name : Old Net Name=NetC32_1 New Net Name=NetC34_2
Change Net Name : Old Net Name=NetC35_1 New Net Name=NetJ17_1
Change Net Name : Old Net Name=NetC36_1 New Net Name=NetJ18_1
Change Net Name : Old Net Name=NetD11_2 New Net Name=NetQ1_1
Change Net Name : Old Net Name=NetD14_2 New Net Name=NetQ4_1
Change Net Name : Old Net Name=NetD17_2 New Net Name=NetQ5_1
Change Net Name : Old Net Name=NetD18_2 New Net Name=NetQ6_1
Change Net Name : Old Net Name=NetD19_2 New Net Name=NetQ7_1
Change Net Name : Old Net Name=NetD20_2 New Net Name=NetQ8_1
Change Net Name : Old Net Name=NetD25_2 New Net Name=NetQ9_1
Change Net Name : Old Net Name=NetD26_2 New Net Name=NetQ10_1
Change Net Name : Old Net Name=NetD28_2 New Net Name=NetQ11_1
Change Net Name : Old Net Name=NetD32_2 New Net Name=NetQ12_1
Change Net Name : Old Net Name=NetD35_2 New Net Name=NetQ13_1
Change Net Name : Old Net Name=NetD36_2 New Net Name=NetQ14_1
Change Net Name : Old Net Name=NetD37_2 New Net Name=NetQ15_1
Change Net Name : Old Net Name=NetD38_2 New Net Name=NetQ16_1
Added Pin To Net: NetName=NetC?_1 Pin=R71-2
Added Pin To Net: NetName=NetC?_1 Pin=R?-1
Added Pin To Net: NetName=NetC?_1 Pin=R?-2
Added Pin To Net: NetName=NetC?_1 Pin=TP?-1
Added Net: Name=NetC?_1
Added Pin To Net: NetName=NetQ2_1 Pin=Q2-1
Added Pin To Net: NetName=NetQ2_1 Pin=Q3-1
Added Net: Name=NetQ2_1
Added Member To Class: ClassName=Driver_10kW Member=Component R53 470K
Added Member To Class: ClassName=Driver_10kW Member=Component R54 10K
Added Member To Class: ClassName=Driver_10kW Member=Component R55 2.2K
Added Member To Class: ClassName=Driver_10kW Member=Component R56 2.2K
Added Member To Class: ClassName=Driver_10kW Member=Component R90 47K
Added Member To Class: ClassName=Driver_10kW Member=Component R121 2K
Added Member To Class: ClassName=Driver_10kW Member=Component R? 10K
Added Member To Class: ClassName=Driver_10kW Member=Component R? 1K
Added Member To Class: ClassName=Driver_10kW Member=Component R? 10K
Added Member To Class: ClassName=Driver_10kW Member=Component R? 1K
Added Member To Class: ClassName=Driver_10kW Member=Component R? 1K
Added Member To Class: ClassName=Driver_10kW Member=Component R? 10K
Added Member To Class: ClassName=Driver_10kW Member=Component R? 10K
Added Member To Class: ClassName=Driver_10kW Member=Component R? 1K
Added Member To Class: ClassName=Driver_10kW Member=Component TP3 Test_Point_PCB
Added Member To Class: ClassName=Driver_10kW Member=Component TP4 Test_Point_PCB
Added Member To Class: ClassName=Driver_10kW Member=Component TP5 Test_Point_PCB
Added Member To Class: ClassName=Driver_10kW Member=Component TP6 Test_Point_PCB
Added Member To Class: ClassName=Driver_10kW Member=Component TP34 Test_Point_PCB
Added Member To Class: ClassName=Driver_10kW Member=Component TP35 Test_Point_PCB
Added Member To Class: ClassName=Driver_10kW Member=Component TP56 Test_Point_PCB
Added Member To Class: ClassName=Driver_10kW Member=Component TP57 Test_Point_PCB
Added Member To Class: ClassName=Driver_10kW Member=Component TP? Test_Point_PCB
Added Member To Class: ClassName=Driver_10kW Member=Component TP? Test_Point_PCB
Added Member To Class: ClassName=Driver_10kW Member=Component TP? Test_Point_PCB
Added Member To Class: ClassName=Driver_10kW Member=Component TP? Test_Point_PCB
Added Member To Class: ClassName=Driver_10kW Member=Component VD17 15V
Added Member To Class: ClassName=Driver_10kW Member=Component VD18 LED
Added Member To Class: ClassName=HV Member=Wire NetC15_2
Added Member To Class: ClassName=HV Member=Wire NetC16_2
Added Member To Class: ClassName=HV Member=Wire NetC33_2
Added Member To Class: ClassName=HV Member=Wire NetC34_2
Added Member To Class: ClassName=HV Member=Wire NetJ14_2
Added Member To Class: ClassName=HV Member=Wire NetJ16_2
Added Member To Class: ClassName=HV Member=Wire NetJ17_1
Added Member To Class: ClassName=HV Member=Wire NetJ18_1
Added Room: Name=Driver_10kW
