Added Component: Designator=D2(40EPS08)
Add component (AddParameter): Name = "Average Rectified Current"; Value = "40A"; VariantName = "[No Variations]"
Add component (AddParameter): Name = "Case/Package"; Value = "TO-247-2"; VariantName = "[No Variations]"
Add component (AddParameter): Name = "Max Reverse Voltage (DC)"; Value = "1.2kV"; VariantName = "[No Variations]"
Add component (AddParameter): Name = "Mount"; Value = "Through Hole"; VariantName = "[No Variations]"
Add component (AddParameter): Name = "Packaging"; Value = "Rail/Tube"; VariantName = "[No Variations]"
Add component (AddParameter): Name = "RoHS Compliant"; Value = "Yes"; VariantName = "[No Variations]"
Add component (AddParameter): Name = "Series"; Value = "-"; VariantName = "[No Variations]"
Added Component: Designator=D3(40EPS08)
Add component (AddParameter): Name = "Average Rectified Current"; Value = "40A"; VariantName = "[No Variations]"
Add component (AddParameter): Name = "Case/Package"; Value = "TO-247-2"; VariantName = "[No Variations]"
Add component (AddParameter): Name = "Max Reverse Voltage (DC)"; Value = "1.2kV"; VariantName = "[No Variations]"
Add component (AddParameter): Name = "Mount"; Value = "Through Hole"; VariantName = "[No Variations]"
Add component (AddParameter): Name = "Packaging"; Value = "Rail/Tube"; VariantName = "[No Variations]"
Add component (AddParameter): Name = "RoHS Compliant"; Value = "Yes"; VariantName = "[No Variations]"
Add component (AddParameter): Name = "Series"; Value = "-"; VariantName = "[No Variations]"
Added Component: Designator=D4(40EPS08)
Add component (AddParameter): Name = "Average Rectified Current"; Value = "40A"; VariantName = "[No Variations]"
Add component (AddParameter): Name = "Case/Package"; Value = "TO-247-2"; VariantName = "[No Variations]"
Add component (AddParameter): Name = "Max Reverse Voltage (DC)"; Value = "1.2kV"; VariantName = "[No Variations]"
Add component (AddParameter): Name = "Mount"; Value = "Through Hole"; VariantName = "[No Variations]"
Add component (AddParameter): Name = "Packaging"; Value = "Rail/Tube"; VariantName = "[No Variations]"
Add component (AddParameter): Name = "RoHS Compliant"; Value = "Yes"; VariantName = "[No Variations]"
Add component (AddParameter): Name = "Series"; Value = "-"; VariantName = "[No Variations]"
Added Component: Designator=D5(40EPS08)
Add component (AddParameter): Name = "Average Rectified Current"; Value = "40A"; VariantName = "[No Variations]"
Add component (AddParameter): Name = "Case/Package"; Value = "TO-247-2"; VariantName = "[No Variations]"
Add component (AddParameter): Name = "Max Reverse Voltage (DC)"; Value = "1.2kV"; VariantName = "[No Variations]"
Add component (AddParameter): Name = "Mount"; Value = "Through Hole"; VariantName = "[No Variations]"
Add component (AddParameter): Name = "Packaging"; Value = "Rail/Tube"; VariantName = "[No Variations]"
Add component (AddParameter): Name = "RoHS Compliant"; Value = "Yes"; VariantName = "[No Variations]"
Add component (AddParameter): Name = "Series"; Value = "-"; VariantName = "[No Variations]"
Added Component: Designator=D6(40EPS08)
Add component (AddParameter): Name = "Average Rectified Current"; Value = "40A"; VariantName = "[No Variations]"
Add component (AddParameter): Name = "Case/Package"; Value = "TO-247-2"; VariantName = "[No Variations]"
Add component (AddParameter): Name = "Max Reverse Voltage (DC)"; Value = "1.2kV"; VariantName = "[No Variations]"
Add component (AddParameter): Name = "Mount"; Value = "Through Hole"; VariantName = "[No Variations]"
Add component (AddParameter): Name = "Packaging"; Value = "Rail/Tube"; VariantName = "[No Variations]"
Add component (AddParameter): Name = "RoHS Compliant"; Value = "Yes"; VariantName = "[No Variations]"
Add component (AddParameter): Name = "Series"; Value = "-"; VariantName = "[No Variations]"
Added Component: Designator=D7(40EPS08)
Add component (AddParameter): Name = "Average Rectified Current"; Value = "40A"; VariantName = "[No Variations]"
Add component (AddParameter): Name = "Case/Package"; Value = "TO-247-2"; VariantName = "[No Variations]"
Add component (AddParameter): Name = "Max Reverse Voltage (DC)"; Value = "1.2kV"; VariantName = "[No Variations]"
Add component (AddParameter): Name = "Mount"; Value = "Through Hole"; VariantName = "[No Variations]"
Add component (AddParameter): Name = "Packaging"; Value = "Rail/Tube"; VariantName = "[No Variations]"
Add component (AddParameter): Name = "RoHS Compliant"; Value = "Yes"; VariantName = "[No Variations]"
Add component (AddParameter): Name = "Series"; Value = "-"; VariantName = "[No Variations]"
Added Component: Designator=D8(40EPS08)
Add component (AddParameter): Name = "Average Rectified Current"; Value = "40A"; VariantName = "[No Variations]"
Add component (AddParameter): Name = "Case/Package"; Value = "TO-247-2"; VariantName = "[No Variations]"
Add component (AddParameter): Name = "Max Reverse Voltage (DC)"; Value = "1.2kV"; VariantName = "[No Variations]"
Add component (AddParameter): Name = "Mount"; Value = "Through Hole"; VariantName = "[No Variations]"
Add component (AddParameter): Name = "Packaging"; Value = "Rail/Tube"; VariantName = "[No Variations]"
Add component (AddParameter): Name = "RoHS Compliant"; Value = "Yes"; VariantName = "[No Variations]"
Add component (AddParameter): Name = "Series"; Value = "-"; VariantName = "[No Variations]"
Added Pin To Net: NetName=NetC3_2 Pin=D2-1
Added Pin To Net: NetName=NetD1_1 Pin=D2-3
Added Pin To Net: NetName=NetD3_1 Pin=D3-1
Added Pin To Net: NetName=GND Pin=D3-3
Added Pin To Net: NetName=NetC3_2 Pin=D4-1
Added Pin To Net: NetName=NetD3_1 Pin=D4-3
Added Pin To Net: NetName=NetD5_1 Pin=D5-1
Added Pin To Net: NetName=GND Pin=D5-3
Added Pin To Net: NetName=NetC3_2 Pin=D6-1
Added Pin To Net: NetName=NetD5_1 Pin=D6-3
Added Pin To Net: NetName=NetC3_2 Pin=D7-1
Added Pin To Net: NetName=NetD7_3 Pin=D7-3
Added Pin To Net: NetName=NetD7_3 Pin=D8-1
Added Pin To Net: NetName=GND Pin=D8-3
Added Member To Class: ClassName=Driver_10kW Member=Component BT1 CR2032_BAT
Added Member To Class: ClassName=Driver_10kW Member=Component C1 TAJC476M016RNJ
Added Member To Class: ClassName=Driver_10kW Member=Component C2 1000uF_10V
Added Member To Class: ClassName=Driver_10kW Member=Component C3 450V_330uF
Added Member To Class: ClassName=Driver_10kW Member=Component C4 450V_330uF
Added Member To Class: ClassName=Driver_10kW Member=Component C5 450V_330uF
Added Member To Class: ClassName=Driver_10kW Member=Component C6 293D106X9050E2TE3
Added Member To Class: ClassName=Driver_10kW Member=Component C7 25V 2200uF
Added Member To Class: ClassName=Driver_10kW Member=Component C8 C0805C224K5RACTU
Added Member To Class: ClassName=Driver_10kW Member=Component C9 25V 2200uF
Added Member To Class: ClassName=Driver_10kW Member=Component C10 C0805C224K5RACTU
Added Member To Class: ClassName=Driver_10kW Member=Component C11 CAP-NON-POLAR
Added Member To Class: ClassName=Driver_10kW Member=Component C12 CAP-NON-POLAR
Added Member To Class: ClassName=Driver_10kW Member=Component C13 CAP-NON-POLAR
Added Member To Class: ClassName=Driver_10kW Member=Component C14 CAP-NON-POLAR
Added Member To Class: ClassName=Driver_10kW Member=Component C15 CAP-NON-POLAR
Added Member To Class: ClassName=Driver_10kW Member=Component C16 CAP-NON-POLAR
Added Member To Class: ClassName=Driver_10kW Member=Component C17 C0805C224K5RACTU
Added Member To Class: ClassName=Driver_10kW Member=Component C18 C0805C224K5RACTU
Added Member To Class: ClassName=Driver_10kW Member=Component C19 C0805C224K5RACTU
Added Member To Class: ClassName=Driver_10kW Member=Component C20 CAP-NON-POLAR
Added Member To Class: ClassName=Driver_10kW Member=Component C21 CAP-NON-POLAR
Added Member To Class: ClassName=Driver_10kW Member=Component C22 CAP-NON-POLAR
Added Member To Class: ClassName=Driver_10kW Member=Component C23 CAP-NON-POLAR
Added Member To Class: ClassName=Driver_10kW Member=Component C24 C0805C224K5RACTU
Added Member To Class: ClassName=Driver_10kW Member=Component C25 C0805C224K5RACTU
Added Member To Class: ClassName=Driver_10kW Member=Component C26 C0805C224K5RACTU
Added Member To Class: ClassName=Driver_10kW Member=Component C27 C0805C224K5RACTU
Added Member To Class: ClassName=Driver_10kW Member=Component C28 C0805C224K5RACTU
Added Member To Class: ClassName=Driver_10kW Member=Component C29 CAP-NON-POLAR
Added Member To Class: ClassName=Driver_10kW Member=Component C30 CAP-NON-POLAR
Added Member To Class: ClassName=Driver_10kW Member=Component C31 CAP-NON-POLAR
Added Member To Class: ClassName=Driver_10kW Member=Component C32 CAP-NON-POLAR
Added Member To Class: ClassName=Driver_10kW Member=Component C33 CAP-NON-POLAR
Added Member To Class: ClassName=Driver_10kW Member=Component C34 CAP-NON-POLAR
Added Member To Class: ClassName=Driver_10kW Member=Component C35 CAP-NON-POLAR
Added Member To Class: ClassName=Driver_10kW Member=Component C36 CAP-NON-POLAR
Added Member To Class: ClassName=Driver_10kW Member=Component C37 CAP-NON-POLAR
Added Member To Class: ClassName=Driver_10kW Member=Component C38 CAP-NON-POLAR
Added Member To Class: ClassName=Driver_10kW Member=Component C39 C0805C224K5RACTU
Added Member To Class: ClassName=Driver_10kW Member=Component C40 C0805C224K5RACTU
Added Member To Class: ClassName=Driver_10kW Member=Component C41 C0805C224K5RACTU
Added Member To Class: ClassName=Driver_10kW Member=Component C42 16pF
Added Member To Class: ClassName=Driver_10kW Member=Component C43 0.22uF
Added Member To Class: ClassName=Driver_10kW Member=Component C44 0.22uF
Added Member To Class: ClassName=Driver_10kW Member=Component C45 1000uF_10V
Added Member To Class: ClassName=Driver_10kW Member=Component C46 C0805C224K5RACTU
Added Member To Class: ClassName=Driver_10kW Member=Component C47 0.22uF
Added Member To Class: ClassName=Driver_10kW Member=Component C48 16pF
Added Member To Class: ClassName=Driver_10kW Member=Component C49 C0805C224K5RACTU
Added Member To Class: ClassName=Driver_10kW Member=Component C50 0.22uF
Added Member To Class: ClassName=Driver_10kW Member=Component C51 C0805C224K5RACTU
Added Member To Class: ClassName=Driver_10kW Member=Component C52 0.22uF
Added Member To Class: ClassName=Driver_10kW Member=Component C53 C0805C224K5RACTU
Added Member To Class: ClassName=Driver_10kW Member=Component C54 0.22uF
Added Member To Class: ClassName=Driver_10kW Member=Component D1 VS-40EPS12-M3
Added Member To Class: ClassName=Driver_10kW Member=Component D2 VS-40EPS12-M3
Added Member To Class: ClassName=Driver_10kW Member=Component D3 VS-40EPS12-M3
Added Member To Class: ClassName=Driver_10kW Member=Component D4 VS-40EPS12-M3
Added Member To Class: ClassName=Driver_10kW Member=Component D5 VS-40EPS12-M3
Added Member To Class: ClassName=Driver_10kW Member=Component D6 VS-40EPS12-M3
Added Member To Class: ClassName=Driver_10kW Member=Component D7 VS-40EPS12-M3
Added Member To Class: ClassName=Driver_10kW Member=Component D8 VS-40EPS12-M3
Added Member To Class: ClassName=Driver_10kW Member=Component D9 US1G-13-F
Added Member To Class: ClassName=Driver_10kW Member=Component D10 US1G-13-F
Added Member To Class: ClassName=Driver_10kW Member=Component D11 LL4448-GS08
Added Member To Class: ClassName=Driver_10kW Member=Component D12 LL4448-GS08
Added Member To Class: ClassName=Driver_10kW Member=Component D13 LL4448-GS08
Added Member To Class: ClassName=Driver_10kW Member=Component D14 LL4448-GS08
Added Member To Class: ClassName=Driver_10kW Member=Component D15 US1G-13-F
Added Member To Class: ClassName=Driver_10kW Member=Component D16 US1G-13-F
Added Member To Class: ClassName=Driver_10kW Member=Component D17 LL4448-GS08
Added Member To Class: ClassName=Driver_10kW Member=Component D18 LL4448-GS08
Added Member To Class: ClassName=Driver_10kW Member=Component D19 LL4448-GS08
Added Member To Class: ClassName=Driver_10kW Member=Component D20 LL4448-GS08
Added Member To Class: ClassName=Driver_10kW Member=Component D21 US1G-13-F
Added Member To Class: ClassName=Driver_10kW Member=Component D22 151031YS06000
Added Member To Class: ClassName=Driver_10kW Member=Component D23 LMV358AIDR
Added Member To Class: ClassName=Driver_10kW Member=Component D24 US1G-13-F
Added Member To Class: ClassName=Driver_10kW Member=Component D25 LL4448-GS08
Added Member To Class: ClassName=Driver_10kW Member=Component D26 LL4448-GS08
Added Member To Class: ClassName=Driver_10kW Member=Component D27 LL4448-GS08
Added Member To Class: ClassName=Driver_10kW Member=Component D28 LL4448-GS08
Added Member To Class: ClassName=Driver_10kW Member=Component D29 151031YS06000
Added Member To Class: ClassName=Driver_10kW Member=Component D32 LL4448-GS08
Added Member To Class: ClassName=Driver_10kW Member=Component D33 US1G-13-F
Added Member To Class: ClassName=Driver_10kW Member=Component D34 US1G-13-F
Added Member To Class: ClassName=Driver_10kW Member=Component D35 LL4448-GS08
Added Member To Class: ClassName=Driver_10kW Member=Component D36 LL4448-GS08
Added Member To Class: ClassName=Driver_10kW Member=Component D37 LL4448-GS08
Added Member To Class: ClassName=Driver_10kW Member=Component D38 LL4448-GS08
Added Member To Class: ClassName=Driver_10kW Member=Component D47 151031YS06000
Added Member To Class: ClassName=Driver_10kW Member=Component D48 BZX384-C5V1,115
Added Member To Class: ClassName=Driver_10kW Member=Component J1 691101710002
Added Member To Class: ClassName=Driver_10kW Member=Component J2 691101710002
Added Member To Class: ClassName=Driver_10kW Member=Component J3 TL-800
Added Member To Class: ClassName=Driver_10kW Member=Component J4 691101710002
Added Member To Class: ClassName=Driver_10kW Member=Component J5 691101710003
Added Member To Class: ClassName=Driver_10kW Member=Component J6 SWR25X-NRTC-S06-ST-BA
Added Member To Class: ClassName=Driver_10kW Member=Component J7 SWR25X-NRTC-S06-ST-BA
Added Member To Class: ClassName=Driver_10kW Member=Component J8 TL-800
Added Member To Class: ClassName=Driver_10kW Member=Component J9 TL-800
Added Member To Class: ClassName=Driver_10kW Member=Component J10 TL-800
Added Member To Class: ClassName=Driver_10kW Member=Component J11 SWR25X-NRTC-S06-ST-BA
Added Member To Class: ClassName=Driver_10kW Member=Component J12 TL-800
Added Member To Class: ClassName=Driver_10kW Member=Component J13 TL-800
Added Member To Class: ClassName=Driver_10kW Member=Component J14 TL-800
Added Member To Class: ClassName=Driver_10kW Member=Component J15 691101710002
Added Member To Class: ClassName=Driver_10kW Member=Component J16 TL-800
Added Member To Class: ClassName=Driver_10kW Member=Component J17 TL-800
Added Member To Class: ClassName=Driver_10kW Member=Component J18 TL-800
Added Member To Class: ClassName=Driver_10kW Member=Component L1 Coil
Added Member To Class: ClassName=Driver_10kW Member=Component L3 Coil
Added Member To Class: ClassName=Driver_10kW Member=Component P1 TSW-104-08-G-S
Added Member To Class: ClassName=Driver_10kW Member=Component P2 61900311121
Added Member To Class: ClassName=Driver_10kW Member=Component P4 61900311121
Added Member To Class: ClassName=Driver_10kW Member=Component P8 61900311121
Added Member To Class: ClassName=Driver_10kW Member=Component P9 61900311121
Added Member To Class: ClassName=Driver_10kW Member=Component P10 61900311121
Added Member To Class: ClassName=Driver_10kW Member=Component P11 61900311121
Added Member To Class: ClassName=Driver_10kW Member=Component P12 61300511121
Added Member To Class: ClassName=Driver_10kW Member=Component P14 61300511121
Added Member To Class: ClassName=Driver_10kW Member=Component Q1 SPW47N60C3
Added Member To Class: ClassName=Driver_10kW Member=Component Q2 SPW47N60C3
Added Member To Class: ClassName=Driver_10kW Member=Component Q3 SPW47N60C3
Added Member To Class: ClassName=Driver_10kW Member=Component Q4 SPW47N60C3
Added Member To Class: ClassName=Driver_10kW Member=Component Q5 SPW47N60C3
Added Member To Class: ClassName=Driver_10kW Member=Component Q6 SPW47N60C3
Added Member To Class: ClassName=Driver_10kW Member=Component Q7 SPW47N60C3
Added Member To Class: ClassName=Driver_10kW Member=Component Q8 SPW47N60C3
Added Member To Class: ClassName=Driver_10kW Member=Component Q9 SPW47N60C3
Added Member To Class: ClassName=Driver_10kW Member=Component Q10 SPW47N60C3
Added Member To Class: ClassName=Driver_10kW Member=Component Q11 SPW47N60C3
Added Member To Class: ClassName=Driver_10kW Member=Component Q12 SPW47N60C3
Added Member To Class: ClassName=Driver_10kW Member=Component Q13 SPW47N60C3
Added Member To Class: ClassName=Driver_10kW Member=Component Q14 SPW47N60C3
Added Member To Class: ClassName=Driver_10kW Member=Component Q15 SPW47N60C3
Added Member To Class: ClassName=Driver_10kW Member=Component Q16 SPW47N60C3
Added Member To Class: ClassName=Driver_10kW Member=Component R1 10K
Added Member To Class: ClassName=Driver_10kW Member=Component R2 10K
Added Member To Class: ClassName=Driver_10kW Member=Component R3 10K
Added Member To Class: ClassName=Driver_10kW Member=Component R4 10K
Added Member To Class: ClassName=Driver_10kW Member=Component R5 10K
Added Member To Class: ClassName=Driver_10kW Member=Component R6 RT0805FRE0710RL
Added Member To Class: ClassName=Driver_10kW Member=Component R7 RT0805FRE0710RL
Added Member To Class: ClassName=Driver_10kW Member=Component R8 10K
Added Member To Class: ClassName=Driver_10kW Member=Component R9 10K
Added Member To Class: ClassName=Driver_10kW Member=Component R10 10K
Added Member To Class: ClassName=Driver_10kW Member=Component R11 RT0805FRE0710RL
Added Member To Class: ClassName=Driver_10kW Member=Component R12 RT0805FRE0710RL
Added Member To Class: ClassName=Driver_10kW Member=Component R13 10K
Added Member To Class: ClassName=Driver_10kW Member=Component R14 CRCW080510K0FKEA
Added Member To Class: ClassName=Driver_10kW Member=Component R15 10K
Added Member To Class: ClassName=Driver_10kW Member=Component R16 CRCW080510K0FKEA
Added Member To Class: ClassName=Driver_10kW Member=Component R17 10
Added Member To Class: ClassName=Driver_10kW Member=Component R18 10
Added Member To Class: ClassName=Driver_10kW Member=Component R19 10
Added Member To Class: ClassName=Driver_10kW Member=Component R20 33K
Added Member To Class: ClassName=Driver_10kW Member=Component R21 10
Added Member To Class: ClassName=Driver_10kW Member=Component R22 33K
Added Member To Class: ClassName=Driver_10kW Member=Component R23 10K
Added Member To Class: ClassName=Driver_10kW Member=Component R24 10K
Added Member To Class: ClassName=Driver_10kW Member=Component R25 RT0805FRE0710RL
Added Member To Class: ClassName=Driver_10kW Member=Component R26 RT0805FRE0710RL
Added Member To Class: ClassName=Driver_10kW Member=Component R27 RT0805FRE0710RL
Added Member To Class: ClassName=Driver_10kW Member=Component R28 RT0805FRE0710RL
Added Member To Class: ClassName=Driver_10kW Member=Component R29 10K
Added Member To Class: ClassName=Driver_10kW Member=Component R30 CRCW080510K0FKEA
Added Member To Class: ClassName=Driver_10kW Member=Component R31 10K
Added Member To Class: ClassName=Driver_10kW Member=Component R32 CRCW080510K0FKEA
Added Member To Class: ClassName=Driver_10kW Member=Component R33 10
Added Member To Class: ClassName=Driver_10kW Member=Component R34 10
Added Member To Class: ClassName=Driver_10kW Member=Component R35 10
Added Member To Class: ClassName=Driver_10kW Member=Component R36 10
Added Member To Class: ClassName=Driver_10kW Member=Component R37 10K
Added Member To Class: ClassName=Driver_10kW Member=Component R38 33K
Added Member To Class: ClassName=Driver_10kW Member=Component R39 10K
Added Member To Class: ClassName=Driver_10kW Member=Component R40 RES-CONST
Added Member To Class: ClassName=Driver_10kW Member=Component R41 10K
Added Member To Class: ClassName=Driver_10kW Member=Component R42 RES-CONST
Added Member To Class: ClassName=Driver_10kW Member=Component R43 1K
Added Member To Class: ClassName=Driver_10kW Member=Component R44 1K
Added Member To Class: ClassName=Driver_10kW Member=Component R45 RES-CONST
Added Member To Class: ClassName=Driver_10kW Member=Component R46 RES-CONST
Added Member To Class: ClassName=Driver_10kW Member=Component R47 RT0805FRE0710RL
Added Member To Class: ClassName=Driver_10kW Member=Component R48 RT0805FRE0710RL
Added Member To Class: ClassName=Driver_10kW Member=Component R49 RT0805FRE0710RL
Added Member To Class: ClassName=Driver_10kW Member=Component R50 RT0805FRE0710RL
Added Member To Class: ClassName=Driver_10kW Member=Component R51 10K
Added Member To Class: ClassName=Driver_10kW Member=Component R52 CRCW080510K0FKEA
Added Member To Class: ClassName=Driver_10kW Member=Component R53 470K
Added Member To Class: ClassName=Driver_10kW Member=Component R54 10K
Added Member To Class: ClassName=Driver_10kW Member=Component R55 2.2K
Added Member To Class: ClassName=Driver_10kW Member=Component R56 2.2K
Added Member To Class: ClassName=Driver_10kW Member=Component R57 220
Added Member To Class: ClassName=Driver_10kW Member=Component R58 10K
Added Member To Class: ClassName=Driver_10kW Member=Component R59 CRCW080510K0FKEA
Added Member To Class: ClassName=Driver_10kW Member=Component R60 10
Added Member To Class: ClassName=Driver_10kW Member=Component R61 10
Added Member To Class: ClassName=Driver_10kW Member=Component R62 10
Added Member To Class: ClassName=Driver_10kW Member=Component R63 10
Added Member To Class: ClassName=Driver_10kW Member=Component R64 10K
Added Member To Class: ClassName=Driver_10kW Member=Component R65 10K
Added Member To Class: ClassName=Driver_10kW Member=Component R66 RT0805FRE0710RL
Added Member To Class: ClassName=Driver_10kW Member=Component R67 RT0805FRE0710RL
Added Member To Class: ClassName=Driver_10kW Member=Component R68 RT0805FRE0710RL
Added Member To Class: ClassName=Driver_10kW Member=Component R69 10K
Added Member To Class: ClassName=Driver_10kW Member=Component R70 10K
Added Member To Class: ClassName=Driver_10kW Member=Component R71 10K
Added Member To Class: ClassName=Driver_10kW Member=Component R72 10K
Added Member To Class: ClassName=Driver_10kW Member=Component R73 10K
Added Member To Class: ClassName=Driver_10kW Member=Component R74 10K
Added Member To Class: ClassName=Driver_10kW Member=Component R75 RT0805FRE0710RL
Added Member To Class: ClassName=Driver_10kW Member=Component R76 10K
Added Member To Class: ClassName=Driver_10kW Member=Component R77 10K
Added Member To Class: ClassName=Driver_10kW Member=Component R78 10K
Added Member To Class: ClassName=Driver_10kW Member=Component R79 CRCW080510K0FKEA
Added Member To Class: ClassName=Driver_10kW Member=Component R80 10K
Added Member To Class: ClassName=Driver_10kW Member=Component R81 CRCW080510K0FKEA
Added Member To Class: ClassName=Driver_10kW Member=Component R82 10
Added Member To Class: ClassName=Driver_10kW Member=Component R83 100k
Added Member To Class: ClassName=Driver_10kW Member=Component R84 100k
Added Member To Class: ClassName=Driver_10kW Member=Component R85 47k
Added Member To Class: ClassName=Driver_10kW Member=Component R86 47k
Added Member To Class: ClassName=Driver_10kW Member=Component R87 47k
Added Member To Class: ClassName=Driver_10kW Member=Component R88 47k
Added Member To Class: ClassName=Driver_10kW Member=Component R89 10K
Added Member To Class: ClassName=Driver_10kW Member=Component R90 47K
Added Member To Class: ClassName=Driver_10kW Member=Component R91 1K
Added Member To Class: ClassName=Driver_10kW Member=Component R92 1K
Added Member To Class: ClassName=Driver_10kW Member=Component R93 47k
Added Member To Class: ClassName=Driver_10kW Member=Component R94 47k
Added Member To Class: ClassName=Driver_10kW Member=Component R95 2.2K
Added Member To Class: ClassName=Driver_10kW Member=Component R96 2.2K
Added Member To Class: ClassName=Driver_10kW Member=Component R97 47k
Added Member To Class: ClassName=Driver_10kW Member=Component R98 CRCW080510K0FKEA
Added Member To Class: ClassName=Driver_10kW Member=Component R99 47k
Added Member To Class: ClassName=Driver_10kW Member=Component R100 47k
Added Member To Class: ClassName=Driver_10kW Member=Component R101 47k
Added Member To Class: ClassName=Driver_10kW Member=Component R102 47k
Added Member To Class: ClassName=Driver_10kW Member=Component R103 10
Added Member To Class: ClassName=Driver_10kW Member=Component R104 10
Added Member To Class: ClassName=Driver_10kW Member=Component R105 10
Added Member To Class: ClassName=Driver_10kW Member=Component R106 10K
Added Member To Class: ClassName=Driver_10kW Member=Component R107 RES-CONST
Added Member To Class: ClassName=Driver_10kW Member=Component R108 10K
Added Member To Class: ClassName=Driver_10kW Member=Component R109 RES-CONST
Added Member To Class: ClassName=Driver_10kW Member=Component R110 1K
Added Member To Class: ClassName=Driver_10kW Member=Component R111 1K
Added Member To Class: ClassName=Driver_10kW Member=Component R112 RES-CONST
Added Member To Class: ClassName=Driver_10kW Member=Component R113 220
Added Member To Class: ClassName=Driver_10kW Member=Component R114 RES-CONST
Added Member To Class: ClassName=Driver_10kW Member=Component R116 10K
Added Member To Class: ClassName=Driver_10kW Member=Component R117 10K
Added Member To Class: ClassName=Driver_10kW Member=Component R118 10K
Added Member To Class: ClassName=Driver_10kW Member=Component R119 220
Added Member To Class: ClassName=Driver_10kW Member=Component R121 2K
Added Member To Class: ClassName=Driver_10kW Member=Component RG1 Reg_Fairchild_LM7805CT_eec
Added Member To Class: ClassName=Driver_10kW Member=Component RP6 10k
Added Member To Class: ClassName=Driver_10kW Member=Component RP7 10k
Added Member To Class: ClassName=Driver_10kW Member=Component RP8 10k
Added Member To Class: ClassName=Driver_10kW Member=Component RP9 10k
Added Member To Class: ClassName=Driver_10kW Member=Component SW1 4-1437565-2
Added Member To Class: ClassName=Driver_10kW Member=Component SW2 4-1437565-2
Added Member To Class: ClassName=Driver_10kW Member=Component SW3 4-1437565-2
Added Member To Class: ClassName=Driver_10kW Member=Component TP1 Test_Point_PCB
Added Member To Class: ClassName=Driver_10kW Member=Component TP2 Test_Point_PCB
Added Member To Class: ClassName=Driver_10kW Member=Component TP3 Test_Point_PCB
Added Member To Class: ClassName=Driver_10kW Member=Component TP4 Test_Point_PCB
Added Member To Class: ClassName=Driver_10kW Member=Component TP5 Test_Point_PCB
Added Member To Class: ClassName=Driver_10kW Member=Component TP6 Test_Point_PCB
Added Member To Class: ClassName=Driver_10kW Member=Component TP7 Test_Point_PCB
Added Member To Class: ClassName=Driver_10kW Member=Component TP8 Test_Point_PCB
Added Member To Class: ClassName=Driver_10kW Member=Component TP9 Test_Point_PCB
Added Member To Class: ClassName=Driver_10kW Member=Component TP10 Test_Point_PCB
Added Member To Class: ClassName=Driver_10kW Member=Component TP11 Test_Point_PCB
Added Member To Class: ClassName=Driver_10kW Member=Component TP12 Test_Point_PCB
Added Member To Class: ClassName=Driver_10kW Member=Component TP13 Test_Point_PCB
Added Member To Class: ClassName=Driver_10kW Member=Component TP14 Test_Point_PCB
Added Member To Class: ClassName=Driver_10kW Member=Component TP15 Test_Point_PCB
Added Member To Class: ClassName=Driver_10kW Member=Component TP16 Test_Point_PCB
Added Member To Class: ClassName=Driver_10kW Member=Component TP17 Test_Point_PCB
Added Member To Class: ClassName=Driver_10kW Member=Component TP18 Test_Point_PCB
Added Member To Class: ClassName=Driver_10kW Member=Component TP19 Test_Point_PCB
Added Member To Class: ClassName=Driver_10kW Member=Component TP20 Test_Point_PCB
Added Member To Class: ClassName=Driver_10kW Member=Component TP21 Test_Point_PCB
Added Member To Class: ClassName=Driver_10kW Member=Component TP22 Test_Point_PCB
Added Member To Class: ClassName=Driver_10kW Member=Component TP23 Test_Point_PCB
Added Member To Class: ClassName=Driver_10kW Member=Component TP24 Test_Point_PCB
Added Member To Class: ClassName=Driver_10kW Member=Component TP25 Test_Point_PCB
Added Member To Class: ClassName=Driver_10kW Member=Component TP26 Test_Point_PCB
Added Member To Class: ClassName=Driver_10kW Member=Component TP27 Test_Point_PCB
Added Member To Class: ClassName=Driver_10kW Member=Component TP28 Test_Point_PCB
Added Member To Class: ClassName=Driver_10kW Member=Component TP29 Test_Point_PCB
Added Member To Class: ClassName=Driver_10kW Member=Component TP30 Test_Point_PCB
Added Member To Class: ClassName=Driver_10kW Member=Component TP31 Test_Point_PCB
Added Member To Class: ClassName=Driver_10kW Member=Component TP32 Test_Point_PCB
Added Member To Class: ClassName=Driver_10kW Member=Component TP33 Test_Point_PCB
Added Member To Class: ClassName=Driver_10kW Member=Component TP34 Test_Point_PCB
Added Member To Class: ClassName=Driver_10kW Member=Component TP35 Test_Point_PCB
Added Member To Class: ClassName=Driver_10kW Member=Component TP36 Test_Point_PCB
Added Member To Class: ClassName=Driver_10kW Member=Component TP37 Test_Point_PCB
Added Member To Class: ClassName=Driver_10kW Member=Component TP38 Test_Point_PCB
Added Member To Class: ClassName=Driver_10kW Member=Component TP39 Test_Point_PCB
Added Member To Class: ClassName=Driver_10kW Member=Component TP40 Test_Point_PCB
Added Member To Class: ClassName=Driver_10kW Member=Component TP41 Test_Point_PCB
Added Member To Class: ClassName=Driver_10kW Member=Component TP42 Test_Point_PCB
Added Member To Class: ClassName=Driver_10kW Member=Component TP43 Test_Point_PCB
Added Member To Class: ClassName=Driver_10kW Member=Component TP44 Test_Point_PCB
Added Member To Class: ClassName=Driver_10kW Member=Component TP45 Test_Point_PCB
Added Member To Class: ClassName=Driver_10kW Member=Component TP46 Test_Point_PCB
Added Member To Class: ClassName=Driver_10kW Member=Component TP47 Test_Point_PCB
Added Member To Class: ClassName=Driver_10kW Member=Component TP48 Test_Point_PCB
Added Member To Class: ClassName=Driver_10kW Member=Component TP49 Test_Point_PCB
Added Member To Class: ClassName=Driver_10kW Member=Component TP50 Test_Point_PCB
Added Member To Class: ClassName=Driver_10kW Member=Component TP51 Test_Point_PCB
Added Member To Class: ClassName=Driver_10kW Member=Component TP52 Test_Point_PCB
Added Member To Class: ClassName=Driver_10kW Member=Component TP53 Test_Point_PCB
Added Member To Class: ClassName=Driver_10kW Member=Component TP54 Test_Point_PCB
Added Member To Class: ClassName=Driver_10kW Member=Component TP55 Test_Point_PCB
Added Member To Class: ClassName=Driver_10kW Member=Component TP56 Test_Point_PCB
Added Member To Class: ClassName=Driver_10kW Member=Component TP57 Test_Point_PCB
Added Member To Class: ClassName=Driver_10kW Member=Component TP58 Test_Point_PCB
Added Member To Class: ClassName=Driver_10kW Member=Component TP59 Test_Point_PCB
Added Member To Class: ClassName=Driver_10kW Member=Component U1 LM1117MPX-3.3/NOPB
Added Member To Class: ClassName=Driver_10kW Member=Component U2 IR2104SPBF
Added Member To Class: ClassName=Driver_10kW Member=Component U3 MAX485ECSA+
Added Member To Class: ClassName=Driver_10kW Member=Component U4 STM32F303CCT6
Added Member To Class: ClassName=Driver_10kW Member=Component U5 IR2104SPBF
Added Member To Class: ClassName=Driver_10kW Member=Component U6 IR2104SPBF
Added Member To Class: ClassName=Driver_10kW Member=Component U7 IR2104SPBF
Added Member To Class: ClassName=Driver_10kW Member=Component U8 IR2104SPBF
Added Member To Class: ClassName=Driver_10kW Member=Component U9 IR2104SPBF
Added Member To Class: ClassName=Driver_10kW Member=Component U10 IR2104SPBF
Added Member To Class: ClassName=Driver_10kW Member=Component U11 IR2104SPBF
Added Member To Class: ClassName=Driver_10kW Member=Component U12 ADuM1250ARZ
Added Member To Class: ClassName=Driver_10kW Member=Component U13 ACS758
Added Member To Class: ClassName=Driver_10kW Member=Component U14 MCP6001
Added Member To Class: ClassName=Driver_10kW Member=Component U15 MCP6001
Added Member To Class: ClassName=Driver_10kW Member=Component U16 MCP6001
Added Member To Class: ClassName=Driver_10kW Member=Component U17 MCP6001
Added Member To Class: ClassName=Driver_10kW Member=Component U18 B0505S-1WR3
Added Member To Class: ClassName=Driver_10kW Member=Component VD1 DIODE
Added Member To Class: ClassName=Driver_10kW Member=Component VD2 DIODE
Added Member To Class: ClassName=Driver_10kW Member=Component VD3 DIODE
Added Member To Class: ClassName=Driver_10kW Member=Component VD4 DIODE
Added Member To Class: ClassName=Driver_10kW Member=Component VD5 DIODE
Added Member To Class: ClassName=Driver_10kW Member=Component VD6 DIODE
Added Member To Class: ClassName=Driver_10kW Member=Component VD7 DIODE
Added Member To Class: ClassName=Driver_10kW Member=Component VD8 DIODE
Added Member To Class: ClassName=Driver_10kW Member=Component VD9 DIODE
Added Member To Class: ClassName=Driver_10kW Member=Component VD10 DIODE
Added Member To Class: ClassName=Driver_10kW Member=Component VD11 DIODE
Added Member To Class: ClassName=Driver_10kW Member=Component VD12 DIODE
Added Member To Class: ClassName=Driver_10kW Member=Component VD13 DIODE
Added Member To Class: ClassName=Driver_10kW Member=Component VD14 DIODE
Added Member To Class: ClassName=Driver_10kW Member=Component VD15 DIODE
Added Member To Class: ClassName=Driver_10kW Member=Component VD16 DIODE
Added Member To Class: ClassName=Driver_10kW Member=Component VD17 15V
Added Member To Class: ClassName=Driver_10kW Member=Component VD18 LED
Added Member To Class: ClassName=Driver_10kW Member=Component X1 ABLS-16.000MHZ-B4-T
Added Member To Class: ClassName=Driver_10kW Member=Component Z1 MM3Z5V1ST1G
Added Member To Class: ClassName=Driver_10kW Member=Component Z2 MM3Z5V1ST1G
Added Room: Name=Driver_10kW
