Removed Pin From Net: NetName=NetJ5_2 Pin=LED15-1
Removed Pin From Net: NetName=NetJ5_2 Pin=LED16-1
Removed Pin From Net: NetName=NetJ5_2 Pin=LED17-1
Removed Pin From Net: NetName=NetJ5_2 Pin=LED18-1
Removed Pin From Net: NetName=NetLED3_2 Pin=R10-1
Removed Pin From Net: NetName=NetLED5_2 Pin=R12-1
Removed Member From Class: ClassName=User_Interface Member=LED11
Removed Member From Class: ClassName=User_Interface Member=LED12
Removed Member From Class: ClassName=User_Interface Member=LED13
Removed Member From Class: ClassName=User_Interface Member=LED14
Removed Member From Class: ClassName=User_Interface Member=LED15
Removed Member From Class: ClassName=User_Interface Member=LED16
Removed Member From Class: ClassName=User_Interface Member=LED17
Removed Member From Class: ClassName=User_Interface Member=LED18
Added Pin To Net: NetName=NetLED3_2 Pin=LED4-2
Added Pin To Net: NetName=NetLED5_2 Pin=LED6-2
Added Pin To Net: NetName=NetJ5_2 Pin=LED7-1
Added Pin To Net: NetName=NetJ5_2 Pin=LED8-1
Added Pin To Net: NetName=NetJ5_2 Pin=LED9-1
Added Pin To Net: NetName=NetJ5_2 Pin=LED10-1
Added Pin To Net: NetName=NetLED5_2 Pin=R9-1
Added Pin To Net: NetName=NetLED3_2 Pin=R12-1
Added Net: Name=NetLED?_1
Added Pin To Net: NetName=NetLED?_2 Pin=R11-1
Added Net: Name=NetLED?_2
