Removed Pin From Net: NetName=GND Pin=C1-1
Removed Pin From Net: NetName=GND Pin=C2-1
Removed Pin From Net: NetName=GND Pin=C3-1
Removed Pin From Net: NetName=GND Pin=C25-1
Removed Pin From Net: NetName=+5V Pin=C25-2
Removed Pin From Net: NetName=GND Pin=C28-1
Removed Pin From Net: NetName=GND Pin=C33-2
Removed Pin From Net: NetName=GND Pin=C34-1
Removed Pin From Net: NetName=GND Pin=C36-2
Removed Pin From Net: NetName=GND Pin=C38-2
Removed Pin From Net: NetName=+5V Pin=C39-1
Removed Pin From Net: NetName=GND Pin=C39-2
Removed Pin From Net: NetName=GND Pin=C40-1
Removed Pin From Net: NetName=+5V Pin=C40-2
Removed Pin From Net: NetName=GND Pin=C41-2
Removed Pin From Net: NetName=GND Pin=C42-1
Removed Pin From Net: NetName=GND Pin=C43-2
Removed Pin From Net: NetName=GND Pin=C44-2
Removed Pin From Net: NetName=GND Pin=C45-1
Removed Pin From Net: NetName=GND Pin=C46-1
Removed Pin From Net: NetName=GND Pin=C47-2
Removed Pin From Net: NetName=GND Pin=C48-1
Removed Pin From Net: NetName=GND Pin=C49-2
Removed Pin From Net: NetName=GND Pin=C50-2
Removed Pin From Net: NetName=GND Pin=C51-2
Removed Pin From Net: NetName=GND Pin=C52-1
Removed Pin From Net: NetName=GND Pin=C53-1
Removed Pin From Net: NetName=GND Pin=C54-1
Removed Pin From Net: NetName=GND Pin=C55-2
Removed Pin From Net: NetName=GND Pin=C56-2
Removed Pin From Net: NetName=GND Pin=C64-1
Removed Pin From Net: NetName=GND Pin=C65-1
Removed Pin From Net: NetName=GND Pin=C67-1
Removed Pin From Net: NetName=GND Pin=C68-1
Removed Pin From Net: NetName=GND Pin=C69-1
Removed Pin From Net: NetName=GND Pin=C74-1
Removed Pin From Net: NetName=GND Pin=C75-1
Removed Pin From Net: NetName=GND Pin=C76-1
Removed Pin From Net: NetName=GND Pin=C81-1
Removed Pin From Net: NetName=GND Pin=C89-1
Removed Pin From Net: NetName=GND Pin=C91-1
Removed Pin From Net: NetName=GND Pin=C95-1
Removed Pin From Net: NetName=GND Pin=C96-1
Removed Pin From Net: NetName=GND Pin=C97-1
Removed Pin From Net: NetName=GND Pin=C98-1
Removed Pin From Net: NetName=GND Pin=C99-1
Removed Pin From Net: NetName=GND Pin=C100-1
Removed Pin From Net: NetName=GND Pin=C116-1
Removed Pin From Net: NetName=GND Pin=C119-1
Removed Pin From Net: NetName=GND Pin=C120-1
Removed Pin From Net: NetName=GND Pin=C124-1
Removed Pin From Net: NetName=GND Pin=C125-1
Removed Pin From Net: NetName=GND Pin=C126-1
Removed Pin From Net: NetName=GND Pin=C127-1
Removed Pin From Net: NetName=GND Pin=C144-1
Removed Pin From Net: NetName=GND Pin=C145-1
Removed Pin From Net: NetName=GND Pin=C146-1
Removed Pin From Net: NetName=GND Pin=C155-1
Removed Pin From Net: NetName=GND Pin=C156-1
Removed Pin From Net: NetName=GND Pin=C159-1
Removed Pin From Net: NetName=GND Pin=C162-1
Removed Pin From Net: NetName=GND Pin=C?-1
Remove Pin from Net: Failed to remove Pin
Remove Pin from Net: Failed to remove Pin
Remove Pin from Net: Failed to remove Pin
Remove Pin from Net: Failed to remove Pin
Remove Pin from Net: Failed to remove Pin
Remove Pin from Net: Failed to remove Pin
Remove Pin from Net: Failed to remove Pin
Remove Pin from Net: Failed to remove Pin
Remove Pin from Net: Failed to remove Pin
Remove Pin from Net: Failed to remove Pin
Remove Pin from Net: Failed to remove Pin
Remove Pin from Net: Failed to remove Pin
Remove Pin from Net: Failed to remove Pin
Remove Pin from Net: Failed to remove Pin
Removed Pin From Net: NetName=GND Pin=D1-2
Removed Pin From Net: NetName=GND Pin=D2-2
Removed Pin From Net: NetName=GND Pin=D3-2
Removed Pin From Net: NetName=GND Pin=D4-2
Removed Pin From Net: NetName=GND Pin=D5-2
Removed Pin From Net: NetName=GND Pin=D6-2
Removed Pin From Net: NetName=GND Pin=D7-2
Removed Pin From Net: NetName=GND Pin=D8-2
Removed Pin From Net: NetName=GND Pin=D10-2
Removed Pin From Net: NetName=GND Pin=D11-2
Removed Pin From Net: NetName=GND_HV Pin=J6-1
Removed Pin From Net: NetName=GND_HV Pin=J6-1
Removed Pin From Net: NetName=GND Pin=J9-1
Removed Pin From Net: NetName=GND Pin=J10-1
Removed Pin From Net: NetName=GND Pin=J11-1
Removed Pin From Net: NetName=GND Pin=J12-1
Removed Pin From Net: NetName=GND Pin=J13-1
Removed Pin From Net: NetName=GND Pin=J48-6
Removed Pin From Net: NetName=GND Pin=J49-6
Removed Pin From Net: NetName=GND Pin=J52-6
Removed Pin From Net: NetName=GND Pin=J53-6
Removed Pin From Net: NetName=V_PS Pin=L1-1
Removed Pin From Net: NetName=+5V Pin=L3-1
Removed Pin From Net: NetName=+5V Pin=L4-2
Removed Pin From Net: NetName=GND Pin=P1-1
Removed Pin From Net: NetName=GND Pin=P2-1
Removed Pin From Net: NetName=GND Pin=P3-1
Removed Pin From Net: NetName=GND Pin=P4-1
Removed Pin From Net: NetName=GND Pin=P5-1
Removed Pin From Net: NetName=GND Pin=P6-1
Removed Pin From Net: NetName=GND Pin=P7-1
Removed Pin From Net: NetName=GND Pin=P8-4
Removed Pin From Net: NetName=GND Pin=P9-2
Removed Pin From Net: NetName=GND Pin=P10-1
Removed Pin From Net: NetName=GND Pin=P11-4
Removed Pin From Net: NetName=GND Pin=P12-1
Removed Pin From Net: NetName=GND Pin=Q1-2
Removed Pin From Net: NetName=GND Pin=Q2-2
Removed Pin From Net: NetName=GND Pin=Q3-2
Removed Pin From Net: NetName=GND Pin=Q4-2
Removed Pin From Net: NetName=GND Pin=R4-2
Removed Pin From Net: NetName=GND Pin=R5-2
Removed Pin From Net: NetName=GND Pin=R6-2
Removed Pin From Net: NetName=GND Pin=R29-1
Removed Pin From Net: NetName=GND Pin=R30-1
Removed Pin From Net: NetName=GND Pin=R40-1
Removed Pin From Net: NetName=GND Pin=R52-2
Removed Pin From Net: NetName=GND Pin=R57-1
Removed Pin From Net: NetName=GND Pin=R59-1
Removed Pin From Net: NetName=GND Pin=R66-1
Removed Pin From Net: NetName=GND Pin=R67-1
Removed Pin From Net: NetName=GND Pin=R68-1
Removed Pin From Net: NetName=GND Pin=R69-1
Removed Pin From Net: NetName=GND Pin=R70-1
Removed Pin From Net: NetName=GND Pin=R71-1
Removed Pin From Net: NetName=GND Pin=R72-1
Removed Pin From Net: NetName=GND Pin=R73-1
Removed Pin From Net: NetName=GND Pin=R74-1
Removed Pin From Net: NetName=GND Pin=R75-1
Removed Pin From Net: NetName=GND Pin=R85-2
Removed Pin From Net: NetName=GND Pin=R88-2
Removed Pin From Net: NetName=GND Pin=R89-2
Removed Pin From Net: NetName=GND Pin=R97-1
Removed Pin From Net: NetName=GND Pin=R98-1
Removed Pin From Net: NetName=GND Pin=R99-1
Removed Pin From Net: NetName=GND Pin=R100-1
Removed Pin From Net: NetName=GND Pin=R101-1
Removed Pin From Net: NetName=GND Pin=R102-1
Removed Pin From Net: NetName=GND Pin=R103-2
Removed Pin From Net: NetName=GND Pin=R105-1
Removed Pin From Net: NetName=GND Pin=R106-1
Removed Pin From Net: NetName=GND Pin=R107-1
Removed Pin From Net: NetName=GND Pin=R108-1
Removed Pin From Net: NetName=GND Pin=R112-2
Removed Pin From Net: NetName=GND Pin=R113-2
Removed Pin From Net: NetName=GND Pin=R125-1
Removed Pin From Net: NetName=GND Pin=R126-1
Removed Pin From Net: NetName=GND Pin=R127-1
Removed Pin From Net: NetName=GND Pin=R128-1
Removed Pin From Net: NetName=GND Pin=R129-1
Removed Pin From Net: NetName=GND Pin=R130-1
Removed Pin From Net: NetName=GND Pin=R141-2
Removed Pin From Net: NetName=GND Pin=R143-2
Removed Pin From Net: NetName=GND Pin=R144-1
Removed Pin From Net: NetName=GND Pin=R145-1
Removed Pin From Net: NetName=GND Pin=R146-1
Removed Pin From Net: NetName=GND Pin=R147-1
Removed Pin From Net: NetName=GND Pin=R158-2
Removed Pin From Net: NetName=GND Pin=R159-2
Removed Pin From Net: NetName=GND Pin=R161-1
Removed Pin From Net: NetName=GND Pin=R162-1
Removed Pin From Net: NetName=GND Pin=R163-1
Removed Pin From Net: NetName=GND Pin=R164-1
Removed Pin From Net: NetName=GND Pin=R165-1
Removed Pin From Net: NetName=GND Pin=R166-1
Removed Pin From Net: NetName=GND Pin=R172-1
Removed Pin From Net: NetName=GND Pin=R173-1
Removed Pin From Net: NetName=GND Pin=R174-1
Removed Pin From Net: NetName=GND Pin=R175-1
Removed Pin From Net: NetName=+5V Pin=TP29-1
Removed Pin From Net: NetName=GND Pin=U2-1
Removed Pin From Net: NetName=GND Pin=U4-2
Removed Pin From Net: NetName=GND Pin=U4-8
Removed Pin From Net: NetName=GND Pin=U5-2
Removed Pin From Net: NetName=+5V Pin=U5-5
Removed Pin From Net: NetName=GND Pin=U9-1
Removed Pin From Net: NetName=GND Pin=U10-10
Removed Pin From Net: NetName=GND Pin=U10-11
Removed Pin From Net: NetName=GND Pin=U11-1
Removed Pin From Net: NetName=GND Pin=U12-12
Removed Pin From Net: NetName=NetC21_2 Pin=U12-18
Removed Pin From Net: NetName=GND Pin=U12-31
Removed Pin From Net: NetName=GND Pin=U12-47
Removed Pin From Net: NetName=GND Pin=U12-63
Removed Pin From Net: NetName=GND Pin=U13-4
Removed Pin From Net: NetName=GND Pin=U14-4
Removed Pin From Net: NetName=GND Pin=U15-3
Removed Pin From Net: NetName=GND Pin=U16-3
Removed Pin From Net: NetName=GND Pin=U19-2
Removed Pin From Net: NetName=GND_HV Pin=U19-4
Removed Pin From Net: NetName=GND Pin=U20-4
Removed Pin From Net: NetName=GND Pin=U21-4
Removed Pin From Net: NetName=GND Pin=U26-2
Removed Pin From Net: NetName=GND_HV Pin=U26-4
Removed Pin From Net: NetName=GND Pin=U31-4
Removed Pin From Net: NetName=GND Pin=U32-4
Removed Pin From Net: NetName=GND Pin=U33-2
Removed Pin From Net: NetName=GND_HV Pin=U33-4
Removed Pin From Net: NetName=GND Pin=U34-2
Removed Pin From Net: NetName=GND_HV Pin=U34-4
Removed Pin From Net: NetName=GND Pin=U39-4
Removed Pin From Net: NetName=GND Pin=U40-4
Removed Pin From Net: NetName=GND Pin=U?-10
Remove Pin from Net: Failed to remove Pin
Remove Pin from Net: Failed to remove Pin
Remove Pin from Net: Failed to remove Pin
Remove Pin from Net: Failed to remove Pin
Removed Pin From Net: NetName=GND Pin=U?-11
Remove Pin from Net: Failed to remove Pin
Remove Pin from Net: Failed to remove Pin
Remove Pin from Net: Failed to remove Pin
Remove Pin from Net: Failed to remove Pin
Removed Member From Class: ClassName=Driver Member=C1
Removed Member From Class: ClassName=Driver Member=C2
Removed Member From Class: ClassName=Driver Member=C3
Removed Member From Class: ClassName=Driver Member=C26
Removed Member From Class: ClassName=Driver Member=C28
Removed Member From Class: ClassName=Driver Member=C34
Removed Member From Class: ClassName=Driver Member=C36
Removed Member From Class: ClassName=Driver Member=C38
Removed Member From Class: ClassName=Driver Member=C39
Removed Member From Class: ClassName=Driver Member=C40
Removed Member From Class: ClassName=Driver Member=C41
Removed Member From Class: ClassName=Driver Member=C42
Removed Member From Class: ClassName=Driver Member=C47
Removed Member From Class: ClassName=Driver Member=C49
Removed Member From Class: ClassName=Driver Member=C50
Removed Member From Class: ClassName=Driver Member=C51
Removed Member From Class: ClassName=Driver Member=C53
Removed Member From Class: ClassName=Driver Member=C55
Removed Member From Class: ClassName=Driver Member=C57
Removed Member From Class: ClassName=Driver Member=C58
Removed Member From Class: ClassName=Driver Member=C60
Removed Member From Class: ClassName=Driver Member=C61
Removed Member From Class: ClassName=Driver Member=C62
Removed Member From Class: ClassName=Driver Member=C69
Removed Member From Class: ClassName=Driver Member=C70
Removed Member From Class: ClassName=Driver Member=C71
Removed Member From Class: ClassName=Driver Member=C72
Removed Member From Class: ClassName=Driver Member=C73
Removed Member From Class: ClassName=Driver Member=C74
Removed Member From Class: ClassName=Driver Member=C75
Removed Member From Class: ClassName=Driver Member=C80
Removed Member From Class: ClassName=Driver Member=C81
Removed Member From Class: ClassName=Driver Member=C82
Removed Member From Class: ClassName=Driver Member=C83
Removed Member From Class: ClassName=Driver Member=C84
Removed Member From Class: ClassName=Driver Member=C85
Removed Member From Class: ClassName=Driver Member=C86
Removed Member From Class: ClassName=Driver Member=C95
Removed Member From Class: ClassName=Driver Member=C98
Removed Member From Class: ClassName=Driver Member=C99
Removed Member From Class: ClassName=Driver Member=C100
Removed Member From Class: ClassName=Driver Member=C101
Removed Member From Class: ClassName=Driver Member=C102
Removed Member From Class: ClassName=Driver Member=C114
Removed Member From Class: ClassName=Driver Member=C115
Removed Member From Class: ClassName=Driver Member=C116
Removed Member From Class: ClassName=Driver Member=C117
Removed Member From Class: ClassName=Driver Member=C118
Removed Member From Class: ClassName=Driver Member=C119
Removed Member From Class: ClassName=Driver Member=C122
Removed Member From Class: ClassName=Driver Member=C137
Removed Member From Class: ClassName=Driver Member=C140
Removed Member From Class: ClassName=Driver Member=C145
Removed Member From Class: ClassName=Driver Member=C146
Removed Member From Class: ClassName=Driver Member=C147
Removed Member From Class: ClassName=Driver Member=C148
Removed Member From Class: ClassName=Driver Member=C149
Removed Member From Class: ClassName=Driver Member=C?
Removed Member From Class: ClassName=Driver Member=D1
Removed Member From Class: ClassName=Driver Member=D2
Removed Member From Class: ClassName=Driver Member=D3
Removed Member From Class: ClassName=Driver Member=D4
Removed Member From Class: ClassName=Driver Member=D5
Removed Member From Class: ClassName=Driver Member=D6
Removed Member From Class: ClassName=Driver Member=D7
Removed Member From Class: ClassName=Driver Member=D8
Removed Member From Class: ClassName=Driver Member=D12
Removed Member From Class: ClassName=Driver Member=D13
Removed Member From Class: ClassName=Driver Member=D14
Removed Member From Class: ClassName=Driver Member=D15
Removed Member From Class: ClassName=Driver Member=D16
Removed Member From Class: ClassName=Driver Member=D17
Removed Member From Class: ClassName=Driver Member=D18
Removed Member From Class: ClassName=Driver Member=D19
Removed Member From Class: ClassName=Driver Member=D20
Removed Member From Class: ClassName=Driver Member=D21
Removed Member From Class: ClassName=Driver Member=D24
Removed Member From Class: ClassName=Driver Member=D26
Removed Member From Class: ClassName=Driver Member=D28
Removed Member From Class: ClassName=Driver Member=J15
Removed Member From Class: ClassName=Driver Member=J17
Removed Member From Class: ClassName=Driver Member=J19
Removed Member From Class: ClassName=Driver Member=J21
Removed Member From Class: ClassName=Driver Member=J23
Removed Member From Class: ClassName=Driver Member=J25
Removed Member From Class: ClassName=Driver Member=J27
Removed Member From Class: ClassName=Driver Member=J29
Removed Member From Class: ClassName=Driver Member=J31
Removed Member From Class: ClassName=Driver Member=J33
Removed Member From Class: ClassName=Driver Member=J35
Removed Member From Class: ClassName=Driver Member=J37
Removed Member From Class: ClassName=Driver Member=J39
Removed Member From Class: ClassName=Driver Member=J41
Removed Member From Class: ClassName=Driver Member=J43
Removed Member From Class: ClassName=Driver Member=J45
Removed Member From Class: ClassName=Driver Member=J47
Removed Member From Class: ClassName=Driver Member=J49
Removed Member From Class: ClassName=Driver Member=L3
Removed Member From Class: ClassName=Driver Member=L4
Removed Member From Class: ClassName=Driver Member=L5
Removed Member From Class: ClassName=Driver Member=L6
Removed Member From Class: ClassName=Driver Member=P1
Removed Member From Class: ClassName=Driver Member=P2
Removed Member From Class: ClassName=Driver Member=P3
Removed Member From Class: ClassName=Driver Member=P6
Removed Member From Class: ClassName=Driver Member=P9
Removed Member From Class: ClassName=Driver Member=P10
Removed Member From Class: ClassName=Driver Member=P11
Removed Member From Class: ClassName=Driver Member=P12
Removed Member From Class: ClassName=Driver Member=Q1
Removed Member From Class: ClassName=Driver Member=Q2
Removed Member From Class: ClassName=Driver Member=Q3
Removed Member From Class: ClassName=Driver Member=Q4
Removed Member From Class: ClassName=Driver Member=R3
Removed Member From Class: ClassName=Driver Member=R5
Removed Member From Class: ClassName=Driver Member=R7
Removed Member From Class: ClassName=Driver Member=R9
Removed Member From Class: ClassName=Driver Member=R11
Removed Member From Class: ClassName=Driver Member=R12
Removed Member From Class: ClassName=Driver Member=R13
Removed Member From Class: ClassName=Driver Member=R23
Removed Member From Class: ClassName=Driver Member=R24
Removed Member From Class: ClassName=Driver Member=R25
Removed Member From Class: ClassName=Driver Member=R26
Removed Member From Class: ClassName=Driver Member=R27
Removed Member From Class: ClassName=Driver Member=R28
Removed Member From Class: ClassName=Driver Member=R29
Removed Member From Class: ClassName=Driver Member=R30
Removed Member From Class: ClassName=Driver Member=R49
Removed Member From Class: ClassName=Driver Member=R50
Removed Member From Class: ClassName=Driver Member=R51
Removed Member From Class: ClassName=Driver Member=R52
Removed Member From Class: ClassName=Driver Member=R53
Removed Member From Class: ClassName=Driver Member=R55
Removed Member From Class: ClassName=Driver Member=R59
Removed Member From Class: ClassName=Driver Member=R61
Removed Member From Class: ClassName=Driver Member=R63
Removed Member From Class: ClassName=Driver Member=R64
Removed Member From Class: ClassName=Driver Member=R66
Removed Member From Class: ClassName=Driver Member=R68
Removed Member From Class: ClassName=Driver Member=R70
Removed Member From Class: ClassName=Driver Member=R72
Removed Member From Class: ClassName=Driver Member=R74
Removed Member From Class: ClassName=Driver Member=R76
Removed Member From Class: ClassName=Driver Member=R78
Removed Member From Class: ClassName=Driver Member=R80
Removed Member From Class: ClassName=Driver Member=R82
Removed Member From Class: ClassName=Driver Member=R84
Removed Member From Class: ClassName=Driver Member=R86
Removed Member From Class: ClassName=Driver Member=R88
Removed Member From Class: ClassName=Driver Member=R90
Removed Member From Class: ClassName=Driver Member=R92
Removed Member From Class: ClassName=Driver Member=R94
Removed Member From Class: ClassName=Driver Member=R96
Removed Member From Class: ClassName=Driver Member=R98
Removed Member From Class: ClassName=Driver Member=R100
Removed Member From Class: ClassName=Driver Member=R102
Removed Member From Class: ClassName=Driver Member=R104
Removed Member From Class: ClassName=Driver Member=R106
Removed Member From Class: ClassName=Driver Member=R108
Removed Member From Class: ClassName=Driver Member=R110
Removed Member From Class: ClassName=Driver Member=R112
Removed Member From Class: ClassName=Driver Member=R114
Removed Member From Class: ClassName=Driver Member=R116
Removed Member From Class: ClassName=Driver Member=R118
Removed Member From Class: ClassName=Driver Member=R120
Removed Member From Class: ClassName=Driver Member=R124
Removed Member From Class: ClassName=Driver Member=R126
Removed Member From Class: ClassName=Driver Member=R131
Removed Member From Class: ClassName=Driver Member=R133
Removed Member From Class: ClassName=Driver Member=R135
Removed Member From Class: ClassName=Driver Member=R141
Removed Member From Class: ClassName=Driver Member=R143
Removed Member From Class: ClassName=Driver Member=R145
Removed Member From Class: ClassName=Driver Member=R147
Removed Member From Class: ClassName=Driver Member=R149
Removed Member From Class: ClassName=Driver Member=R151
Removed Member From Class: ClassName=Driver Member=R153
Removed Member From Class: ClassName=Driver Member=R155
Removed Member From Class: ClassName=Driver Member=R157
Removed Member From Class: ClassName=Driver Member=R159
Removed Member From Class: ClassName=Driver Member=R161
Removed Member From Class: ClassName=Driver Member=R163
Removed Member From Class: ClassName=Driver Member=R165
Removed Member From Class: ClassName=Driver Member=R167
Removed Member From Class: ClassName=Driver Member=R169
Removed Member From Class: ClassName=Driver Member=R171
Removed Member From Class: ClassName=Driver Member=R173
Removed Member From Class: ClassName=Driver Member=R175
Removed Member From Class: ClassName=Driver Member=R177
Removed Member From Class: ClassName=Driver Member=R178
Removed Member From Class: ClassName=Driver Member=R179
Removed Member From Class: ClassName=Driver Member=R180
Removed Member From Class: ClassName=Driver Member=R181
Removed Member From Class: ClassName=Driver Member=TP2
Removed Member From Class: ClassName=Driver Member=TP3
Removed Member From Class: ClassName=Driver Member=TP6
Removed Member From Class: ClassName=Driver Member=TP10
Removed Member From Class: ClassName=Driver Member=TP14
Removed Member From Class: ClassName=Driver Member=TP16
Removed Member From Class: ClassName=Driver Member=TP20
Removed Member From Class: ClassName=Driver Member=TP22
Removed Member From Class: ClassName=Driver Member=TP24
Removed Member From Class: ClassName=Driver Member=TP26
Removed Member From Class: ClassName=Driver Member=TP29
Removed Member From Class: ClassName=Driver Member=TP30
Removed Member From Class: ClassName=Driver Member=TP32
Removed Member From Class: ClassName=Driver Member=TP40
Removed Member From Class: ClassName=Driver Member=TP42
Removed Member From Class: ClassName=Driver Member=TP44
Removed Member From Class: ClassName=Driver Member=TP46
Removed Member From Class: ClassName=Driver Member=TP48
Removed Member From Class: ClassName=Driver Member=TP50
Removed Member From Class: ClassName=Driver Member=TP52
Removed Member From Class: ClassName=Driver Member=TP54
Removed Member From Class: ClassName=Driver Member=TP56
Removed Member From Class: ClassName=Driver Member=TP58
Removed Member From Class: ClassName=Driver Member=TP60
Removed Member From Class: ClassName=Driver Member=TP62
Removed Member From Class: ClassName=Driver Member=TP64
Removed Member From Class: ClassName=Driver Member=TP66
Removed Member From Class: ClassName=Driver Member=TP68
Removed Member From Class: ClassName=Driver Member=TP70
Removed Member From Class: ClassName=Driver Member=TP72
Removed Member From Class: ClassName=Driver Member=TP74
Removed Member From Class: ClassName=Driver Member=TP76
Removed Member From Class: ClassName=Driver Member=TP78
Removed Member From Class: ClassName=Driver Member=TP80
Removed Member From Class: ClassName=Driver Member=TP82
Removed Member From Class: ClassName=Driver Member=TP85
Removed Member From Class: ClassName=Driver Member=TP86
Removed Member From Class: ClassName=Driver Member=TP87
Removed Member From Class: ClassName=Driver Member=TP88
Removed Member From Class: ClassName=Driver Member=TP89
Removed Member From Class: ClassName=Driver Member=TP90
Removed Member From Class: ClassName=Driver Member=TP91
Removed Member From Class: ClassName=Driver Member=TP92
Removed Member From Class: ClassName=Driver Member=TP93
Removed Member From Class: ClassName=Driver Member=TP94
Removed Member From Class: ClassName=Driver Member=TP95
Removed Member From Class: ClassName=Driver Member=TP96
Removed Member From Class: ClassName=Driver Member=TP97
Removed Member From Class: ClassName=Driver Member=TP98
Removed Member From Class: ClassName=Driver Member=TP99
Removed Member From Class: ClassName=Driver Member=TP100
Removed Member From Class: ClassName=Driver Member=TP101
Removed Member From Class: ClassName=Driver Member=U2
Removed Member From Class: ClassName=Driver Member=U3
Removed Member From Class: ClassName=Driver Member=U4
Removed Member From Class: ClassName=Driver Member=U5
Removed Member From Class: ClassName=Driver Member=U7
Removed Member From Class: ClassName=Driver Member=U9
Removed Member From Class: ClassName=Driver Member=U11
Removed Member From Class: ClassName=Driver Member=U13
Removed Member From Class: ClassName=Driver Member=U19
Removed Member From Class: ClassName=Driver Member=U22
Removed Member From Class: ClassName=Driver Member=U23
Removed Member From Class: ClassName=Driver Member=U24
Removed Member From Class: ClassName=Driver Member=U27
Removed Member From Class: ClassName=Driver Member=U28
Removed Member From Class: ClassName=Driver Member=U29
Removed Member From Class: ClassName=Driver Member=U31
Removed Member From Class: ClassName=Driver Member=U33
Removed Member From Class: ClassName=Driver Member=U35
Removed Member From Class: ClassName=Driver Member=U36
Removed Member From Class: ClassName=Driver Member=U37
Removed Member From Class: ClassName=Driver Member=U39
Removed Member From Class: ClassName=Driver Member=U40
Removed Member From Class: ClassName=Driver Member=U?
Removed Member From Class: ClassName=Driver Member=VD2
Removed Member From Class: ClassName=Driver Member=VD3
Removed Member From Class: ClassName=Driver Member=VD4
Removed Member From Class: ClassName=Driver Member=VD5
Removed Member From Class: ClassName=Driver Member=VD6
Removed Member From Class: ClassName=Driver Member=VD7
Removed Member From Class: ClassName=Driver Member=VD8
Removed Member From Class: ClassName=Driver Member=VD9
Removed Member From Class: ClassName=Driver Member=VD10
Removed Member From Class: ClassName=Driver Member=VD11
Removed Member From Class: ClassName=Driver Member=VD12
Removed Member From Class: ClassName=Driver Member=VD13
Removed Member From Class: ClassName=Driver Member=VD14
Removed Member From Class: ClassName=Driver Member=VD15
Removed Member From Class: ClassName=Driver Member=VD16
Removed Member From Class: ClassName=Driver Member=VD17
Removed Member From Class: ClassName=Driver Member=VD34
Removed Member From Class: ClassName=Driver Member=VD35
Removed Member From Class: ClassName=Driver Member=Y1
Removed Member From Class: ClassName=Driver Member=ZD1
Removed Member From Class: ClassName=Driver Member=ZD2
Removed Member From Class: ClassName=HV Member=NetJ6_2
Change Component Footprint: Designator=J9 Old Footprint=691101710002 New Footprint=Klema_100A
Change Component Footprint: Designator=J8 Old Footprint=691101710003 New Footprint=Klema_100A
Change Component Footprint: Designator=J10 Old Footprint=B6B-XH-TW New Footprint=Klema_100A
Change Component Footprint: Designator=J11 Old Footprint=B6B-XH-TW New Footprint=Klema_100A
Change Component Footprint: Designator=J12 Old Footprint=B6B-XH-TW New Footprint=Klema_100A
Change Component Footprint: Designator=J13 Old Footprint=B6B-XH-TW New Footprint=Klema_100A
Change Component Footprint: Designator=L1 Old Footprint=Coil_drosel New Footprint=Drossel
Change Component Footprint: Designator=J6 Old Footprint=Conn_Tianli_T-800 New Footprint=Klema_100A
Change Component Footprint: Designator=J14 Old Footprint=Klema_PCB_15A New Footprint=Klema_100A
Change Component Comment : Designator=J6 Old Comment= New Comment=100A
Change Component Comment : Designator=J8 Old Comment= New Comment=100A
Change Component Comment : Designator=J9 Old Comment=691101710002 New Comment=100A
Change Component Comment : Designator=J10 Old Comment=B6B-XH-TW New Comment=100A
Change Component Comment : Designator=J11 Old Comment=B6B-XH-TW New Comment=100A
Change Component Comment : Designator=J12 Old Comment=B6B-XH-TW New Comment=100A
Change Component Comment : Designator=J13 Old Comment=B6B-XH-TW New Comment=100A
Change Component Comment : Designator=L1 Old Comment=Coil New Comment=750311457
Change Component Comment : Designator=J14 Old Comment=G(4) New Comment=100A
Change component parameters: Designator = "J8" ("J8"); Footprint = "691101710003"; UniqueID = "\TVKTZKKG" ("\TVKTZKKG")
Change component parameters: Designator = "J9" ("J9"); Footprint = "691101710002"; UniqueID = "\SZBQNIWI" ("\SZBQNIWI")
Change component parameters: Designator = "L1" ("L1"); Footprint = "Coil_drosel"; UniqueID = "\PAQNAZDD" ("\PAQNAZDD")
Change component parameters (AddParameter): Name = "ComponentLink1Description"; Value = "Manufacturer URL"; VariantName = "[No Variations]"
Change component parameters (AddParameter): Name = "ComponentLink1URL"; Value = "http://www.we-online.com"; VariantName = "[No Variations]"
Change component parameters (AddParameter): Name = "ComponentLink2Description"; Value = "Datasheet"; VariantName = "[No Variations]"
Change component parameters (AddParameter): Name = "ComponentLink2URL"; Value = "http://katalog.we-online.de/pbs/datasheet/750311457.pdf"; VariantName = "[No Variations]"
Change component parameters (AddParameter): Name = "Manufacturer"; Value = "Wuerth Elektronik"; VariantName = "[No Variations]"
Change component parameters (AddParameter): Name = "PackageReference"; Value = "EP13"; VariantName = "[No Variations]"
Change component parameters (AddParameter): Name = "PartNumber"; Value = "750311457"; VariantName = "[No Variations]"
Change component parameters (AddParameter): Name = "Ui"; Value = "36V"; VariantName = "[No Variations]"
Added Component: Designator=X1(CONN-PLS-4-2.54mm)
Added Component: Designator=X2(CONN-PLS-4-2.54mm)
Added Pin To Net: NetName=GND_HV Pin=J9-1
Added Pin To Net: NetName=GND_HV Pin=J10-1
Added Pin To Net: NetName=GND_HV Pin=J11-1
Added Pin To Net: NetName=GND_HV Pin=J12-1
Added Pin To Net: NetName=GND_HV Pin=J13-1
Added Pin To Net: NetName=GND_HV Pin=J14-1
Added Pin To Net: NetName=NetC4_1 Pin=L1-1
Added Pin To Net: NetName=NetC4_1 Pin=L1-1
Added Pin To Net: NetName=NetC4_1 Pin=L1-3
Added Pin To Net: NetName=NetC4_1 Pin=L1-3
Added Pin To Net: NetName=NetC4_1 Pin=L1-4
Added Pin To Net: NetName=NetC4_1 Pin=L1-4
Added Pin To Net: NetName=V_PS Pin=L1-5
Added Pin To Net: NetName=V_PS Pin=L1-5
Added Pin To Net: NetName=V_PS Pin=L1-6
Added Pin To Net: NetName=V_PS Pin=L1-6
Added Pin To Net: NetName=V_PS Pin=L1-7
Added Pin To Net: NetName=V_PS Pin=L1-7
Added Pin To Net: NetName=V_PS Pin=L1-8
Added Pin To Net: NetName=V_PS Pin=L1-8
Added Pin To Net: NetName=+5V Pin=X1-1
Added Pin To Net: NetName=GND Pin=X1-4
Added Pin To Net: NetName=+5V Pin=X2-1
Added Pin To Net: NetName=GND Pin=X2-4
Added Pin To Net: NetName=NetJ6_1 Pin=J6-1
Added Pin To Net: NetName=NetJ6_1 Pin=J8-1
Added Pin To Net: NetName=NetJ6_1 Pin=U1-4
Added Net: Name=NetJ6_1
Added Pin To Net: NetName=NetU6_6 Pin=U6-6
Added Net: Name=NetU6_6
Added Pin To Net: NetName=NetU6_7 Pin=U6-7
Added Pin To Net: NetName=NetU6_7 Pin=X1-2
Added Net: Name=NetU6_7
Added Pin To Net: NetName=NetX2_2 Pin=X2-2
Added Pin To Net: NetName=NetX2_2 Pin=X2-3
Added Net: Name=NetX2_2
Change Class Name : Old Net Name=Driver New Net Name=DRIVER POWER SUPPLY MODULE
Added Member To Class: ClassName=DRIVER POWER SUPPLY MODULE Member=Component C4 550V_470uF
Added Member To Class: ClassName=DRIVER POWER SUPPLY MODULE Member=Component C5 550V_470uF
Added Member To Class: ClassName=DRIVER POWER SUPPLY MODULE Member=Component C7 4,7uF_630V
Added Member To Class: ClassName=DRIVER POWER SUPPLY MODULE Member=Component C11 550V_470uF
Added Member To Class: ClassName=DRIVER POWER SUPPLY MODULE Member=Component C13 4,7uF_630V
Added Member To Class: ClassName=DRIVER POWER SUPPLY MODULE Member=Component C15 C0805C224K5RACTU
Added Member To Class: ClassName=DRIVER POWER SUPPLY MODULE Member=Component C17 550V_470uF
Added Member To Class: ClassName=DRIVER POWER SUPPLY MODULE Member=Component C19 4,7uF_630V
Added Member To Class: ClassName=DRIVER POWER SUPPLY MODULE Member=Component C21 1uF
Added Member To Class: ClassName=DRIVER POWER SUPPLY MODULE Member=Component C23 1uF
Added Member To Class: ClassName=DRIVER POWER SUPPLY MODULE Member=Component C31 47uF_16V
Added Member To Class: ClassName=DRIVER POWER SUPPLY MODULE Member=Component C35 CAP-POLAR
Added Member To Class: ClassName=DRIVER POWER SUPPLY MODULE Member=Component C37 0.1uF
Added Member To Class: ClassName=DRIVER POWER SUPPLY MODULE Member=Component J10 100A
Added Member To Class: ClassName=DRIVER POWER SUPPLY MODULE Member=Component J11 100A
Added Member To Class: ClassName=DRIVER POWER SUPPLY MODULE Member=Component J12 100A
Added Member To Class: ClassName=DRIVER POWER SUPPLY MODULE Member=Component J14 100A
Added Member To Class: ClassName=DRIVER POWER SUPPLY MODULE Member=Component R31 330K
Added Member To Class: ClassName=DRIVER POWER SUPPLY MODULE Member=Component R33 330K
Added Member To Class: ClassName=DRIVER POWER SUPPLY MODULE Member=Component R34 100K
Added Member To Class: ClassName=DRIVER POWER SUPPLY MODULE Member=Component R35 100K
Added Member To Class: ClassName=DRIVER POWER SUPPLY MODULE Member=Component R37 10K
Added Member To Class: ClassName=DRIVER POWER SUPPLY MODULE Member=Component R42 20K
Added Member To Class: ClassName=DRIVER POWER SUPPLY MODULE Member=Component R43 1K
Added Member To Class: ClassName=DRIVER POWER SUPPLY MODULE Member=Component R44 1K
Added Member To Class: ClassName=DRIVER POWER SUPPLY MODULE Member=Component TP4 Test_Point_PCB
Added Member To Class: ClassName=DRIVER POWER SUPPLY MODULE Member=Component TP15
Added Member To Class: ClassName=DRIVER POWER SUPPLY MODULE Member=Component TP17 Test_Point_PCB
Added Member To Class: ClassName=DRIVER POWER SUPPLY MODULE Member=Component TP27 Test_Point_PCB
Added Member To Class: ClassName=DRIVER POWER SUPPLY MODULE Member=Component TP31 Test_Point_PCB
Added Member To Class: ClassName=DRIVER POWER SUPPLY MODULE Member=Component X1 CONN-4-PIN
Added Member To Class: ClassName=DRIVER POWER SUPPLY MODULE Member=Component X2 CONN-4-PIN
Added Member To Class: ClassName=HV Member=Wire NetJ6_1
Added Room: Name=DRIVER POWER SUPPLY MODULE
