Removed Pin From Net: NetName=GND Pin=C?-2
Removed Pin From Net: NetName=NetC?_2 Pin=C?-2
Removed Pin From Net: NetName=GND Pin=U?-2
Removed Pin From Net: NetName=+3V3 Pin=U?-5
Change Component Footprint: Designator=R120 Old Footprint=FP-CRCW0805-e3-IPC_B New Footprint=FP-CRCW0805-e3-IPC_B
Change Component Designator: OldDesignator=33 NewDesignator=U17
Change Component Designator: OldDesignator=C? NewDesignator=C4
Change Component Designator: OldDesignator=C? NewDesignator=C37
Change Component Designator: OldDesignator=C? NewDesignator=C43
Change Component Designator: OldDesignator=C? NewDesignator=C44
Change Component Designator: OldDesignator=C? NewDesignator=C46
Change Component Designator: OldDesignator=C? NewDesignator=C47
Change Component Designator: OldDesignator=L? NewDesignator=L2
Change Component Designator: OldDesignator=R? NewDesignator=R69
Change Component Designator: OldDesignator=R? NewDesignator=R70
Change Component Designator: OldDesignator=TP? NewDesignator=TP6
Change Component Designator: OldDesignator=TP? NewDesignator=TP7
Change Component Designator: OldDesignator=U? NewDesignator=U14
Change Component Designator: OldDesignator=U? NewDesignator=U15
Change Component Designator: OldDesignator=U? NewDesignator=U16
Added Component: Designator=U18(FP-C04-091-OT-MFG)
Added Pin To Net: NetName=NetC?_2 Pin=C44-2
Added Pin To Net: NetName=GND Pin=R13-1
Added Pin To Net: NetName=GND Pin=R79-1
Change Net Name : Old Net Name=NetC?_2 New Net Name=NetC43_2
Change Net Name : Old Net Name=NetC?_2 New Net Name=NetC44_2
Added Pin To Net: NetName=NetC4_2 Pin=C4-2
Added Pin To Net: NetName=NetC4_2 Pin=CR1-2
Added Pin To Net: NetName=NetC4_2 Pin=L2-2
Added Pin To Net: NetName=NetC4_2 Pin=TP7-1
Added Net: Name=NetC4_2
Added Pin To Net: NetName=NetC46_1 Pin=C46-1
Added Pin To Net: NetName=NetC46_1 Pin=R69-1
Added Net: Name=NetC46_1
Added Pin To Net: NetName=NetC47_1 Pin=C47-1
Added Pin To Net: NetName=NetC47_1 Pin=R70-2
Added Net: Name=NetC47_1
Added Pin To Net: NetName=NetC47_2 Pin=C47-2
Added Pin To Net: NetName=NetC47_2 Pin=R70-1
Added Pin To Net: NetName=NetC47_2 Pin=U4-20
Added Net: Name=NetC47_2
Added Member To Class: ClassName=Sheet1 Member=Component C4 1500uF_100V
Added Member To Class: ClassName=Sheet1 Member=Component C37 ECA-1JHG222
Added Member To Class: ClassName=Sheet1 Member=Component C43 0.22uF
Added Member To Class: ClassName=Sheet1 Member=Component C46 C0805C224K5RACTU
Added Member To Class: ClassName=Sheet1 Member=Component C47 0.22uF
Added Member To Class: ClassName=Sheet1 Member=Component R69 10K
Added Member To Class: ClassName=Sheet1 Member=Component TP6 Test_Point_PCB
Added Member To Class: ClassName=Sheet1 Member=Component U14 MCP6001T-I/LT
Added Member To Class: ClassName=Sheet1 Member=Component U15 MCP6001T-I/LT
Added Member To Class: ClassName=Sheet1 Member=Component U16 MCP6001T-I/LT
