Removed Pin From Net: NetName=V_BAT Pin=J12-2
Removed Pin From Net: NetName=NetD22_5 Pin=TP9-GG
Change Component Designator: OldDesignator=tdr NewDesignator=U5
Added Component: Designator=C37(1500uF_100V)
Added Component: Designator=C38(1500uF_100V)
Added Component: Designator=L2(Coil_drosel)
Added Component: Designator=L3(Coil_drosel)
Added Pin To Net: NetName=GND Pin=C37-1
Added Pin To Net: NetName=GND Pin=C38-1
Added Pin To Net: NetName=V_BAT Pin=C38-2
Added Pin To Net: NetName=V_BAT Pin=L3-2
Added Pin To Net: NetName=GND Pin=R13-1
Added Pin To Net: NetName=GND Pin=R79-1
Added Pin To Net: NetName=NetC37_2 Pin=C37-2
Added Pin To Net: NetName=NetC37_2 Pin=L2-1
Added Pin To Net: NetName=NetC37_2 Pin=L3-1
Added Net: Name=NetC37_2
Added Member To Class: ClassName=Sheet1 Member=Component C37 1500uF_100V
Added Member To Class: ClassName=Sheet1 Member=Component C38 1500uF_100V
Added Member To Class: ClassName=Sheet1 Member=Component L2 Coil
Added Member To Class: ClassName=Sheet1 Member=Component L3 Coil
Added Room: Name=Sheet1
