Removed Pin From Net: NetName=+5 Pin=C2-2
Removed Pin From Net: NetName=+5 Pin=C24-1
Removed Pin From Net: NetName=GND Pin=C24-2
Removed Pin From Net: NetName=+5 Pin=C25-1
Removed Pin From Net: NetName=GND Pin=C25-2
Removed Pin From Net: NetName=+5 Pin=C28-1
Removed Pin From Net: NetName=V_BAT Pin=C38-2
Removed Pin From Net: NetName=GND Pin=D22-4
Removed Pin From Net: NetName=+5 Pin=D22-8
Removed Pin From Net: NetName=+5 Pin=J4-1
Removed Pin From Net: NetName=+5 Pin=J6-2
Removed Pin From Net: NetName=NetC15_2 Pin=J9-2
Removed Pin From Net: NetName=+5 Pin=J11-2
Removed Pin From Net: NetName=V_BAT Pin=L3-2
Removed Pin From Net: NetName=GND Pin=LED1-1
Removed Pin From Net: NetName=GND Pin=LED2-1
Removed Pin From Net: NetName=+5 Pin=P2-3
Removed Pin From Net: NetName=GND Pin=P3-1
Removed Pin From Net: NetName=+5 Pin=P3-3
Removed Pin From Net: NetName=+5 Pin=P4-3
Removed Pin From Net: NetName=GND Pin=P5-1
Removed Pin From Net: NetName=+5 Pin=P5-3
Removed Pin From Net: NetName=GND Pin=P6-1
Removed Pin From Net: NetName=+5 Pin=P6-3
Removed Pin From Net: NetName=GND Pin=P7-1
Removed Pin From Net: NetName=+5 Pin=P7-3
Removed Pin From Net: NetName=+3V3 Pin=P12-1
Removed Pin From Net: NetName=GND Pin=P12-4
Removed Pin From Net: NetName=+5 Pin=R5-2
Removed Pin From Net: NetName=NetD22_1 Pin=R54-2
Removed Pin From Net: NetName=+5 Pin=R56-2
Removed Pin From Net: NetName=+5 Pin=R58-2
Removed Pin From Net: NetName=NetD22_1 Pin=R63-2
Removed Pin From Net: NetName=NetD22_1 Pin=R64-2
Removed Pin From Net: NetName=GND Pin=R66-1
Removed Pin From Net: NetName=GND Pin=R67-1
Removed Pin From Net: NetName=GND Pin=R69-1
Removed Pin From Net: NetName=GND Pin=R70-1
Removed Pin From Net: NetName=+5 Pin=R72-2
Removed Pin From Net: NetName=+5 Pin=R74-2
Removed Pin From Net: NetName=GND Pin=R76-2
Removed Pin From Net: NetName=GND Pin=R77-2
Removed Pin From Net: NetName=+5 Pin=RG1-3
Removed Pin From Net: NetName=+5 Pin=RP2-1
Removed Pin From Net: NetName=GND Pin=RP2-3
Removed Pin From Net: NetName=+5 Pin=RP3-1
Removed Pin From Net: NetName=GND Pin=RP3-3
Removed Pin From Net: NetName=+5 Pin=RP4-1
Removed Pin From Net: NetName=GND Pin=RP4-3
Removed Pin From Net: NetName=+5 Pin=RP5-1
Removed Pin From Net: NetName=GND Pin=RP5-3
Removed Pin From Net: NetName=+5 Pin=TP3-1
Removed Pin From Net: NetName=+5 Pin=TP4-1
Removed Pin From Net: NetName=NetD22_1 Pin=TP6-1
Removed Pin From Net: NetName=+5 Pin=U1-3
Removed Pin From Net: NetName=+5 Pin=U3-8
Removed Pin From Net: NetName=NetP12_3 Pin=U4-45
Removed Pin From Net: NetName=NetP12_2 Pin=U4-46
Removed Member From Class: ClassName=Sheet1 Member=LED1
Removed Member From Class: ClassName=Sheet1 Member=LED2
Removed Member From Class: ClassName=Sheet1 Member=P3
Removed Member From Class: ClassName=Sheet1 Member=P5
Removed Member From Class: ClassName=Sheet1 Member=P6
Removed Member From Class: ClassName=Sheet1 Member=P7
Removed Member From Class: ClassName=Sheet1 Member=R63
Removed Member From Class: ClassName=Sheet1 Member=R64
Removed Member From Class: ClassName=Sheet1 Member=R66
Removed Member From Class: ClassName=Sheet1 Member=R67
Removed Member From Class: ClassName=Sheet1 Member=R69
Removed Member From Class: ClassName=Sheet1 Member=R70
Removed Member From Class: ClassName=Sheet1 Member=R71
Removed Member From Class: ClassName=Sheet1 Member=R72
Removed Member From Class: ClassName=Sheet1 Member=R73
Removed Member From Class: ClassName=Sheet1 Member=R74
Removed Member From Class: ClassName=Sheet1 Member=R76
Removed Member From Class: ClassName=Sheet1 Member=R77
Removed Member From Class: ClassName=Sheet1 Member=RP2
Removed Member From Class: ClassName=Sheet1 Member=RP3
Removed Member From Class: ClassName=Sheet1 Member=RP4
Removed Member From Class: ClassName=Sheet1 Member=RP5
Removed Member From Class: ClassName=Sheet1 Member=TP6
Removed Member From Class: ClassName=Sheet1 Member=TP7
Removed Member From Class: ClassName=Sheet1 Member=TP8
Removed Member From Class: ClassName=Sheet1 Member=TP9
Removed Member From Class: ClassName=Sheet1 Member=TP10
Removed Member From Class: ClassName=Sheet1 Member=TP11
Removed Member From Class: ClassName=Sheet1 Member=TP12
Change Component Footprint: Designator=D22 Old Footprint=8-SOIC New Footprint=LED_Yellow
Change Component Footprint: Designator=J3 Old Footprint=691101710002 New Footprint=DEGSON_DG25
Change Component Footprint: Designator=J8 Old Footprint=691101710002 New Footprint=DEGSON_DG25
Change Component Footprint: Designator=J9 Old Footprint=691101710002 New Footprint=DEGSON_DG25
Change Component Footprint: Designator=J10 Old Footprint=691101710002 New Footprint=DEGSON_DG25
Change Component Footprint: Designator=C24 Old Footprint=FP-C0805C-DN-MFG New Footprint=FP-GRM21B-0_1-IPC_C
Change Component Footprint: Designator=C25 Old Footprint=FP-C0805C-DN-MFG New Footprint=FP-GRM21B-0_1-IPC_C
Change Component Footprint: Designator=R57 Old Footprint=FP-CRCW0805-e3-IPC_A New Footprint=Yageo_RC0805_IPC_A
Change Component Footprint: Designator=P12 Old Footprint=SMTC-TSW-104-08-X-S New Footprint=61300511121
Change Component Footprint: Designator=R28 Old Footprint=Vishay_CRCW0805-e3_IPC_A New Footprint=FP-CRCW0805-e3-IPC_B
Change Component Footprint: Designator=R58 Old Footprint=Vishay_CRCW0805-e3_IPC_A New Footprint=FP-CRCW0805-e3-IPC_B
Change Component Footprint: Designator=R59 Old Footprint=Vishay_CRCW0805-e3_IPC_A New Footprint=FP-CRCW0805-e3-IPC_B
Change Component Footprint: Designator=R61 Old Footprint=Vishay_CRCW0805-e3_IPC_A New Footprint=FP-CRCW0805-e3-IPC_B
Change Component Footprint: Designator=R62 Old Footprint=Vishay_CRCW0805-e3_IPC_A New Footprint=FP-CRCW0805-e3-IPC_B
Change Component Footprint: Designator=R8 Old Footprint=Vishay_CRCW0805-e3_IPC_A New Footprint=Yageo_RC0805_IPC_A
Change Component Comment : Designator=R62 Old Comment=10K New Comment=10
Change Component Comment : Designator=R55 Old Comment=47k New Comment=2.2K
Change Component Comment : Designator=R56 Old Comment=47k New Comment=2.2K
Change Component Comment : Designator=R58 Old Comment=47k New Comment=10
Change Component Comment : Designator=R57 Old Comment=47k New Comment=220
Change Component Comment : Designator=R54 Old Comment=100k New Comment=10K
Change Component Comment : Designator=R53 Old Comment=100k New Comment=47K
Change Component Comment : Designator=R61 Old Comment=220 New Comment=10
Change Component Comment : Designator=J3 Old Comment=691101710002 New Comment=DEGSON
Change Component Comment : Designator=J8 Old Comment=691101710002 New Comment=DEGSON
Change Component Comment : Designator=J9 Old Comment=691101710002 New Comment=DEGSON
Change Component Comment : Designator=J10 Old Comment=691101710002 New Comment=DEGSON
Change Component Comment : Designator=C24 Old Comment=C0805C224K5RACTU New Comment=GRM21BR61C106KE15L
Change Component Comment : Designator=C25 Old Comment=C0805C224K5RACTU New Comment=GRM21BR61C106KE15L
Change Component Comment : Designator=D22 Old Comment=LMV358AIDR New Comment=151031YS06000
Change Component Comment : Designator=P12 Old Comment=TSW-104-08-G-S New Comment=61300511121
Change Managed Component Library Link : Designator=C24 Old VaultGUID=B7D15EC3-160A-466F-A46C-7801FE6295A7 New VaultGUID=B7D15EC3-160A-466F-A46C-7801FE6295A7 Old ItemGUID=B9488122-88ED-4EC5-84F7-203174F09D93 New ItemGUID=96E1FC29-823C-4DFE-A5F9-AD0FB27C16C2 Old RevisionGUID=3073E26B-F5D9-41D4-961E-5BC2B966745A New RevisionGUID=D769A791-3307-4056-9341-90AFE26D35D2
Change Managed Component Library Link : Designator=C25 Old VaultGUID=B7D15EC3-160A-466F-A46C-7801FE6295A7 New VaultGUID=B7D15EC3-160A-466F-A46C-7801FE6295A7 Old ItemGUID=B9488122-88ED-4EC5-84F7-203174F09D93 New ItemGUID=96E1FC29-823C-4DFE-A5F9-AD0FB27C16C2 Old RevisionGUID=3073E26B-F5D9-41D4-961E-5BC2B966745A New RevisionGUID=D769A791-3307-4056-9341-90AFE26D35D2
Change Managed Component Library Link : Designator=P12 Old VaultGUID=B7D15EC3-160A-466F-A46C-7801FE6295A7 New VaultGUID= Old ItemGUID=3AED76DB-8E57-4F91-80AC-4F3212C0D6E3 New ItemGUID= Old RevisionGUID=67539129-B97E-46C8-850F-4CCF53EBD3ED New RevisionGUID=
Change component parameters: Designator = "R55" ("R55"); Footprint = "Vishay_CRCW0805-e3_IPC_A"; UniqueID = "\YSSUUJAX" ("\YSSUUJAX")
Change component parameters: Designator = "R56" ("R56"); Footprint = "Vishay_CRCW0805-e3_IPC_A"; UniqueID = "\ATVUZBMK" ("\ATVUZBMK")
Change component parameters: Designator = "R57" ("R57"); Footprint = "FP-CRCW0805-e3-IPC_A"; UniqueID = "\OCSTHWUP" ("\OCSTHWUP")
Change component parameters: Designator = "R53" ("R53"); Footprint = "Vishay_CRCW0805-e3_IPC_A"; UniqueID = "\JNIDYTIG" ("\JNIDYTIG")
Change component parameters: Designator = "R54" ("R54"); Footprint = "Vishay_CRCW0805-e3_IPC_A"; UniqueID = "\ZHMMEQZU" ("\ZHMMEQZU")
Change component parameters: Designator = "R61" ("R61"); Footprint = "Vishay_CRCW0805-e3_IPC_A"; UniqueID = "\WWOBAJTD" ("\WWOBAJTD")
Change component parameters (AddParameter): Name = "100k"; Value = ""; VariantName = "[No Variations]"
Change component parameters: Designator = "R62" ("R62"); Footprint = "Vishay_CRCW0805-e3_IPC_A"; UniqueID = "\CKXWPBLX" ("\CKXWPBLX")
Change component parameters (AddParameter): Name = "100k"; Value = ""; VariantName = "[No Variations]"
Change component parameters: Designator = "R58" ("R58"); Footprint = "Vishay_CRCW0805-e3_IPC_A"; UniqueID = "\ESAZKAMO" ("\ESAZKAMO")
Change component parameters (AddParameter): Name = "100k"; Value = ""; VariantName = "[No Variations]"
Change component parameters: Designator = "D22" ("D22"); Footprint = "8-SOIC"; UniqueID = "\KQDYOKEC" ("\KQDYOKEC")
Change component parameters (AddParameter): Name = "Arrow Part Number"; Value = ""; VariantName = "[No Variations]"
Change component parameters (AddParameter): Name = "Arrow Price/Stock"; Value = ""; VariantName = "[No Variations]"
Change component parameters (AddParameter): Name = "Datasheet Link"; Value = "https://katalog.we-online.de/led/datasheet/151031YS06000.pdf"; VariantName = "[No Variations]"
Change component parameters (AddParameter): Name = "Geometry.Height"; Value = "5.5mm"; VariantName = "[No Variations]"
Change component parameters (AddParameter): Name = "Manufacturer_Name"; Value = "Wurth Elektronik"; VariantName = "[No Variations]"
Change component parameters (AddParameter): Name = "Manufacturer_Part_Number"; Value = "151031YS06000"; VariantName = "[No Variations]"
Change component parameters (AddParameter): Name = "Mouser Part Number"; Value = "710-151031YS06000"; VariantName = "[No Variations]"
Change component parameters (AddParameter): Name = "Mouser Price/Stock"; Value = "https://www.mouser.co.uk/ProductDetail/Wurth-Elektronik/151031YS06000?qs=LlUlMxKIyB3xSYYW%252BcuBiQ%3D%3D"; VariantName = "[No Variations]"
Change component parameters (AddParameter): Name = "Mouser Testing Part Number"; Value = ""; VariantName = "[No Variations]"
Change component parameters (AddParameter): Name = "Mouser Testing Price/Stock"; Value = ""; VariantName = "[No Variations]"
Change component parameters: Designator = "J3" ("J3"); Footprint = "691101710002"; UniqueID = "\IHVPTCSA" ("\IHVPTCSA")
Change component parameters: Designator = "J8" ("J8"); Footprint = "691101710002"; UniqueID = "\REVZHHQR" ("\REVZHHQR")
Change component parameters: Designator = "J9" ("J9"); Footprint = "691101710002"; UniqueID = "\DAVGWUMF" ("\DAVGWUMF")
Change component parameters: Designator = "J10" ("J10"); Footprint = "691101710002"; UniqueID = "\YVCCMUKR" ("\YVCCMUKR")
Change component parameters: Designator = "P12" ("P12"); Footprint = "SMTC-TSW-104-08-X-S"; UniqueID = "\YGCYQYKN" ("\YGCYQYKN")
Change component parameters (AddParameter): Name = "Category"; Value = "Board-to-Board Connectors"; VariantName = "[No Variations]"
Change component parameters (AddParameter): Name = "ComponentLink1Description"; Value = "Website Link"; VariantName = "[No Variations]"
Change component parameters (AddParameter): Name = "ComponentLink1URL"; Value = "https://www.we-online.com/redexpert/article/61300511121?ad"; VariantName = "[No Variations]"
Change component parameters (AddParameter): Name = "ComponentLink2Description"; Value = "Datasheet Link"; VariantName = "[No Variations]"
Change component parameters (AddParameter): Name = "ComponentLink2URL"; Value = "https://www.we-online.com/redexpert/spec/61300511121?ad"; VariantName = "[No Variations]"
Change component parameters (AddParameter): Name = "Contact Resistance"; Value = "20m?"; VariantName = "[No Variations]"
Change component parameters (AddParameter): Name = "Gender"; Value = "Pin Header"; VariantName = "[No Variations]"
Change component parameters (AddParameter): Name = "Manufacturer"; Value = "Wurth Elektronik"; VariantName = "[No Variations]"
Change component parameters (AddParameter): Name = "Manufacturer Part Number"; Value = "61300511121"; VariantName = "[No Variations]"
Change component parameters (AddParameter): Name = "Match Code"; Value = "WR-PHD"; VariantName = "[No Variations]"
Change component parameters (AddParameter): Name = "Mount"; Value = "Through Hole"; VariantName = "[No Variations]"
Change component parameters (AddParameter): Name = "Number of Pins"; Value = "5"; VariantName = "[No Variations]"
Change component parameters (AddParameter): Name = "Number of Rows"; Value = "1"; VariantName = "[No Variations]"
Change component parameters (AddParameter): Name = "Operating Temperature Max"; Value = "105°C"; VariantName = "[No Variations]"
Change component parameters (AddParameter): Name = "Operating Temperature Min"; Value = "-40°C"; VariantName = "[No Variations]"
Change component parameters (AddParameter): Name = "Orientation"; Value = "Vertical"; VariantName = "[No Variations]"
Change component parameters (AddParameter): Name = "Packaging"; Value = "Bag"; VariantName = "[No Variations]"
Change component parameters (AddParameter): Name = "Pitch"; Value = "2.54mm"; VariantName = "[No Variations]"
Change component parameters (AddParameter): Name = "Rated Current"; Value = "3A"; VariantName = "[No Variations]"
Change component parameters (AddParameter): Name = "Withstanding Voltage"; Value = "500V"; VariantName = "[No Variations]"
Change component parameters (AddParameter): Name = "Working Voltage"; Value = "250V"; VariantName = "[No Variations]"
Change component parameters: Designator = "C24" ("C24"); Footprint = "FP-C0805C-DN-MFG"; UniqueID = "\YSMLAOKD" ("\YSMLAOKD")
Change component parameters (AddParameter): Name = "Capacitance"; Value = "10uF"; VariantName = "[No Variations]"
Change component parameters (AddParameter): Name = "Case Code (Imperial)"; Value = "0805"; VariantName = "[No Variations]"
Change component parameters (AddParameter): Name = "Case Code (Metric)"; Value = "2012"; VariantName = "[No Variations]"
Change component parameters (AddParameter): Name = "Case/Package"; Value = "0805"; VariantName = "[No Variations]"
Change component parameters (AddParameter): Name = "Depth"; Value = "1.25mm"; VariantName = "[No Variations]"
Change component parameters (AddParameter): Name = "Dielectric"; Value = "X5R"; VariantName = "[No Variations]"
Change component parameters (AddParameter): Name = "Height"; Value = "1.25mm"; VariantName = "[No Variations]"
Change component parameters (AddParameter): Name = "Lead Free"; Value = "Lead Free"; VariantName = "[No Variations]"
Change component parameters (AddParameter): Name = "Length"; Value = "2mm"; VariantName = "[No Variations]"
Change component parameters (AddParameter): Name = "Material"; Value = "Ceramic"; VariantName = "[No Variations]"
Change component parameters (AddParameter): Name = "Max Operating Temperature"; Value = "85°C"; VariantName = "[No Variations]"
Change component parameters (AddParameter): Name = "Min Operating Temperature"; Value = "-55°C"; VariantName = "[No Variations]"
Change component parameters (AddParameter): Name = "Mount"; Value = "Surface Mount"; VariantName = "[No Variations]"
Change component parameters (AddParameter): Name = "Package Quantity"; Value = "1"; VariantName = "[No Variations]"
Change component parameters (AddParameter): Name = "Packaging"; Value = "Tape and Reel"; VariantName = "[No Variations]"
Change component parameters (AddParameter): Name = "Radiation Hardening"; Value = "No"; VariantName = "[No Variations]"
Change component parameters (AddParameter): Name = "REACH SVHC"; Value = "No SVHC"; VariantName = "[No Variations]"
Change component parameters (AddParameter): Name = "Termination"; Value = "SMD/SMT"; VariantName = "[No Variations]"
Change component parameters (AddParameter): Name = "Thickness"; Value = "0.053inch"; VariantName = "[No Variations]"
Change component parameters (AddParameter): Name = "Tolerance"; Value = "10%"; VariantName = "[No Variations]"
Change component parameters (AddParameter): Name = "Voltage"; Value = "16V"; VariantName = "[No Variations]"
Change component parameters (AddParameter): Name = "Voltage Rating"; Value = "16V"; VariantName = "[No Variations]"
Change component parameters (AddParameter): Name = "Voltage Rating (DC)"; Value = "16V"; VariantName = "[No Variations]"
Change component parameters (AddParameter): Name = "Width"; Value = "1.25mm"; VariantName = "[No Variations]"
Change component parameters: Designator = "C25" ("C25"); Footprint = "FP-C0805C-DN-MFG"; UniqueID = "\YCXUINSG" ("\YCXUINSG")
Change component parameters (AddParameter): Name = "Capacitance"; Value = "10uF"; VariantName = "[No Variations]"
Change component parameters (AddParameter): Name = "Case Code (Imperial)"; Value = "0805"; VariantName = "[No Variations]"
Change component parameters (AddParameter): Name = "Case Code (Metric)"; Value = "2012"; VariantName = "[No Variations]"
Change component parameters (AddParameter): Name = "Case/Package"; Value = "0805"; VariantName = "[No Variations]"
Change component parameters (AddParameter): Name = "Depth"; Value = "1.25mm"; VariantName = "[No Variations]"
Change component parameters (AddParameter): Name = "Dielectric"; Value = "X5R"; VariantName = "[No Variations]"
Change component parameters (AddParameter): Name = "Height"; Value = "1.25mm"; VariantName = "[No Variations]"
Change component parameters (AddParameter): Name = "Lead Free"; Value = "Lead Free"; VariantName = "[No Variations]"
Change component parameters (AddParameter): Name = "Length"; Value = "2mm"; VariantName = "[No Variations]"
Change component parameters (AddParameter): Name = "Material"; Value = "Ceramic"; VariantName = "[No Variations]"
Change component parameters (AddParameter): Name = "Max Operating Temperature"; Value = "85°C"; VariantName = "[No Variations]"
Change component parameters (AddParameter): Name = "Min Operating Temperature"; Value = "-55°C"; VariantName = "[No Variations]"
Change component parameters (AddParameter): Name = "Mount"; Value = "Surface Mount"; VariantName = "[No Variations]"
Change component parameters (AddParameter): Name = "Package Quantity"; Value = "1"; VariantName = "[No Variations]"
Change component parameters (AddParameter): Name = "Packaging"; Value = "Tape and Reel"; VariantName = "[No Variations]"
Change component parameters (AddParameter): Name = "Radiation Hardening"; Value = "No"; VariantName = "[No Variations]"
Change component parameters (AddParameter): Name = "REACH SVHC"; Value = "No SVHC"; VariantName = "[No Variations]"
Change component parameters (AddParameter): Name = "Termination"; Value = "SMD/SMT"; VariantName = "[No Variations]"
Change component parameters (AddParameter): Name = "Thickness"; Value = "0.053inch"; VariantName = "[No Variations]"
Change component parameters (AddParameter): Name = "Tolerance"; Value = "10%"; VariantName = "[No Variations]"
Change component parameters (AddParameter): Name = "Voltage"; Value = "16V"; VariantName = "[No Variations]"
Change component parameters (AddParameter): Name = "Voltage Rating"; Value = "16V"; VariantName = "[No Variations]"
Change component parameters (AddParameter): Name = "Voltage Rating (DC)"; Value = "16V"; VariantName = "[No Variations]"
Change component parameters (AddParameter): Name = "Width"; Value = "1.25mm"; VariantName = "[No Variations]"
Added Component: Designator=C39(1500uF_100V)
Added Component: Designator=C40(FP-C0805C-DN-MFG)
Add component (AddParameter): Name = "Automotive"; Value = "No"; VariantName = "[No Variations]"
Add component (AddParameter): Name = "Capacitance"; Value = "0.22 ?F"; VariantName = "[No Variations]"
Add component (AddParameter): Name = "Category"; Value = "Cap"; VariantName = "[No Variations]"
Add component (AddParameter): Name = "ComponentLink2Description"; Value = "Datasheet"; VariantName = "[No Variations]"
Add component (AddParameter): Name = "ComponentLink2URL"; Value = "https://content.kemet.com/datasheets/KEM_C1003_C0G_SMD.pdf"; VariantName = "[No Variations]"
Add component (AddParameter): Name = "Device Class L1"; Value = "Passive Components"; VariantName = "[No Variations]"
Add component (AddParameter): Name = "Device Class L2"; Value = "Capacitors"; VariantName = "[No Variations]"
Add component (AddParameter): Name = "Device Class L3"; Value = "Ceramic Capacitors"; VariantName = "[No Variations]"
Add component (AddParameter): Name = "Digikey Description"; Value = "CAP CER 0.22UF 50V X7R 0805"; VariantName = "[No Variations]"
Add component (AddParameter): Name = "Height"; Value = "0.88mm"; VariantName = "[No Variations]"
Add component (AddParameter): Name = "Ipc Land Pattern Name"; Value = "CAPC200125X78"; VariantName = "[No Variations]"
Add component (AddParameter): Name = "Lead Free"; Value = "Yes"; VariantName = "[No Variations]"
Add component (AddParameter): Name = "Manufacturer"; Value = "KEMET"; VariantName = "[No Variations]"
Add component (AddParameter): Name = "Manufacturer Part Number"; Value = "C0805C224K5RACTU"; VariantName = "[No Variations]"
Add component (AddParameter): Name = "Material"; Value = "Ceramic"; VariantName = "[No Variations]"
Add component (AddParameter): Name = "Mouser Description"; Value = "CAP CER 0.22UF 50V X7R 0805"; VariantName = "[No Variations]"
Add component (AddParameter): Name = "Octopart"; Value = "https://octopart.com/c0805c224k5ractu-kemet-144670"; VariantName = "[No Variations]"
Add component (AddParameter): Name = "Package"; Value = "C0805C-DN"; VariantName = "[No Variations]"
Add component (AddParameter): Name = "RoHS"; Value = "TRUE"; VariantName = "[No Variations]"
Add component (AddParameter): Name = "Temperature"; Value = "-55°C to +125°C"; VariantName = "[No Variations]"
Add component (AddParameter): Name = "Temperature Characteristic"; Value = "X7R"; VariantName = "[No Variations]"
Add component (AddParameter): Name = "Temperature Coefficient"; Value = "30ppm/°C"; VariantName = "[No Variations]"
Add component (AddParameter): Name = "Temperature Range High"; Value = "+125°C"; VariantName = "[No Variations]"
Add component (AddParameter): Name = "Temperature Range Low"; Value = "-55°C"; VariantName = "[No Variations]"
Add component (AddParameter): Name = "Tolerance"; Value = "0.1"; VariantName = "[No Variations]"
Add component (AddParameter): Name = "Value"; Value = "0.22 ?F"; VariantName = "[No Variations]"
Add component (AddParameter): Name = "Voltage Rating"; Value = "50 V"; VariantName = "[No Variations]"
Added Component: Designator=C41(FP-GRM21B-0_1-IPC_C)
Add component (AddParameter): Name = "Capacitance"; Value = "10uF"; VariantName = "[No Variations]"
Add component (AddParameter): Name = "Case Code (Imperial)"; Value = "0805"; VariantName = "[No Variations]"
Add component (AddParameter): Name = "Case Code (Metric)"; Value = "2012"; VariantName = "[No Variations]"
Add component (AddParameter): Name = "Case/Package"; Value = "0805"; VariantName = "[No Variations]"
Add component (AddParameter): Name = "Depth"; Value = "1.25mm"; VariantName = "[No Variations]"
Add component (AddParameter): Name = "Dielectric"; Value = "X5R"; VariantName = "[No Variations]"
Add component (AddParameter): Name = "Height"; Value = "1.25mm"; VariantName = "[No Variations]"
Add component (AddParameter): Name = "Lead Free"; Value = "Lead Free"; VariantName = "[No Variations]"
Add component (AddParameter): Name = "Length"; Value = "2mm"; VariantName = "[No Variations]"
Add component (AddParameter): Name = "Material"; Value = "Ceramic"; VariantName = "[No Variations]"
Add component (AddParameter): Name = "Max Operating Temperature"; Value = "85°C"; VariantName = "[No Variations]"
Add component (AddParameter): Name = "Min Operating Temperature"; Value = "-55°C"; VariantName = "[No Variations]"
Add component (AddParameter): Name = "Mount"; Value = "Surface Mount"; VariantName = "[No Variations]"
Add component (AddParameter): Name = "Package Quantity"; Value = "1"; VariantName = "[No Variations]"
Add component (AddParameter): Name = "Packaging"; Value = "Tape and Reel"; VariantName = "[No Variations]"
Add component (AddParameter): Name = "Radiation Hardening"; Value = "No"; VariantName = "[No Variations]"
Add component (AddParameter): Name = "REACH SVHC"; Value = "No SVHC"; VariantName = "[No Variations]"
Add component (AddParameter): Name = "Termination"; Value = "SMD/SMT"; VariantName = "[No Variations]"
Add component (AddParameter): Name = "Thickness"; Value = "0.053inch"; VariantName = "[No Variations]"
Add component (AddParameter): Name = "Tolerance"; Value = "10%"; VariantName = "[No Variations]"
Add component (AddParameter): Name = "Voltage"; Value = "16V"; VariantName = "[No Variations]"
Add component (AddParameter): Name = "Voltage Rating"; Value = "16V"; VariantName = "[No Variations]"
Add component (AddParameter): Name = "Voltage Rating (DC)"; Value = "16V"; VariantName = "[No Variations]"
Add component (AddParameter): Name = "Width"; Value = "1.25mm"; VariantName = "[No Variations]"
Added Component: Designator=C42(FP-GRM21B-0_1-IPC_C)
Add component (AddParameter): Name = "Capacitance"; Value = "10uF"; VariantName = "[No Variations]"
Add component (AddParameter): Name = "Case Code (Imperial)"; Value = "0805"; VariantName = "[No Variations]"
Add component (AddParameter): Name = "Case Code (Metric)"; Value = "2012"; VariantName = "[No Variations]"
Add component (AddParameter): Name = "Case/Package"; Value = "0805"; VariantName = "[No Variations]"
Add component (AddParameter): Name = "Depth"; Value = "1.25mm"; VariantName = "[No Variations]"
Add component (AddParameter): Name = "Dielectric"; Value = "X5R"; VariantName = "[No Variations]"
Add component (AddParameter): Name = "Height"; Value = "1.25mm"; VariantName = "[No Variations]"
Add component (AddParameter): Name = "Lead Free"; Value = "Lead Free"; VariantName = "[No Variations]"
Add component (AddParameter): Name = "Length"; Value = "2mm"; VariantName = "[No Variations]"
Add component (AddParameter): Name = "Material"; Value = "Ceramic"; VariantName = "[No Variations]"
Add component (AddParameter): Name = "Max Operating Temperature"; Value = "85°C"; VariantName = "[No Variations]"
Add component (AddParameter): Name = "Min Operating Temperature"; Value = "-55°C"; VariantName = "[No Variations]"
Add component (AddParameter): Name = "Mount"; Value = "Surface Mount"; VariantName = "[No Variations]"
Add component (AddParameter): Name = "Package Quantity"; Value = "1"; VariantName = "[No Variations]"
Add component (AddParameter): Name = "Packaging"; Value = "Tape and Reel"; VariantName = "[No Variations]"
Add component (AddParameter): Name = "Radiation Hardening"; Value = "No"; VariantName = "[No Variations]"
Add component (AddParameter): Name = "REACH SVHC"; Value = "No SVHC"; VariantName = "[No Variations]"
Add component (AddParameter): Name = "Termination"; Value = "SMD/SMT"; VariantName = "[No Variations]"
Add component (AddParameter): Name = "Thickness"; Value = "0.053inch"; VariantName = "[No Variations]"
Add component (AddParameter): Name = "Tolerance"; Value = "10%"; VariantName = "[No Variations]"
Add component (AddParameter): Name = "Voltage"; Value = "16V"; VariantName = "[No Variations]"
Add component (AddParameter): Name = "Voltage Rating"; Value = "16V"; VariantName = "[No Variations]"
Add component (AddParameter): Name = "Voltage Rating (DC)"; Value = "16V"; VariantName = "[No Variations]"
Add component (AddParameter): Name = "Width"; Value = "1.25mm"; VariantName = "[No Variations]"
Added Component: Designator=J14(KLS8-M3)
Added Component: Designator=J16(DEGSON_DG25)
Added Component: Designator=J17(KLS8-M3)
Added Component: Designator=J18(KLS8-M3)
Added Component: Designator=J19(KLS8-M3)
Added Component: Designator=P14(61300511121)
Add component (AddParameter): Name = "Category"; Value = "Board-to-Board Connectors"; VariantName = "[No Variations]"
Add component (AddParameter): Name = "ComponentLink1Description"; Value = "Website Link"; VariantName = "[No Variations]"
Add component (AddParameter): Name = "ComponentLink1URL"; Value = "https://www.we-online.com/redexpert/article/61300511121?ad"; VariantName = "[No Variations]"
Add component (AddParameter): Name = "ComponentLink2Description"; Value = "Datasheet Link"; VariantName = "[No Variations]"
Add component (AddParameter): Name = "ComponentLink2URL"; Value = "https://www.we-online.com/redexpert/spec/61300511121?ad"; VariantName = "[No Variations]"
Add component (AddParameter): Name = "Contact Resistance"; Value = "20m?"; VariantName = "[No Variations]"
Add component (AddParameter): Name = "Gender"; Value = "Pin Header"; VariantName = "[No Variations]"
Add component (AddParameter): Name = "Manufacturer"; Value = "Wurth Elektronik"; VariantName = "[No Variations]"
Add component (AddParameter): Name = "Manufacturer Part Number"; Value = "61300511121"; VariantName = "[No Variations]"
Add component (AddParameter): Name = "Match Code"; Value = "WR-PHD"; VariantName = "[No Variations]"
Add component (AddParameter): Name = "Mount"; Value = "Through Hole"; VariantName = "[No Variations]"
Add component (AddParameter): Name = "Number of Pins"; Value = "5"; VariantName = "[No Variations]"
Add component (AddParameter): Name = "Number of Rows"; Value = "1"; VariantName = "[No Variations]"
Add component (AddParameter): Name = "Operating Temperature Max"; Value = "105°C"; VariantName = "[No Variations]"
Add component (AddParameter): Name = "Operating Temperature Min"; Value = "-40°C"; VariantName = "[No Variations]"
Add component (AddParameter): Name = "Orientation"; Value = "Vertical"; VariantName = "[No Variations]"
Add component (AddParameter): Name = "Packaging"; Value = "Bag"; VariantName = "[No Variations]"
Add component (AddParameter): Name = "Pitch"; Value = "2.54mm"; VariantName = "[No Variations]"
Add component (AddParameter): Name = "Rated Current"; Value = "3A"; VariantName = "[No Variations]"
Add component (AddParameter): Name = "Withstanding Voltage"; Value = "500V"; VariantName = "[No Variations]"
Add component (AddParameter): Name = "Working Voltage"; Value = "250V"; VariantName = "[No Variations]"
Added Component: Designator=R120(FP-CRCW0805-e3-IPC_B)
Add component (AddParameter): Name = "100k"; Value = ""; VariantName = "[No Variations]"
Added Component: Designator=U13(ACS758-100)
Added Pin To Net: NetName=NetC9_2 Pin=C24-1
Added Pin To Net: NetName=NetC7_2 Pin=C25-1
Added Pin To Net: NetName=GND Pin=C39-1
Added Pin To Net: NetName=GND Pin=C40-2
Added Pin To Net: NetName=NetC13_2 Pin=C41-1
Added Pin To Net: NetName=NetC14_2 Pin=C42-1
Added Pin To Net: NetName=GND Pin=D22-2
Added Pin To Net: NetName=GND Pin=J16-2
Added Pin To Net: NetName=GND Pin=J18-1
Added Pin To Net: NetName=GND Pin=J18-1
Added Pin To Net: NetName=GND Pin=J18-1
Added Pin To Net: NetName=GND Pin=J18-1
Added Pin To Net: NetName=GND Pin=J19-1
Added Pin To Net: NetName=GND Pin=J19-1
Added Pin To Net: NetName=GND Pin=J19-1
Added Pin To Net: NetName=GND Pin=J19-1
Added Pin To Net: NetName=GND Pin=P12-1
Added Pin To Net: NetName=+3V3 Pin=P12-4
Added Pin To Net: NetName=+5 Pin=P12-5
Added Pin To Net: NetName=GND Pin=P14-1
Added Pin To Net: NetName=NetP12_2 Pin=P14-2
Added Pin To Net: NetName=NetP12_3 Pin=P14-3
Added Pin To Net: NetName=+3V3 Pin=P14-4
Added Pin To Net: NetName=+5 Pin=P14-5
Added Pin To Net: NetName=GND Pin=R13-1
Added Pin To Net: NetName=GND Pin=R55-1
Added Pin To Net: NetName=GND Pin=R56-1
Added Pin To Net: NetName=NetD22_1 Pin=R57-1
Added Pin To Net: NetName=+3V3 Pin=R57-2
Added Pin To Net: NetName=NetC12_2 Pin=R58-2
Added Pin To Net: NetName=NetC11_2 Pin=R61-2
Added Pin To Net: NetName=NetC16_2 Pin=R62-2
Added Pin To Net: NetName=GND Pin=R79-1
Added Pin To Net: NetName=NetP12_2 Pin=U4-45
Added Pin To Net: NetName=NetP12_3 Pin=U4-46
Added Pin To Net: NetName=GND Pin=U13-2
Added Pin To Net: NetName=V_BAT Pin=U13-5
Added Pin To Net: NetName=+5V Pin=C2-2
Added Pin To Net: NetName=+5V Pin=C28-1
Added Pin To Net: NetName=+5V Pin=C40-1
Added Pin To Net: NetName=+5V Pin=J4-1
Added Pin To Net: NetName=+5V Pin=J6-2
Added Pin To Net: NetName=+5V Pin=J11-2
Added Pin To Net: NetName=+5V Pin=P2-3
Added Pin To Net: NetName=+5V Pin=P4-3
Added Pin To Net: NetName=+5V Pin=R5-2
Added Pin To Net: NetName=+5V Pin=RG1-3
Added Pin To Net: NetName=+5V Pin=U1-3
Added Pin To Net: NetName=+5V Pin=U3-8
Added Pin To Net: NetName=+5V Pin=U13-1
Added Net: Name=+5V
Added Pin To Net: NetName=NetC24_2 Pin=C24-2
Added Pin To Net: NetName=NetC24_2 Pin=R58-1
Added Net: Name=NetC24_2
Added Pin To Net: NetName=NetC25_2 Pin=C25-2
Added Pin To Net: NetName=NetC25_2 Pin=R61-1
Added Net: Name=NetC25_2
Added Pin To Net: NetName=NetC38_2 Pin=C38-2
Added Pin To Net: NetName=NetC38_2 Pin=C39-2
Added Pin To Net: NetName=NetC38_2 Pin=L3-2
Added Pin To Net: NetName=NetC38_2 Pin=U13-4
Added Net: Name=NetC38_2
Added Pin To Net: NetName=NetC41_2 Pin=C41-2
Added Pin To Net: NetName=NetC41_2 Pin=R120-1
Added Net: Name=NetC41_2
Added Pin To Net: NetName=NetC42_2 Pin=C42-2
Added Pin To Net: NetName=NetC42_2 Pin=R62-1
Added Net: Name=NetC42_2
Added Pin To Net: NetName=NetJ9_2 Pin=J9-2
Added Pin To Net: NetName=NetJ9_2 Pin=R120-2
Added Net: Name=NetJ9_2
Added Pin To Net: NetName=NetJ14_1 Pin=J14-1
Added Pin To Net: NetName=NetJ14_1 Pin=J14-1
Added Pin To Net: NetName=NetJ14_1 Pin=J14-1
Added Pin To Net: NetName=NetJ14_1 Pin=J14-1
Added Pin To Net: NetName=NetJ14_1 Pin=J16-1
Added Pin To Net: NetName=NetJ14_1 Pin=J17-1
Added Pin To Net: NetName=NetJ14_1 Pin=J17-1
Added Pin To Net: NetName=NetJ14_1 Pin=J17-1
Added Pin To Net: NetName=NetJ14_1 Pin=J17-1
Added Pin To Net: NetName=NetJ14_1 Pin=L2-1
Added Pin To Net: NetName=NetJ14_1 Pin=R53-2
Added Net: Name=NetJ14_1
Added Pin To Net: NetName=NetR53_1 Pin=R53-1
Added Pin To Net: NetName=NetR53_1 Pin=R55-2
Added Pin To Net: NetName=NetR53_1 Pin=TP4-1
Added Pin To Net: NetName=NetR53_1 Pin=U4-14
Added Net: Name=NetR53_1
Added Pin To Net: NetName=NetR54_1 Pin=R54-1
Added Pin To Net: NetName=NetR54_1 Pin=R56-2
Added Pin To Net: NetName=NetR54_1 Pin=TP5-1
Added Pin To Net: NetName=NetR54_1 Pin=U4-15
Added Net: Name=NetR54_1
Added Pin To Net: NetName=NetR54_2 Pin=R54-2
Added Pin To Net: NetName=NetR54_2 Pin=TP3-1
Added Pin To Net: NetName=NetR54_2 Pin=U13-3
Added Net: Name=NetR54_2
Added Pin To Net: NetName=V_PS Pin=C37-2
Added Pin To Net: NetName=V_PS Pin=J12-2
Added Pin To Net: NetName=V_PS Pin=L2-2
Added Pin To Net: NetName=V_PS Pin=L3-1
Added Net: Name=V_PS
Added Member To Class: ClassName=Sheet1 Member=Component C39 1500uF_100V
Added Member To Class: ClassName=Sheet1 Member=Component C40 C0805C224K5RACTU
Added Member To Class: ClassName=Sheet1 Member=Component C41 GRM21BR61C106KE15L
Added Member To Class: ClassName=Sheet1 Member=Component C42 GRM21BR61C106KE15L
Added Member To Class: ClassName=Sheet1 Member=Component J14 KLS8-M3
Added Member To Class: ClassName=Sheet1 Member=Component J16 DEGSON
Added Member To Class: ClassName=Sheet1 Member=Component J17 KLS8-M3
Added Member To Class: ClassName=Sheet1 Member=Component J18 KLS8-M3
Added Member To Class: ClassName=Sheet1 Member=Component J19 KLS8-M3
Added Member To Class: ClassName=Sheet1 Member=Component P14 61300511121
Added Member To Class: ClassName=Sheet1 Member=Component R120 10
Added Member To Class: ClassName=Sheet1 Member=Component U13 ACS758
