Removed Pin From Net: NetName=GND Pin=U?-2
Removed Pin From Net: NetName=NetC?_1 Pin=U?-3
Removed Pin From Net: NetName=+3V3 Pin=U?-5
Added Component: Designator=U?(FP-C04-091-OT-MFG)
Added Pin To Net: NetName=+3V3 Pin=C?-1
Added Pin To Net: NetName=GND Pin=C?-2
Added Pin To Net: NetName=GND Pin=R13-1
Added Pin To Net: NetName=GND Pin=R79-1
Added Pin To Net: NetName=GND Pin=U?-2
Added Pin To Net: NetName=NetC?_1 Pin=U?-3
Added Pin To Net: NetName=+3V3 Pin=U?-5
Added Member To Class: ClassName=Sheet1 Member=Component C? ECA-1JHG222
Added Member To Class: ClassName=Sheet1 Member=Component C? C0805C224K5RACTU
Added Member To Class: ClassName=Sheet1 Member=Component C? 0.22uF
Added Member To Class: ClassName=Sheet1 Member=Component C? 0.22uF
Added Member To Class: ClassName=Sheet1 Member=Component C? 0.22uF
Added Member To Class: ClassName=Sheet1 Member=Component C? 1500uF_100V
Added Member To Class: ClassName=Sheet1 Member=Component R? 10K
Added Member To Class: ClassName=Sheet1 Member=Component TP? Test_Point_PCB
Added Member To Class: ClassName=Sheet1 Member=Component U? MCP6001T-I/LT
Added Member To Class: ClassName=Sheet1 Member=Component U? MCP6001T-I/LT
Added Member To Class: ClassName=Sheet1 Member=Component U? MCP6001T-I/LT
Added Member To Class: ClassName=Sheet1 Member=Component U? MCP6001T-I/LT
