Added Component: Designator=BT1(CR2032_BAT)
Added Component: Designator=C2(FP-SF-MFG)
Added Component: Designator=C3(FP-SF-MFG)
Added Component: Designator=C4(1500uF_100V)
Added Component: Designator=C37(PCAP_18x355_PAN)
Add component (AddParameter): Name = "Copyright"; Value = "Copyright (C) 2022 Ultra Librarian. All rights reserved."; VariantName = "[No Variations]"
Add component (AddParameter): Name = "Manufacturer_Part_Number"; Value = "ECA-1JHG222"; VariantName = "[No Variations]"
Add component (AddParameter): Name = "Mfr_Name"; Value = "Panasonic"; VariantName = "[No Variations]"
Add component (AddParameter): Name = "RefDes"; Value = "RefDes"; VariantName = "[No Variations]"
Add component (AddParameter): Name = "Type"; Value = "DEV"; VariantName = "[No Variations]"
Added Component: Designator=C38(1500uF_100V)
Added Component: Designator=C39(1500uF_100V)
Added Component: Designator=C40(FP-C0805C-DN-MFG)
Added Component: Designator=C41(FP-GRM21B-0_1-IPC_C)
Added Component: Designator=C42(FP-GRM21B-0_1-IPC_C)
Added Component: Designator=C43(FP-C0805C-DN-MFG)
Added Component: Designator=C44(FP-C0805C-DN-MFG)
Added Component: Designator=C46(FP-C0805C-DN-MFG)
Added Component: Designator=C47(FP-C0805C-DN-MFG)
Added Component: Designator=CR1(DO-201AD_STM)
Add component (AddParameter): Name = "Copyright"; Value = "Copyright (C) 2022 Ultra Librarian. All rights reserved."; VariantName = "[No Variations]"
Add component (AddParameter): Name = "Manufacturer_Part_Number"; Value = "1N5822RL"; VariantName = "[No Variations]"
Add component (AddParameter): Name = "Mfr_Name"; Value = "STMicroelectronics"; VariantName = "[No Variations]"
Add component (AddParameter): Name = "RefDes"; Value = "RefDes"; VariantName = "[No Variations]"
Add component (AddParameter): Name = "Type"; Value = "DEV"; VariantName = "[No Variations]"
Added Component: Designator=CR2(DO-201AD_STM)
Add component (AddParameter): Name = "Copyright"; Value = "Copyright (C) 2022 Ultra Librarian. All rights reserved."; VariantName = "[No Variations]"
Add component (AddParameter): Name = "Manufacturer_Part_Number"; Value = "1N5822RL"; VariantName = "[No Variations]"
Add component (AddParameter): Name = "Mfr_Name"; Value = "STMicroelectronics"; VariantName = "[No Variations]"
Add component (AddParameter): Name = "RefDes"; Value = "RefDes"; VariantName = "[No Variations]"
Add component (AddParameter): Name = "Type"; Value = "DEV"; VariantName = "[No Variations]"
Added Component: Designator=J1(691101710002)
Add component (AddParameter): Name = "Application"; Value = "Pressure Clamp"; VariantName = "[No Variations]"
Add component (AddParameter): Name = "Category"; Value = "Terminal Blocks"; VariantName = "[No Variations]"
Add component (AddParameter): Name = "ComponentLink1Description"; Value = "Website Link"; VariantName = "[No Variations]"
Add component (AddParameter): Name = "ComponentLink1URL"; Value = "https://www.we-online.com/redexpert/article/691101710002?ad"; VariantName = "[No Variations]"
Add component (AddParameter): Name = "ComponentLink2Description"; Value = "Datasheet Link"; VariantName = "[No Variations]"
Add component (AddParameter): Name = "ComponentLink2URL"; Value = "https://www.we-online.com/redexpert/spec/691101710002?ad"; VariantName = "[No Variations]"
Add component (AddParameter): Name = "Manufacturer"; Value = "Wurth Elektronik"; VariantName = "[No Variations]"
Add component (AddParameter): Name = "Manufacturer Part Number"; Value = "691101710002"; VariantName = "[No Variations]"
Add component (AddParameter): Name = "Match Code"; Value = "WR-TBL"; VariantName = "[No Variations]"
Add component (AddParameter): Name = "Modularity"; Value = "Yes"; VariantName = "[No Variations]"
Add component (AddParameter): Name = "Mount"; Value = "Through Hole"; VariantName = "[No Variations]"
Add component (AddParameter): Name = "Number of Pins"; Value = "2"; VariantName = "[No Variations]"
Add component (AddParameter): Name = "Number of Rows"; Value = "1"; VariantName = "[No Variations]"
Add component (AddParameter): Name = "Operating Temperature Max"; Value = "105°C"; VariantName = "[No Variations]"
Add component (AddParameter): Name = "Operating Temperature Min"; Value = "-40°C"; VariantName = "[No Variations]"
Add component (AddParameter): Name = "Orientation"; Value = "Horizontal"; VariantName = "[No Variations]"
Add component (AddParameter): Name = "Packaging"; Value = "Box"; VariantName = "[No Variations]"
Add component (AddParameter): Name = "Pitch"; Value = "5mm"; VariantName = "[No Variations]"
Add component (AddParameter): Name = "Rated Current"; Value = "16A"; VariantName = "[No Variations]"
Add component (AddParameter): Name = "Working Voltage"; Value = "250V"; VariantName = "[No Variations]"
Added Component: Designator=J2(691101710002)
Add component (AddParameter): Name = "Application"; Value = "Pressure Clamp"; VariantName = "[No Variations]"
Add component (AddParameter): Name = "Category"; Value = "Terminal Blocks"; VariantName = "[No Variations]"
Add component (AddParameter): Name = "ComponentLink1Description"; Value = "Website Link"; VariantName = "[No Variations]"
Add component (AddParameter): Name = "ComponentLink1URL"; Value = "https://www.we-online.com/redexpert/article/691101710002?ad"; VariantName = "[No Variations]"
Add component (AddParameter): Name = "ComponentLink2Description"; Value = "Datasheet Link"; VariantName = "[No Variations]"
Add component (AddParameter): Name = "ComponentLink2URL"; Value = "https://www.we-online.com/redexpert/spec/691101710002?ad"; VariantName = "[No Variations]"
Add component (AddParameter): Name = "Manufacturer"; Value = "Wurth Elektronik"; VariantName = "[No Variations]"
Add component (AddParameter): Name = "Manufacturer Part Number"; Value = "691101710002"; VariantName = "[No Variations]"
Add component (AddParameter): Name = "Match Code"; Value = "WR-TBL"; VariantName = "[No Variations]"
Add component (AddParameter): Name = "Modularity"; Value = "Yes"; VariantName = "[No Variations]"
Add component (AddParameter): Name = "Mount"; Value = "Through Hole"; VariantName = "[No Variations]"
Add component (AddParameter): Name = "Number of Pins"; Value = "2"; VariantName = "[No Variations]"
Add component (AddParameter): Name = "Number of Rows"; Value = "1"; VariantName = "[No Variations]"
Add component (AddParameter): Name = "Operating Temperature Max"; Value = "105°C"; VariantName = "[No Variations]"
Add component (AddParameter): Name = "Operating Temperature Min"; Value = "-40°C"; VariantName = "[No Variations]"
Add component (AddParameter): Name = "Orientation"; Value = "Horizontal"; VariantName = "[No Variations]"
Add component (AddParameter): Name = "Packaging"; Value = "Box"; VariantName = "[No Variations]"
Add component (AddParameter): Name = "Pitch"; Value = "5mm"; VariantName = "[No Variations]"
Add component (AddParameter): Name = "Rated Current"; Value = "16A"; VariantName = "[No Variations]"
Add component (AddParameter): Name = "Working Voltage"; Value = "250V"; VariantName = "[No Variations]"
Added Component: Designator=J3(DEGSON_DG25)
Added Component: Designator=J4(691101710002)
Add component (AddParameter): Name = "Application"; Value = "Pressure Clamp"; VariantName = "[No Variations]"
Add component (AddParameter): Name = "Category"; Value = "Terminal Blocks"; VariantName = "[No Variations]"
Add component (AddParameter): Name = "ComponentLink1Description"; Value = "Website Link"; VariantName = "[No Variations]"
Add component (AddParameter): Name = "ComponentLink1URL"; Value = "https://www.we-online.com/redexpert/article/691101710002?ad"; VariantName = "[No Variations]"
Add component (AddParameter): Name = "ComponentLink2Description"; Value = "Datasheet Link"; VariantName = "[No Variations]"
Add component (AddParameter): Name = "ComponentLink2URL"; Value = "https://www.we-online.com/redexpert/spec/691101710002?ad"; VariantName = "[No Variations]"
Add component (AddParameter): Name = "Manufacturer"; Value = "Wurth Elektronik"; VariantName = "[No Variations]"
Add component (AddParameter): Name = "Manufacturer Part Number"; Value = "691101710002"; VariantName = "[No Variations]"
Add component (AddParameter): Name = "Match Code"; Value = "WR-TBL"; VariantName = "[No Variations]"
Add component (AddParameter): Name = "Modularity"; Value = "Yes"; VariantName = "[No Variations]"
Add component (AddParameter): Name = "Mount"; Value = "Through Hole"; VariantName = "[No Variations]"
Add component (AddParameter): Name = "Number of Pins"; Value = "2"; VariantName = "[No Variations]"
Add component (AddParameter): Name = "Number of Rows"; Value = "1"; VariantName = "[No Variations]"
Add component (AddParameter): Name = "Operating Temperature Max"; Value = "105°C"; VariantName = "[No Variations]"
Add component (AddParameter): Name = "Operating Temperature Min"; Value = "-40°C"; VariantName = "[No Variations]"
Add component (AddParameter): Name = "Orientation"; Value = "Horizontal"; VariantName = "[No Variations]"
Add component (AddParameter): Name = "Packaging"; Value = "Box"; VariantName = "[No Variations]"
Add component (AddParameter): Name = "Pitch"; Value = "5mm"; VariantName = "[No Variations]"
Add component (AddParameter): Name = "Rated Current"; Value = "16A"; VariantName = "[No Variations]"
Add component (AddParameter): Name = "Working Voltage"; Value = "250V"; VariantName = "[No Variations]"
Added Component: Designator=J6(Sullins_SWR25X-NRTC-S06-ST-BA_MFG)
Added Component: Designator=J7(Sullins_SWR25X-NRTC-S06-ST-BA_MFG)
Added Component: Designator=J8(DEGSON_DG25)
Added Component: Designator=J9(DEGSON_DG25)
Added Component: Designator=J10(DEGSON_DG25)
Added Component: Designator=J11(Sullins_SWR25X-NRTC-S06-ST-BA_MFG)
Added Component: Designator=J12(Jumper_2.54)
Added Component: Designator=J14(KLS8-M3)
Added Component: Designator=J16(DEGSON_DG25)
Added Component: Designator=J17(KLS8-M3)
Added Component: Designator=J18(KLS8-M3)
Added Component: Designator=J19(KLS8-M3)
Added Component: Designator=L2(Coil_drosel)
Added Component: Designator=L3(Coil_drosel)
Added Component: Designator=P1(SMTC-TSW-104-08-X-S)
Added Component: Designator=P2(61900311121)
Add component (AddParameter): Name = "ComponentLink1Description"; Value = "Manufacturer"; VariantName = "[No Variations]"
Add component (AddParameter): Name = "ComponentLink1URL"; Value = "http://www.we-online.de"; VariantName = "[No Variations]"
Add component (AddParameter): Name = "ComponentLink2Description"; Value = "Datasheet"; VariantName = "[No Variations]"
Add component (AddParameter): Name = "ComponentLink2URL"; Value = "https://www.we-online.com/catalog/datasheet/61900311121.pdf"; VariantName = "[No Variations]"
Add component (AddParameter): Name = "Contact Resistance"; Value = "20mOhm"; VariantName = "[No Variations]"
Add component (AddParameter): Name = "Gender"; Value = "Male"; VariantName = "[No Variations]"
Add component (AddParameter): Name = "Mounting Technology"; Value = "THT"; VariantName = "[No Variations]"
Add component (AddParameter): Name = "Operating Temperature"; Value = "-40 to +105degC"; VariantName = "[No Variations]"
Add component (AddParameter): Name = "Packaging"; Value = "Bag"; VariantName = "[No Variations]"
Add component (AddParameter): Name = "Part Number"; Value = "61900311121"; VariantName = "[No Variations]"
Add component (AddParameter): Name = "Pin Number"; Value = "3"; VariantName = "[No Variations]"
Add component (AddParameter): Name = "Pitch"; Value = "2.54mm"; VariantName = "[No Variations]"
Add component (AddParameter): Name = "Published Date"; Value = "January 2020"; VariantName = "[No Variations]"
Add component (AddParameter): Name = "Publisher"; Value = "Wurth Elektronik"; VariantName = "[No Variations]"
Add component (AddParameter): Name = "Rated Current"; Value = "3A"; VariantName = "[No Variations]"
Add component (AddParameter): Name = "Type"; Value = "Vertical"; VariantName = "[No Variations]"
Add component (AddParameter): Name = "Withstanding Voltage"; Value = "1000VAC"; VariantName = "[No Variations]"
Add component (AddParameter): Name = "Working Voltage"; Value = "250VAC"; VariantName = "[No Variations]"
Added Component: Designator=P12(61300511121)
Add component (AddParameter): Name = "Category"; Value = "Board-to-Board Connectors"; VariantName = "[No Variations]"
Add component (AddParameter): Name = "ComponentLink1Description"; Value = "Website Link"; VariantName = "[No Variations]"
Add component (AddParameter): Name = "ComponentLink1URL"; Value = "https://www.we-online.com/redexpert/article/61300511121?ad"; VariantName = "[No Variations]"
Add component (AddParameter): Name = "ComponentLink2Description"; Value = "Datasheet Link"; VariantName = "[No Variations]"
Add component (AddParameter): Name = "ComponentLink2URL"; Value = "https://www.we-online.com/redexpert/spec/61300511121?ad"; VariantName = "[No Variations]"
Add component (AddParameter): Name = "Contact Resistance"; Value = "20m?"; VariantName = "[No Variations]"
Add component (AddParameter): Name = "Gender"; Value = "Pin Header"; VariantName = "[No Variations]"
Add component (AddParameter): Name = "Manufacturer"; Value = "Wurth Elektronik"; VariantName = "[No Variations]"
Add component (AddParameter): Name = "Manufacturer Part Number"; Value = "61300511121"; VariantName = "[No Variations]"
Add component (AddParameter): Name = "Match Code"; Value = "WR-PHD"; VariantName = "[No Variations]"
Add component (AddParameter): Name = "Mount"; Value = "Through Hole"; VariantName = "[No Variations]"
Add component (AddParameter): Name = "Number of Pins"; Value = "5"; VariantName = "[No Variations]"
Add component (AddParameter): Name = "Number of Rows"; Value = "1"; VariantName = "[No Variations]"
Add component (AddParameter): Name = "Operating Temperature Max"; Value = "105°C"; VariantName = "[No Variations]"
Add component (AddParameter): Name = "Operating Temperature Min"; Value = "-40°C"; VariantName = "[No Variations]"
Add component (AddParameter): Name = "Orientation"; Value = "Vertical"; VariantName = "[No Variations]"
Add component (AddParameter): Name = "Packaging"; Value = "Bag"; VariantName = "[No Variations]"
Add component (AddParameter): Name = "Pitch"; Value = "2.54mm"; VariantName = "[No Variations]"
Add component (AddParameter): Name = "Rated Current"; Value = "3A"; VariantName = "[No Variations]"
Add component (AddParameter): Name = "Withstanding Voltage"; Value = "500V"; VariantName = "[No Variations]"
Add component (AddParameter): Name = "Working Voltage"; Value = "250V"; VariantName = "[No Variations]"
Added Component: Designator=P13(61300511121)
Add component (AddParameter): Name = "Category"; Value = "Board-to-Board Connectors"; VariantName = "[No Variations]"
Add component (AddParameter): Name = "ComponentLink1Description"; Value = "Website Link"; VariantName = "[No Variations]"
Add component (AddParameter): Name = "ComponentLink1URL"; Value = "https://www.we-online.com/redexpert/article/61300511121?ad"; VariantName = "[No Variations]"
Add component (AddParameter): Name = "ComponentLink2Description"; Value = "Datasheet Link"; VariantName = "[No Variations]"
Add component (AddParameter): Name = "ComponentLink2URL"; Value = "https://www.we-online.com/redexpert/spec/61300511121?ad"; VariantName = "[No Variations]"
Add component (AddParameter): Name = "Contact Resistance"; Value = "20m?"; VariantName = "[No Variations]"
Add component (AddParameter): Name = "Gender"; Value = "Pin Header"; VariantName = "[No Variations]"
Add component (AddParameter): Name = "Manufacturer"; Value = "Wurth Elektronik"; VariantName = "[No Variations]"
Add component (AddParameter): Name = "Manufacturer Part Number"; Value = "61300511121"; VariantName = "[No Variations]"
Add component (AddParameter): Name = "Match Code"; Value = "WR-PHD"; VariantName = "[No Variations]"
Add component (AddParameter): Name = "Mount"; Value = "Through Hole"; VariantName = "[No Variations]"
Add component (AddParameter): Name = "Number of Pins"; Value = "5"; VariantName = "[No Variations]"
Add component (AddParameter): Name = "Number of Rows"; Value = "1"; VariantName = "[No Variations]"
Add component (AddParameter): Name = "Operating Temperature Max"; Value = "105°C"; VariantName = "[No Variations]"
Add component (AddParameter): Name = "Operating Temperature Min"; Value = "-40°C"; VariantName = "[No Variations]"
Add component (AddParameter): Name = "Orientation"; Value = "Vertical"; VariantName = "[No Variations]"
Add component (AddParameter): Name = "Packaging"; Value = "Bag"; VariantName = "[No Variations]"
Add component (AddParameter): Name = "Pitch"; Value = "2.54mm"; VariantName = "[No Variations]"
Add component (AddParameter): Name = "Rated Current"; Value = "3A"; VariantName = "[No Variations]"
Add component (AddParameter): Name = "Withstanding Voltage"; Value = "500V"; VariantName = "[No Variations]"
Add component (AddParameter): Name = "Working Voltage"; Value = "250V"; VariantName = "[No Variations]"
Added Component: Designator=P14(61300511121)
Add component (AddParameter): Name = "Category"; Value = "Board-to-Board Connectors"; VariantName = "[No Variations]"
Add component (AddParameter): Name = "ComponentLink1Description"; Value = "Website Link"; VariantName = "[No Variations]"
Add component (AddParameter): Name = "ComponentLink1URL"; Value = "https://www.we-online.com/redexpert/article/61300511121?ad"; VariantName = "[No Variations]"
Add component (AddParameter): Name = "ComponentLink2Description"; Value = "Datasheet Link"; VariantName = "[No Variations]"
Add component (AddParameter): Name = "ComponentLink2URL"; Value = "https://www.we-online.com/redexpert/spec/61300511121?ad"; VariantName = "[No Variations]"
Add component (AddParameter): Name = "Contact Resistance"; Value = "20m?"; VariantName = "[No Variations]"
Add component (AddParameter): Name = "Gender"; Value = "Pin Header"; VariantName = "[No Variations]"
Add component (AddParameter): Name = "Manufacturer"; Value = "Wurth Elektronik"; VariantName = "[No Variations]"
Add component (AddParameter): Name = "Manufacturer Part Number"; Value = "61300511121"; VariantName = "[No Variations]"
Add component (AddParameter): Name = "Match Code"; Value = "WR-PHD"; VariantName = "[No Variations]"
Add component (AddParameter): Name = "Mount"; Value = "Through Hole"; VariantName = "[No Variations]"
Add component (AddParameter): Name = "Number of Pins"; Value = "5"; VariantName = "[No Variations]"
Add component (AddParameter): Name = "Number of Rows"; Value = "1"; VariantName = "[No Variations]"
Add component (AddParameter): Name = "Operating Temperature Max"; Value = "105°C"; VariantName = "[No Variations]"
Add component (AddParameter): Name = "Operating Temperature Min"; Value = "-40°C"; VariantName = "[No Variations]"
Add component (AddParameter): Name = "Orientation"; Value = "Vertical"; VariantName = "[No Variations]"
Add component (AddParameter): Name = "Packaging"; Value = "Bag"; VariantName = "[No Variations]"
Add component (AddParameter): Name = "Pitch"; Value = "2.54mm"; VariantName = "[No Variations]"
Add component (AddParameter): Name = "Rated Current"; Value = "3A"; VariantName = "[No Variations]"
Add component (AddParameter): Name = "Withstanding Voltage"; Value = "500V"; VariantName = "[No Variations]"
Add component (AddParameter): Name = "Working Voltage"; Value = "250V"; VariantName = "[No Variations]"
Added Component: Designator=R29(FP-SQP500-MFG)
Added Component: Designator=R32(FP-SQP500-MFG)
Added Component: Designator=R63(FP-SQP500-MFG)
Added Component: Designator=R64(FP-SQP500-MFG)
Added Component: Designator=R66(FP-SQP500-MFG)
Added Component: Designator=R67(FP-SQP500-MFG)
Added Component: Designator=R69(Yageo_RC0805_IPC_C)
Added Component: Designator=R70(Yageo_RC0805_IPC_C)
Added Component: Designator=R107(FP-SQP500-MFG)
Added Component: Designator=R109(FP-SQP500-MFG)
Added Component: Designator=R119(Yageo_RC0805_IPC_A)
Added Component: Designator=R120(FP-CRCW0805-e3-IPC_B)
Add component (AddParameter): Name = "100k"; Value = ""; VariantName = "[No Variations]"
Added Component: Designator=RG1(TO-220(bend_rad))
Add component (AddParameter): Name = "ComponentLink1Description"; Value = "Upverter"; VariantName = "[No Variations]"
Add component (AddParameter): Name = "ComponentLink1URL"; Value = "https://upverter.com/upn/revision/b27a7358b7dd93a3/"; VariantName = "[No Variations]"
Add component (AddParameter): Name = "ComponentLink2Description"; Value = "Datasheet"; VariantName = "[No Variations]"
Add component (AddParameter): Name = "ComponentLink2URL"; Value = "https://www.fairchildsemi.com/datasheets/LM/LM7805.pdf"; VariantName = "[No Variations]"
Add component (AddParameter): Name = "Current-Output"; Value = "1A"; VariantName = "[No Variations]"
Add component (AddParameter): Name = "Digikey Description"; Value = "REG IC REG LINEAR 5V 1A TO220AB"; VariantName = "[No Variations]"
Add component (AddParameter): Name = "Digikey Part Number"; Value = "LM7805CT-ND"; VariantName = "[No Variations]"
Add component (AddParameter): Name = "helpURL"; Value = "https://upverter.com/upn/revision/b27a7358b7dd93a3/"; VariantName = "[No Variations]"
Add component (AddParameter): Name = "Ipc Land Pattern Name"; Value = "TO-220"; VariantName = "[No Variations]"
Add component (AddParameter): Name = "Lead Free"; Value = "yes"; VariantName = "[No Variations]"
Add component (AddParameter): Name = "Manufacturer"; Value = "Fairchild"; VariantName = "[No Variations]"
Add component (AddParameter): Name = "Mouser Part Number"; Value = "512-LM7805CT"; VariantName = "[No Variations]"
Add component (AddParameter): Name = "Package"; Value = "TO220"; VariantName = "[No Variations]"
Add component (AddParameter): Name = "Part Number"; Value = "LM7805CT"; VariantName = "[No Variations]"
Add component (AddParameter): Name = "Price"; Value = "0.384521982769"; VariantName = "[No Variations]"
Add component (AddParameter): Name = "RoHS"; Value = "TRUE"; VariantName = "[No Variations]"
Add component (AddParameter): Name = "Supplier 1"; Value = "Digi-Key"; VariantName = "[No Variations]"
Add component (AddParameter): Name = "Supplier 2"; Value = "Mouser"; VariantName = "[No Variations]"
Add component (AddParameter): Name = "Supplier Part Number 1"; Value = "LM7805CT-ND"; VariantName = "[No Variations]"
Add component (AddParameter): Name = "Supplier Part Number 2"; Value = "512-LM7805CT"; VariantName = "[No Variations]"
Add component (AddParameter): Name = "Temperature"; Value = "-40°C to +125°C"; VariantName = "[No Variations]"
Add component (AddParameter): Name = "Temperature Range High"; Value = "+125°C"; VariantName = "[No Variations]"
Add component (AddParameter): Name = "Temperature Range Low"; Value = "-40°C"; VariantName = "[No Variations]"
Add component (AddParameter): Name = "Voltage - Input (Max)"; Value = "35V"; VariantName = "[No Variations]"
Add component (AddParameter): Name = "Voltage - Output"; Value = "5V"; VariantName = "[No Variations]"
Add component (AddParameter): Name = "Voltage Dropout (Max)"; Value = "2V @ 1A (Typ)"; VariantName = "[No Variations]"
Added Component: Designator=RP1(Bourns_3296W_MFG)
Added Component: Designator=RP6(Bourns_3296W_MFG)
Added Component: Designator=RP7(Bourns_3296W_MFG)
Added Component: Designator=RP8(Bourns_3296W_MFG)
Added Component: Designator=RP9(Bourns_3296W_MFG)
Added Component: Designator=SW1(SW4_FSM-5P23_TEC)
Add component (AddParameter): Name = "Copyright"; Value = "Copyright (C) 2022 Ultra Librarian. All rights reserved."; VariantName = "[No Variations]"
Add component (AddParameter): Name = "Manufacturer_Part_Number"; Value = "4-1437565-2"; VariantName = "[No Variations]"
Add component (AddParameter): Name = "Mfr_Name"; Value = "TE Connectivity"; VariantName = "[No Variations]"
Add component (AddParameter): Name = "RefDes"; Value = "RefDes"; VariantName = "[No Variations]"
Add component (AddParameter): Name = "Type"; Value = "DEV"; VariantName = "[No Variations]"
Added Component: Designator=SW2(SW4_FSM-5P23_TEC)
Add component (AddParameter): Name = "Copyright"; Value = "Copyright (C) 2022 Ultra Librarian. All rights reserved."; VariantName = "[No Variations]"
Add component (AddParameter): Name = "Manufacturer_Part_Number"; Value = "4-1437565-2"; VariantName = "[No Variations]"
Add component (AddParameter): Name = "Mfr_Name"; Value = "TE Connectivity"; VariantName = "[No Variations]"
Add component (AddParameter): Name = "RefDes"; Value = "RefDes"; VariantName = "[No Variations]"
Add component (AddParameter): Name = "Type"; Value = "DEV"; VariantName = "[No Variations]"
Added Component: Designator=SW3(SW4_FSM-5P23_TEC)
Add component (AddParameter): Name = "Copyright"; Value = "Copyright (C) 2022 Ultra Librarian. All rights reserved."; VariantName = "[No Variations]"
Add component (AddParameter): Name = "Manufacturer_Part_Number"; Value = "4-1437565-2"; VariantName = "[No Variations]"
Add component (AddParameter): Name = "Mfr_Name"; Value = "TE Connectivity"; VariantName = "[No Variations]"
Add component (AddParameter): Name = "RefDes"; Value = "RefDes"; VariantName = "[No Variations]"
Add component (AddParameter): Name = "Type"; Value = "DEV"; VariantName = "[No Variations]"
Added Component: Designator=TP1(Test_Point)
Added Component: Designator=TP2(Test_Point)
Added Component: Designator=TP3(Test_Point)
Added Component: Designator=TP4(Test_Point)
Added Component: Designator=TP5(Test_Point)
Added Component: Designator=TP6(Test_Point)
Added Component: Designator=TP7(Test_Point)
Added Component: Designator=TP13(Test_Point)
Added Component: Designator=TP14(Test_Point)
Added Component: Designator=TP15(Test_Point)
Added Component: Designator=TP16(Test_Point)
Added Component: Designator=TP17(Test_Point)
Added Component: Designator=TP18(Test_Point)
Added Component: Designator=TP19(Test_Point)
Added Component: Designator=TP20(Test_Point)
Added Component: Designator=TP21(Test_Point)
Added Component: Designator=TP22(Test_Point)
Added Component: Designator=TP23(Test_Point)
Added Component: Designator=TP24(Test_Point)
Added Component: Designator=TP25(Test_Point)
Added Component: Designator=TP26(Test_Point)
Added Component: Designator=TP27(Test_Point)
Added Component: Designator=TP28(Test_Point)
Added Component: Designator=TP29(Test_Point)
Added Component: Designator=TP30(Test_Point)
Added Component: Designator=TP31(Test_Point)
Added Component: Designator=TP32(Test_Point)
Added Component: Designator=TP33(Test_Point)
Added Component: Designator=TP34(Test_Point)
Added Component: Designator=TP35(Test_Point)
Added Component: Designator=TP36(Test_Point)
Added Component: Designator=TP37(Test_Point)
Added Component: Designator=TP38(Test_Point)
Added Component: Designator=TP39(Test_Point)
Added Component: Designator=TP40(Test_Point)
Added Component: Designator=TP41(Test_Point)
Added Component: Designator=TP42(Test_Point)
Added Component: Designator=TP43(Test_Point)
Added Component: Designator=TP44(Test_Point)
Added Component: Designator=TP45(Test_Point)
Added Component: Designator=TP46(Test_Point)
Added Component: Designator=TP47(Test_Point)
Added Component: Designator=TP48(Test_Point)
Added Component: Designator=TP49(Test_Point)
Added Component: Designator=TP50(Test_Point)
Added Component: Designator=TP51(Test_Point)
Added Component: Designator=TP52(Test_Point)
Added Component: Designator=TP53(Test_Point)
Added Component: Designator=TP54(Test_Point)
Added Component: Designator=TP55(Test_Point)
Added Component: Designator=TP56(Test_Point)
Added Component: Designator=TP57(Test_Point)
Added Component: Designator=TP58(Test_Point)
Added Component: Designator=TP59(Test_Point)
Added Component: Designator=TP60(Test_Point)
Added Component: Designator=TP61(Test_Point)
Added Component: Designator=TP62(Test_Point)
Added Component: Designator=TP63(Test_Point)
Added Component: Designator=TP64(Test_Point)
Added Component: Designator=TP65(Test_Point)
Added Component: Designator=TP66(Test_Point)
Added Component: Designator=TP67(Test_Point)
Added Component: Designator=TP68(Test_Point)
Added Component: Designator=TP69(Test_Point)
Added Component: Designator=TP70(Test_Point)
Added Component: Designator=U13(ACS758-100)
Added Component: Designator=U14(SC70-LT5_N)
Added Component: Designator=U15(SC70-LT5_M)
Added Component: Designator=U16(SC70-LT5_M)
Added Component: Designator=U17(SC70-LT5_M)
Added Component: Designator=U18(FP-C04-091-OT-MFG)
Added Component: Designator=VT1(TO-220(bend2))
Add component (AddParameter): Name = "ChannelType"; Value = "N-канальный"; VariantName = "[No Variations]"
Add component (AddParameter): Name = "ComponentDescription"; Value = "Транзистор МОП, одиночный, N-канальный, IRF3205, TO-220(bend2)"; VariantName = "[No Variations]"
Add component (AddParameter): Name = "ComponentType"; Value = "Транзистор МОП, одиночный"; VariantName = "[No Variations]"
Add component (AddParameter): Name = "Package"; Value = "TO-220(bend2)"; VariantName = "[No Variations]"
Added Component: Designator=VT2(TO-220(bend2))
Add component (AddParameter): Name = "ChannelType"; Value = "N-канальный"; VariantName = "[No Variations]"
Add component (AddParameter): Name = "ComponentDescription"; Value = "Транзистор МОП, одиночный, N-канальный, IRF3205, TO-220(bend2)"; VariantName = "[No Variations]"
Add component (AddParameter): Name = "ComponentType"; Value = "Транзистор МОП, одиночный"; VariantName = "[No Variations]"
Add component (AddParameter): Name = "Package"; Value = "TO-220(bend2)"; VariantName = "[No Variations]"
Added Component: Designator=VT3(TO-220(bend2))
Add component (AddParameter): Name = "ChannelType"; Value = "N-канальный"; VariantName = "[No Variations]"
Add component (AddParameter): Name = "ComponentDescription"; Value = "Транзистор МОП, одиночный, N-канальный, IRF3205, TO-220(bend2)"; VariantName = "[No Variations]"
Add component (AddParameter): Name = "ComponentType"; Value = "Транзистор МОП, одиночный"; VariantName = "[No Variations]"
Add component (AddParameter): Name = "Package"; Value = "TO-220(bend2)"; VariantName = "[No Variations]"
Added Component: Designator=VT4(TO-220(bend2))
Add component (AddParameter): Name = "ChannelType"; Value = "N-канальный"; VariantName = "[No Variations]"
Add component (AddParameter): Name = "ComponentDescription"; Value = "Транзистор МОП, одиночный, N-канальный, IRF3205, TO-220(bend2)"; VariantName = "[No Variations]"
Add component (AddParameter): Name = "ComponentType"; Value = "Транзистор МОП, одиночный"; VariantName = "[No Variations]"
Add component (AddParameter): Name = "Package"; Value = "TO-220(bend2)"; VariantName = "[No Variations]"
Added Component: Designator=VT5(TO-220(bend2))
Add component (AddParameter): Name = "ChannelType"; Value = "N-канальный"; VariantName = "[No Variations]"
Add component (AddParameter): Name = "ComponentDescription"; Value = "Транзистор МОП, одиночный, N-канальный, IRF3205, TO-220(bend2)"; VariantName = "[No Variations]"
Add component (AddParameter): Name = "ComponentType"; Value = "Транзистор МОП, одиночный"; VariantName = "[No Variations]"
Add component (AddParameter): Name = "Package"; Value = "TO-220(bend2)"; VariantName = "[No Variations]"
Added Component: Designator=VT6(TO-220(bend2))
Add component (AddParameter): Name = "ChannelType"; Value = "N-канальный"; VariantName = "[No Variations]"
Add component (AddParameter): Name = "ComponentDescription"; Value = "Транзистор МОП, одиночный, N-канальный, IRF3205, TO-220(bend2)"; VariantName = "[No Variations]"
Add component (AddParameter): Name = "ComponentType"; Value = "Транзистор МОП, одиночный"; VariantName = "[No Variations]"
Add component (AddParameter): Name = "Package"; Value = "TO-220(bend2)"; VariantName = "[No Variations]"
Added Component: Designator=VT7(TO-220(bend2))
Add component (AddParameter): Name = "ChannelType"; Value = "N-канальный"; VariantName = "[No Variations]"
Add component (AddParameter): Name = "ComponentDescription"; Value = "Транзистор МОП, одиночный, N-канальный, IRF3205, TO-220(bend2)"; VariantName = "[No Variations]"
Add component (AddParameter): Name = "ComponentType"; Value = "Транзистор МОП, одиночный"; VariantName = "[No Variations]"
Add component (AddParameter): Name = "Package"; Value = "TO-220(bend2)"; VariantName = "[No Variations]"
Added Component: Designator=VT8(TO-220(bend2))
Add component (AddParameter): Name = "ChannelType"; Value = "N-канальный"; VariantName = "[No Variations]"
Add component (AddParameter): Name = "ComponentDescription"; Value = "Транзистор МОП, одиночный, N-канальный, IRF3205, TO-220(bend2)"; VariantName = "[No Variations]"
Add component (AddParameter): Name = "ComponentType"; Value = "Транзистор МОП, одиночный"; VariantName = "[No Variations]"
Add component (AddParameter): Name = "Package"; Value = "TO-220(bend2)"; VariantName = "[No Variations]"
Added Component: Designator=VT9(TO-220(bend2))
Add component (AddParameter): Name = "ChannelType"; Value = "N-канальный"; VariantName = "[No Variations]"
Add component (AddParameter): Name = "ComponentDescription"; Value = "Транзистор МОП, одиночный, N-канальный, IRF3205, TO-220(bend2)"; VariantName = "[No Variations]"
Add component (AddParameter): Name = "ComponentType"; Value = "Транзистор МОП, одиночный"; VariantName = "[No Variations]"
Add component (AddParameter): Name = "Package"; Value = "TO-220(bend2)"; VariantName = "[No Variations]"
Added Component: Designator=VT10(TO-220(bend2))
Add component (AddParameter): Name = "ChannelType"; Value = "N-канальный"; VariantName = "[No Variations]"
Add component (AddParameter): Name = "ComponentDescription"; Value = "Транзистор МОП, одиночный, N-канальный, IRF3205, TO-220(bend2)"; VariantName = "[No Variations]"
Add component (AddParameter): Name = "ComponentType"; Value = "Транзистор МОП, одиночный"; VariantName = "[No Variations]"
Add component (AddParameter): Name = "Package"; Value = "TO-220(bend2)"; VariantName = "[No Variations]"
Added Component: Designator=VT11(TO-220(bend2))
Add component (AddParameter): Name = "ChannelType"; Value = "N-канальный"; VariantName = "[No Variations]"
Add component (AddParameter): Name = "ComponentDescription"; Value = "Транзистор МОП, одиночный, N-канальный, IRF3205, TO-220(bend2)"; VariantName = "[No Variations]"
Add component (AddParameter): Name = "ComponentType"; Value = "Транзистор МОП, одиночный"; VariantName = "[No Variations]"
Add component (AddParameter): Name = "Package"; Value = "TO-220(bend2)"; VariantName = "[No Variations]"
Added Component: Designator=VT12(TO-220(bend2))
Add component (AddParameter): Name = "ChannelType"; Value = "N-канальный"; VariantName = "[No Variations]"
Add component (AddParameter): Name = "ComponentDescription"; Value = "Транзистор МОП, одиночный, N-канальный, IRF3205, TO-220(bend2)"; VariantName = "[No Variations]"
Add component (AddParameter): Name = "ComponentType"; Value = "Транзистор МОП, одиночный"; VariantName = "[No Variations]"
Add component (AddParameter): Name = "Package"; Value = "TO-220(bend2)"; VariantName = "[No Variations]"
Added Component: Designator=VT13(TO-220(bend2))
Add component (AddParameter): Name = "ChannelType"; Value = "N-канальный"; VariantName = "[No Variations]"
Add component (AddParameter): Name = "ComponentDescription"; Value = "Транзистор МОП, одиночный, N-канальный, IRF3205, TO-220(bend2)"; VariantName = "[No Variations]"
Add component (AddParameter): Name = "ComponentType"; Value = "Транзистор МОП, одиночный"; VariantName = "[No Variations]"
Add component (AddParameter): Name = "Package"; Value = "TO-220(bend2)"; VariantName = "[No Variations]"
Added Component: Designator=VT14(TO-220(bend2))
Add component (AddParameter): Name = "ChannelType"; Value = "N-канальный"; VariantName = "[No Variations]"
Add component (AddParameter): Name = "ComponentDescription"; Value = "Транзистор МОП, одиночный, N-канальный, IRF3205, TO-220(bend2)"; VariantName = "[No Variations]"
Add component (AddParameter): Name = "ComponentType"; Value = "Транзистор МОП, одиночный"; VariantName = "[No Variations]"
Add component (AddParameter): Name = "Package"; Value = "TO-220(bend2)"; VariantName = "[No Variations]"
Added Component: Designator=VT15(TO-220(bend2))
Add component (AddParameter): Name = "ChannelType"; Value = "N-канальный"; VariantName = "[No Variations]"
Add component (AddParameter): Name = "ComponentDescription"; Value = "Транзистор МОП, одиночный, N-канальный, IRF3205, TO-220(bend2)"; VariantName = "[No Variations]"
Add component (AddParameter): Name = "ComponentType"; Value = "Транзистор МОП, одиночный"; VariantName = "[No Variations]"
Add component (AddParameter): Name = "Package"; Value = "TO-220(bend2)"; VariantName = "[No Variations]"
Added Component: Designator=VT16(TO-220(bend2))
Add component (AddParameter): Name = "ChannelType"; Value = "N-канальный"; VariantName = "[No Variations]"
Add component (AddParameter): Name = "ComponentDescription"; Value = "Транзистор МОП, одиночный, N-канальный, IRF3205, TO-220(bend2)"; VariantName = "[No Variations]"
Add component (AddParameter): Name = "ComponentType"; Value = "Транзистор МОП, одиночный"; VariantName = "[No Variations]"
Add component (AddParameter): Name = "Package"; Value = "TO-220(bend2)"; VariantName = "[No Variations]"
Added Pin To Net: NetName=GND Pin=BT1-1
Added Pin To Net: NetName=NetBT1_2 Pin=BT1-2
Added Pin To Net: NetName=GND Pin=C4-1
Added Pin To Net: NetName=NetC4_2 Pin=C4-2
Added Pin To Net: NetName=VCC Pin=C37-1
Added Pin To Net: NetName=GND Pin=C37-2
Added Pin To Net: NetName=GND Pin=C38-1
Added Pin To Net: NetName=NetC38_2 Pin=C38-2
Added Pin To Net: NetName=GND Pin=C39-1
Added Pin To Net: NetName=V_PS Pin=C39-2
Added Pin To Net: NetName=NetCR1_1 Pin=CR1-1
Added Pin To Net: NetName=NetC4_2 Pin=CR1-2
Added Pin To Net: NetName=NetCR2_1 Pin=CR2-1
Added Pin To Net: NetName=GND Pin=CR2-2
Added Pin To Net: NetName=GND Pin=J1-1
Added Pin To Net: NetName=VCC Pin=J1-2
Added Pin To Net: NetName=GND Pin=J2-1
Added Pin To Net: NetName=NetJ2_2 Pin=J2-2
Added Pin To Net: NetName=NetC7_2 Pin=J3-1
Added Pin To Net: NetName=NetC11_2 Pin=J3-2
Added Pin To Net: NetName=+5V Pin=J4-1
Added Pin To Net: NetName=GND Pin=J4-2
Added Pin To Net: NetName=+3V3 Pin=J6-1
Added Pin To Net: NetName=+5V Pin=J6-2
Added Pin To Net: NetName=NetJ6_3 Pin=J6-3
Added Pin To Net: NetName=NetJ6_4 Pin=J6-4
Added Pin To Net: NetName=NetJ6_5 Pin=J6-5
Added Pin To Net: NetName=GND Pin=J6-6
Added Pin To Net: NetName=+3V3 Pin=J7-1
Added Pin To Net: NetName=NetJ7_2 Pin=J7-2
Added Pin To Net: NetName=NetJ7_3 Pin=J7-3
Added Pin To Net: NetName=NetJ7_4 Pin=J7-4
Added Pin To Net: NetName=NetJ7_5 Pin=J7-5
Added Pin To Net: NetName=GND Pin=J7-6
Added Pin To Net: NetName=NetC9_2 Pin=J8-1
Added Pin To Net: NetName=NetC12_2 Pin=J8-2
Added Pin To Net: NetName=NetC13_2 Pin=J9-1
Added Pin To Net: NetName=NetJ9_2 Pin=J9-2
Added Pin To Net: NetName=NetC14_2 Pin=J10-1
Added Pin To Net: NetName=NetC16_2 Pin=J10-2
Added Pin To Net: NetName=+3V3 Pin=J11-1
Added Pin To Net: NetName=+5V Pin=J11-2
Added Pin To Net: NetName=NetC18_2 Pin=J11-3
Added Pin To Net: NetName=NetC19_2 Pin=J11-4
Added Pin To Net: NetName=NetC17_2 Pin=J11-5
Added Pin To Net: NetName=GND Pin=J11-6
Added Pin To Net: NetName=NetJ2_2 Pin=J12-1
Added Pin To Net: NetName=V_PS Pin=J12-2
Added Pin To Net: NetName=V_PS Pin=J14-1
Added Pin To Net: NetName=V_PS Pin=J14-1
Added Pin To Net: NetName=V_PS Pin=J14-1
Added Pin To Net: NetName=V_PS Pin=J14-1
Added Pin To Net: NetName=V_PS Pin=J16-1
Added Pin To Net: NetName=GND Pin=J16-2
Added Pin To Net: NetName=V_PS Pin=J17-1
Added Pin To Net: NetName=V_PS Pin=J17-1
Added Pin To Net: NetName=V_PS Pin=J17-1
Added Pin To Net: NetName=V_PS Pin=J17-1
Added Pin To Net: NetName=GND Pin=J18-1
Added Pin To Net: NetName=GND Pin=J18-1
Added Pin To Net: NetName=GND Pin=J18-1
Added Pin To Net: NetName=GND Pin=J18-1
Added Pin To Net: NetName=GND Pin=J19-1
Added Pin To Net: NetName=GND Pin=J19-1
Added Pin To Net: NetName=GND Pin=J19-1
Added Pin To Net: NetName=GND Pin=J19-1
Added Pin To Net: NetName=NetJ2_2 Pin=L2-1
Added Pin To Net: NetName=NetC4_2 Pin=L2-2
Added Pin To Net: NetName=V_PS Pin=L3-1
Added Pin To Net: NetName=NetC38_2 Pin=L3-2
Added Pin To Net: NetName=GND Pin=P2-1
Added Pin To Net: NetName=NetP2_2 Pin=P2-2
Added Pin To Net: NetName=+5V Pin=P2-3
Added Pin To Net: NetName=GND Pin=P12-1
Added Pin To Net: NetName=NetP12_2 Pin=P12-2
Added Pin To Net: NetName=NetP12_3 Pin=P12-3
Added Pin To Net: NetName=+3V3 Pin=P12-4
Added Pin To Net: NetName=+5 Pin=P12-5
Added Pin To Net: NetName=GND Pin=P13-1
Added Pin To Net: NetName=NetP13_2 Pin=P13-2
Added Pin To Net: NetName=NetP13_3 Pin=P13-3
Added Pin To Net: NetName=NetP13_4 Pin=P13-4
Added Pin To Net: NetName=+5 Pin=P13-5
Added Pin To Net: NetName=GND Pin=P14-1
Added Pin To Net: NetName=NetP12_2 Pin=P14-2
Added Pin To Net: NetName=NetP12_3 Pin=P14-3
Added Pin To Net: NetName=+3V3 Pin=P14-4
Added Pin To Net: NetName=+5 Pin=P14-5
Added Pin To Net: NetName=GND Pin=R13-1
Added Pin To Net: NetName=NetC46_1 Pin=R69-1
Added Pin To Net: NetName=NetC20_1 Pin=R69-2
Added Pin To Net: NetName=NetC47_2 Pin=R70-1
Added Pin To Net: NetName=NetC47_1 Pin=R70-2
Added Pin To Net: NetName=GND Pin=R79-1
Added Pin To Net: NetName=NetD47_1 Pin=R119-1
Added Pin To Net: NetName=NetJ6_5 Pin=R119-2
Added Pin To Net: NetName=NetC41_2 Pin=R120-1
Added Pin To Net: NetName=NetJ9_2 Pin=R120-2
Added Pin To Net: NetName=VCC Pin=RG1-1
Added Pin To Net: NetName=GND Pin=RG1-2
Added Pin To Net: NetName=GND Pin=RG1-2
Added Pin To Net: NetName=+5V Pin=RG1-3
Added Pin To Net: NetName=VCC Pin=RP1-1
Added Pin To Net: NetName=NetRP1_2 Pin=RP1-2
Added Pin To Net: NetName=NetR1_2 Pin=RP1-3
Added Pin To Net: NetName=+5 Pin=RP6-1
Added Pin To Net: NetName=NetD23_5 Pin=RP6-2
Added Pin To Net: NetName=GND Pin=RP6-3
Added Pin To Net: NetName=+5 Pin=RP7-1
Added Pin To Net: NetName=NetD23_3 Pin=RP7-2
Added Pin To Net: NetName=GND Pin=RP7-3
Added Pin To Net: NetName=+5 Pin=RP8-1
Added Pin To Net: NetName=NetD23_6 Pin=RP8-2
Added Pin To Net: NetName=GND Pin=RP8-3
Added Pin To Net: NetName=+5 Pin=RP9-1
Added Pin To Net: NetName=NetD23_2 Pin=RP9-2
Added Pin To Net: NetName=GND Pin=RP9-3
Added Pin To Net: NetName=GND Pin=SW1-1
Added Pin To Net: NetName=GND Pin=SW1-1
Added Pin To Net: NetName=GND Pin=SW1-2
Added Pin To Net: NetName=GND Pin=SW1-2
Added Pin To Net: NetName=NetC17_2 Pin=SW1-3
Added Pin To Net: NetName=NetC17_2 Pin=SW1-3
Added Pin To Net: NetName=NetC17_2 Pin=SW1-4
Added Pin To Net: NetName=NetC17_2 Pin=SW1-4
Added Pin To Net: NetName=GND Pin=SW2-1
Added Pin To Net: NetName=GND Pin=SW2-1
Added Pin To Net: NetName=GND Pin=SW2-2
Added Pin To Net: NetName=GND Pin=SW2-2
Added Pin To Net: NetName=NetC18_2 Pin=SW2-3
Added Pin To Net: NetName=NetC18_2 Pin=SW2-3
Added Pin To Net: NetName=NetC18_2 Pin=SW2-4
Added Pin To Net: NetName=NetC18_2 Pin=SW2-4
Added Pin To Net: NetName=GND Pin=SW3-1
Added Pin To Net: NetName=GND Pin=SW3-1
Added Pin To Net: NetName=GND Pin=SW3-2
Added Pin To Net: NetName=GND Pin=SW3-2
Added Pin To Net: NetName=NetC19_2 Pin=SW3-3
Added Pin To Net: NetName=NetC19_2 Pin=SW3-3
Added Pin To Net: NetName=NetC19_2 Pin=SW3-4
Added Pin To Net: NetName=NetC19_2 Pin=SW3-4
Added Pin To Net: NetName=NetCR2_1 Pin=TP1-1
Added Pin To Net: NetName=NetRP1_2 Pin=TP2-1
Added Pin To Net: NetName=NetR54_2 Pin=TP3-1
Added Pin To Net: NetName=NetC43_2 Pin=TP4-1
Added Pin To Net: NetName=NetC44_2 Pin=TP5-1
Added Pin To Net: NetName=NetC38_2 Pin=TP6-1
Added Pin To Net: NetName=NetC4_2 Pin=TP7-1
Added Pin To Net: NetName=+5 Pin=TP13-1
Added Pin To Net: NetName=+5 Pin=TP14-1
Added Pin To Net: NetName=NetD23_7 Pin=TP15-1
Added Pin To Net: NetName=NetD23_1 Pin=TP16-1
Added Pin To Net: NetName=NetR91_1 Pin=TP17-1
Added Pin To Net: NetName=NetR92_1 Pin=TP18-1
Added Pin To Net: NetName=NetD23_5 Pin=TP19-1
Added Pin To Net: NetName=NetD23_3 Pin=TP20-1
Added Pin To Net: NetName=NetD23_6 Pin=TP21-1
Added Pin To Net: NetName=NetD23_2 Pin=TP22-1
Added Pin To Net: NetName=NetC9_1 Pin=TP23-1
Added Pin To Net: NetName=NetC7_1 Pin=TP24-1
Added Pin To Net: NetName=NetD4_1 Pin=TP25-1
Added Pin To Net: NetName=NetD3_1 Pin=TP26-1
Added Pin To Net: NetName=NetR17_2 Pin=TP27-1
Added Pin To Net: NetName=NetR12_2 Pin=TP28-1
Added Pin To Net: NetName=NetD7_1 Pin=TP29-1
Added Pin To Net: NetName=NetD5_1 Pin=TP30-1
Added Pin To Net: NetName=NetR25_2 Pin=TP31-1
Added Pin To Net: NetName=NetR15_2 Pin=TP32-1
Added Pin To Net: NetName=NetC12_1 Pin=TP33-1
Added Pin To Net: NetName=NetC11_1 Pin=TP34-1
Added Pin To Net: NetName=NetD13_1 Pin=TP35-1
Added Pin To Net: NetName=NetD8_1 Pin=TP36-1
Added Pin To Net: NetName=NetR37_2 Pin=TP37-1
Added Pin To Net: NetName=NetR23_2 Pin=TP38-1
Added Pin To Net: NetName=NetC12_2 Pin=TP39-1
Added Pin To Net: NetName=NetC11_2 Pin=TP40-1
Added Pin To Net: NetName=NetR45_2 Pin=TP41-1
Added Pin To Net: NetName=NetR26_2 Pin=TP42-1
Added Pin To Net: NetName=NetD32_2 Pin=TP43-1
Added Pin To Net: NetName=NetD40_2 Pin=TP44-1
Added Pin To Net: NetName=NetC20_1 Pin=TP45-1
Added Pin To Net: NetName=NetC21_1 Pin=TP46-1
Added Pin To Net: NetName=NetC13_1 Pin=TP47-1
Added Pin To Net: NetName=NetC14_1 Pin=TP48-1
Added Pin To Net: NetName=NetD14_1 Pin=TP49-1
Added Pin To Net: NetName=NetD15_1 Pin=TP50-1
Added Pin To Net: NetName=NetR46_2 Pin=TP51-1
Added Pin To Net: NetName=NetR49_2 Pin=TP52-1
Added Pin To Net: NetName=NetD17_1 Pin=TP53-1
Added Pin To Net: NetName=NetD18_1 Pin=TP54-1
Added Pin To Net: NetName=NetR51_2 Pin=TP55-1
Added Pin To Net: NetName=NetR52_2 Pin=TP56-1
Added Pin To Net: NetName=NetC15_1 Pin=TP57-1
Added Pin To Net: NetName=NetC16_1 Pin=TP58-1
Added Pin To Net: NetName=NetD21_1 Pin=TP59-1
Added Pin To Net: NetName=NetD24_1 Pin=TP60-1
Added Pin To Net: NetName=NetR79_2 Pin=TP61-1
Added Pin To Net: NetName=NetR81_2 Pin=TP62-1
Added Pin To Net: NetName=NetC15_2 Pin=TP63-1
Added Pin To Net: NetName=NetC16_2 Pin=TP64-1
Added Pin To Net: NetName=NetR103_2 Pin=TP65-1
Added Pin To Net: NetName=NetR104_2 Pin=TP66-1
Added Pin To Net: NetName=NetD36_2 Pin=TP67-1
Added Pin To Net: NetName=NetD44_2 Pin=TP68-1
Added Pin To Net: NetName=NetC23_1 Pin=TP69-1
Added Pin To Net: NetName=NetC22_1 Pin=TP70-1
Added Pin To Net: NetName=+5V Pin=U13-1
Added Pin To Net: NetName=GND Pin=U13-2
Added Pin To Net: NetName=NetR54_2 Pin=U13-3
Added Pin To Net: NetName=NetC38_2 Pin=U13-4
Added Pin To Net: NetName=V_BAT Pin=U13-5
Added Pin To Net: NetName=V_BAT Pin=VT1-D
Added Pin To Net: NetName=V_BAT Pin=VT1-D
Added Pin To Net: NetName=NetD4_2 Pin=VT1-G
Added Pin To Net: NetName=NetC9_2 Pin=VT1-S
Added Pin To Net: NetName=V_BAT Pin=VT2-D
Added Pin To Net: NetName=V_BAT Pin=VT2-D
Added Pin To Net: NetName=NetD3_2 Pin=VT2-G
Added Pin To Net: NetName=NetC7_2 Pin=VT2-S
Added Pin To Net: NetName=NetC7_2 Pin=VT3-D
Added Pin To Net: NetName=NetC7_2 Pin=VT3-D
Added Pin To Net: NetName=NetD5_2 Pin=VT3-G
Added Pin To Net: NetName=NetD40_2 Pin=VT3-S
Added Pin To Net: NetName=NetC9_2 Pin=VT4-D
Added Pin To Net: NetName=NetC9_2 Pin=VT4-D
Added Pin To Net: NetName=NetD7_2 Pin=VT4-G
Added Pin To Net: NetName=NetD32_2 Pin=VT4-S
Added Pin To Net: NetName=V_BAT Pin=VT5-D
Added Pin To Net: NetName=V_BAT Pin=VT5-D
Added Pin To Net: NetName=NetD8_2 Pin=VT5-G
Added Pin To Net: NetName=NetC11_2 Pin=VT5-S
Added Pin To Net: NetName=NetC11_2 Pin=VT6-D
Added Pin To Net: NetName=NetC11_2 Pin=VT6-D
Added Pin To Net: NetName=NetD9_2 Pin=VT6-G
Added Pin To Net: NetName=NetD40_2 Pin=VT6-S
Added Pin To Net: NetName=V_BAT Pin=VT7-D
Added Pin To Net: NetName=V_BAT Pin=VT7-D
Added Pin To Net: NetName=NetD13_2 Pin=VT7-G
Added Pin To Net: NetName=NetC12_2 Pin=VT7-S
Added Pin To Net: NetName=V_BAT Pin=VT8-D
Added Pin To Net: NetName=V_BAT Pin=VT8-D
Added Pin To Net: NetName=NetD14_2 Pin=VT8-G
Added Pin To Net: NetName=NetC13_2 Pin=VT8-S
Added Pin To Net: NetName=V_BAT Pin=VT9-D
Added Pin To Net: NetName=V_BAT Pin=VT9-D
Added Pin To Net: NetName=NetD15_2 Pin=VT9-G
Added Pin To Net: NetName=NetC14_2 Pin=VT9-S
Added Pin To Net: NetName=NetC12_2 Pin=VT10-D
Added Pin To Net: NetName=NetC12_2 Pin=VT10-D
Added Pin To Net: NetName=NetD16_2 Pin=VT10-G
Added Pin To Net: NetName=NetD32_2 Pin=VT10-S
Added Pin To Net: NetName=NetC13_2 Pin=VT11-D
Added Pin To Net: NetName=NetC13_2 Pin=VT11-D
Added Pin To Net: NetName=NetD17_2 Pin=VT11-G
Added Pin To Net: NetName=NetD36_2 Pin=VT11-S
Added Pin To Net: NetName=NetC14_2 Pin=VT12-D
Added Pin To Net: NetName=NetC14_2 Pin=VT12-D
Added Pin To Net: NetName=NetD18_2 Pin=VT12-G
Added Pin To Net: NetName=NetD44_2 Pin=VT12-S
Added Pin To Net: NetName=V_BAT Pin=VT13-D
Added Pin To Net: NetName=V_BAT Pin=VT13-D
Added Pin To Net: NetName=NetD21_2 Pin=VT13-G
Added Pin To Net: NetName=NetC15_2 Pin=VT13-S
Added Pin To Net: NetName=V_BAT Pin=VT14-D
Added Pin To Net: NetName=V_BAT Pin=VT14-D
Added Pin To Net: NetName=NetD24_2 Pin=VT14-G
Added Pin To Net: NetName=NetC16_2 Pin=VT14-S
Added Pin To Net: NetName=NetC15_2 Pin=VT15-D
Added Pin To Net: NetName=NetC15_2 Pin=VT15-D
Added Pin To Net: NetName=NetD25_2 Pin=VT15-G
Added Pin To Net: NetName=NetD36_2 Pin=VT15-S
Added Pin To Net: NetName=NetC16_2 Pin=VT16-D
Added Pin To Net: NetName=NetC16_2 Pin=VT16-D
Added Pin To Net: NetName=NetD26_2 Pin=VT16-G
Added Pin To Net: NetName=NetD44_2 Pin=VT16-S
Added Member To Class: ClassName=Sheet1 Member=Component BT1 CR2032_BAT
Added Member To Class: ClassName=Sheet1 Member=Component C4 1500uF_100V
Added Member To Class: ClassName=Sheet1 Member=Component C37 ECA-1JHG222
Added Member To Class: ClassName=Sheet1 Member=Component C38 1500uF_100V
Added Member To Class: ClassName=Sheet1 Member=Component C39 1500uF_100V
Added Member To Class: ClassName=Sheet1 Member=Component CR1 1N5822RL
Added Member To Class: ClassName=Sheet1 Member=Component CR2 1N5822RL
Added Member To Class: ClassName=Sheet1 Member=Component J1 691101710002
Added Member To Class: ClassName=Sheet1 Member=Component J2 691101710002
Added Member To Class: ClassName=Sheet1 Member=Component J3 DEGSON
Added Member To Class: ClassName=Sheet1 Member=Component J4 691101710002
Added Member To Class: ClassName=Sheet1 Member=Component J6 SWR25X-NRTC-S06-ST-BA
Added Member To Class: ClassName=Sheet1 Member=Component J7 SWR25X-NRTC-S06-ST-BA
Added Member To Class: ClassName=Sheet1 Member=Component J8 DEGSON
Added Member To Class: ClassName=Sheet1 Member=Component J9 DEGSON
Added Member To Class: ClassName=Sheet1 Member=Component J10 DEGSON
Added Member To Class: ClassName=Sheet1 Member=Component J11 SWR25X-NRTC-S06-ST-BA
Added Member To Class: ClassName=Sheet1 Member=Component J12 Jumper 1x2.54
Added Member To Class: ClassName=Sheet1 Member=Component J14 KLS8-M3
Added Member To Class: ClassName=Sheet1 Member=Component J16 DEGSON
Added Member To Class: ClassName=Sheet1 Member=Component J17 KLS8-M3
Added Member To Class: ClassName=Sheet1 Member=Component J18 KLS8-M3
Added Member To Class: ClassName=Sheet1 Member=Component J19 KLS8-M3
Added Member To Class: ClassName=Sheet1 Member=Component L2 Coil
Added Member To Class: ClassName=Sheet1 Member=Component L3 Coil
Added Member To Class: ClassName=Sheet1 Member=Component P2 61900311121
Added Member To Class: ClassName=Sheet1 Member=Component P12 61300511121
Added Member To Class: ClassName=Sheet1 Member=Component P13 61300511121
Added Member To Class: ClassName=Sheet1 Member=Component P14 61300511121
Added Member To Class: ClassName=Sheet1 Member=Component R69 10K
Added Member To Class: ClassName=Sheet1 Member=Component R70 10K
Added Member To Class: ClassName=Sheet1 Member=Component R119 220
Added Member To Class: ClassName=Sheet1 Member=Component R120 10
Added Member To Class: ClassName=Sheet1 Member=Component RG1 Reg_Fairchild_LM7805CT_eec
Added Member To Class: ClassName=Sheet1 Member=Component RP1 50k
Added Member To Class: ClassName=Sheet1 Member=Component RP6 10k
Added Member To Class: ClassName=Sheet1 Member=Component RP7 10k
Added Member To Class: ClassName=Sheet1 Member=Component RP8 10k
Added Member To Class: ClassName=Sheet1 Member=Component RP9 10k
Added Member To Class: ClassName=Sheet1 Member=Component SW1 4-1437565-2
Added Member To Class: ClassName=Sheet1 Member=Component SW2 4-1437565-2
Added Member To Class: ClassName=Sheet1 Member=Component SW3 4-1437565-2
Added Member To Class: ClassName=Sheet1 Member=Component TP1 Test_Point_PCB
Added Member To Class: ClassName=Sheet1 Member=Component TP2 Test_Point_PCB
Added Member To Class: ClassName=Sheet1 Member=Component TP3 Test_Point_PCB
Added Member To Class: ClassName=Sheet1 Member=Component TP4 Test_Point_PCB
Added Member To Class: ClassName=Sheet1 Member=Component TP5 Test_Point_PCB
Added Member To Class: ClassName=Sheet1 Member=Component TP6 Test_Point_PCB
Added Member To Class: ClassName=Sheet1 Member=Component TP7 Test_Point_PCB
Added Member To Class: ClassName=Sheet1 Member=Component TP13 Test_Point_PCB
Added Member To Class: ClassName=Sheet1 Member=Component TP14 Test_Point_PCB
Added Member To Class: ClassName=Sheet1 Member=Component TP15 Test_Point_PCB
Added Member To Class: ClassName=Sheet1 Member=Component TP16 Test_Point_PCB
Added Member To Class: ClassName=Sheet1 Member=Component TP17 Test_Point_PCB
Added Member To Class: ClassName=Sheet1 Member=Component TP18 Test_Point_PCB
Added Member To Class: ClassName=Sheet1 Member=Component TP19 Test_Point_PCB
Added Member To Class: ClassName=Sheet1 Member=Component TP20 Test_Point_PCB
Added Member To Class: ClassName=Sheet1 Member=Component TP21 Test_Point_PCB
Added Member To Class: ClassName=Sheet1 Member=Component TP22 Test_Point_PCB
Added Member To Class: ClassName=Sheet1 Member=Component TP23 Test_Point_PCB
Added Member To Class: ClassName=Sheet1 Member=Component TP24 Test_Point_PCB
Added Member To Class: ClassName=Sheet1 Member=Component TP25 Test_Point_PCB
Added Member To Class: ClassName=Sheet1 Member=Component TP26 Test_Point_PCB
Added Member To Class: ClassName=Sheet1 Member=Component TP27 Test_Point_PCB
Added Member To Class: ClassName=Sheet1 Member=Component TP28 Test_Point_PCB
Added Member To Class: ClassName=Sheet1 Member=Component TP29 Test_Point_PCB
Added Member To Class: ClassName=Sheet1 Member=Component TP30 Test_Point_PCB
Added Member To Class: ClassName=Sheet1 Member=Component TP31 Test_Point_PCB
Added Member To Class: ClassName=Sheet1 Member=Component TP32 Test_Point_PCB
Added Member To Class: ClassName=Sheet1 Member=Component TP33 Test_Point_PCB
Added Member To Class: ClassName=Sheet1 Member=Component TP34 Test_Point_PCB
Added Member To Class: ClassName=Sheet1 Member=Component TP35 Test_Point_PCB
Added Member To Class: ClassName=Sheet1 Member=Component TP36 Test_Point_PCB
Added Member To Class: ClassName=Sheet1 Member=Component TP37 Test_Point_PCB
Added Member To Class: ClassName=Sheet1 Member=Component TP38 Test_Point_PCB
Added Member To Class: ClassName=Sheet1 Member=Component TP39 Test_Point_PCB
Added Member To Class: ClassName=Sheet1 Member=Component TP40 Test_Point_PCB
Added Member To Class: ClassName=Sheet1 Member=Component TP41 Test_Point_PCB
Added Member To Class: ClassName=Sheet1 Member=Component TP42 Test_Point_PCB
Added Member To Class: ClassName=Sheet1 Member=Component TP43 Test_Point_PCB
Added Member To Class: ClassName=Sheet1 Member=Component TP44 Test_Point_PCB
Added Member To Class: ClassName=Sheet1 Member=Component TP45 Test_Point_PCB
Added Member To Class: ClassName=Sheet1 Member=Component TP46 Test_Point_PCB
Added Member To Class: ClassName=Sheet1 Member=Component TP47 Test_Point_PCB
Added Member To Class: ClassName=Sheet1 Member=Component TP48 Test_Point_PCB
Added Member To Class: ClassName=Sheet1 Member=Component TP49 Test_Point_PCB
Added Member To Class: ClassName=Sheet1 Member=Component TP50 Test_Point_PCB
Added Member To Class: ClassName=Sheet1 Member=Component TP51 Test_Point_PCB
Added Member To Class: ClassName=Sheet1 Member=Component TP52 Test_Point_PCB
Added Member To Class: ClassName=Sheet1 Member=Component TP53 Test_Point_PCB
Added Member To Class: ClassName=Sheet1 Member=Component TP54 Test_Point_PCB
Added Member To Class: ClassName=Sheet1 Member=Component TP55 Test_Point_PCB
Added Member To Class: ClassName=Sheet1 Member=Component TP56 Test_Point_PCB
Added Member To Class: ClassName=Sheet1 Member=Component TP57 Test_Point_PCB
Added Member To Class: ClassName=Sheet1 Member=Component TP58 Test_Point_PCB
Added Member To Class: ClassName=Sheet1 Member=Component TP59 Test_Point_PCB
Added Member To Class: ClassName=Sheet1 Member=Component TP60 Test_Point_PCB
Added Member To Class: ClassName=Sheet1 Member=Component TP61 Test_Point_PCB
Added Member To Class: ClassName=Sheet1 Member=Component TP62 Test_Point_PCB
Added Member To Class: ClassName=Sheet1 Member=Component TP63 Test_Point_PCB
Added Member To Class: ClassName=Sheet1 Member=Component TP64 Test_Point_PCB
Added Member To Class: ClassName=Sheet1 Member=Component TP65 Test_Point_PCB
Added Member To Class: ClassName=Sheet1 Member=Component TP66 Test_Point_PCB
Added Member To Class: ClassName=Sheet1 Member=Component TP67 Test_Point_PCB
Added Member To Class: ClassName=Sheet1 Member=Component TP68 Test_Point_PCB
Added Member To Class: ClassName=Sheet1 Member=Component TP69 Test_Point_PCB
Added Member To Class: ClassName=Sheet1 Member=Component TP70 Test_Point_PCB
Added Member To Class: ClassName=Sheet1 Member=Component U13 ACS758
Added Member To Class: ClassName=Sheet1 Member=Component VT1 IRF3205
Added Member To Class: ClassName=Sheet1 Member=Component VT2 IRF3205
Added Member To Class: ClassName=Sheet1 Member=Component VT3 IRF3205
Added Member To Class: ClassName=Sheet1 Member=Component VT4 IRF3205
Added Member To Class: ClassName=Sheet1 Member=Component VT5 IRF3205
Added Member To Class: ClassName=Sheet1 Member=Component VT6 IRF3205
Added Member To Class: ClassName=Sheet1 Member=Component VT7 IRF3205
Added Member To Class: ClassName=Sheet1 Member=Component VT8 IRF3205
Added Member To Class: ClassName=Sheet1 Member=Component VT9 IRF3205
Added Member To Class: ClassName=Sheet1 Member=Component VT10 IRF3205
Added Member To Class: ClassName=Sheet1 Member=Component VT11 IRF3205
Added Member To Class: ClassName=Sheet1 Member=Component VT12 IRF3205
Added Member To Class: ClassName=Sheet1 Member=Component VT13 IRF3205
Added Member To Class: ClassName=Sheet1 Member=Component VT14 IRF3205
Added Member To Class: ClassName=Sheet1 Member=Component VT15 IRF3205
Added Member To Class: ClassName=Sheet1 Member=Component VT16 IRF3205
