Change Component Designator: OldDesignator=C? NewDesignator=C64
Added Component: Designator=C61(CAPPM7343X430N)
Add component (AddParameter): Name = "Arrow Part Number"; Value = "293D106X9050E2TE3"; VariantName = "[No Variations]"
Add component (AddParameter): Name = "Arrow Price/Stock"; Value = "https://www.arrow.com/en/products/293d106x9050e2te3/vishay?region=nac"; VariantName = "[No Variations]"
Add component (AddParameter): Name = "Datasheet Link"; Value = "http://www.vishay.com/docs/40002/293d.pdf"; VariantName = "[No Variations]"
Add component (AddParameter): Name = "Height"; Value = "4.3mm"; VariantName = "[No Variations]"
Add component (AddParameter): Name = "Manufacturer_Name"; Value = "Vishay"; VariantName = "[No Variations]"
Add component (AddParameter): Name = "Manufacturer_Part_Number"; Value = "293D106X9050E2TE3"; VariantName = "[No Variations]"
Add component (AddParameter): Name = "Mouser Part Number"; Value = "74-293D106X9050E2TE3"; VariantName = "[No Variations]"
Add component (AddParameter): Name = "Mouser Price/Stock"; Value = "https://www.mouser.co.uk/ProductDetail/Vishay-Sprague/293D106X9050E2TE3?qs=N31o%252Bt096gu9lsvzLRhHsg%3D%3D"; VariantName = "[No Variations]"
Added Component: Designator=C62(CAPPM7343X430N)
Add component (AddParameter): Name = "Arrow Part Number"; Value = "293D106X9050E2TE3"; VariantName = "[No Variations]"
Add component (AddParameter): Name = "Arrow Price/Stock"; Value = "https://www.arrow.com/en/products/293d106x9050e2te3/vishay?region=nac"; VariantName = "[No Variations]"
Add component (AddParameter): Name = "Datasheet Link"; Value = "http://www.vishay.com/docs/40002/293d.pdf"; VariantName = "[No Variations]"
Add component (AddParameter): Name = "Height"; Value = "4.3mm"; VariantName = "[No Variations]"
Add component (AddParameter): Name = "Manufacturer_Name"; Value = "Vishay"; VariantName = "[No Variations]"
Add component (AddParameter): Name = "Manufacturer_Part_Number"; Value = "293D106X9050E2TE3"; VariantName = "[No Variations]"
Add component (AddParameter): Name = "Mouser Part Number"; Value = "74-293D106X9050E2TE3"; VariantName = "[No Variations]"
Add component (AddParameter): Name = "Mouser Price/Stock"; Value = "https://www.mouser.co.uk/ProductDetail/Vishay-Sprague/293D106X9050E2TE3?qs=N31o%252Bt096gu9lsvzLRhHsg%3D%3D"; VariantName = "[No Variations]"
Added Component: Designator=C63(CAPPM7343X430N)
Add component (AddParameter): Name = "Arrow Part Number"; Value = "293D106X9050E2TE3"; VariantName = "[No Variations]"
Add component (AddParameter): Name = "Arrow Price/Stock"; Value = "https://www.arrow.com/en/products/293d106x9050e2te3/vishay?region=nac"; VariantName = "[No Variations]"
Add component (AddParameter): Name = "Datasheet Link"; Value = "http://www.vishay.com/docs/40002/293d.pdf"; VariantName = "[No Variations]"
Add component (AddParameter): Name = "Height"; Value = "4.3mm"; VariantName = "[No Variations]"
Add component (AddParameter): Name = "Manufacturer_Name"; Value = "Vishay"; VariantName = "[No Variations]"
Add component (AddParameter): Name = "Manufacturer_Part_Number"; Value = "293D106X9050E2TE3"; VariantName = "[No Variations]"
Add component (AddParameter): Name = "Mouser Part Number"; Value = "74-293D106X9050E2TE3"; VariantName = "[No Variations]"
Add component (AddParameter): Name = "Mouser Price/Stock"; Value = "https://www.mouser.co.uk/ProductDetail/Vishay-Sprague/293D106X9050E2TE3?qs=N31o%252Bt096gu9lsvzLRhHsg%3D%3D"; VariantName = "[No Variations]"
Added Pin To Net: NetName=+3V3_All Pin=C61-1
Added Pin To Net: NetName=GND Pin=C61-2
Added Pin To Net: NetName=+3V3_All Pin=C62-1
Added Pin To Net: NetName=GND Pin=C62-2
Added Pin To Net: NetName=+3V3_All Pin=C63-1
Added Pin To Net: NetName=GND Pin=C63-2
Added Pin To Net: NetName=+3V3_All Pin=C64-1
Added Pin To Net: NetName=GND Pin=C64-2
Added Member To Class: ClassName=STEP_DRIVER_V3.0 Member=Component C61 293D106X9050E2TE3
Added Member To Class: ClassName=STEP_DRIVER_V3.0 Member=Component C62 293D106X9050E2TE3
Added Member To Class: ClassName=STEP_DRIVER_V3.0 Member=Component C63 293D106X9050E2TE3
