Removed Pin From Net: NetName=NetR25_2 Pin=TP31-1
Removed Pin From Net: NetName=NetR15_2 Pin=TP32-1
Removed Pin From Net: NetName=NetR45_2 Pin=TP41-1
Removed Pin From Net: NetName=NetR26_2 Pin=TP42-1
Removed Pin From Net: NetName=NetR51_2 Pin=TP55-1
Removed Pin From Net: NetName=NetR52_2 Pin=TP56-1
Removed Pin From Net: NetName=NetR103_2 Pin=TP65-1
Removed Pin From Net: NetName=NetR104_2 Pin=TP66-1
Removed Member From Class: ClassName=STEP_DRIVER_V3.0 Member=TP31
Removed Member From Class: ClassName=STEP_DRIVER_V3.0 Member=TP32
Removed Member From Class: ClassName=STEP_DRIVER_V3.0 Member=TP41
Removed Member From Class: ClassName=STEP_DRIVER_V3.0 Member=TP55
Removed Member From Class: ClassName=STEP_DRIVER_V3.0 Member=TP56
Change Component Designator: OldDesignator=R12 NewDesignator=R?
Change Component Designator: OldDesignator=R17 NewDesignator=R?
Change Component Designator: OldDesignator=R23 NewDesignator=R?
Change Component Designator: OldDesignator=R37 NewDesignator=R?
Change Component Designator: OldDesignator=R46 NewDesignator=R?
Change Component Designator: OldDesignator=R49 NewDesignator=R?
Change Component Designator: OldDesignator=R79 NewDesignator=R?
Change Component Designator: OldDesignator=R81 NewDesignator=R?
Added Component: Designator=TP29(Test_Point)
Added Component: Designator=TP30(Test_Point)
Added Component: Designator=TP53(Test_Point)
Added Component: Designator=TP54(Test_Point)
Added Pin To Net: NetName=NetD7_1 Pin=TP29-1
Added Pin To Net: NetName=NetD5_1 Pin=TP30-1
Added Pin To Net: NetName=NetD9_1 Pin=TP42-1
Added Pin To Net: NetName=NetD17_1 Pin=TP53-1
Added Pin To Net: NetName=NetD18_1 Pin=TP54-1
Added Pin To Net: NetName=NetD25_1 Pin=TP65-1
Change Net Name : Old Net Name=NetR12_2 New Net Name=NetR?_2
Change Net Name : Old Net Name=NetR17_2 New Net Name=NetR?_2
Change Net Name : Old Net Name=NetR23_2 New Net Name=NetR?_2
Change Net Name : Old Net Name=NetR37_2 New Net Name=NetR?_2
Change Net Name : Old Net Name=NetR46_2 New Net Name=NetR?_2
Change Net Name : Old Net Name=NetR49_2 New Net Name=NetR?_2
Change Net Name : Old Net Name=NetR79_2 New Net Name=NetR?_2
Change Net Name : Old Net Name=NetR81_2 New Net Name=NetR?_2
Added Member To Class: ClassName=STEP_DRIVER_V3.0 Member=Component TP29 Test_Point_PCB
Added Member To Class: ClassName=STEP_DRIVER_V3.0 Member=Component TP30 Test_Point_PCB
Added Member To Class: ClassName=STEP_DRIVER_V3.0 Member=Component TP53 Test_Point_PCB
Added Member To Class: ClassName=STEP_DRIVER_V3.0 Member=Component TP54 Test_Point_PCB
Added Room: Name=STEP_DRIVER_V3.0
