Added Pin To Net: NetName=GND Pin=R13-1
Added Pin To Net: NetName=GND Pin=R79-1
Change Class Name : Old Net Name=Sheet1 New Net Name=STEP_DRIVER_V3.0
Added Member To Class: ClassName=STEP_DRIVER_V3.0 Member=Component TP25 Test_Point_PCB
Added Member To Class: ClassName=STEP_DRIVER_V3.0 Member=Component TP26 Test_Point_PCB
Added Member To Class: ClassName=STEP_DRIVER_V3.0 Member=Component TP29 Test_Point_PCB
Added Member To Class: ClassName=STEP_DRIVER_V3.0 Member=Component TP30 Test_Point_PCB
Added Member To Class: ClassName=STEP_DRIVER_V3.0 Member=Component TP35 Test_Point_PCB
Added Member To Class: ClassName=STEP_DRIVER_V3.0 Member=Component TP36 Test_Point_PCB
Added Member To Class: ClassName=STEP_DRIVER_V3.0 Member=Component TP43 Test_Point_PCB
Added Member To Class: ClassName=STEP_DRIVER_V3.0 Member=Component TP44 Test_Point_PCB
Added Member To Class: ClassName=STEP_DRIVER_V3.0 Member=Component TP49 Test_Point_PCB
Added Member To Class: ClassName=STEP_DRIVER_V3.0 Member=Component TP50 Test_Point_PCB
Added Member To Class: ClassName=STEP_DRIVER_V3.0 Member=Component TP53 Test_Point_PCB
Added Member To Class: ClassName=STEP_DRIVER_V3.0 Member=Component TP54 Test_Point_PCB
Added Member To Class: ClassName=STEP_DRIVER_V3.0 Member=Component TP59 Test_Point_PCB
Added Member To Class: ClassName=STEP_DRIVER_V3.0 Member=Component TP60 Test_Point_PCB
Added Member To Class: ClassName=STEP_DRIVER_V3.0 Member=Component TP67 Test_Point_PCB
Added Member To Class: ClassName=STEP_DRIVER_V3.0 Member=Component TP68 Test_Point_PCB
Added Member To Class: ClassName=STEP_DRIVER_V3.0 Member=Component VT1 IRF3205
Added Member To Class: ClassName=STEP_DRIVER_V3.0 Member=Component VT2 IRF3205
Added Member To Class: ClassName=STEP_DRIVER_V3.0 Member=Component VT3 IRF3205
Added Member To Class: ClassName=STEP_DRIVER_V3.0 Member=Component VT4 IRF3205
Added Member To Class: ClassName=STEP_DRIVER_V3.0 Member=Component VT5 IRF3205
Added Member To Class: ClassName=STEP_DRIVER_V3.0 Member=Component VT6 IRF3205
Added Member To Class: ClassName=STEP_DRIVER_V3.0 Member=Component VT8 IRF3205
Added Member To Class: ClassName=STEP_DRIVER_V3.0 Member=Component VT9 IRF3205
Added Member To Class: ClassName=STEP_DRIVER_V3.0 Member=Component VT11 IRF3205
Added Member To Class: ClassName=STEP_DRIVER_V3.0 Member=Component VT12 IRF3205
Added Member To Class: ClassName=STEP_DRIVER_V3.0 Member=Component VT13 IRF3205
Added Member To Class: ClassName=STEP_DRIVER_V3.0 Member=Component VT14 IRF3205
Added Member To Class: ClassName=STEP_DRIVER_V3.0 Member=Component VT15 IRF3205
Added Member To Class: ClassName=STEP_DRIVER_V3.0 Member=Component VT16 IRF3205
Added Room: Name=STEP_DRIVER_V3.0
