Added Component: Designator=C37(PCAP_18x355_PAN)
Add component (AddParameter): Name = "Copyright"; Value = "Copyright (C) 2022 Ultra Librarian. All rights reserved."; VariantName = "[No Variations]"
Add component (AddParameter): Name = "Manufacturer_Part_Number"; Value = "ECA-1JHG222"; VariantName = "[No Variations]"
Add component (AddParameter): Name = "Mfr_Name"; Value = "Panasonic"; VariantName = "[No Variations]"
Add component (AddParameter): Name = "RefDes"; Value = "RefDes"; VariantName = "[No Variations]"
Add component (AddParameter): Name = "Type"; Value = "DEV"; VariantName = "[No Variations]"
Added Component: Designator=J3(DEGSON_DG25)
Added Component: Designator=J8(DEGSON_DG25)
Added Component: Designator=J9(DEGSON_DG25)
Added Component: Designator=J10(DEGSON_DG25)
Added Component: Designator=J14(KLS8-M3)
Added Component: Designator=J16(DEGSON_DG25)
Added Component: Designator=J17(KLS8-M3)
Added Component: Designator=J18(KLS8-M3)
Added Component: Designator=J19(KLS8-M3)
Added Component: Designator=U13(ACS758-100)
Added Pin To Net: NetName=VCC Pin=C37-1
Added Pin To Net: NetName=GND Pin=C37-2
Added Pin To Net: NetName=+5V Pin=D23-8
Added Pin To Net: NetName=NetC7_2 Pin=J3-1
Added Pin To Net: NetName=NetC11_2 Pin=J3-2
Added Pin To Net: NetName=NetC9_2 Pin=J8-1
Added Pin To Net: NetName=NetC12_2 Pin=J8-2
Added Pin To Net: NetName=NetC13_2 Pin=J9-1
Added Pin To Net: NetName=NetC15_2 Pin=J9-2
Added Pin To Net: NetName=NetC14_2 Pin=J10-1
Added Pin To Net: NetName=NetC16_2 Pin=J10-2
Added Pin To Net: NetName=NetJ14_1 Pin=J14-1
Added Pin To Net: NetName=NetJ14_1 Pin=J14-1
Added Pin To Net: NetName=NetJ14_1 Pin=J14-1
Added Pin To Net: NetName=NetJ14_1 Pin=J14-1
Added Pin To Net: NetName=NetJ14_1 Pin=J16-1
Added Pin To Net: NetName=GND Pin=J16-2
Added Pin To Net: NetName=NetJ14_1 Pin=J17-1
Added Pin To Net: NetName=NetJ14_1 Pin=J17-1
Added Pin To Net: NetName=NetJ14_1 Pin=J17-1
Added Pin To Net: NetName=NetJ14_1 Pin=J17-1
Added Pin To Net: NetName=GND Pin=J18-1
Added Pin To Net: NetName=GND Pin=J18-1
Added Pin To Net: NetName=GND Pin=J18-1
Added Pin To Net: NetName=GND Pin=J18-1
Added Pin To Net: NetName=GND Pin=J19-1
Added Pin To Net: NetName=GND Pin=J19-1
Added Pin To Net: NetName=GND Pin=J19-1
Added Pin To Net: NetName=GND Pin=J19-1
Added Pin To Net: NetName=+5V Pin=U13-1
Added Pin To Net: NetName=GND Pin=U13-2
Added Pin To Net: NetName=NetR54_2 Pin=U13-3
Added Pin To Net: NetName=NetJ14_1 Pin=U13-4
Added Pin To Net: NetName=V_PS Pin=U13-5
Added Member To Class: ClassName=STEP_DRIVER_V3.0 Member=Component C37 ECA-1JHG222
Added Member To Class: ClassName=STEP_DRIVER_V3.0 Member=Component J3 DEGSON
Added Member To Class: ClassName=STEP_DRIVER_V3.0 Member=Component J8 DEGSON
Added Member To Class: ClassName=STEP_DRIVER_V3.0 Member=Component J9 DEGSON
Added Member To Class: ClassName=STEP_DRIVER_V3.0 Member=Component J10 DEGSON
Added Member To Class: ClassName=STEP_DRIVER_V3.0 Member=Component J14 KLS8-M3
Added Member To Class: ClassName=STEP_DRIVER_V3.0 Member=Component J16 DEGSON
Added Member To Class: ClassName=STEP_DRIVER_V3.0 Member=Component J17 KLS8-M3
Added Member To Class: ClassName=STEP_DRIVER_V3.0 Member=Component J18 KLS8-M3
Added Member To Class: ClassName=STEP_DRIVER_V3.0 Member=Component J19 KLS8-M3
Added Member To Class: ClassName=STEP_DRIVER_V3.0 Member=Component U13 ACS758
Added Room: Name=STEP_DRIVER_V3.0
