Removed Pin From Net: NetName=NetC30_1 Pin=C33-2
Removed Pin From Net: NetName=NetC32_1 Pin=C34-2
Removed Member From Class: ClassName=STEP_DRIVER_V3.0 Member=C33
Removed Member From Class: ClassName=STEP_DRIVER_V3.0 Member=C34
Added Component: Designator=C7(CAP-1206)
Added Pin To Net: NetName=NetC11_1 Pin=C7-2
Added Pin To Net: NetName=+5V Pin=D23-8
Change Net Name : Old Net Name=NetC11_1 New Net Name=NetC7_2
Change Net Name : Old Net Name=NetC11_2 New Net Name=NetD1_1
Change Net Name : Old Net Name=NetC12_1 New Net Name=NetD39_2
Change Net Name : Old Net Name=NetC12_2 New Net Name=NetD2_1
Change Net Name : Old Net Name=NetC24_1 New Net Name=NetD33_2
Change Net Name : Old Net Name=NetC24_2 New Net Name=NetD10_1
Change Net Name : Old Net Name=NetC25_1 New Net Name=NetD41_2
Change Net Name : Old Net Name=NetC25_2 New Net Name=NetD6_1
Change Net Name : Old Net Name=NetC30_1 New Net Name=NetD35_2
Change Net Name : Old Net Name=NetC30_2 New Net Name=NetD11_1
Change Net Name : Old Net Name=NetC32_1 New Net Name=NetD43_2
Change Net Name : Old Net Name=NetC32_2 New Net Name=NetD12_1
Change Net Name : Old Net Name=NetC36_1 New Net Name=NetD37_2
Change Net Name : Old Net Name=NetC36_2 New Net Name=NetD19_1
Change Net Name : Old Net Name=NetC41_1 New Net Name=NetD45_2
Change Net Name : Old Net Name=NetC41_2 New Net Name=NetD20_1
Added Pin To Net: NetName=NetC7_1 Pin=C7-1
Added Pin To Net: NetName=NetC7_1 Pin=R58-1
Added Net: Name=NetC7_1
Added Member To Class: ClassName=STEP_DRIVER_V3.0 Member=Component C7 CAP-NON-POLAR
Added Room: Name=STEP_DRIVER_V3.0
