Removed Pin From Net: NetName=GND Pin=C90-1
Removed Pin From Net: NetName=+3V3_All Pin=C90-2
Change Managed Component Library Link : Designator=C90 Old VaultGUID=B7D15EC3-160A-466F-A46C-7801FE6295A7 New VaultGUID= Old ItemGUID=2FE9AD90-FBBD-441F-BC58-D108CD7120FA New ItemGUID= Old RevisionGUID=94795B8A-0DBD-48FD-BE75-E05BDDE2D413 New RevisionGUID=
Change component parameters: Designator = "C90" ("C90"); Footprint = "1000uF_10V_Size_F"; UniqueID = "\TICHJONB" ("\TICHJONB")
Added Component: Designator=C2(1000uF_10V_Size_F)
Added Component: Designator=C45(1000uF_10V_Size_F)
Added Component: Designator=C57(1000uF_10V_Size_F)
Added Component: Designator=C58(1000uF_10V_Size_F)
Added Component: Designator=C91(1000uF_10V_Size_F)
Added Pin To Net: NetName=NetC2_2 Pin=C2-1
Added Pin To Net: NetName=GND Pin=C2-2
Added Pin To Net: NetName=+5V Pin=C45-1
Added Pin To Net: NetName=GND Pin=C45-2
Added Pin To Net: NetName=NetC6_1 Pin=C57-1
Added Pin To Net: NetName=GND Pin=C57-2
Added Pin To Net: NetName=+3V3 Pin=C58-1
Added Pin To Net: NetName=GND Pin=C58-2
Added Pin To Net: NetName=+3V3_All Pin=C90-1
Added Pin To Net: NetName=GND Pin=C90-2
Added Pin To Net: NetName=NetC91_2 Pin=C91-1
Added Pin To Net: NetName=GND Pin=C91-2
Change Net Name : Old Net Name=NetC2_2 New Net Name=NetC2_1
Change Net Name : Old Net Name=NetC91_2 New Net Name=NetC91_1
Added Member To Class: ClassName=STEP_DRIVER_V3.0 Member=Component C2 1000uF_10V
Added Member To Class: ClassName=STEP_DRIVER_V3.0 Member=Component C45 1000uF_10V
Added Member To Class: ClassName=STEP_DRIVER_V3.0 Member=Component C57 1000uF_10V
Added Member To Class: ClassName=STEP_DRIVER_V3.0 Member=Component C58 1000uF_10V
Added Member To Class: ClassName=STEP_DRIVER_V3.0 Member=Component C91 1000uF_10V
Added Room: Name=STEP_DRIVER_V3.0
