Added Component: Designator=C9(CAP-1206)
Added Component: Designator=C11(CAP-1206)
Added Component: Designator=C12(CAP-1206)
Added Component: Designator=C13(CAP-1206)
Added Component: Designator=C14(CAP-1206)
Added Component: Designator=C15(CAP-1206)
Added Component: Designator=C16(CAP-1206)
Added Component: Designator=C24(CAP-1206)
Added Component: Designator=C25(CAP-1206)
Added Component: Designator=C29(CAP-1206)
Added Component: Designator=C30(CAP-1206)
Added Component: Designator=C31(CAP-1206)
Added Component: Designator=C32(CAP-1206)
Added Component: Designator=C33(CAP-1206)
Added Component: Designator=C34(CAP-1206)
Added Component: Designator=C35(CAP-1206)
Added Component: Designator=C36(CAP-1206)
Added Component: Designator=C37(CAP-1206)
Added Pin To Net: NetName=GND Pin=C9-1
Added Pin To Net: NetName=VCC Pin=C9-2
Added Pin To Net: NetName=GND Pin=C11-1
Added Pin To Net: NetName=VCC Pin=C11-2
Added Pin To Net: NetName=NetC7_2 Pin=C12-1
Added Pin To Net: NetName=NetD1_1 Pin=C12-2
Added Pin To Net: NetName=NetD39_2 Pin=C13-1
Added Pin To Net: NetName=NetD2_1 Pin=C13-2
Added Pin To Net: NetName=NetD39_2 Pin=C14-2
Added Pin To Net: NetName=GND Pin=C15-1
Added Pin To Net: NetName=VCC Pin=C15-2
Added Pin To Net: NetName=GND Pin=C16-1
Added Pin To Net: NetName=VCC Pin=C16-2
Added Pin To Net: NetName=NetD33_2 Pin=C24-1
Added Pin To Net: NetName=NetD10_1 Pin=C24-2
Added Pin To Net: NetName=GND Pin=C25-1
Added Pin To Net: NetName=VCC Pin=C25-2
Added Pin To Net: NetName=NetD35_2 Pin=C29-1
Added Pin To Net: NetName=NetD11_1 Pin=C29-2
Added Pin To Net: NetName=GND Pin=C30-1
Added Pin To Net: NetName=VCC Pin=C30-2
Added Pin To Net: NetName=NetD43_2 Pin=C31-1
Added Pin To Net: NetName=NetD12_1 Pin=C31-2
Added Pin To Net: NetName=NetD35_2 Pin=C32-2
Added Pin To Net: NetName=NetD43_2 Pin=C33-2
Added Pin To Net: NetName=GND Pin=C34-1
Added Pin To Net: NetName=VCC Pin=C34-2
Added Pin To Net: NetName=NetD37_2 Pin=C35-1
Added Pin To Net: NetName=NetD19_1 Pin=C35-2
Added Pin To Net: NetName=GND Pin=C36-1
Added Pin To Net: NetName=VCC Pin=C36-2
Added Pin To Net: NetName=NetD45_2 Pin=C37-1
Added Pin To Net: NetName=NetD20_1 Pin=C37-2
Added Pin To Net: NetName=+5 Pin=D23-8
Change Net Name : Old Net Name=NetD1_1 New Net Name=NetC12_2
Change Net Name : Old Net Name=NetD2_1 New Net Name=NetC13_2
Change Net Name : Old Net Name=NetD10_1 New Net Name=NetC24_2
Change Net Name : Old Net Name=NetD11_1 New Net Name=NetC29_2
Change Net Name : Old Net Name=NetD12_1 New Net Name=NetC31_2
Change Net Name : Old Net Name=NetD19_1 New Net Name=NetC35_2
Change Net Name : Old Net Name=NetD20_1 New Net Name=NetC37_2
Change Net Name : Old Net Name=NetD33_2 New Net Name=NetC24_1
Change Net Name : Old Net Name=NetD35_2 New Net Name=NetC29_1
Change Net Name : Old Net Name=NetD37_2 New Net Name=NetC35_1
Change Net Name : Old Net Name=NetD39_2 New Net Name=NetC13_1
Change Net Name : Old Net Name=NetD43_2 New Net Name=NetC31_1
Change Net Name : Old Net Name=NetD45_2 New Net Name=NetC37_1
Added Pin To Net: NetName=NetC14_1 Pin=C14-1
Added Pin To Net: NetName=NetC14_1 Pin=R61-1
Added Net: Name=NetC14_1
Added Pin To Net: NetName=NetC32_1 Pin=C32-1
Added Pin To Net: NetName=NetC32_1 Pin=R120-1
Added Net: Name=NetC32_1
Added Pin To Net: NetName=NetC33_1 Pin=C33-1
Added Pin To Net: NetName=NetC33_1 Pin=R62-1
Added Net: Name=NetC33_1
Added Member To Class: ClassName=STEP_DRIVER_V3.0 Member=Component C9 CAP-NON-POLAR
Added Member To Class: ClassName=STEP_DRIVER_V3.0 Member=Component C11 CAP-NON-POLAR
Added Member To Class: ClassName=STEP_DRIVER_V3.0 Member=Component C12 CAP-NON-POLAR
Added Member To Class: ClassName=STEP_DRIVER_V3.0 Member=Component C13 CAP-NON-POLAR
Added Member To Class: ClassName=STEP_DRIVER_V3.0 Member=Component C14 CAP-NON-POLAR
Added Member To Class: ClassName=STEP_DRIVER_V3.0 Member=Component C15 CAP-NON-POLAR
Added Member To Class: ClassName=STEP_DRIVER_V3.0 Member=Component C16 CAP-NON-POLAR
Added Member To Class: ClassName=STEP_DRIVER_V3.0 Member=Component C24 CAP-NON-POLAR
Added Member To Class: ClassName=STEP_DRIVER_V3.0 Member=Component C25 CAP-NON-POLAR
Added Member To Class: ClassName=STEP_DRIVER_V3.0 Member=Component C29 CAP-NON-POLAR
Added Member To Class: ClassName=STEP_DRIVER_V3.0 Member=Component C30 CAP-NON-POLAR
Added Member To Class: ClassName=STEP_DRIVER_V3.0 Member=Component C31 CAP-NON-POLAR
Added Member To Class: ClassName=STEP_DRIVER_V3.0 Member=Component C32 CAP-NON-POLAR
Added Member To Class: ClassName=STEP_DRIVER_V3.0 Member=Component C33 CAP-NON-POLAR
Added Member To Class: ClassName=STEP_DRIVER_V3.0 Member=Component C34 CAP-NON-POLAR
Added Member To Class: ClassName=STEP_DRIVER_V3.0 Member=Component C35 CAP-NON-POLAR
Added Member To Class: ClassName=STEP_DRIVER_V3.0 Member=Component C36 CAP-NON-POLAR
Added Member To Class: ClassName=STEP_DRIVER_V3.0 Member=Component C37 CAP-NON-POLAR
Added Room: Name=STEP_DRIVER_V3.0
