Removed Pin From Net: NetName=GND Pin=C43-1
Removed Pin From Net: NetName=V_PS Pin=J14-1
Removed Pin From Net: NetName=V_PS Pin=J14-1
Removed Pin From Net: NetName=V_PS Pin=J14-1
Removed Pin From Net: NetName=V_PS Pin=J14-1
Removed Pin From Net: NetName=V_PS Pin=J16-1
Removed Pin From Net: NetName=V_PS Pin=J17-1
Removed Pin From Net: NetName=V_PS Pin=J17-1
Removed Pin From Net: NetName=V_PS Pin=J17-1
Removed Pin From Net: NetName=V_PS Pin=J17-1
Removed Pin From Net: NetName=V_BAT Pin=U13-5
Added Pin To Net: NetName=V_BAT Pin=C38-2
Added Pin To Net: NetName=V_BAT Pin=L3-2
Added Pin To Net: NetName=V_BAT Pin=TP6-1
Added Pin To Net: NetName=V_PS Pin=U13-5
Added Pin To Net: NetName=NetJ14_1 Pin=J14-1
Added Pin To Net: NetName=NetJ14_1 Pin=J14-1
Added Pin To Net: NetName=NetJ14_1 Pin=J14-1
Added Pin To Net: NetName=NetJ14_1 Pin=J14-1
Added Pin To Net: NetName=NetJ14_1 Pin=J16-1
Added Pin To Net: NetName=NetJ14_1 Pin=J17-1
Added Pin To Net: NetName=NetJ14_1 Pin=J17-1
Added Pin To Net: NetName=NetJ14_1 Pin=J17-1
Added Pin To Net: NetName=NetJ14_1 Pin=J17-1
Added Pin To Net: NetName=NetJ14_1 Pin=U13-4
Added Net: Name=NetJ14_1
Added Member To Class: ClassName=STEP_DRIVER_V3.0 Member=Component C39 1500uF_100V
Added Room: Name=STEP_DRIVER_V3.0
