Removed Pin From Net: NetName=NetC14_2 Pin=R63-2
Removed Pin From Net: NetName=NetC32_2 Pin=R64-2
Removed Pin From Net: NetName=GND Pin=R66-1
Removed Pin From Net: NetName=NetC75_2 Pin=R66-2
Removed Pin From Net: NetName=GND Pin=R67-1
Removed Pin From Net: NetName=NetC76_2 Pin=R67-2
Removed Pin From Net: NetName=GND Pin=R107-1
Removed Pin From Net: NetName=NetC75_2 Pin=R107-2
Removed Pin From Net: NetName=GND Pin=R109-1
Removed Pin From Net: NetName=NetC76_2 Pin=R109-2
Removed Member From Class: ClassName=STEP_DRIVER_V3.0 Member=R66
Removed Member From Class: ClassName=STEP_DRIVER_V3.0 Member=R67
Removed Member From Class: ClassName=STEP_DRIVER_V3.0 Member=R107
Removed Member From Class: ClassName=STEP_DRIVER_V3.0 Member=R109
Change Component Footprint: Designator=R29 Old Footprint=FP-SQP500-MFG New Footprint=RES-3921
Change Component Footprint: Designator=R32 Old Footprint=FP-SQP500-MFG New Footprint=RES-3921
Change Component Footprint: Designator=R63 Old Footprint=FP-SQP500-MFG New Footprint=RES-3921
Change Component Footprint: Designator=R64 Old Footprint=FP-SQP500-MFG New Footprint=RES-3921
Change Component Comment : Designator=R29 Old Comment=SQP500JB-R91 New Comment=RES-CONST
Change Component Comment : Designator=R32 Old Comment=SQP500JB-R91 New Comment=RES-CONST
Change Component Comment : Designator=R63 Old Comment=SQP500JB-R91 New Comment=RES-CONST
Change Component Comment : Designator=R64 Old Comment=SQP500JB-R91 New Comment=RES-CONST
Change Managed Component Library Link : Designator=R29 Old VaultGUID=B7D15EC3-160A-466F-A46C-7801FE6295A7 New VaultGUID= Old ItemGUID=7318B419-1D7E-431C-BBEE-F111AD8CF892 New ItemGUID= Old RevisionGUID=7AC611D3-8467-418A-B6F9-9B7C7429FDF1 New RevisionGUID=
Change Managed Component Library Link : Designator=R32 Old VaultGUID=B7D15EC3-160A-466F-A46C-7801FE6295A7 New VaultGUID= Old ItemGUID=7318B419-1D7E-431C-BBEE-F111AD8CF892 New ItemGUID= Old RevisionGUID=7AC611D3-8467-418A-B6F9-9B7C7429FDF1 New RevisionGUID=
Change Managed Component Library Link : Designator=R63 Old VaultGUID=B7D15EC3-160A-466F-A46C-7801FE6295A7 New VaultGUID= Old ItemGUID=7318B419-1D7E-431C-BBEE-F111AD8CF892 New ItemGUID= Old RevisionGUID=7AC611D3-8467-418A-B6F9-9B7C7429FDF1 New RevisionGUID=
Change Managed Component Library Link : Designator=R64 Old VaultGUID=B7D15EC3-160A-466F-A46C-7801FE6295A7 New VaultGUID= Old ItemGUID=7318B419-1D7E-431C-BBEE-F111AD8CF892 New ItemGUID= Old RevisionGUID=7AC611D3-8467-418A-B6F9-9B7C7429FDF1 New RevisionGUID=
Change component parameters: Designator = "R29" ("R29"); Footprint = "FP-SQP500-MFG"; UniqueID = "\GISYSZAC" ("\GISYSZAC")
Change component parameters: Designator = "R32" ("R32"); Footprint = "FP-SQP500-MFG"; UniqueID = "\RYLHMLZR" ("\RYLHMLZR")
Change component parameters: Designator = "R63" ("R63"); Footprint = "FP-SQP500-MFG"; UniqueID = "\JPWEONXD" ("\JPWEONXD")
Change component parameters: Designator = "R64" ("R64"); Footprint = "FP-SQP500-MFG"; UniqueID = "\QNOOZQPN" ("\QNOOZQPN")
Added Pin To Net: NetName=NetC76_2 Pin=R63-2
Added Room: Name=STEP_DRIVER_V3.0
