Removed Pin From Net: NetName=+5 Pin=P8-3
Removed Pin From Net: NetName=+5 Pin=P9-3
Removed Pin From Net: NetName=+5 Pin=P10-3
Removed Pin From Net: NetName=+5 Pin=P11-3
Removed Pin From Net: NetName=+5 Pin=R87-2
Removed Pin From Net: NetName=+5 Pin=R88-2
Removed Pin From Net: NetName=+5 Pin=R99-2
Removed Pin From Net: NetName=+5 Pin=R100-2
Removed Pin From Net: NetName=+5 Pin=RP6-1
Removed Pin From Net: NetName=+5 Pin=RP7-1
Removed Pin From Net: NetName=+5 Pin=RP8-1
Removed Pin From Net: NetName=+5 Pin=RP9-1
Removed Pin From Net: NetName=+5 Pin=TP13-1
Removed Pin From Net: NetName=+5 Pin=TP14-1
Added Pin To Net: NetName=+5V Pin=P8-3
Added Pin To Net: NetName=+5V Pin=P9-3
Added Pin To Net: NetName=+5V Pin=P10-3
Added Pin To Net: NetName=+5V Pin=P11-3
Added Pin To Net: NetName=+5V Pin=R87-2
Added Pin To Net: NetName=+5V Pin=R88-2
Added Pin To Net: NetName=+5V Pin=R99-2
Added Pin To Net: NetName=+5V Pin=R100-2
Added Pin To Net: NetName=+5V Pin=RP6-1
Added Pin To Net: NetName=+5V Pin=RP7-1
Added Pin To Net: NetName=+5V Pin=RP8-1
Added Pin To Net: NetName=+5V Pin=RP9-1
Added Pin To Net: NetName=+5V Pin=TP13-1
Added Pin To Net: NetName=+5V Pin=TP14-1
Added Room: Name=STEP_DRIVER_V3.0
