Removed Pin From Net: NetName=NetC7_1 Pin=J3-1
Removed Pin From Net: NetName=NetC41_1 Pin=J3-2
Removed Pin From Net: NetName=NetC12_1 Pin=J8-1
Removed Pin From Net: NetName=NetC24_1 Pin=J8-2
Removed Pin From Net: NetName=NetC29_1 Pin=J9-1
Removed Pin From Net: NetName=NetC35_1 Pin=J9-2
Removed Pin From Net: NetName=NetC31_1 Pin=J10-1
Removed Pin From Net: NetName=NetC37_1 Pin=J10-2
Removed Pin From Net: NetName=NetJ14_1 Pin=J16-1
Removed Pin From Net: NetName=GND Pin=J16-2
Removed Pin From Net: NetName=V_BAT Pin=VD1-1
Removed Pin From Net: NetName=NetC12_1 Pin=VD1-2
Removed Pin From Net: NetName=V_BAT Pin=VD2-1
Removed Pin From Net: NetName=NetC7_1 Pin=VD2-2
Removed Pin From Net: NetName=NetC12_1 Pin=VD3-1
Removed Pin From Net: NetName=NetC14_1 Pin=VD3-2
Removed Pin From Net: NetName=NetC7_1 Pin=VD4-1
Removed Pin From Net: NetName=NetC32_1 Pin=VD4-2
Removed Pin From Net: NetName=V_BAT Pin=VD5-1
Removed Pin From Net: NetName=NetC24_1 Pin=VD5-2
Removed Pin From Net: NetName=V_BAT Pin=VD6-1
Removed Pin From Net: NetName=NetC41_1 Pin=VD6-2
Removed Pin From Net: NetName=NetC41_1 Pin=VD7-1
Removed Pin From Net: NetName=NetC32_1 Pin=VD7-2
Removed Pin From Net: NetName=NetC24_1 Pin=VD8-1
Removed Pin From Net: NetName=NetC14_1 Pin=VD8-2
Removed Pin From Net: NetName=V_BAT Pin=VD9-1
Removed Pin From Net: NetName=NetC31_1 Pin=VD9-2
Removed Pin From Net: NetName=V_BAT Pin=VD10-1
Removed Pin From Net: NetName=NetC29_1 Pin=VD10-2
Removed Pin From Net: NetName=NetC29_1 Pin=VD11-1
Removed Pin From Net: NetName=NetC75_1 Pin=VD11-2
Removed Pin From Net: NetName=NetC31_1 Pin=VD12-1
Removed Pin From Net: NetName=NetC76_1 Pin=VD12-2
Removed Pin From Net: NetName=V_BAT Pin=VD13-1
Removed Pin From Net: NetName=NetC35_1 Pin=VD13-2
Removed Pin From Net: NetName=V_BAT Pin=VD14-1
Removed Pin From Net: NetName=NetC37_1 Pin=VD14-2
Removed Pin From Net: NetName=NetC35_1 Pin=VD15-1
Removed Pin From Net: NetName=NetC75_1 Pin=VD15-2
Removed Pin From Net: NetName=NetC37_1 Pin=VD16-1
Removed Pin From Net: NetName=NetC76_1 Pin=VD16-2
Removed Member From Class: ClassName=STEP_DRIVER_V3.0 Member=J16
Removed Member From Class: ClassName=HV Member=NetJ14_1
Change Component Footprint: Designator=J3 Old Footprint=DEGSON_DG25 New Footprint=Conn_Tianli_T-800
Change Component Footprint: Designator=J8 Old Footprint=DEGSON_DG25 New Footprint=Conn_Tianli_T-800
Change Component Footprint: Designator=J9 Old Footprint=DEGSON_DG25 New Footprint=Conn_Tianli_T-800
Change Component Footprint: Designator=J10 Old Footprint=DEGSON_DG25 New Footprint=Conn_Tianli_T-800
Change Component Footprint: Designator=VD1 Old Footprint=DO-214AB New Footprint=DO201AB
Change Component Footprint: Designator=VD2 Old Footprint=DO-214AB New Footprint=DO201AB
Change Component Footprint: Designator=VD3 Old Footprint=DO-214AB New Footprint=DO201AB
Change Component Footprint: Designator=VD4 Old Footprint=DO-214AB New Footprint=DO201AB
Change Component Footprint: Designator=VD5 Old Footprint=DO-214AB New Footprint=DO201AB
Change Component Footprint: Designator=VD6 Old Footprint=DO-214AB New Footprint=DO201AB
Change Component Footprint: Designator=VD7 Old Footprint=DO-214AB New Footprint=DO201AB
Change Component Footprint: Designator=VD8 Old Footprint=DO-214AB New Footprint=DO201AB
Change Component Footprint: Designator=VD9 Old Footprint=DO-214AB New Footprint=DO201AB
Change Component Footprint: Designator=VD10 Old Footprint=DO-214AB New Footprint=DO201AB
Change Component Footprint: Designator=VD11 Old Footprint=DO-214AB New Footprint=DO201AB
Change Component Footprint: Designator=VD12 Old Footprint=DO-214AB New Footprint=DO201AB
Change Component Footprint: Designator=VD13 Old Footprint=DO-214AB New Footprint=DO201AB
Change Component Footprint: Designator=VD14 Old Footprint=DO-214AB New Footprint=DO201AB
Change Component Footprint: Designator=VD15 Old Footprint=DO-214AB New Footprint=DO201AB
Change Component Footprint: Designator=VD16 Old Footprint=DO-214AB New Footprint=DO201AB
Change Component Comment : Designator=J3 Old Comment=DEGSON New Comment=TL-800
Change Component Comment : Designator=J8 Old Comment=DEGSON New Comment=TL-800
Change Component Comment : Designator=J9 Old Comment=DEGSON New Comment=TL-800
Change Component Comment : Designator=J10 Old Comment=DEGSON New Comment=TL-800
Added Component: Designator=C59(FP-C0805C-DN-MFG)
Added Component: Designator=C65(FP-C0805C-DN-MFG)
Added Component: Designator=C66(FP-C0805C-DN-MFG)
Added Component: Designator=C67(FP-C0805C-DN-MFG)
Added Component: Designator=C68(FP-C0805C-DN-MFG)
Added Component: Designator=C85(FP-C0805C-DN-MFG)
Added Component: Designator=C89(FP-C0805C-DN-MFG)
Added Component: Designator=C92(FP-C0805C-DN-MFG)
Added Component: Designator=C93(FP-C0805C-DN-MFG)
Added Component: Designator=C94(FP-C0805C-DN-MFG)
Added Component: Designator=C95(FP-C0805C-DN-MFG)
Added Component: Designator=C96(FP-C0805C-DN-MFG)
Added Component: Designator=D33(FP-SOD323-MFG)
Added Component: Designator=J15(Conn_Tianli_T-800)
Added Component: Designator=R127(FP-CRCW0805-e3-IPC_A)
Added Component: Designator=R128(FP-CRCW0805-e3-IPC_A)
Added Component: Designator=R129(FP-CRCW0805-e3-IPC_A)
Added Component: Designator=R130(FP-CRCW0805-e3-IPC_A)
Added Component: Designator=R131(FP-CRCW0805-e3-IPC_A)
Added Component: Designator=R132(FP-CRCW0805-e3-IPC_A)
Added Component: Designator=R133(FP-CRCW0805-e3-IPC_A)
Added Component: Designator=R134(FP-CRCW0805-e3-IPC_A)
Added Component: Designator=R135(FP-CRCW0805-e3-IPC_A)
Added Component: Designator=R136(FP-CRCW0805-e3-IPC_A)
Added Component: Designator=R137(FP-CRCW0805-e3-IPC_A)
Added Component: Designator=R138(FP-CRCW0805-e3-IPC_A)
Added Component: Designator=R139(FP-CRCW0805-e3-IPC_A)
Added Component: Designator=R140(FP-CRCW0805-e3-IPC_A)
Added Component: Designator=R141(FP-CRCW0805-e3-IPC_A)
Added Component: Designator=R142(FP-CRCW0805-e3-IPC_A)
Added Component: Designator=U2(FP-B0505S-1WR3-MFG)
Added Pin To Net: NetName=GND Pin=J3-1
Added Pin To Net: NetName=GND Pin=J3-1
Added Pin To Net: NetName=NetJ14_1 Pin=J3-2
Added Pin To Net: NetName=NetJ14_1 Pin=J3-2
Added Pin To Net: NetName=NetC24_1 Pin=J8-1
Added Pin To Net: NetName=NetC24_1 Pin=J8-1
Added Pin To Net: NetName=NetC12_1 Pin=J8-2
Added Pin To Net: NetName=NetC12_1 Pin=J8-2
Added Pin To Net: NetName=NetC41_1 Pin=J9-1
Added Pin To Net: NetName=NetC41_1 Pin=J9-1
Added Pin To Net: NetName=NetC7_1 Pin=J9-2
Added Pin To Net: NetName=NetC7_1 Pin=J9-2
Added Pin To Net: NetName=NetC35_1 Pin=J10-1
Added Pin To Net: NetName=NetC35_1 Pin=J10-1
Added Pin To Net: NetName=NetC29_1 Pin=J10-2
Added Pin To Net: NetName=NetC29_1 Pin=J10-2
Added Pin To Net: NetName=NetC37_1 Pin=J15-1
Added Pin To Net: NetName=NetC37_1 Pin=J15-1
Added Pin To Net: NetName=NetC31_1 Pin=J15-2
Added Pin To Net: NetName=NetC31_1 Pin=J15-2
Added Pin To Net: NetName=NetC12_1 Pin=VD1-1
Added Pin To Net: NetName=V_BAT Pin=VD1-2
Added Pin To Net: NetName=NetC7_1 Pin=VD2-1
Added Pin To Net: NetName=NetC32_1 Pin=VD3-1
Added Pin To Net: NetName=NetC7_1 Pin=VD3-2
Added Pin To Net: NetName=NetC14_1 Pin=VD4-1
Added Pin To Net: NetName=NetC12_1 Pin=VD4-2
Added Pin To Net: NetName=NetC24_1 Pin=VD5-1
Added Pin To Net: NetName=V_BAT Pin=VD5-2
Added Pin To Net: NetName=NetC14_1 Pin=VD7-1
Added Pin To Net: NetName=NetC24_1 Pin=VD7-2
Added Pin To Net: NetName=NetC29_1 Pin=VD9-1
Added Pin To Net: NetName=NetC31_1 Pin=VD10-1
Added Pin To Net: NetName=V_BAT Pin=VD10-2
Added Pin To Net: NetName=NetC75_1 Pin=VD11-1
Added Pin To Net: NetName=NetC29_1 Pin=VD11-2
Added Pin To Net: NetName=NetC76_1 Pin=VD12-1
Added Pin To Net: NetName=NetC31_1 Pin=VD12-2
Added Pin To Net: NetName=NetC37_1 Pin=VD13-1
Added Pin To Net: NetName=V_BAT Pin=VD13-2
Added Pin To Net: NetName=NetC35_1 Pin=VD14-1
Added Pin To Net: NetName=V_BAT Pin=VD14-2
Added Pin To Net: NetName=NetC76_1 Pin=VD15-1
Added Pin To Net: NetName=NetC37_1 Pin=VD15-2
Added Pin To Net: NetName=NetC35_1 Pin=VD16-2
Change Net Name : Old Net Name=NetJ14_1 New Net Name=NetJ3_2
Added Member To Class: ClassName=STEP_DRIVER_V3.0 Member=Component J15 TL-800
Added Member To Class: ClassName=HV Member=Wire NetC7_1
Added Member To Class: ClassName=HV Member=Wire NetC14_1
Added Member To Class: ClassName=HV Member=Wire NetC32_1
Added Member To Class: ClassName=HV Member=Wire NetJ3_2
Added Room: Name=STEP_DRIVER_V3.0
