FILE_TYPE=LIBRARY_PARTS;
PRIMITIVE '1N5349BRLG','1N5349BRLG_Diodes, Axial Diameter Horizontal Mounting';
  PIN
    'K':
      PIN_NUMBER='(1)';
      NO_LOAD_CHECK=BOTH;
      NO_IO_CHECK=BOTH;
      ALLOW_CONNECT=TRUE;
      PINUSE='UNSPEC';
    'A':
      PIN_NUMBER='(2)';
      NO_LOAD_CHECK=BOTH;
      NO_IO_CHECK=BOTH;
      ALLOW_CONNECT=TRUE;
      PINUSE='UNSPEC';
  END_PIN;
  BODY
    PART_NAME='1N5349BRLG';
    PHYS_DES_PREFIX='Z';
    NO_LOAD_CHECK='TRUE';
    PIN_COUNT='2';
    BODY_NAME='1N5349BRLG';
    JEDEC_TYPE='DIOAD2260W109L864D349';
  END_BODY;
END_PRIMITIVE;
END.
