Added Component: Designator=C3(CAP-1206)
Added Component: Designator=C4(CAP-1206)
Added Component: Designator=C5(CAP-1206)
Added Component: Designator=C11(CAP-1206)
Added Component: Designator=C12(CAP-1206)
Added Component: Designator=C13(CAP-1206)
Added Component: Designator=C14(CAP-1206)
Added Component: Designator=C15(CAP-1206)
Added Component: Designator=C16(CAP-1206)
Added Component: Designator=C17(FP-C0805C-DN-MFG)
Add component (AddParameter): Name = "Automotive"; Value = "No"; VariantName = "[No Variations]"
Add component (AddParameter): Name = "Capacitance"; Value = "0.22 ?F"; VariantName = "[No Variations]"
Add component (AddParameter): Name = "Category"; Value = "Cap"; VariantName = "[No Variations]"
Add component (AddParameter): Name = "ComponentLink2Description"; Value = "Datasheet"; VariantName = "[No Variations]"
Add component (AddParameter): Name = "ComponentLink2URL"; Value = "https://content.kemet.com/datasheets/KEM_C1003_C0G_SMD.pdf"; VariantName = "[No Variations]"
Add component (AddParameter): Name = "Device Class L1"; Value = "Passive Components"; VariantName = "[No Variations]"
Add component (AddParameter): Name = "Device Class L2"; Value = "Capacitors"; VariantName = "[No Variations]"
Add component (AddParameter): Name = "Device Class L3"; Value = "Ceramic Capacitors"; VariantName = "[No Variations]"
Add component (AddParameter): Name = "Digikey Description"; Value = "CAP CER 0.22UF 50V X7R 0805"; VariantName = "[No Variations]"
Add component (AddParameter): Name = "Height"; Value = "0.88mm"; VariantName = "[No Variations]"
Add component (AddParameter): Name = "Ipc Land Pattern Name"; Value = "CAPC200125X78"; VariantName = "[No Variations]"
Add component (AddParameter): Name = "Lead Free"; Value = "Yes"; VariantName = "[No Variations]"
Add component (AddParameter): Name = "Manufacturer"; Value = "KEMET"; VariantName = "[No Variations]"
Add component (AddParameter): Name = "Manufacturer Part Number"; Value = "C0805C224K5RACTU"; VariantName = "[No Variations]"
Add component (AddParameter): Name = "Material"; Value = "Ceramic"; VariantName = "[No Variations]"
Add component (AddParameter): Name = "Mouser Description"; Value = "CAP CER 0.22UF 50V X7R 0805"; VariantName = "[No Variations]"
Add component (AddParameter): Name = "Octopart"; Value = "https://octopart.com/c0805c224k5ractu-kemet-144670"; VariantName = "[No Variations]"
Add component (AddParameter): Name = "Package"; Value = "C0805C-DN"; VariantName = "[No Variations]"
Add component (AddParameter): Name = "RoHS"; Value = "TRUE"; VariantName = "[No Variations]"
Add component (AddParameter): Name = "Temperature"; Value = "-55°C to +125°C"; VariantName = "[No Variations]"
Add component (AddParameter): Name = "Temperature Characteristic"; Value = "X7R"; VariantName = "[No Variations]"
Add component (AddParameter): Name = "Temperature Coefficient"; Value = "30ppm/°C"; VariantName = "[No Variations]"
Add component (AddParameter): Name = "Temperature Range High"; Value = "+125°C"; VariantName = "[No Variations]"
Add component (AddParameter): Name = "Temperature Range Low"; Value = "-55°C"; VariantName = "[No Variations]"
Add component (AddParameter): Name = "Tolerance"; Value = "0.1"; VariantName = "[No Variations]"
Add component (AddParameter): Name = "Value"; Value = "0.22 ?F"; VariantName = "[No Variations]"
Add component (AddParameter): Name = "Voltage Rating"; Value = "50 V"; VariantName = "[No Variations]"
Added Component: Designator=C20(CAP-1206)
Added Component: Designator=C21(CAP-1206)
Added Component: Designator=C22(CAP-1206)
Added Component: Designator=C23(CAP-1206)
Added Component: Designator=C24(CAP-1206)
Added Component: Designator=C25(CAP-1206)
Added Component: Designator=C29(CAP-1206)
Added Component: Designator=R67(Vishay_CRCW0805-e3_IPC_A)
Added Component: Designator=TP47(Test_Point)
Added Component: Designator=TP48(Test_Point)
Added Component: Designator=TP49(Test_Point)
Added Component: Designator=TP50(Test_Point)
Added Component: Designator=TP51(Test_Point)
Added Component: Designator=TP52(Test_Point)
Added Component: Designator=TP53(Test_Point)
Added Component: Designator=TP54(Test_Point)
Added Component: Designator=TP55(Test_Point)
Added Component: Designator=TP56(Test_Point)
Added Component: Designator=TP57(Test_Point)
Added Component: Designator=U13(ADI-RW-16_M)
Add component (AddParameter): Name = "Code_JEDEC"; Value = "MS-013-AA"; VariantName = "[No Variations]"
Add component (AddParameter): Name = "ComponentLink1Description"; Value = "Manufacturer URL"; VariantName = "[No Variations]"
Add component (AddParameter): Name = "ComponentLink1URL"; Value = "http://www.analog.com/en/index.html"; VariantName = "[No Variations]"
Add component (AddParameter): Name = "ComponentLink2Description"; Value = "Datasheet"; VariantName = "[No Variations]"
Add component (AddParameter): Name = "ComponentLink2URL"; Value = "http://www.analog.com/static/imported-files/data_sheets/ADuM1400_1401_1402.pdf"; VariantName = "[No Variations]"
Add component (AddParameter): Name = "ComponentLink3Description"; Value = "Package Specification"; VariantName = "[No Variations]"
Add component (AddParameter): Name = "ComponentLink3URL"; Value = "http://www.analog.com/static/imported-files/packages/PKG_PDF/SOIC_WIDE%20%28RW%29/RW_16.pdf"; VariantName = "[No Variations]"
Add component (AddParameter): Name = "ComponentLink4Description"; Value = "URL Link1"; VariantName = "[No Variations]"
Add component (AddParameter): Name = "ComponentLink4URL"; Value = "Product URL:http://www.analog.com/en/interface-isolation/digital-isolators/adum1401/products/product.html"; VariantName = "[No Variations]"
Add component (AddParameter): Name = "ComponentLink5Description"; Value = "URL Link2"; VariantName = "[No Variations]"
Add component (AddParameter): Name = "ComponentLink5URL"; Value = "Reference Circuit:http://www.analog.com/en/interface-isolation/digital-isolators/adum1401/products/product.html#product-recommendations"; VariantName = "[No Variations]"
Add component (AddParameter): Name = "DatasheetVersion"; Value = "Rev. H"; VariantName = "[No Variations]"
Add component (AddParameter): Name = "Manufacturer"; Value = "Analog Devices"; VariantName = "[No Variations]"
Add component (AddParameter): Name = "Max Data Rate"; Value = "10Mbps"; VariantName = "[No Variations]"
Add component (AddParameter): Name = "Max Operating Temp (degreesC)"; Value = "125"; VariantName = "[No Variations]"
Add component (AddParameter): Name = "Mounting Technology"; Value = "Surface Mount"; VariantName = "[No Variations]"
Add component (AddParameter): Name = "PackageDescription"; Value = "16-Pin Standard Small Outline Package, Body 10.3 x 7.5 mm, Pitch 1.27 mm"; VariantName = "[No Variations]"
Add component (AddParameter): Name = "PackageReference"; Value = "RW-16"; VariantName = "[No Variations]"
Add component (AddParameter): Name = "PackageVersion"; Value = "032707-B, 03/2007"; VariantName = "[No Variations]"
Add component (AddParameter): Name = "PartNumber"; Value = "ADUM1401BRWZ"; VariantName = "[No Variations]"
Added Pin To Net: NetName=GND Pin=C3-1
Added Pin To Net: NetName=VCC Pin=C3-2
Added Pin To Net: NetName=GND Pin=C4-1
Added Pin To Net: NetName=VCC Pin=C4-2
Added Pin To Net: NetName=NetC5_1 Pin=C5-1
Added Pin To Net: NetName=NetC5_2 Pin=C5-2
Added Pin To Net: NetName=NetC11_1 Pin=C11-1
Added Pin To Net: NetName=NetC11_2 Pin=C11-2
Added Pin To Net: NetName=NetC12_1 Pin=C12-1
Added Pin To Net: NetName=NetC12_2 Pin=C12-2
Added Pin To Net: NetName=NetC13_1 Pin=C13-1
Added Pin To Net: NetName=NetC13_2 Pin=C13-2
Added Pin To Net: NetName=GND Pin=C14-1
Added Pin To Net: NetName=VCC Pin=C14-2
Added Pin To Net: NetName=GND Pin=C15-1
Added Pin To Net: NetName=VCC Pin=C15-2
Added Pin To Net: NetName=GND Pin=C16-1
Added Pin To Net: NetName=VCC Pin=C16-2
Added Pin To Net: NetName=+5V_ISO Pin=C17-1
Added Pin To Net: NetName=GND_2 Pin=C17-2
Added Pin To Net: NetName=GND Pin=C20-1
Added Pin To Net: NetName=VCC Pin=C20-2
Added Pin To Net: NetName=NetC21_1 Pin=C21-1
Added Pin To Net: NetName=NetC21_2 Pin=C21-2
Added Pin To Net: NetName=NetC22_1 Pin=C22-1
Added Pin To Net: NetName=NetC22_2 Pin=C22-2
Added Pin To Net: NetName=NetC23_1 Pin=C23-1
Added Pin To Net: NetName=NetC23_2 Pin=C23-2
Added Pin To Net: NetName=NetC24_1 Pin=C24-1
Added Pin To Net: NetName=NetC24_2 Pin=C24-2
Added Pin To Net: NetName=GND Pin=C25-1
Added Pin To Net: NetName=VCC Pin=C25-2
Added Pin To Net: NetName=GND Pin=C29-1
Added Pin To Net: NetName=VCC Pin=C29-2
Added Pin To Net: NetName=GND Pin=R67-1
Added Pin To Net: NetName=NetP6_5 Pin=R67-2
Added Pin To Net: NetName=+5V_ISO Pin=TP47-1
Added Pin To Net: NetName=+3V3 Pin=TP48-1
Added Pin To Net: NetName=NetR9_1 Pin=TP49-1
Added Pin To Net: NetName=NetP6_5 Pin=TP50-1
Added Pin To Net: NetName=NetP6_4 Pin=TP51-1
Added Pin To Net: NetName=NetJ2_1 Pin=TP52-1
Added Pin To Net: NetName=NetR66_2 Pin=TP53-1
Added Pin To Net: NetName=NetR8_1 Pin=TP54-1
Added Pin To Net: NetName=NetP6_3 Pin=TP55-1
Added Pin To Net: NetName=NetD28_1 Pin=TP56-1
Added Pin To Net: NetName=GND_2 Pin=TP57-1
Added Pin To Net: NetName=+5V Pin=U13-1
Added Pin To Net: NetName=GND Pin=U13-2
Added Pin To Net: NetName=NetP6_4 Pin=U13-4
Added Pin To Net: NetName=NetP6_5 Pin=U13-5
Added Pin To Net: NetName=NetP6_3 Pin=U13-6
Added Pin To Net: NetName=+5V Pin=U13-7
Added Pin To Net: NetName=GND Pin=U13-8
Added Pin To Net: NetName=GND_2 Pin=U13-9
Added Pin To Net: NetName=+5V_ISO Pin=U13-10
Added Pin To Net: NetName=NetR63_2 Pin=U13-11
Added Pin To Net: NetName=NetR66_2 Pin=U13-12
Added Pin To Net: NetName=NetR62_2 Pin=U13-13
Added Pin To Net: NetName=GND_2 Pin=U13-15
Added Pin To Net: NetName=+5V_ISO Pin=U13-16
Added Member To Class: ClassName=MOTHERBOARD Member=Component C3 CAP-NON-POLAR
Added Member To Class: ClassName=MOTHERBOARD Member=Component C4 CAP-NON-POLAR
Added Member To Class: ClassName=MOTHERBOARD Member=Component C5 CAP-NON-POLAR
Added Member To Class: ClassName=MOTHERBOARD Member=Component C11 CAP-NON-POLAR
Added Member To Class: ClassName=MOTHERBOARD Member=Component C12 CAP-NON-POLAR
Added Member To Class: ClassName=MOTHERBOARD Member=Component C13 CAP-NON-POLAR
Added Member To Class: ClassName=MOTHERBOARD Member=Component C14 CAP-NON-POLAR
Added Member To Class: ClassName=MOTHERBOARD Member=Component C15 CAP-NON-POLAR
Added Member To Class: ClassName=MOTHERBOARD Member=Component C16 CAP-NON-POLAR
Added Member To Class: ClassName=MOTHERBOARD Member=Component C17 C0805C224K5RACTU
Added Member To Class: ClassName=MOTHERBOARD Member=Component C20 CAP-NON-POLAR
Added Member To Class: ClassName=MOTHERBOARD Member=Component C21 CAP-NON-POLAR
Added Member To Class: ClassName=MOTHERBOARD Member=Component C22 CAP-NON-POLAR
Added Member To Class: ClassName=MOTHERBOARD Member=Component C23 CAP-NON-POLAR
Added Member To Class: ClassName=MOTHERBOARD Member=Component C24 CAP-NON-POLAR
Added Member To Class: ClassName=MOTHERBOARD Member=Component C25 CAP-NON-POLAR
Added Member To Class: ClassName=MOTHERBOARD Member=Component C29 CAP-NON-POLAR
Added Member To Class: ClassName=MOTHERBOARD Member=Component R67 10K
Added Member To Class: ClassName=MOTHERBOARD Member=Component TP47 Test_Point_PCB
Added Member To Class: ClassName=MOTHERBOARD Member=Component TP48 Test_Point_PCB
Added Member To Class: ClassName=MOTHERBOARD Member=Component TP49 Test_Point_PCB
Added Member To Class: ClassName=MOTHERBOARD Member=Component TP50 Test_Point_PCB
Added Member To Class: ClassName=MOTHERBOARD Member=Component TP51 Test_Point_PCB
Added Member To Class: ClassName=MOTHERBOARD Member=Component TP52 Test_Point_PCB
Added Member To Class: ClassName=MOTHERBOARD Member=Component TP53 Test_Point_PCB
Added Member To Class: ClassName=MOTHERBOARD Member=Component TP54 Test_Point_PCB
Added Member To Class: ClassName=MOTHERBOARD Member=Component TP55 Test_Point_PCB
Added Member To Class: ClassName=MOTHERBOARD Member=Component TP56 Test_Point_PCB
Added Member To Class: ClassName=MOTHERBOARD Member=Component TP57 Test_Point_PCB
Added Member To Class: ClassName=MOTHERBOARD Member=Component U13 ADUM1401BRWZ
Added Room: Name=MOTHERBOARD
