Added Component: Designator=taudu(FP-S8-5-MFG)
Add component (AddParameter): Name = "Automotive"; Value = "No"; VariantName = "[No Variations]"
Add component (AddParameter): Name = "Category"; Value = "IC"; VariantName = "[No Variations]"
Add component (AddParameter): Name = "ComponentLink2Description"; Value = "Datasheet"; VariantName = "[No Variations]"
Add component (AddParameter): Name = "ComponentLink2URL"; Value = "https://datasheets.maximintegrated.com/en/ds/MAX1487E-MAX491E.pdf"; VariantName = "[No Variations]"
Add component (AddParameter): Name = "Data Rate"; Value = "2.5Mbits/s"; VariantName = "[No Variations]"
Add component (AddParameter): Name = "Device Class L1"; Value = "Integrated Circuits (ICs)"; VariantName = "[No Variations]"
Add component (AddParameter): Name = "Device Class L2"; Value = "Interface ICs"; VariantName = "[No Variations]"
Add component (AddParameter): Name = "Device Class L3"; Value = "RS-232 / RS-422 / RS-485 Interface ICs"; VariantName = "[No Variations]"
Add component (AddParameter): Name = "Digikey Description"; Value = "IC TXRX RS485/RS422 8-SOIC"; VariantName = "[No Variations]"
Add component (AddParameter): Name = "Footprint Url"; Value = "https://pdfserv.maximintegrated.com/land_patterns/90-0096.PDF"; VariantName = "[No Variations]"
Add component (AddParameter): Name = "Height"; Value = "1.75mm"; VariantName = "[No Variations]"
Add component (AddParameter): Name = "Interface"; Value = "RS-485,RS-422"; VariantName = "[No Variations]"
Add component (AddParameter): Name = "Lead Free"; Value = "Yes"; VariantName = "[No Variations]"
Add component (AddParameter): Name = "Manufacturer"; Value = "Maxim Integrated"; VariantName = "[No Variations]"
Add component (AddParameter): Name = "Manufacturer Part Number"; Value = "MAX485ECSA+"; VariantName = "[No Variations]"
Add component (AddParameter): Name = "Max Supply Voltage"; Value = "5.25V"; VariantName = "[No Variations]"
Add component (AddParameter): Name = "Min Supply Voltage"; Value = "4.75V"; VariantName = "[No Variations]"
Add component (AddParameter): Name = "Mouser Description"; Value = "MAX485E Series 2.5 Mbps 12 V Half-Duplex SMT RS 485 Transceiver - SOIC-8"; VariantName = "[No Variations]"
Add component (AddParameter): Name = "Nominal Supply Current"; Value = "300-500uA"; VariantName = "[No Variations]"
Add component (AddParameter): Name = "Number Of Receivers"; Value = "1"; VariantName = "[No Variations]"
Add component (AddParameter): Name = "Number Of Transmitters"; Value = "1"; VariantName = "[No Variations]"
Add component (AddParameter): Name = "Octopart"; Value = "https://octopart.com/max485ecsa%2B-maxim+integrated-39397871"; VariantName = "[No Variations]"
Add component (AddParameter): Name = "Package"; Value = "S8-5"; VariantName = "[No Variations]"
Add component (AddParameter): Name = "RoHS"; Value = "TRUE"; VariantName = "[No Variations]"
Add component (AddParameter): Name = "Simplex Duplex"; Value = "Half Duplex"; VariantName = "[No Variations]"
Add component (AddParameter): Name = "Standoff Height"; Value = "0.1mm"; VariantName = "[No Variations]"
Add component (AddParameter): Name = "Temperature"; Value = "0°C to +70°C"; VariantName = "[No Variations]"
Add component (AddParameter): Name = "Temperature Range High"; Value = "+70°C"; VariantName = "[No Variations]"
Add component (AddParameter): Name = "Temperature Range Low"; Value = "0°C"; VariantName = "[No Variations]"
Added Pin To Net: NetName=NetR8_1 Pin=taudu-1
Added Pin To Net: NetName=NetR66_2 Pin=taudu-2
Added Pin To Net: NetName=NetR66_2 Pin=taudu-3
Added Pin To Net: NetName=NetR9_1 Pin=taudu-4
Added Pin To Net: NetName=GND_2 Pin=taudu-5
Added Pin To Net: NetName=NetJ2_1 Pin=taudu-6
Added Pin To Net: NetName=NetJ2_3 Pin=taudu-7
Added Pin To Net: NetName=+5V_ISO Pin=taudu-8
Added Member To Class: ClassName=MOTHERBOARD Member=Component taudu MAX485ECSA+
