Change Component Designator: OldDesignator=D? NewDesignator=D1
Change Component Designator: OldDesignator=D? NewDesignator=D2
Change Component Designator: OldDesignator=D? NewDesignator=D3
Change Component Designator: OldDesignator=D? NewDesignator=D4
Change Component Designator: OldDesignator=D? NewDesignator=D5
Change Component Designator: OldDesignator=D? NewDesignator=D6
Change Component Designator: OldDesignator=D? NewDesignator=D7
Change Component Designator: OldDesignator=D? NewDesignator=D8
Change Component Designator: OldDesignator=D? NewDesignator=D9
Change Component Designator: OldDesignator=D? NewDesignator=D10
Change Component Designator: OldDesignator=D? NewDesignator=D11
Change Component Designator: OldDesignator=D? NewDesignator=D12
Change Component Designator: OldDesignator=D? NewDesignator=D13
Change Component Designator: OldDesignator=D? NewDesignator=D14
Change Component Designator: OldDesignator=D? NewDesignator=D15
Change Component Designator: OldDesignator=D? NewDesignator=D16
Change Component Designator: OldDesignator=D? NewDesignator=D17
Change Component Designator: OldDesignator=D? NewDesignator=D18
Change Component Designator: OldDesignator=D? NewDesignator=D19
Change Component Designator: OldDesignator=D? NewDesignator=D20
Change Component Designator: OldDesignator=D? NewDesignator=D21
Change Component Designator: OldDesignator=D? NewDesignator=D24
Change Component Designator: OldDesignator=D? NewDesignator=D25
Change Component Designator: OldDesignator=D? NewDesignator=D26
Change Component Designator: OldDesignator=P? NewDesignator=P5
Change Component Designator: OldDesignator=P? NewDesignator=P6
Change Component Designator: OldDesignator=P? NewDesignator=P7
Change Component Designator: OldDesignator=R? NewDesignator=R6
Change Component Designator: OldDesignator=R? NewDesignator=R7
Change Component Designator: OldDesignator=R? NewDesignator=R11
Change Component Designator: OldDesignator=R? NewDesignator=R12
Change Component Designator: OldDesignator=R? NewDesignator=R13
Change Component Designator: OldDesignator=R? NewDesignator=R14
Change Component Designator: OldDesignator=R? NewDesignator=R15
Change Component Designator: OldDesignator=R? NewDesignator=R16
Change Component Designator: OldDesignator=R? NewDesignator=R17
Change Component Designator: OldDesignator=R? NewDesignator=R18
Change Component Designator: OldDesignator=R? NewDesignator=R19
Change Component Designator: OldDesignator=R? NewDesignator=R21
Change Component Designator: OldDesignator=R? NewDesignator=R23
Change Component Designator: OldDesignator=R? NewDesignator=R24
Change Component Designator: OldDesignator=R? NewDesignator=R25
Change Component Designator: OldDesignator=R? NewDesignator=R26
Change Component Designator: OldDesignator=R? NewDesignator=R27
Change Component Designator: OldDesignator=R? NewDesignator=R28
Change Component Designator: OldDesignator=R? NewDesignator=R29
Change Component Designator: OldDesignator=R? NewDesignator=R30
Change Component Designator: OldDesignator=R? NewDesignator=R31
Change Component Designator: OldDesignator=R? NewDesignator=R32
Change Component Designator: OldDesignator=R? NewDesignator=R33
Change Component Designator: OldDesignator=R? NewDesignator=R34
Change Component Designator: OldDesignator=R? NewDesignator=R35
Change Component Designator: OldDesignator=R? NewDesignator=R36
Change Component Designator: OldDesignator=R? NewDesignator=R37
Change Component Designator: OldDesignator=R? NewDesignator=R40
Change Component Designator: OldDesignator=R? NewDesignator=R41
Change Component Designator: OldDesignator=R? NewDesignator=R42
Change Component Designator: OldDesignator=R? NewDesignator=R43
Change Component Designator: OldDesignator=R? NewDesignator=R44
Change Component Designator: OldDesignator=R? NewDesignator=R45
Change Component Designator: OldDesignator=R? NewDesignator=R46
Change Component Designator: OldDesignator=R? NewDesignator=R47
Change Component Designator: OldDesignator=R? NewDesignator=R48
Change Component Designator: OldDesignator=R? NewDesignator=R49
Change Component Designator: OldDesignator=R? NewDesignator=R50
Change Component Designator: OldDesignator=R? NewDesignator=R51
Change Component Designator: OldDesignator=R? NewDesignator=R52
Change Component Designator: OldDesignator=R? NewDesignator=R53
Change Component Designator: OldDesignator=R? NewDesignator=R54
Change Component Designator: OldDesignator=R? NewDesignator=R55
Change Component Designator: OldDesignator=R? NewDesignator=R56
Change Component Designator: OldDesignator=R? NewDesignator=R58
Change Component Designator: OldDesignator=R? NewDesignator=R59
Change Component Designator: OldDesignator=R? NewDesignator=R60
Change Component Designator: OldDesignator=R? NewDesignator=R61
Change Component Designator: OldDesignator=TP? NewDesignator=TP1
Change Component Designator: OldDesignator=TP? NewDesignator=TP2
Change Component Designator: OldDesignator=TP? NewDesignator=TP3
Change Component Designator: OldDesignator=TP? NewDesignator=TP4
Change Component Designator: OldDesignator=TP? NewDesignator=TP5
Change Component Designator: OldDesignator=TP? NewDesignator=TP6
Change Component Designator: OldDesignator=TP? NewDesignator=TP7
Change Component Designator: OldDesignator=TP? NewDesignator=TP8
Change Component Designator: OldDesignator=TP? NewDesignator=TP9
Change Component Designator: OldDesignator=TP? NewDesignator=TP10
Change Component Designator: OldDesignator=TP? NewDesignator=TP11
Change Component Designator: OldDesignator=TP? NewDesignator=TP12
Change Component Designator: OldDesignator=TP? NewDesignator=TP23
Change Component Designator: OldDesignator=TP? NewDesignator=TP24
Change Component Designator: OldDesignator=TP? NewDesignator=TP25
Change Component Designator: OldDesignator=TP? NewDesignator=TP26
Change Component Designator: OldDesignator=TP? NewDesignator=TP27
Change Component Designator: OldDesignator=TP? NewDesignator=TP28
Change Component Designator: OldDesignator=TP? NewDesignator=TP29
Change Component Designator: OldDesignator=TP? NewDesignator=TP30
Change Component Designator: OldDesignator=TP? NewDesignator=TP31
Change Component Designator: OldDesignator=TP? NewDesignator=TP32
Change Component Designator: OldDesignator=TP? NewDesignator=TP33
Change Component Designator: OldDesignator=TP? NewDesignator=TP34
Change Component Designator: OldDesignator=TP? NewDesignator=TP35
Change Component Designator: OldDesignator=TP? NewDesignator=TP36
Change Component Designator: OldDesignator=TP? NewDesignator=TP37
Change Component Designator: OldDesignator=TP? NewDesignator=TP38
Change Component Designator: OldDesignator=TP? NewDesignator=TP39
Change Component Designator: OldDesignator=TP? NewDesignator=TP40
Change Component Designator: OldDesignator=TP? NewDesignator=TP41
Change Component Designator: OldDesignator=TP? NewDesignator=TP42
Change Component Designator: OldDesignator=TP? NewDesignator=TP43
Change Component Designator: OldDesignator=TP? NewDesignator=TP44
Change Component Designator: OldDesignator=TP? NewDesignator=TP45
Change Component Designator: OldDesignator=TP? NewDesignator=TP46
Change Net Name : Old Net Name=NetD?_1 New Net Name=NetD9_1
Change Net Name : Old Net Name=NetD?_2 New Net Name=NetD21_2
Change Net Name : Old Net Name=NetP?_3 New Net Name=NetP6_3
Change Net Name : Old Net Name=NetP?_4 New Net Name=NetP6_4
Change Net Name : Old Net Name=NetP?_5 New Net Name=NetP6_5
Change Net Name : Old Net Name=NetR?_2 New Net Name=NetR27_2
Added Net: Name=NetC5_1
Added Pin To Net: NetName=NetC5_2 Pin=D1-1
Added Pin To Net: NetName=NetC5_2 Pin=TP1-1
Added Net: Name=NetC5_2
Added Net: Name=NetC11_1
Added Pin To Net: NetName=NetC11_2 Pin=D2-1
Added Pin To Net: NetName=NetC11_2 Pin=TP2-1
Added Net: Name=NetC11_2
Added Pin To Net: NetName=NetC12_1 Pin=TP25-1
Added Net: Name=NetC12_1
Added Pin To Net: NetName=NetC12_2 Pin=D7-1
Added Pin To Net: NetName=NetC12_2 Pin=TP9-1
Added Net: Name=NetC12_2
Added Pin To Net: NetName=NetC13_1 Pin=TP26-1
Added Net: Name=NetC13_1
Added Pin To Net: NetName=NetC13_2 Pin=D8-1
Added Pin To Net: NetName=NetC13_2 Pin=TP10-1
Added Net: Name=NetC13_2
Added Net: Name=NetC21_1
Added Pin To Net: NetName=NetC21_2 Pin=D13-1
Added Pin To Net: NetName=NetC21_2 Pin=TP29-1
Added Net: Name=NetC21_2
Added Net: Name=NetC22_1
Added Pin To Net: NetName=NetC22_2 Pin=D14-1
Added Pin To Net: NetName=NetC22_2 Pin=TP30-1
Added Net: Name=NetC22_2
Added Pin To Net: NetName=NetC23_1 Pin=TP43-1
Added Net: Name=NetC23_1
Added Pin To Net: NetName=NetC23_2 Pin=D19-1
Added Pin To Net: NetName=NetC23_2 Pin=TP37-1
Added Net: Name=NetC23_2
Added Pin To Net: NetName=NetC24_1 Pin=TP44-1
Added Net: Name=NetC24_1
Added Pin To Net: NetName=NetC24_2 Pin=D20-1
Added Pin To Net: NetName=NetC24_2 Pin=TP38-1
Added Net: Name=NetC24_2
Added Pin To Net: NetName=NetD3_1 Pin=D3-1
Added Pin To Net: NetName=NetD3_1 Pin=R6-1
Added Pin To Net: NetName=NetD3_1 Pin=R11-2
Added Pin To Net: NetName=NetD3_1 Pin=TP3-1
Added Net: Name=NetD3_1
Added Pin To Net: NetName=NetD3_2 Pin=D3-2
Added Pin To Net: NetName=NetD3_2 Pin=R6-2
Added Net: Name=NetD3_2
Added Pin To Net: NetName=NetD4_1 Pin=D4-1
Added Pin To Net: NetName=NetD4_1 Pin=R7-1
Added Pin To Net: NetName=NetD4_1 Pin=R12-2
Added Pin To Net: NetName=NetD4_1 Pin=TP4-1
Added Net: Name=NetD4_1
Added Pin To Net: NetName=NetD4_2 Pin=D4-2
Added Pin To Net: NetName=NetD4_2 Pin=D5-2
Added Pin To Net: NetName=NetD4_2 Pin=R7-2
Added Pin To Net: NetName=NetD4_2 Pin=R19-1
Added Net: Name=NetD4_2
Added Pin To Net: NetName=NetD5_1 Pin=D5-1
Added Pin To Net: NetName=NetD5_1 Pin=R17-1
Added Pin To Net: NetName=NetD5_1 Pin=R19-2
Added Pin To Net: NetName=NetD5_1 Pin=TP7-1
Added Net: Name=NetD5_1
Added Pin To Net: NetName=NetD6_1 Pin=D6-1
Added Pin To Net: NetName=NetD6_1 Pin=R18-1
Added Pin To Net: NetName=NetD6_1 Pin=R21-2
Added Pin To Net: NetName=NetD6_1 Pin=TP8-1
Added Net: Name=NetD6_1
Added Pin To Net: NetName=NetD6_2 Pin=D6-2
Added Pin To Net: NetName=NetD6_2 Pin=R21-1
Added Net: Name=NetD6_2
Added Pin To Net: NetName=NetD9_2 Pin=D9-2
Added Pin To Net: NetName=NetD9_2 Pin=R23-2
Added Net: Name=NetD9_2
Added Pin To Net: NetName=NetD10_1 Pin=D10-1
Added Pin To Net: NetName=NetD10_1 Pin=R24-1
Added Pin To Net: NetName=NetD10_1 Pin=R26-2
Added Pin To Net: NetName=NetD10_1 Pin=TP12-1
Added Net: Name=NetD10_1
Added Pin To Net: NetName=NetD10_2 Pin=D10-2
Added Pin To Net: NetName=NetD10_2 Pin=R24-2
Added Net: Name=NetD10_2
Added Pin To Net: NetName=NetD11_1 Pin=D11-1
Added Pin To Net: NetName=NetD11_1 Pin=R31-1
Added Pin To Net: NetName=NetD11_1 Pin=R33-2
Added Pin To Net: NetName=NetD11_1 Pin=TP27-1
Added Net: Name=NetD11_1
Added Pin To Net: NetName=NetD11_2 Pin=D11-2
Added Pin To Net: NetName=NetD11_2 Pin=R33-1
Added Net: Name=NetD11_2
Added Pin To Net: NetName=NetD12_1 Pin=D12-1
Added Pin To Net: NetName=NetD12_1 Pin=R32-1
Added Pin To Net: NetName=NetD12_1 Pin=R34-2
Added Pin To Net: NetName=NetD12_1 Pin=TP28-1
Added Net: Name=NetD12_1
Added Pin To Net: NetName=NetD12_2 Pin=D12-2
Added Pin To Net: NetName=NetD12_2 Pin=R34-1
Added Net: Name=NetD12_2
Added Pin To Net: NetName=NetD15_1 Pin=D15-1
Added Pin To Net: NetName=NetD15_1 Pin=R35-1
Added Pin To Net: NetName=NetD15_1 Pin=R37-2
Added Pin To Net: NetName=NetD15_1 Pin=TP31-1
Added Net: Name=NetD15_1
Added Pin To Net: NetName=NetD15_2 Pin=D15-2
Added Pin To Net: NetName=NetD15_2 Pin=R35-2
Added Net: Name=NetD15_2
Added Pin To Net: NetName=NetD16_1 Pin=D16-1
Added Pin To Net: NetName=NetD16_1 Pin=R36-1
Added Pin To Net: NetName=NetD16_1 Pin=R40-2
Added Pin To Net: NetName=NetD16_1 Pin=TP32-1
Added Net: Name=NetD16_1
Added Pin To Net: NetName=NetD16_2 Pin=D16-2
Added Pin To Net: NetName=NetD16_2 Pin=R36-2
Added Net: Name=NetD16_2
Added Pin To Net: NetName=NetD17_1 Pin=D17-1
Added Pin To Net: NetName=NetD17_1 Pin=R45-1
Added Pin To Net: NetName=NetD17_1 Pin=R47-2
Added Pin To Net: NetName=NetD17_1 Pin=TP35-1
Added Net: Name=NetD17_1
Added Pin To Net: NetName=NetD17_2 Pin=D17-2
Added Pin To Net: NetName=NetD17_2 Pin=R47-1
Added Net: Name=NetD17_2
Added Pin To Net: NetName=NetD18_1 Pin=D18-1
Added Pin To Net: NetName=NetD18_1 Pin=R46-1
Added Pin To Net: NetName=NetD18_1 Pin=R48-2
Added Pin To Net: NetName=NetD18_1 Pin=TP36-1
Added Net: Name=NetD18_1
Added Pin To Net: NetName=NetD18_2 Pin=D18-2
Added Pin To Net: NetName=NetD18_2 Pin=R48-1
Added Net: Name=NetD18_2
Added Pin To Net: NetName=NetD21_1 Pin=D21-1
Added Pin To Net: NetName=NetD21_1 Pin=R49-1
Added Pin To Net: NetName=NetD21_1 Pin=R51-2
Added Pin To Net: NetName=NetD21_1 Pin=TP39-1
Added Net: Name=NetD21_1
Added Pin To Net: NetName=NetD24_1 Pin=D24-1
Added Pin To Net: NetName=NetD24_1 Pin=R50-1
Added Pin To Net: NetName=NetD24_1 Pin=R52-2
Added Pin To Net: NetName=NetD24_1 Pin=TP40-1
Added Net: Name=NetD24_1
Added Pin To Net: NetName=NetD24_2 Pin=D24-2
Added Pin To Net: NetName=NetD24_2 Pin=R50-2
Added Net: Name=NetD24_2
Added Pin To Net: NetName=NetD25_1 Pin=D25-1
Added Pin To Net: NetName=NetD25_1 Pin=R58-1
Added Pin To Net: NetName=NetD25_1 Pin=R60-2
Added Pin To Net: NetName=NetD25_1 Pin=TP45-1
Added Net: Name=NetD25_1
Added Pin To Net: NetName=NetD25_2 Pin=D25-2
Added Pin To Net: NetName=NetD25_2 Pin=R60-1
Added Net: Name=NetD25_2
Added Pin To Net: NetName=NetD26_1 Pin=D26-1
Added Pin To Net: NetName=NetD26_1 Pin=R59-1
Added Pin To Net: NetName=NetD26_1 Pin=R61-2
Added Pin To Net: NetName=NetD26_1 Pin=TP46-1
Added Net: Name=NetD26_1
Added Pin To Net: NetName=NetD26_2 Pin=D26-2
Added Pin To Net: NetName=NetD26_2 Pin=R61-1
Added Net: Name=NetD26_2
Added Pin To Net: NetName=NetP7_4 Pin=P7-4
Added Pin To Net: NetName=NetP7_4 Pin=U4-12
Added Net: Name=NetP7_4
Added Pin To Net: NetName=NetP7_5 Pin=P7-5
Added Pin To Net: NetName=NetP7_5 Pin=U4-40
Added Net: Name=NetP7_5
Added Pin To Net: NetName=NetR11_1 Pin=R11-1
Added Net: Name=NetR11_1
Added Pin To Net: NetName=NetR12_1 Pin=R12-1
Added Net: Name=NetR12_1
Added Pin To Net: NetName=NetR13_2 Pin=R13-2
Added Pin To Net: NetName=NetR13_2 Pin=TP5-1
Added Pin To Net: NetName=NetR13_2 Pin=U4-29
Added Net: Name=NetR13_2
Added Pin To Net: NetName=NetR14_2 Pin=R14-2
Added Pin To Net: NetName=NetR14_2 Pin=R16-2
Added Pin To Net: NetName=NetR14_2 Pin=R28-2
Added Pin To Net: NetName=NetR14_2 Pin=R30-2
Added Pin To Net: NetName=NetR14_2 Pin=R42-2
Added Pin To Net: NetName=NetR14_2 Pin=R44-2
Added Pin To Net: NetName=NetR14_2 Pin=R54-2
Added Pin To Net: NetName=NetR14_2 Pin=R56-2
Added Pin To Net: NetName=NetR14_2 Pin=U4-22
Added Net: Name=NetR14_2
Added Pin To Net: NetName=NetR15_2 Pin=R15-2
Added Pin To Net: NetName=NetR15_2 Pin=TP6-1
Added Pin To Net: NetName=NetR15_2 Pin=U4-30
Added Net: Name=NetR15_2
Added Pin To Net: NetName=NetR17_2 Pin=R17-2
Added Net: Name=NetR17_2
Added Pin To Net: NetName=NetR18_2 Pin=R18-2
Added Net: Name=NetR18_2
Added Pin To Net: NetName=NetR25_1 Pin=R25-1
Added Net: Name=NetR25_1
Added Pin To Net: NetName=NetR26_1 Pin=R26-1
Added Net: Name=NetR26_1
Added Pin To Net: NetName=NetR29_2 Pin=R29-2
Added Pin To Net: NetName=NetR29_2 Pin=TP24-1
Added Pin To Net: NetName=NetR29_2 Pin=U4-33
Added Net: Name=NetR29_2
Added Pin To Net: NetName=NetR31_2 Pin=R31-2
Added Net: Name=NetR31_2
Added Pin To Net: NetName=NetR32_2 Pin=R32-2
Added Net: Name=NetR32_2
Added Pin To Net: NetName=NetR37_1 Pin=R37-1
Added Net: Name=NetR37_1
Added Pin To Net: NetName=NetR40_1 Pin=R40-1
Added Net: Name=NetR40_1
Added Pin To Net: NetName=NetR41_2 Pin=R41-2
Added Pin To Net: NetName=NetR41_2 Pin=TP33-1
Added Pin To Net: NetName=NetR41_2 Pin=U4-31
Added Net: Name=NetR41_2
Added Pin To Net: NetName=NetR43_2 Pin=R43-2
Added Pin To Net: NetName=NetR43_2 Pin=TP34-1
Added Pin To Net: NetName=NetR43_2 Pin=U4-38
Added Net: Name=NetR43_2
Added Pin To Net: NetName=NetR45_2 Pin=R45-2
Added Net: Name=NetR45_2
Added Pin To Net: NetName=NetR46_2 Pin=R46-2
Added Net: Name=NetR46_2
Added Pin To Net: NetName=NetR51_1 Pin=R51-1
Added Net: Name=NetR51_1
Added Pin To Net: NetName=NetR52_1 Pin=R52-1
Added Net: Name=NetR52_1
Added Pin To Net: NetName=NetR53_2 Pin=R53-2
Added Pin To Net: NetName=NetR53_2 Pin=TP41-1
Added Pin To Net: NetName=NetR53_2 Pin=U4-28
Added Net: Name=NetR53_2
Added Pin To Net: NetName=NetR55_2 Pin=R55-2
Added Pin To Net: NetName=NetR55_2 Pin=TP42-1
Added Pin To Net: NetName=NetR55_2 Pin=U4-39
Added Net: Name=NetR55_2
Added Pin To Net: NetName=NetR58_2 Pin=R58-2
Added Net: Name=NetR58_2
Added Pin To Net: NetName=NetR59_2 Pin=R59-2
Added Net: Name=NetR59_2
Added Member To Class: ClassName=MOTHERBOARD Member=Component D1 US1G-13-F
Added Member To Class: ClassName=MOTHERBOARD Member=Component D2 US1G-13-F
Added Member To Class: ClassName=MOTHERBOARD Member=Component D3 LL4448-GS08
Added Member To Class: ClassName=MOTHERBOARD Member=Component D4 LL4448-GS08
Added Member To Class: ClassName=MOTHERBOARD Member=Component D5 LL4448-GS08
Added Member To Class: ClassName=MOTHERBOARD Member=Component D6 LL4448-GS08
Added Member To Class: ClassName=MOTHERBOARD Member=Component D7 US1G-13-F
Added Member To Class: ClassName=MOTHERBOARD Member=Component D8 US1G-13-F
Added Member To Class: ClassName=MOTHERBOARD Member=Component D9 LL4448-GS08
Added Member To Class: ClassName=MOTHERBOARD Member=Component D10 LL4448-GS08
Added Member To Class: ClassName=MOTHERBOARD Member=Component D11 LL4448-GS08
Added Member To Class: ClassName=MOTHERBOARD Member=Component D13 US1G-13-F
Added Member To Class: ClassName=MOTHERBOARD Member=Component D14 US1G-13-F
Added Member To Class: ClassName=MOTHERBOARD Member=Component D15 LL4448-GS08
Added Member To Class: ClassName=MOTHERBOARD Member=Component D16 LL4448-GS08
Added Member To Class: ClassName=MOTHERBOARD Member=Component D17 LL4448-GS08
Added Member To Class: ClassName=MOTHERBOARD Member=Component D18 LL4448-GS08
Added Member To Class: ClassName=MOTHERBOARD Member=Component D19 US1G-13-F
Added Member To Class: ClassName=MOTHERBOARD Member=Component D20 US1G-13-F
Added Member To Class: ClassName=MOTHERBOARD Member=Component D21 LL4448-GS08
Added Member To Class: ClassName=MOTHERBOARD Member=Component D24 LL4448-GS08
Added Member To Class: ClassName=MOTHERBOARD Member=Component D25 LL4448-GS08
Added Member To Class: ClassName=MOTHERBOARD Member=Component D26 LL4448-GS08
Added Member To Class: ClassName=MOTHERBOARD Member=Component P5 61900611121
Added Member To Class: ClassName=MOTHERBOARD Member=Component P6 61900611121
Added Member To Class: ClassName=MOTHERBOARD Member=Component R6 RT0805FRE0710RL
Added Member To Class: ClassName=MOTHERBOARD Member=Component R7 RT0805FRE0710RL
Added Member To Class: ClassName=MOTHERBOARD Member=Component R11 RT0805FRE0710RL
Added Member To Class: ClassName=MOTHERBOARD Member=Component R12 RT0805FRE0710RL
Added Member To Class: ClassName=MOTHERBOARD Member=Component R13 10K
Added Member To Class: ClassName=MOTHERBOARD Member=Component R14 CRCW080510K0FKEA
Added Member To Class: ClassName=MOTHERBOARD Member=Component R15 10K
Added Member To Class: ClassName=MOTHERBOARD Member=Component R16 CRCW080510K0FKEA
Added Member To Class: ClassName=MOTHERBOARD Member=Component R17 10
Added Member To Class: ClassName=MOTHERBOARD Member=Component R18 10
Added Member To Class: ClassName=MOTHERBOARD Member=Component R19 10
Added Member To Class: ClassName=MOTHERBOARD Member=Component R21 10
Added Member To Class: ClassName=MOTHERBOARD Member=Component R23 RT0805FRE0710RL
Added Member To Class: ClassName=MOTHERBOARD Member=Component R24 RT0805FRE0710RL
Added Member To Class: ClassName=MOTHERBOARD Member=Component R25 RT0805FRE0710RL
Added Member To Class: ClassName=MOTHERBOARD Member=Component R26 RT0805FRE0710RL
Added Member To Class: ClassName=MOTHERBOARD Member=Component R27 10K
Added Member To Class: ClassName=MOTHERBOARD Member=Component R28 CRCW080510K0FKEA
Added Member To Class: ClassName=MOTHERBOARD Member=Component R29 10K
Added Member To Class: ClassName=MOTHERBOARD Member=Component R30 CRCW080510K0FKEA
Added Member To Class: ClassName=MOTHERBOARD Member=Component R31 10
Added Member To Class: ClassName=MOTHERBOARD Member=Component R32 10
Added Member To Class: ClassName=MOTHERBOARD Member=Component R33 10
Added Member To Class: ClassName=MOTHERBOARD Member=Component R34 10
Added Member To Class: ClassName=MOTHERBOARD Member=Component R35 RT0805FRE0710RL
Added Member To Class: ClassName=MOTHERBOARD Member=Component R36 RT0805FRE0710RL
Added Member To Class: ClassName=MOTHERBOARD Member=Component R37 RT0805FRE0710RL
Added Member To Class: ClassName=MOTHERBOARD Member=Component R40 RT0805FRE0710RL
Added Member To Class: ClassName=MOTHERBOARD Member=Component R41 10K
Added Member To Class: ClassName=MOTHERBOARD Member=Component R42 CRCW080510K0FKEA
Added Member To Class: ClassName=MOTHERBOARD Member=Component R43 10K
Added Member To Class: ClassName=MOTHERBOARD Member=Component R44 CRCW080510K0FKEA
Added Member To Class: ClassName=MOTHERBOARD Member=Component R45 10
Added Member To Class: ClassName=MOTHERBOARD Member=Component R46 10
Added Member To Class: ClassName=MOTHERBOARD Member=Component R47 10
Added Member To Class: ClassName=MOTHERBOARD Member=Component R48 10
Added Member To Class: ClassName=MOTHERBOARD Member=Component R49 RT0805FRE0710RL
Added Member To Class: ClassName=MOTHERBOARD Member=Component R50 RT0805FRE0710RL
Added Member To Class: ClassName=MOTHERBOARD Member=Component R51 RT0805FRE0710RL
Added Member To Class: ClassName=MOTHERBOARD Member=Component R52 RT0805FRE0710RL
Added Member To Class: ClassName=MOTHERBOARD Member=Component R53 10K
Added Member To Class: ClassName=MOTHERBOARD Member=Component R54 CRCW080510K0FKEA
Added Member To Class: ClassName=MOTHERBOARD Member=Component R55 10K
Added Member To Class: ClassName=MOTHERBOARD Member=Component R56 CRCW080510K0FKEA
Added Member To Class: ClassName=MOTHERBOARD Member=Component R58 10
Added Member To Class: ClassName=MOTHERBOARD Member=Component R59 10
Added Member To Class: ClassName=MOTHERBOARD Member=Component R61 10
Added Member To Class: ClassName=MOTHERBOARD Member=Component TP1 Test_Point_PCB
Added Member To Class: ClassName=MOTHERBOARD Member=Component TP2 Test_Point_PCB
Added Member To Class: ClassName=MOTHERBOARD Member=Component TP3 Test_Point_PCB
Added Member To Class: ClassName=MOTHERBOARD Member=Component TP4 Test_Point_PCB
Added Member To Class: ClassName=MOTHERBOARD Member=Component TP5 Test_Point_PCB
Added Member To Class: ClassName=MOTHERBOARD Member=Component TP6 Test_Point_PCB
Added Member To Class: ClassName=MOTHERBOARD Member=Component TP7 Test_Point_PCB
Added Member To Class: ClassName=MOTHERBOARD Member=Component TP8 Test_Point_PCB
Added Member To Class: ClassName=MOTHERBOARD Member=Component TP9 Test_Point_PCB
Added Member To Class: ClassName=MOTHERBOARD Member=Component TP10 Test_Point_PCB
Added Member To Class: ClassName=MOTHERBOARD Member=Component TP11 Test_Point_PCB
Added Member To Class: ClassName=MOTHERBOARD Member=Component TP12 Test_Point_PCB
Added Member To Class: ClassName=MOTHERBOARD Member=Component TP23 Test_Point_PCB
Added Member To Class: ClassName=MOTHERBOARD Member=Component TP24 Test_Point_PCB
Added Member To Class: ClassName=MOTHERBOARD Member=Component TP25 Test_Point_PCB
Added Member To Class: ClassName=MOTHERBOARD Member=Component TP26 Test_Point_PCB
Added Member To Class: ClassName=MOTHERBOARD Member=Component TP27 Test_Point_PCB
Added Member To Class: ClassName=MOTHERBOARD Member=Component TP28 Test_Point_PCB
Added Member To Class: ClassName=MOTHERBOARD Member=Component TP29 Test_Point_PCB
Added Member To Class: ClassName=MOTHERBOARD Member=Component TP30 Test_Point_PCB
Added Member To Class: ClassName=MOTHERBOARD Member=Component TP31 Test_Point_PCB
Added Member To Class: ClassName=MOTHERBOARD Member=Component TP32 Test_Point_PCB
Added Member To Class: ClassName=MOTHERBOARD Member=Component TP33 Test_Point_PCB
Added Member To Class: ClassName=MOTHERBOARD Member=Component TP34 Test_Point_PCB
Added Member To Class: ClassName=MOTHERBOARD Member=Component TP35 Test_Point_PCB
Added Member To Class: ClassName=MOTHERBOARD Member=Component TP36 Test_Point_PCB
Added Member To Class: ClassName=MOTHERBOARD Member=Component TP37 Test_Point_PCB
Added Member To Class: ClassName=MOTHERBOARD Member=Component TP38 Test_Point_PCB
Added Member To Class: ClassName=MOTHERBOARD Member=Component TP39 Test_Point_PCB
Added Member To Class: ClassName=MOTHERBOARD Member=Component TP40 Test_Point_PCB
Added Member To Class: ClassName=MOTHERBOARD Member=Component TP41 Test_Point_PCB
Added Member To Class: ClassName=MOTHERBOARD Member=Component TP42 Test_Point_PCB
Added Member To Class: ClassName=MOTHERBOARD Member=Component TP43 Test_Point_PCB
Added Member To Class: ClassName=MOTHERBOARD Member=Component TP44 Test_Point_PCB
Added Member To Class: ClassName=MOTHERBOARD Member=Component TP46 Test_Point_PCB
