Removed Pin From Net: NetName=NetC?_2 Pin=D?-1
Removed Pin From Net: NetName=NetR?_1 Pin=R?-1
Removed Pin From Net: NetName=NetC?_2 Pin=TP?-1
Change Component Footprint: Designator=R? Old Footprint=FP-CRCW0805-e3-IPC_B New Footprint=FP-CRCW0805-e3-IPC_B
Change Component Footprint: Designator=R? Old Footprint=FP-CRCW0805-e3-IPC_B New Footprint=FP-CRCW0805-e3-IPC_B
Change Component Footprint: Designator=R? Old Footprint=FP-CRCW0805-e3-IPC_B New Footprint=FP-CRCW0805-e3-IPC_B
Change Component Footprint: Designator=R? Old Footprint=FP-CRCW0805-e3-IPC_B New Footprint=FP-CRCW0805-e3-IPC_B
Added Pin To Net: NetName=NetC?_2 Pin=D?-1
Added Pin To Net: NetName=NetR?_1 Pin=R?-1
Added Pin To Net: NetName=NetC?_1 Pin=TP?-1
Added Pin To Net: NetName=NetC?_2 Pin=TP?-1
Added Member To Class: ClassName=MOTHERBOARD Member=Component D? LL4448-GS08
Added Member To Class: ClassName=MOTHERBOARD Member=Component D? US1G-13-F
Added Member To Class: ClassName=MOTHERBOARD Member=Component D? US1G-13-F
Added Member To Class: ClassName=MOTHERBOARD Member=Component D? LL4448-GS08
Added Member To Class: ClassName=MOTHERBOARD Member=Component D? US1G-13-F
Added Member To Class: ClassName=MOTHERBOARD Member=Component D? LL4448-GS08
Added Member To Class: ClassName=MOTHERBOARD Member=Component D? LL4448-GS08
Added Member To Class: ClassName=MOTHERBOARD Member=Component D? LL4448-GS08
Added Member To Class: ClassName=MOTHERBOARD Member=Component D? LL4448-GS08
Added Member To Class: ClassName=MOTHERBOARD Member=Component D? LL4448-GS08
Added Member To Class: ClassName=MOTHERBOARD Member=Component D? LL4448-GS08
Added Member To Class: ClassName=MOTHERBOARD Member=Component D? LL4448-GS08
Added Member To Class: ClassName=MOTHERBOARD Member=Component D? LL4448-GS08
Added Member To Class: ClassName=MOTHERBOARD Member=Component D? LL4448-GS08
Added Member To Class: ClassName=MOTHERBOARD Member=Component D? US1G-13-F
Added Member To Class: ClassName=MOTHERBOARD Member=Component D? US1G-13-F
Added Member To Class: ClassName=MOTHERBOARD Member=Component D? LL4448-GS08
Added Member To Class: ClassName=MOTHERBOARD Member=Component D? US1G-13-F
Added Member To Class: ClassName=MOTHERBOARD Member=Component D? LL4448-GS08
Added Member To Class: ClassName=MOTHERBOARD Member=Component D? LL4448-GS08
Added Member To Class: ClassName=MOTHERBOARD Member=Component D? US1G-13-F
Added Member To Class: ClassName=MOTHERBOARD Member=Component D? LL4448-GS08
Added Member To Class: ClassName=MOTHERBOARD Member=Component D? LL4448-GS08
Added Member To Class: ClassName=MOTHERBOARD Member=Component P? 61900611121
Added Member To Class: ClassName=MOTHERBOARD Member=Component P? 61900611121
Added Member To Class: ClassName=MOTHERBOARD Member=Component R? 10K
Added Member To Class: ClassName=MOTHERBOARD Member=Component R? CRCW080510K0FKEA
Added Member To Class: ClassName=MOTHERBOARD Member=Component R? RT0805FRE0710RL
Added Member To Class: ClassName=MOTHERBOARD Member=Component R? 10K
Added Member To Class: ClassName=MOTHERBOARD Member=Component R? 10
Added Member To Class: ClassName=MOTHERBOARD Member=Component R? RT0805FRE0710RL
Added Member To Class: ClassName=MOTHERBOARD Member=Component R? RT0805FRE0710RL
Added Member To Class: ClassName=MOTHERBOARD Member=Component R? 10K
Added Member To Class: ClassName=MOTHERBOARD Member=Component R? CRCW080510K0FKEA
Added Member To Class: ClassName=MOTHERBOARD Member=Component R? RT0805FRE0710RL
Added Member To Class: ClassName=MOTHERBOARD Member=Component R? CRCW080510K0FKEA
Added Member To Class: ClassName=MOTHERBOARD Member=Component R? 10
Added Member To Class: ClassName=MOTHERBOARD Member=Component R? CRCW080510K0FKEA
Added Member To Class: ClassName=MOTHERBOARD Member=Component R? RT0805FRE0710RL
Added Member To Class: ClassName=MOTHERBOARD Member=Component R? 10
Added Member To Class: ClassName=MOTHERBOARD Member=Component R? 10
Added Member To Class: ClassName=MOTHERBOARD Member=Component R? CRCW080510K0FKEA
Added Member To Class: ClassName=MOTHERBOARD Member=Component R? 10K
Added Member To Class: ClassName=MOTHERBOARD Member=Component R? 10
Added Member To Class: ClassName=MOTHERBOARD Member=Component R? 10
Added Member To Class: ClassName=MOTHERBOARD Member=Component R? 10K
Added Member To Class: ClassName=MOTHERBOARD Member=Component R? RT0805FRE0710RL
Added Member To Class: ClassName=MOTHERBOARD Member=Component R? 10
Added Member To Class: ClassName=MOTHERBOARD Member=Component R? 10
Added Member To Class: ClassName=MOTHERBOARD Member=Component R? 10
Added Member To Class: ClassName=MOTHERBOARD Member=Component R? RT0805FRE0710RL
Added Member To Class: ClassName=MOTHERBOARD Member=Component R? 10
Added Member To Class: ClassName=MOTHERBOARD Member=Component R? 10
Added Member To Class: ClassName=MOTHERBOARD Member=Component R? 10
Added Member To Class: ClassName=MOTHERBOARD Member=Component R? RT0805FRE0710RL
Added Member To Class: ClassName=MOTHERBOARD Member=Component R? RT0805FRE0710RL
Added Member To Class: ClassName=MOTHERBOARD Member=Component R? RT0805FRE0710RL
Added Member To Class: ClassName=MOTHERBOARD Member=Component R? CRCW080510K0FKEA
Added Member To Class: ClassName=MOTHERBOARD Member=Component R? 10K
Added Member To Class: ClassName=MOTHERBOARD Member=Component R? CRCW080510K0FKEA
Added Member To Class: ClassName=MOTHERBOARD Member=Component R? 10
Added Member To Class: ClassName=MOTHERBOARD Member=Component R? RT0805FRE0710RL
Added Member To Class: ClassName=MOTHERBOARD Member=Component R? 10
Added Member To Class: ClassName=MOTHERBOARD Member=Component R? RT0805FRE0710RL
Added Member To Class: ClassName=MOTHERBOARD Member=Component R? 10
Added Member To Class: ClassName=MOTHERBOARD Member=Component R? CRCW080510K0FKEA
Added Member To Class: ClassName=MOTHERBOARD Member=Component R? RT0805FRE0710RL
Added Member To Class: ClassName=MOTHERBOARD Member=Component R? RT0805FRE0710RL
Added Member To Class: ClassName=MOTHERBOARD Member=Component R? 10
Added Member To Class: ClassName=MOTHERBOARD Member=Component R? RT0805FRE0710RL
Added Member To Class: ClassName=MOTHERBOARD Member=Component R? RT0805FRE0710RL
Added Member To Class: ClassName=MOTHERBOARD Member=Component R? 10K
Added Member To Class: ClassName=MOTHERBOARD Member=Component TP? Test_Point_PCB
Added Member To Class: ClassName=MOTHERBOARD Member=Component TP? Test_Point_PCB
Added Member To Class: ClassName=MOTHERBOARD Member=Component TP? Test_Point_PCB
Added Member To Class: ClassName=MOTHERBOARD Member=Component TP? Test_Point_PCB
Added Member To Class: ClassName=MOTHERBOARD Member=Component TP? Test_Point_PCB
Added Member To Class: ClassName=MOTHERBOARD Member=Component TP? Test_Point_PCB
Added Member To Class: ClassName=MOTHERBOARD Member=Component TP? Test_Point_PCB
Added Member To Class: ClassName=MOTHERBOARD Member=Component TP? Test_Point_PCB
Added Member To Class: ClassName=MOTHERBOARD Member=Component TP? Test_Point_PCB
Added Member To Class: ClassName=MOTHERBOARD Member=Component TP? Test_Point_PCB
Added Member To Class: ClassName=MOTHERBOARD Member=Component TP? Test_Point_PCB
Added Member To Class: ClassName=MOTHERBOARD Member=Component TP? Test_Point_PCB
Added Member To Class: ClassName=MOTHERBOARD Member=Component TP? Test_Point_PCB
Added Member To Class: ClassName=MOTHERBOARD Member=Component TP? Test_Point_PCB
Added Member To Class: ClassName=MOTHERBOARD Member=Component TP? Test_Point_PCB
Added Member To Class: ClassName=MOTHERBOARD Member=Component TP? Test_Point_PCB
Added Member To Class: ClassName=MOTHERBOARD Member=Component TP? Test_Point_PCB
Added Member To Class: ClassName=MOTHERBOARD Member=Component TP? Test_Point_PCB
Added Member To Class: ClassName=MOTHERBOARD Member=Component TP? Test_Point_PCB
Added Member To Class: ClassName=MOTHERBOARD Member=Component TP? Test_Point_PCB
Added Member To Class: ClassName=MOTHERBOARD Member=Component TP? Test_Point_PCB
Added Member To Class: ClassName=MOTHERBOARD Member=Component TP? Test_Point_PCB
Added Member To Class: ClassName=MOTHERBOARD Member=Component TP? Test_Point_PCB
Added Member To Class: ClassName=MOTHERBOARD Member=Component TP? Test_Point_PCB
Added Member To Class: ClassName=MOTHERBOARD Member=Component TP? Test_Point_PCB
Added Member To Class: ClassName=MOTHERBOARD Member=Component TP? Test_Point_PCB
Added Member To Class: ClassName=MOTHERBOARD Member=Component TP? Test_Point_PCB
Added Member To Class: ClassName=MOTHERBOARD Member=Component TP? Test_Point_PCB
Added Member To Class: ClassName=MOTHERBOARD Member=Component TP? Test_Point_PCB
Added Member To Class: ClassName=MOTHERBOARD Member=Component TP? Test_Point_PCB
Added Member To Class: ClassName=MOTHERBOARD Member=Component TP? Test_Point_PCB
Added Member To Class: ClassName=MOTHERBOARD Member=Component TP? Test_Point_PCB
Added Member To Class: ClassName=MOTHERBOARD Member=Component TP? Test_Point_PCB
Added Member To Class: ClassName=MOTHERBOARD Member=Component TP? Test_Point_PCB
Added Member To Class: ClassName=MOTHERBOARD Member=Component TP? Test_Point_PCB
Added Room: Name=MOTHERBOARD
