Added Member To Class: ClassName=MOTHERBOARD Member=Component BT1 CR2032_BAT
Added Member To Class: ClassName=MOTHERBOARD Member=Component C1 TAJC476M016RNJ
Added Member To Class: ClassName=MOTHERBOARD Member=Component C2 1000uF_10V
Added Member To Class: ClassName=MOTHERBOARD Member=Component C6 293D106X9050E2TE3
Added Member To Class: ClassName=MOTHERBOARD Member=Component C7 25V 2200uF
Added Member To Class: ClassName=MOTHERBOARD Member=Component C8 C0805C224K5RACTU
Added Member To Class: ClassName=MOTHERBOARD Member=Component C9 25V 2200uF
Added Member To Class: ClassName=MOTHERBOARD Member=Component C10 C0805C224K5RACTU
Added Member To Class: ClassName=MOTHERBOARD Member=Component C17 C0805C224K5RACTU
Added Member To Class: ClassName=MOTHERBOARD Member=Component C18 C0805C224K5RACTU
Added Member To Class: ClassName=MOTHERBOARD Member=Component C19 C0805C224K5RACTU
Added Member To Class: ClassName=MOTHERBOARD Member=Component C26 C0805C224K5RACTU
Added Member To Class: ClassName=MOTHERBOARD Member=Component C27 C0805C224K5RACTU
Added Member To Class: ClassName=MOTHERBOARD Member=Component C28 C0805C224K5RACTU
Added Member To Class: ClassName=MOTHERBOARD Member=Component C42 16pF
Added Member To Class: ClassName=MOTHERBOARD Member=Component C45 1000uF_10V
Added Member To Class: ClassName=MOTHERBOARD Member=Component C48 16pF
Added Member To Class: ClassName=MOTHERBOARD Member=Component D22 151031YS06000
Added Member To Class: ClassName=MOTHERBOARD Member=Component D23 LMV358AIDR
Added Member To Class: ClassName=MOTHERBOARD Member=Component D27 LL4448-GS08
Added Member To Class: ClassName=MOTHERBOARD Member=Component D29 151031YS06000
Added Member To Class: ClassName=MOTHERBOARD Member=Component D47 151031YS06000
Added Member To Class: ClassName=MOTHERBOARD Member=Component D48 BZX384-C5V1,115
Added Member To Class: ClassName=MOTHERBOARD Member=Component J1 691101710002
Added Member To Class: ClassName=MOTHERBOARD Member=Component J2 691101710002
Added Member To Class: ClassName=MOTHERBOARD Member=Component J4 691101710002
Added Member To Class: ClassName=MOTHERBOARD Member=Component J5 691101710003
Added Member To Class: ClassName=MOTHERBOARD Member=Component J15 691101710002
Added Member To Class: ClassName=MOTHERBOARD Member=Component P1 TSW-104-08-G-S
Added Member To Class: ClassName=MOTHERBOARD Member=Component P2 61900311121
Added Member To Class: ClassName=MOTHERBOARD Member=Component P3 61900511121
Added Member To Class: ClassName=MOTHERBOARD Member=Component P4 61900311121
Added Member To Class: ClassName=MOTHERBOARD Member=Component P8 61900311121
Added Member To Class: ClassName=MOTHERBOARD Member=Component P9 61900311121
Added Member To Class: ClassName=MOTHERBOARD Member=Component P10 61900311121
Added Member To Class: ClassName=MOTHERBOARD Member=Component P11 61900311121
Added Member To Class: ClassName=MOTHERBOARD Member=Component P12 61300511121
Added Member To Class: ClassName=MOTHERBOARD Member=Component P14 61300511121
Added Member To Class: ClassName=MOTHERBOARD Member=Component R1 10K
Added Member To Class: ClassName=MOTHERBOARD Member=Component R2 10K
Added Member To Class: ClassName=MOTHERBOARD Member=Component R3 10K
Added Member To Class: ClassName=MOTHERBOARD Member=Component R4 10K
Added Member To Class: ClassName=MOTHERBOARD Member=Component R5 10K
Added Member To Class: ClassName=MOTHERBOARD Member=Component R8 10K
Added Member To Class: ClassName=MOTHERBOARD Member=Component R9 10K
Added Member To Class: ClassName=MOTHERBOARD Member=Component R10 10K
Added Member To Class: ClassName=MOTHERBOARD Member=Component R20 33K
Added Member To Class: ClassName=MOTHERBOARD Member=Component R22 33K
Added Member To Class: ClassName=MOTHERBOARD Member=Component R38 33K
Added Member To Class: ClassName=MOTHERBOARD Member=Component R39 10K
Added Member To Class: ClassName=MOTHERBOARD Member=Component R57 220
Added Member To Class: ClassName=MOTHERBOARD Member=Component R83 100k
Added Member To Class: ClassName=MOTHERBOARD Member=Component R84 100k
Added Member To Class: ClassName=MOTHERBOARD Member=Component R85 47k
Added Member To Class: ClassName=MOTHERBOARD Member=Component R86 47k
Added Member To Class: ClassName=MOTHERBOARD Member=Component R87 47k
Added Member To Class: ClassName=MOTHERBOARD Member=Component R88 47k
Added Member To Class: ClassName=MOTHERBOARD Member=Component R89 10K
Added Member To Class: ClassName=MOTHERBOARD Member=Component R91 1K
Added Member To Class: ClassName=MOTHERBOARD Member=Component R92 1K
Added Member To Class: ClassName=MOTHERBOARD Member=Component R93 47k
Added Member To Class: ClassName=MOTHERBOARD Member=Component R94 47k
Added Member To Class: ClassName=MOTHERBOARD Member=Component R95 2.2K
Added Member To Class: ClassName=MOTHERBOARD Member=Component R96 2.2K
Added Member To Class: ClassName=MOTHERBOARD Member=Component R97 47k
Added Member To Class: ClassName=MOTHERBOARD Member=Component R98 CRCW080510K0FKEA
Added Member To Class: ClassName=MOTHERBOARD Member=Component R99 47k
Added Member To Class: ClassName=MOTHERBOARD Member=Component R100 47k
Added Member To Class: ClassName=MOTHERBOARD Member=Component R101 47k
Added Member To Class: ClassName=MOTHERBOARD Member=Component R102 47k
Added Member To Class: ClassName=MOTHERBOARD Member=Component R113 220
Added Member To Class: ClassName=MOTHERBOARD Member=Component R116 10K
Added Member To Class: ClassName=MOTHERBOARD Member=Component R117 10K
Added Member To Class: ClassName=MOTHERBOARD Member=Component R118 10K
Added Member To Class: ClassName=MOTHERBOARD Member=Component R119 220
Added Member To Class: ClassName=MOTHERBOARD Member=Component RG1 Reg_Fairchild_LM7805CT_eec
Added Member To Class: ClassName=MOTHERBOARD Member=Component RP6 10k
Added Member To Class: ClassName=MOTHERBOARD Member=Component RP7 10k
Added Member To Class: ClassName=MOTHERBOARD Member=Component RP8 10k
Added Member To Class: ClassName=MOTHERBOARD Member=Component RP9 10k
Added Member To Class: ClassName=MOTHERBOARD Member=Component SW1 4-1437565-2
Added Member To Class: ClassName=MOTHERBOARD Member=Component SW2 4-1437565-2
Added Member To Class: ClassName=MOTHERBOARD Member=Component SW3 4-1437565-2
Added Member To Class: ClassName=MOTHERBOARD Member=Component TP13 Test_Point_PCB
Added Member To Class: ClassName=MOTHERBOARD Member=Component TP14 Test_Point_PCB
Added Member To Class: ClassName=MOTHERBOARD Member=Component TP15 Test_Point_PCB
Added Member To Class: ClassName=MOTHERBOARD Member=Component TP16 Test_Point_PCB
Added Member To Class: ClassName=MOTHERBOARD Member=Component TP17 Test_Point_PCB
Added Member To Class: ClassName=MOTHERBOARD Member=Component TP18 Test_Point_PCB
Added Member To Class: ClassName=MOTHERBOARD Member=Component TP19 Test_Point_PCB
Added Member To Class: ClassName=MOTHERBOARD Member=Component TP20 Test_Point_PCB
Added Member To Class: ClassName=MOTHERBOARD Member=Component TP21 Test_Point_PCB
Added Member To Class: ClassName=MOTHERBOARD Member=Component TP22 Test_Point_PCB
Added Member To Class: ClassName=MOTHERBOARD Member=Component U1 LM1117MPX-3.3/NOPB
Added Member To Class: ClassName=MOTHERBOARD Member=Component U3 MAX485ECSA+
Added Member To Class: ClassName=MOTHERBOARD Member=Component U4 STM32F303CCT6
Added Member To Class: ClassName=MOTHERBOARD Member=Component U12 ADuM1250ARZ
Added Member To Class: ClassName=MOTHERBOARD Member=Component U18 B0505S-1WR3
Added Member To Class: ClassName=MOTHERBOARD Member=Component X1 ABLS-16.000MHZ-B4-T
Added Member To Class: ClassName=MOTHERBOARD Member=Component Z1 MM3Z5V1ST1G
Added Member To Class: ClassName=MOTHERBOARD Member=Component Z2 MM3Z5V1ST1G
Added Room: Name=MOTHERBOARD
