Removed Pin From Net: NetName=+5V Pin=C28-1
Removed Pin From Net: NetName=GND Pin=C28-2
Removed Pin From Net: NetName=GND Pin=D47-2
Removed Pin From Net: NetName=GND Pin=J5-2
Removed Pin From Net: NetName=NetP6_4 Pin=R3-1
Removed Pin From Net: NetName=NetP6_3 Pin=R4-1
Removed Pin From Net: NetName=+5V Pin=R5-2
Removed Pin From Net: NetName=GND Pin=R8-1
Removed Pin From Net: NetName=GND Pin=R9-1
Removed Pin From Net: NetName=NetP6_5 Pin=R9-2
Removed Pin From Net: NetName=NetR14_2 Pin=R16-2
Removed Pin From Net: NetName=NetR14_2 Pin=R30-2
Removed Pin From Net: NetName=NetR14_2 Pin=R42-2
Removed Pin From Net: NetName=NetR14_2 Pin=R44-2
Removed Pin From Net: NetName=NetR14_2 Pin=R54-2
Removed Pin From Net: NetName=NetR14_2 Pin=R56-2
Removed Pin From Net: NetName=NetP6_5 Pin=R119-2
Removed Pin From Net: NetName=NetP6_3 Pin=U3-1
Removed Pin From Net: NetName=NetP6_5 Pin=U3-2
Removed Pin From Net: NetName=NetP6_5 Pin=U3-3
Removed Pin From Net: NetName=NetP6_4 Pin=U3-4
Removed Pin From Net: NetName=GND Pin=U3-5
Removed Pin From Net: NetName=+5V Pin=U3-8
Removed Pin From Net: NetName=NetR14_2 Pin=U5-3
Removed Pin From Net: NetName=NetR14_2 Pin=U7-3
Removed Pin From Net: NetName=NetR14_2 Pin=U8-3
Removed Pin From Net: NetName=NetR14_2 Pin=U9-3
Removed Pin From Net: NetName=NetR14_2 Pin=U10-3
Removed Pin From Net: NetName=NetR14_2 Pin=U11-3
Removed Pin From Net: NetName=GND Pin=Z1-2
Removed Pin From Net: NetName=GND Pin=Z2-2
Removed Member From Class: ClassName=MOTHERBOARD Member=C28
Removed Member From Class: ClassName=MOTHERBOARD Member=D47
Removed Member From Class: ClassName=MOTHERBOARD Member=J5
Removed Member From Class: ClassName=MOTHERBOARD Member=R119
Change Component Comment : Designator=U3 Old Comment=MAX485ECSA+ New Comment=B0505S-1WR3
Change Managed Component Library Link : Designator=U3 Old VaultGUID= New VaultGUID=B7D15EC3-160A-466F-A46C-7801FE6295A7 Old ItemGUID= New ItemGUID=EC2AF5B5-D998-49D5-979F-F5E9A8FF7F7E Old RevisionGUID= New RevisionGUID=66F4953C-B2D3-465A-B7D6-215B9AB937A2
Added Component: Designator=C3(CAP-1206)
Added Component: Designator=C4(CAP-1206)
Added Component: Designator=C5(CAP-1206)
Added Component: Designator=C11(CAP-1206)
Added Component: Designator=C12(CAP-1206)
Added Component: Designator=C13(CAP-1206)
Added Component: Designator=C14(CAP-1206)
Added Component: Designator=C15(CAP-1206)
Added Component: Designator=C16(CAP-1206)
Added Component: Designator=C17(FP-C0805C-DN-MFG)
Added Component: Designator=C20(CAP-1206)
Added Component: Designator=C21(CAP-1206)
Added Component: Designator=C22(CAP-1206)
Added Component: Designator=C23(CAP-1206)
Added Component: Designator=C24(CAP-1206)
Added Component: Designator=C25(CAP-1206)
Added Component: Designator=C29(CAP-1206)
Added Component: Designator=R67(Vishay_CRCW0805-e3_IPC_A)
Added Component: Designator=TP47(Test_Point)
Added Component: Designator=TP48(Test_Point)
Added Component: Designator=TP49(Test_Point)
Added Component: Designator=TP50(Test_Point)
Added Component: Designator=TP51(Test_Point)
Added Component: Designator=TP52(Test_Point)
Added Component: Designator=TP53(Test_Point)
Added Component: Designator=TP54(Test_Point)
Added Component: Designator=TP55(Test_Point)
Added Component: Designator=TP56(Test_Point)
Added Component: Designator=TP57(Test_Point)
Added Pin To Net: NetName=GND Pin=C3-1
Added Pin To Net: NetName=VCC Pin=C3-2
Added Pin To Net: NetName=GND Pin=C4-1
Added Pin To Net: NetName=VCC Pin=C4-2
Added Pin To Net: NetName=NetC5_1 Pin=C5-1
Added Pin To Net: NetName=NetC5_2 Pin=C5-2
Added Pin To Net: NetName=NetC11_1 Pin=C11-1
Added Pin To Net: NetName=NetC11_2 Pin=C11-2
Added Pin To Net: NetName=NetC12_1 Pin=C12-1
Added Pin To Net: NetName=NetC12_2 Pin=C12-2
Added Pin To Net: NetName=NetC13_1 Pin=C13-1
Added Pin To Net: NetName=NetC13_2 Pin=C13-2
Added Pin To Net: NetName=GND Pin=C14-1
Added Pin To Net: NetName=VCC Pin=C14-2
Added Pin To Net: NetName=GND Pin=C15-1
Added Pin To Net: NetName=VCC Pin=C15-2
Added Pin To Net: NetName=GND Pin=C16-1
Added Pin To Net: NetName=VCC Pin=C16-2
Added Pin To Net: NetName=GND Pin=C20-1
Added Pin To Net: NetName=VCC Pin=C20-2
Added Pin To Net: NetName=NetC21_1 Pin=C21-1
Added Pin To Net: NetName=NetC21_2 Pin=C21-2
Added Pin To Net: NetName=NetC22_1 Pin=C22-1
Added Pin To Net: NetName=NetC22_2 Pin=C22-2
Added Pin To Net: NetName=NetC23_1 Pin=C23-1
Added Pin To Net: NetName=NetC23_2 Pin=C23-2
Added Pin To Net: NetName=NetC24_1 Pin=C24-1
Added Pin To Net: NetName=NetC24_2 Pin=C24-2
Added Pin To Net: NetName=GND Pin=C25-1
Added Pin To Net: NetName=VCC Pin=C25-2
Added Pin To Net: NetName=GND Pin=C29-1
Added Pin To Net: NetName=VCC Pin=C29-2
Added Pin To Net: NetName=NetP6_3 Pin=R3-1
Added Pin To Net: NetName=NetP6_4 Pin=R4-1
Added Pin To Net: NetName=GND Pin=R67-1
Added Pin To Net: NetName=NetP6_5 Pin=R67-2
Added Pin To Net: NetName=+3V3 Pin=TP48-1
Added Pin To Net: NetName=NetP6_5 Pin=TP50-1
Added Pin To Net: NetName=NetP6_4 Pin=TP51-1
Added Pin To Net: NetName=NetP6_3 Pin=TP55-1
Added Pin To Net: NetName=GND Pin=U3-1
Added Pin To Net: NetName=+5V Pin=U3-2
Added Pin To Net: NetName=GND Pin=X2-10
Added Pin To Net: NetName=GND Pin=X3-10
Added Pin To Net: NetName=GND Pin=X4-10
Added Pin To Net: NetName=GND Pin=X5-10
Added Pin To Net: NetName=+5V_ISO Pin=R5-2
Added Pin To Net: NetName=+5V_ISO Pin=R8-2
Added Pin To Net: NetName=+5V_ISO Pin=R9-2
Added Pin To Net: NetName=+5V_ISO Pin=TP47-1
Added Pin To Net: NetName=+5V_ISO Pin=U3-4
Added Net: Name=+5V_ISO
Added Pin To Net: NetName=GND_2 Pin=TP57-1
Added Pin To Net: NetName=GND_2 Pin=U3-3
Added Pin To Net: NetName=GND_2 Pin=Z1-2
Added Pin To Net: NetName=GND_2 Pin=Z2-2
Added Net: Name=GND_2
Added Pin To Net: NetName=NetD28_1 Pin=TP56-1
Added Net: Name=NetD28_1
Added Net: Name=NetD30_1
Added Pin To Net: NetName=NetJ2_1 Pin=R5-1
Added Pin To Net: NetName=NetJ2_1 Pin=TP52-1
Added Pin To Net: NetName=NetJ2_1 Pin=Z1-1
Added Net: Name=NetJ2_1
Added Pin To Net: NetName=NetJ2_3 Pin=Z2-1
Added Net: Name=NetJ2_3
Added Pin To Net: NetName=NetR8_1 Pin=R8-1
Added Pin To Net: NetName=NetR8_1 Pin=TP54-1
Added Net: Name=NetR8_1
Added Pin To Net: NetName=NetR9_1 Pin=R9-1
Added Pin To Net: NetName=NetR9_1 Pin=TP49-1
Added Net: Name=NetR9_1
Added Pin To Net: NetName=NetR16_2 Pin=R16-2
Added Pin To Net: NetName=NetR16_2 Pin=R30-2
Added Pin To Net: NetName=NetR16_2 Pin=U4-21
Added Pin To Net: NetName=NetR16_2 Pin=U5-3
Added Pin To Net: NetName=NetR16_2 Pin=U7-3
Added Net: Name=NetR16_2
Added Pin To Net: NetName=NetR42_2 Pin=R42-2
Added Pin To Net: NetName=NetR42_2 Pin=R54-2
Added Pin To Net: NetName=NetR42_2 Pin=U4-25
Added Pin To Net: NetName=NetR42_2 Pin=U8-3
Added Pin To Net: NetName=NetR42_2 Pin=U10-3
Added Net: Name=NetR42_2
Added Pin To Net: NetName=NetR44_2 Pin=R44-2
Added Pin To Net: NetName=NetR44_2 Pin=R56-2
Added Pin To Net: NetName=NetR44_2 Pin=U4-26
Added Pin To Net: NetName=NetR44_2 Pin=U9-3
Added Pin To Net: NetName=NetR44_2 Pin=U11-3
Added Net: Name=NetR44_2
Added Net: Name=NetR62_2
Added Net: Name=NetR63_2
Added Pin To Net: NetName=NetR66_2 Pin=TP53-1
Added Net: Name=NetR66_2
Added Member To Class: ClassName=MOTHERBOARD Member=Component C3 CAP-NON-POLAR
Added Member To Class: ClassName=MOTHERBOARD Member=Component C4 CAP-NON-POLAR
Added Member To Class: ClassName=MOTHERBOARD Member=Component C5 CAP-NON-POLAR
Added Member To Class: ClassName=MOTHERBOARD Member=Component C11 CAP-NON-POLAR
Added Member To Class: ClassName=MOTHERBOARD Member=Component C12 CAP-NON-POLAR
Added Member To Class: ClassName=MOTHERBOARD Member=Component C13 CAP-NON-POLAR
Added Member To Class: ClassName=MOTHERBOARD Member=Component C14 CAP-NON-POLAR
Added Member To Class: ClassName=MOTHERBOARD Member=Component C15 CAP-NON-POLAR
Added Member To Class: ClassName=MOTHERBOARD Member=Component C16 CAP-NON-POLAR
Added Member To Class: ClassName=MOTHERBOARD Member=Component C20 CAP-NON-POLAR
Added Member To Class: ClassName=MOTHERBOARD Member=Component C21 CAP-NON-POLAR
Added Member To Class: ClassName=MOTHERBOARD Member=Component C22 CAP-NON-POLAR
Added Member To Class: ClassName=MOTHERBOARD Member=Component C23 CAP-NON-POLAR
Added Member To Class: ClassName=MOTHERBOARD Member=Component C24 CAP-NON-POLAR
Added Member To Class: ClassName=MOTHERBOARD Member=Component C25 CAP-NON-POLAR
Added Member To Class: ClassName=MOTHERBOARD Member=Component C29 CAP-NON-POLAR
Added Member To Class: ClassName=MOTHERBOARD Member=Component R67 10K
Added Member To Class: ClassName=MOTHERBOARD Member=Component TP47 Test_Point_PCB
Added Member To Class: ClassName=MOTHERBOARD Member=Component TP48 Test_Point_PCB
Added Member To Class: ClassName=MOTHERBOARD Member=Component TP49 Test_Point_PCB
Added Member To Class: ClassName=MOTHERBOARD Member=Component TP50 Test_Point_PCB
Added Member To Class: ClassName=MOTHERBOARD Member=Component TP51 Test_Point_PCB
Added Member To Class: ClassName=MOTHERBOARD Member=Component TP52 Test_Point_PCB
Added Member To Class: ClassName=MOTHERBOARD Member=Component TP53 Test_Point_PCB
Added Member To Class: ClassName=MOTHERBOARD Member=Component TP54 Test_Point_PCB
Added Member To Class: ClassName=MOTHERBOARD Member=Component TP55 Test_Point_PCB
Added Member To Class: ClassName=MOTHERBOARD Member=Component TP56 Test_Point_PCB
Added Member To Class: ClassName=MOTHERBOARD Member=Component TP57 Test_Point_PCB
Added Room: Name=MOTHERBOARD
