Added Member To Class: ClassName=MOTHERBOARD Member=Component D? LL4448-GS08
Added Member To Class: ClassName=MOTHERBOARD Member=Component D? LL4448-GS08
Added Member To Class: ClassName=MOTHERBOARD Member=Component D? US1G-13-F
Added Member To Class: ClassName=MOTHERBOARD Member=Component D? LL4448-GS08
Added Member To Class: ClassName=MOTHERBOARD Member=Component D? LL4448-GS08
Added Member To Class: ClassName=MOTHERBOARD Member=Component D? US1G-13-F
Added Member To Class: ClassName=MOTHERBOARD Member=Component D? LL4448-GS08
Added Member To Class: ClassName=MOTHERBOARD Member=Component D? LL4448-GS08
Added Member To Class: ClassName=MOTHERBOARD Member=Component D? LL4448-GS08
Added Member To Class: ClassName=MOTHERBOARD Member=Component D? LL4448-GS08
Added Member To Class: ClassName=MOTHERBOARD Member=Component D? LL4448-GS08
Added Member To Class: ClassName=MOTHERBOARD Member=Component D? LL4448-GS08
Added Member To Class: ClassName=MOTHERBOARD Member=Component D? LL4448-GS08
Added Member To Class: ClassName=MOTHERBOARD Member=Component D? US1G-13-F
Added Member To Class: ClassName=MOTHERBOARD Member=Component D? LL4448-GS08
Added Member To Class: ClassName=MOTHERBOARD Member=Component D? US1G-13-F
Added Member To Class: ClassName=MOTHERBOARD Member=Component D? LL4448-GS08
Added Member To Class: ClassName=MOTHERBOARD Member=Component D? LL4448-GS08
Added Member To Class: ClassName=MOTHERBOARD Member=Component D? US1G-13-F
Added Member To Class: ClassName=MOTHERBOARD Member=Component D? US1G-13-F
Added Member To Class: ClassName=MOTHERBOARD Member=Component D? LL4448-GS08
Added Member To Class: ClassName=MOTHERBOARD Member=Component D? LL4448-GS08
Added Member To Class: ClassName=MOTHERBOARD Member=Component D? US1G-13-F
Added Member To Class: ClassName=MOTHERBOARD Member=Component P? 61900611121
Added Member To Class: ClassName=MOTHERBOARD Member=Component P? 61900611121
Added Member To Class: ClassName=MOTHERBOARD Member=Component R? 10
Added Member To Class: ClassName=MOTHERBOARD Member=Component R? 10
Added Member To Class: ClassName=MOTHERBOARD Member=Component R? 10
Added Member To Class: ClassName=MOTHERBOARD Member=Component R? RT0805FRE0710RL
Added Member To Class: ClassName=MOTHERBOARD Member=Component R? RT0805FRE0710RL
Added Member To Class: ClassName=MOTHERBOARD Member=Component R? RT0805FRE0710RL
Added Member To Class: ClassName=MOTHERBOARD Member=Component R? RT0805FRE0710RL
Added Member To Class: ClassName=MOTHERBOARD Member=Component R? CRCW080510K0FKEA
Added Member To Class: ClassName=MOTHERBOARD Member=Component R? CRCW080510K0FKEA
Added Member To Class: ClassName=MOTHERBOARD Member=Component R? CRCW080510K0FKEA
Added Member To Class: ClassName=MOTHERBOARD Member=Component R? RT0805FRE0710RL
Added Member To Class: ClassName=MOTHERBOARD Member=Component R? CRCW080510K0FKEA
Added Member To Class: ClassName=MOTHERBOARD Member=Component R? 10
Added Member To Class: ClassName=MOTHERBOARD Member=Component R? 10
Added Member To Class: ClassName=MOTHERBOARD Member=Component R? 10K
Added Member To Class: ClassName=MOTHERBOARD Member=Component R? 10K
Added Member To Class: ClassName=MOTHERBOARD Member=Component R? RT0805FRE0710RL
Added Member To Class: ClassName=MOTHERBOARD Member=Component R? 10
Added Member To Class: ClassName=MOTHERBOARD Member=Component R? 10K
Added Member To Class: ClassName=MOTHERBOARD Member=Component R? 10
Added Member To Class: ClassName=MOTHERBOARD Member=Component R? 10
Added Member To Class: ClassName=MOTHERBOARD Member=Component R? 10K
Added Member To Class: ClassName=MOTHERBOARD Member=Component R? 10K
Added Member To Class: ClassName=MOTHERBOARD Member=Component R? RT0805FRE0710RL
Added Member To Class: ClassName=MOTHERBOARD Member=Component R? CRCW080510K0FKEA
Added Member To Class: ClassName=MOTHERBOARD Member=Component R? RT0805FRE0710RL
Added Member To Class: ClassName=MOTHERBOARD Member=Component R? 10
Added Member To Class: ClassName=MOTHERBOARD Member=Component R? 10
Added Member To Class: ClassName=MOTHERBOARD Member=Component R? 10K
Added Member To Class: ClassName=MOTHERBOARD Member=Component R? 10
Added Member To Class: ClassName=MOTHERBOARD Member=Component R? 10K
Added Member To Class: ClassName=MOTHERBOARD Member=Component R? 10
Added Member To Class: ClassName=MOTHERBOARD Member=Component R? RT0805FRE0710RL
Added Member To Class: ClassName=MOTHERBOARD Member=Component R? RT0805FRE0710RL
Added Member To Class: ClassName=MOTHERBOARD Member=Component R? 10
Added Member To Class: ClassName=MOTHERBOARD Member=Component R? RT0805FRE0710RL
Added Member To Class: ClassName=MOTHERBOARD Member=Component R? RT0805FRE0710RL
Added Member To Class: ClassName=MOTHERBOARD Member=Component R? RT0805FRE0710RL
Added Member To Class: ClassName=MOTHERBOARD Member=Component R? CRCW080510K0FKEA
Added Member To Class: ClassName=MOTHERBOARD Member=Component R? RT0805FRE0710RL
Added Member To Class: ClassName=MOTHERBOARD Member=Component R? CRCW080510K0FKEA
Added Member To Class: ClassName=MOTHERBOARD Member=Component R? 10
Added Member To Class: ClassName=MOTHERBOARD Member=Component R? 10
Added Member To Class: ClassName=MOTHERBOARD Member=Component R? RT0805FRE0710RL
Added Member To Class: ClassName=MOTHERBOARD Member=Component R? RT0805FRE0710RL
Added Member To Class: ClassName=MOTHERBOARD Member=Component R? CRCW080510K0FKEA
Added Member To Class: ClassName=MOTHERBOARD Member=Component R? 10
Added Member To Class: ClassName=MOTHERBOARD Member=Component TP? Test_Point_PCB
Added Member To Class: ClassName=MOTHERBOARD Member=Component TP? Test_Point_PCB
Added Member To Class: ClassName=MOTHERBOARD Member=Component TP? Test_Point_PCB
Added Member To Class: ClassName=MOTHERBOARD Member=Component TP? Test_Point_PCB
Added Member To Class: ClassName=MOTHERBOARD Member=Component TP? Test_Point_PCB
Added Member To Class: ClassName=MOTHERBOARD Member=Component TP? Test_Point_PCB
Added Member To Class: ClassName=MOTHERBOARD Member=Component TP? Test_Point_PCB
Added Member To Class: ClassName=MOTHERBOARD Member=Component TP? Test_Point_PCB
Added Member To Class: ClassName=MOTHERBOARD Member=Component TP? Test_Point_PCB
Added Member To Class: ClassName=MOTHERBOARD Member=Component TP? Test_Point_PCB
Added Member To Class: ClassName=MOTHERBOARD Member=Component TP? Test_Point_PCB
Added Member To Class: ClassName=MOTHERBOARD Member=Component TP? Test_Point_PCB
Added Member To Class: ClassName=MOTHERBOARD Member=Component TP? Test_Point_PCB
Added Member To Class: ClassName=MOTHERBOARD Member=Component TP? Test_Point_PCB
Added Member To Class: ClassName=MOTHERBOARD Member=Component TP? Test_Point_PCB
Added Member To Class: ClassName=MOTHERBOARD Member=Component TP? Test_Point_PCB
Added Member To Class: ClassName=MOTHERBOARD Member=Component TP? Test_Point_PCB
Added Member To Class: ClassName=MOTHERBOARD Member=Component TP? Test_Point_PCB
Added Member To Class: ClassName=MOTHERBOARD Member=Component TP? Test_Point_PCB
Added Member To Class: ClassName=MOTHERBOARD Member=Component TP? Test_Point_PCB
Added Member To Class: ClassName=MOTHERBOARD Member=Component TP? Test_Point_PCB
Added Member To Class: ClassName=MOTHERBOARD Member=Component TP? Test_Point_PCB
Added Member To Class: ClassName=MOTHERBOARD Member=Component TP? Test_Point_PCB
Added Member To Class: ClassName=MOTHERBOARD Member=Component TP? Test_Point_PCB
Added Member To Class: ClassName=MOTHERBOARD Member=Component TP? Test_Point_PCB
Added Member To Class: ClassName=MOTHERBOARD Member=Component TP? Test_Point_PCB
Added Member To Class: ClassName=MOTHERBOARD Member=Component TP? Test_Point_PCB
Added Member To Class: ClassName=MOTHERBOARD Member=Component TP? Test_Point_PCB
Added Member To Class: ClassName=MOTHERBOARD Member=Component TP? Test_Point_PCB
Added Member To Class: ClassName=MOTHERBOARD Member=Component TP? Test_Point_PCB
Added Member To Class: ClassName=MOTHERBOARD Member=Component TP? Test_Point_PCB
Added Member To Class: ClassName=MOTHERBOARD Member=Component TP? Test_Point_PCB
Added Member To Class: ClassName=MOTHERBOARD Member=Component TP? Test_Point_PCB
Added Member To Class: ClassName=MOTHERBOARD Member=Component TP? Test_Point_PCB
Added Member To Class: ClassName=MOTHERBOARD Member=Component TP? Test_Point_PCB
Added Room: Name=MOTHERBOARD
