Removed Pin From Net: NetName=GND Pin=J2-2
Removed Pin From Net: NetName=NetP6_3 Pin=X6-9
Removed Pin From Net: NetName=NetP6_4 Pin=X6-10
Removed Member From Class: ClassName=MOTHERBOARD Member=J2
Added Component: Designator=P12(SMTC-TSW-104-08-X-S)
Add component (AddParameter): Name = "ComponentLink1Description"; Value = "Manufacturer URL"; VariantName = "[No Variations]"
Add component (AddParameter): Name = "ComponentLink1URL"; Value = "http://www.samtec.com"; VariantName = "[No Variations]"
Add component (AddParameter): Name = "ComponentLink2Description"; Value = "Datasheet"; VariantName = "[No Variations]"
Add component (AddParameter): Name = "ComponentLink2URL"; Value = "http://www.samtec.com/documents/webfiles/pdf/TSW_TH.PDF"; VariantName = "[No Variations]"
Add component (AddParameter): Name = "ComponentLink3Description"; Value = "Package Specification"; VariantName = "[No Variations]"
Add component (AddParameter): Name = "ComponentLink3URL"; Value = "http://www.samtec.com/documents/webfiles/cpdf/TSW-XXX-XX-XXX-X-XX-XXX-MKT.pdf"; VariantName = "[No Variations]"
Add component (AddParameter): Name = "DatasheetVersion"; Value = "F-214"; VariantName = "[No Variations]"
Add component (AddParameter): Name = "Manufacturer"; Value = "Samtec"; VariantName = "[No Variations]"
Add component (AddParameter): Name = "Mounting Technology"; Value = "Through-hole"; VariantName = "[No Variations]"
Add component (AddParameter): Name = "Orientation"; Value = "Vertical"; VariantName = "[No Variations]"
Add component (AddParameter): Name = "PackageDescription"; Value = ".025[0.64] SQ. Post Terminal Strip Assembly"; VariantName = "[No Variations]"
Add component (AddParameter): Name = "PackageReference"; Value = "TSW-104-08-X-S"; VariantName = "[No Variations]"
Add component (AddParameter): Name = "PackageVersion"; Value = "DM, 8/1988"; VariantName = "[No Variations]"
Add component (AddParameter): Name = "PartNumber"; Value = "TSW-104-08-G-S"; VariantName = "[No Variations]"
Add component (AddParameter): Name = "Pitch"; Value = "2.54 mm"; VariantName = "[No Variations]"
Add component (AddParameter): Name = "RoHS"; Value = "True"; VariantName = "[No Variations]"
Add component (AddParameter): Name = "Temperature Range"; Value = "-55 to 125 degC"; VariantName = "[No Variations]"
Added Component: Designator=X7(BH-10)
Added Pin To Net: NetName=GND Pin=P12-3
Added Pin To Net: NetName=+5V Pin=P12-4
Added Pin To Net: NetName=NetP7_5 Pin=X6-9
Added Pin To Net: NetName=NetP7_4 Pin=X6-10
Added Pin To Net: NetName=+5V Pin=X7-1
Added Pin To Net: NetName=+3V3 Pin=X7-2
Added Pin To Net: NetName=GND Pin=X7-3
Added Pin To Net: NetName=NetP6_3 Pin=X7-4
Added Pin To Net: NetName=NetP6_4 Pin=X7-5
Added Pin To Net: NetName=NetP6_5 Pin=X7-6
Added Pin To Net: NetName=NetR113_2 Pin=X7-10
Change Net Name : Old Net Name=NetP12_2 New Net Name=NetP14_2
Change Net Name : Old Net Name=NetP12_3 New Net Name=NetP14_3
Added Pin To Net: NetName=NetP12_1 Pin=P12-1
Added Pin To Net: NetName=NetP12_1 Pin=U4-13
Added Net: Name=NetP12_1
Added Pin To Net: NetName=NetP12_2 Pin=P12-2
Added Pin To Net: NetName=NetP12_2 Pin=U4-20
Added Net: Name=NetP12_2
Added Member To Class: ClassName=MOTHERBOARD Member=Component P12 TSW-104-08-G-S
Added Member To Class: ClassName=MOTHERBOARD Member=Component X7 BH-10
Added Room: Name=MOTHERBOARD
