Removed Pin From Net: NetName=GND Pin=C17-1
Removed Pin From Net: NetName=GND Pin=C18-1
Removed Pin From Net: NetName=GND Pin=C19-1
Removed Pin From Net: NetName=+3V3 Pin=R116-2
Removed Pin From Net: NetName=+3V3 Pin=R117-2
Removed Pin From Net: NetName=+3V3 Pin=R118-2
Removed Pin From Net: NetName=GND Pin=SW1-1
Removed Pin From Net: NetName=GND Pin=SW1-1
Removed Pin From Net: NetName=GND Pin=SW1-2
Removed Pin From Net: NetName=GND Pin=SW1-2
Removed Pin From Net: NetName=GND Pin=SW2-1
Removed Pin From Net: NetName=GND Pin=SW2-1
Removed Pin From Net: NetName=GND Pin=SW2-2
Removed Pin From Net: NetName=GND Pin=SW2-2
Removed Pin From Net: NetName=GND Pin=SW3-1
Removed Pin From Net: NetName=GND Pin=SW3-1
Removed Pin From Net: NetName=GND Pin=SW3-2
Removed Pin From Net: NetName=GND Pin=SW3-2
Removed Member From Class: ClassName=MOTHERBOARD Member=C17
Removed Member From Class: ClassName=MOTHERBOARD Member=C18
Removed Member From Class: ClassName=MOTHERBOARD Member=C19
Removed Member From Class: ClassName=MOTHERBOARD Member=R116
Removed Member From Class: ClassName=MOTHERBOARD Member=R117
Removed Member From Class: ClassName=MOTHERBOARD Member=R118
Removed Member From Class: ClassName=MOTHERBOARD Member=SW1
Removed Member From Class: ClassName=MOTHERBOARD Member=SW2
Removed Member From Class: ClassName=MOTHERBOARD Member=SW3
Added Component: Designator=X6(BH-10)
Added Pin To Net: NetName=+5V Pin=X6-1
Added Pin To Net: NetName=+3V3 Pin=X6-2
Added Pin To Net: NetName=GND Pin=X6-3
Added Pin To Net: NetName=NetP12_3 Pin=X6-4
Added Pin To Net: NetName=NetP12_2 Pin=X6-5
Added Pin To Net: NetName=NetP6_3 Pin=X6-9
Added Pin To Net: NetName=NetP6_4 Pin=X6-10
Added Pin To Net: NetName=NetP5_3 Pin=P5-3
Added Pin To Net: NetName=NetP5_3 Pin=U4-2
Added Pin To Net: NetName=NetP5_3 Pin=X6-6
Added Net: Name=NetP5_3
Added Pin To Net: NetName=NetP5_4 Pin=P5-4
Added Pin To Net: NetName=NetP5_4 Pin=U4-3
Added Pin To Net: NetName=NetP5_4 Pin=X6-7
Added Net: Name=NetP5_4
Added Pin To Net: NetName=NetP5_5 Pin=P5-5
Added Pin To Net: NetName=NetP5_5 Pin=U4-41
Added Pin To Net: NetName=NetP5_5 Pin=X6-8
Added Net: Name=NetP5_5
Added Member To Class: ClassName=MOTHERBOARD Member=Component X6 BH-10
Added Room: Name=MOTHERBOARD
