Change Component Footprint: Designator=LED1 Old Footprint=Type 3mm New Footprint=Type 3mm
Change Component Footprint: Designator=LED2 Old Footprint=Type 3mm New Footprint=Type 3mm
Change Component Footprint: Designator=LED3 Old Footprint=Type 3mm New Footprint=Type 3mm
Change Component Footprint: Designator=LED4 Old Footprint=Type 3mm New Footprint=Type 3mm
Change Component Footprint: Designator=L1 Old Footprint=WE-PD4-XL New Footprint=WE-PD4-XL
Added Component: Designator=C1(EEEFK1V331P)
Add component (AddParameter): Name = "Arrow Part Number"; Value = ""; VariantName = "[No Variations]"
Add component (AddParameter): Name = "Arrow Price/Stock"; Value = ""; VariantName = "[No Variations]"
Add component (AddParameter): Name = "Datasheet Link"; Value = "http://industrial.panasonic.com/cdbs/www-data/pdf/RDE0000/ABA0000C1142.pdf"; VariantName = "[No Variations]"
Add component (AddParameter): Name = "Manufacturer_Name"; Value = "Panasonic"; VariantName = "[No Variations]"
Add component (AddParameter): Name = "Manufacturer_Part_Number"; Value = "EEE1HA101AP"; VariantName = "[No Variations]"
Add component (AddParameter): Name = "Mouser Part Number"; Value = ""; VariantName = "[No Variations]"
Add component (AddParameter): Name = "Mouser Price/Stock"; Value = ""; VariantName = "[No Variations]"
Added Component: Designator=C2(EEEFK1V331P)
Add component (AddParameter): Name = "Arrow Part Number"; Value = ""; VariantName = "[No Variations]"
Add component (AddParameter): Name = "Arrow Price/Stock"; Value = ""; VariantName = "[No Variations]"
Add component (AddParameter): Name = "Datasheet Link"; Value = "http://industrial.panasonic.com/cdbs/www-data/pdf/RDE0000/ABA0000C1142.pdf"; VariantName = "[No Variations]"
Add component (AddParameter): Name = "Manufacturer_Name"; Value = "Panasonic"; VariantName = "[No Variations]"
Add component (AddParameter): Name = "Manufacturer_Part_Number"; Value = "EEE1HA101AP"; VariantName = "[No Variations]"
Add component (AddParameter): Name = "Mouser Part Number"; Value = ""; VariantName = "[No Variations]"
Add component (AddParameter): Name = "Mouser Price/Stock"; Value = ""; VariantName = "[No Variations]"
Added Component: Designator=C4(EEEFK1V331P)
Add component (AddParameter): Name = "Arrow Part Number"; Value = ""; VariantName = "[No Variations]"
Add component (AddParameter): Name = "Arrow Price/Stock"; Value = ""; VariantName = "[No Variations]"
Add component (AddParameter): Name = "Datasheet Link"; Value = "http://industrial.panasonic.com/cdbs/www-data/pdf/RDE0000/ABA0000C1142.pdf"; VariantName = "[No Variations]"
Add component (AddParameter): Name = "Manufacturer_Name"; Value = "Panasonic"; VariantName = "[No Variations]"
Add component (AddParameter): Name = "Manufacturer_Part_Number"; Value = "EEE1HA101AP"; VariantName = "[No Variations]"
Add component (AddParameter): Name = "Mouser Part Number"; Value = ""; VariantName = "[No Variations]"
Add component (AddParameter): Name = "Mouser Price/Stock"; Value = ""; VariantName = "[No Variations]"
Added Component: Designator=C5(EEEFK1V331P)
Add component (AddParameter): Name = "Arrow Part Number"; Value = ""; VariantName = "[No Variations]"
Add component (AddParameter): Name = "Arrow Price/Stock"; Value = ""; VariantName = "[No Variations]"
Add component (AddParameter): Name = "Datasheet Link"; Value = "http://industrial.panasonic.com/cdbs/www-data/pdf/RDE0000/ABA0000C1142.pdf"; VariantName = "[No Variations]"
Add component (AddParameter): Name = "Manufacturer_Name"; Value = "Panasonic"; VariantName = "[No Variations]"
Add component (AddParameter): Name = "Manufacturer_Part_Number"; Value = "EEE1HA101AP"; VariantName = "[No Variations]"
Add component (AddParameter): Name = "Mouser Part Number"; Value = ""; VariantName = "[No Variations]"
Add component (AddParameter): Name = "Mouser Price/Stock"; Value = ""; VariantName = "[No Variations]"
Added Component: Designator=C6(CAPPM7343X430N)
Add component (AddParameter): Name = "Arrow Part Number"; Value = "293D106X9050E2TE3"; VariantName = "[No Variations]"
Add component (AddParameter): Name = "Arrow Price/Stock"; Value = "https://www.arrow.com/en/products/293d106x9050e2te3/vishay"; VariantName = "[No Variations]"
Add component (AddParameter): Name = "Datasheet Link"; Value = "http://www.vishay.com/doc?40002"; VariantName = "[No Variations]"
Add component (AddParameter): Name = "Height"; Value = "4.3mm"; VariantName = "[No Variations]"
Add component (AddParameter): Name = "Manufacturer_Name"; Value = "Vishay"; VariantName = "[No Variations]"
Add component (AddParameter): Name = "Manufacturer_Part_Number"; Value = "293D106X9050E2TE3"; VariantName = "[No Variations]"
Add component (AddParameter): Name = "Mouser Part Number"; Value = "74-293D106X9050E2TE3"; VariantName = "[No Variations]"
Add component (AddParameter): Name = "Mouser Price/Stock"; Value = "https://www.mouser.com/Search/Refine.aspx?Keyword=74-293D106X9050E2TE3"; VariantName = "[No Variations]"
Added Component: Designator=D22(8-SOIC)
Add component (AddParameter): Name = "ComponentDescription"; Value = "Микросхема сдвоенный ОУ, LMV358AIDR, 8-SOIC"; VariantName = "[No Variations]"
Add component (AddParameter): Name = "ComponentTypе"; Value = "Микросхема сдвоенный ОУ"; VariantName = "[No Variations]"
Add component (AddParameter): Name = "Package"; Value = "8-SOIC"; VariantName = "[No Variations]"
Added Component: Designator=D23(8-SOIC)
Add component (AddParameter): Name = "ComponentDescription"; Value = "Микросхема сдвоенный ОУ, LMV358AIDR, 8-SOIC"; VariantName = "[No Variations]"
Add component (AddParameter): Name = "ComponentTypе"; Value = "Микросхема сдвоенный ОУ"; VariantName = "[No Variations]"
Add component (AddParameter): Name = "Package"; Value = "8-SOIC"; VariantName = "[No Variations]"
Added Component: Designator=D27(8-SOIC)
Add component (AddParameter): Name = "ComponentDescription"; Value = "Микросхема сдвоенный ОУ, LMV358AIDR, 8-SOIC"; VariantName = "[No Variations]"
Add component (AddParameter): Name = "ComponentTypе"; Value = "Микросхема сдвоенный ОУ"; VariantName = "[No Variations]"
Add component (AddParameter): Name = "Package"; Value = "8-SOIC"; VariantName = "[No Variations]"
Added Component: Designator=D28(8-SOIC)
Add component (AddParameter): Name = "ComponentDescription"; Value = "Микросхема сдвоенный ОУ, LMV358AIDR, 8-SOIC"; VariantName = "[No Variations]"
Add component (AddParameter): Name = "ComponentTypе"; Value = "Микросхема сдвоенный ОУ"; VariantName = "[No Variations]"
Add component (AddParameter): Name = "Package"; Value = "8-SOIC"; VariantName = "[No Variations]"
Added Component: Designator=J1(691101710002)
Add component (AddParameter): Name = "Application"; Value = "Pressure Clamp"; VariantName = "[No Variations]"
Add component (AddParameter): Name = "Category"; Value = "Terminal Blocks"; VariantName = "[No Variations]"
Add component (AddParameter): Name = "ComponentLink1Description"; Value = "Website Link"; VariantName = "[No Variations]"
Add component (AddParameter): Name = "ComponentLink1URL"; Value = "https://www.we-online.com/redexpert/article/691101710002?ad"; VariantName = "[No Variations]"
Add component (AddParameter): Name = "ComponentLink2Description"; Value = "Datasheet Link"; VariantName = "[No Variations]"
Add component (AddParameter): Name = "ComponentLink2URL"; Value = "https://www.we-online.com/redexpert/spec/691101710002?ad"; VariantName = "[No Variations]"
Add component (AddParameter): Name = "Manufacturer"; Value = "Wurth Elektronik"; VariantName = "[No Variations]"
Add component (AddParameter): Name = "Manufacturer Part Number"; Value = "691101710002"; VariantName = "[No Variations]"
Add component (AddParameter): Name = "Match Code"; Value = "WR-TBL"; VariantName = "[No Variations]"
Add component (AddParameter): Name = "Modularity"; Value = "Yes"; VariantName = "[No Variations]"
Add component (AddParameter): Name = "Mount"; Value = "Through Hole"; VariantName = "[No Variations]"
Add component (AddParameter): Name = "Number of Pins"; Value = "2"; VariantName = "[No Variations]"
Add component (AddParameter): Name = "Number of Rows"; Value = "1"; VariantName = "[No Variations]"
Add component (AddParameter): Name = "Operating Temperature Max"; Value = "105°C"; VariantName = "[No Variations]"
Add component (AddParameter): Name = "Operating Temperature Min"; Value = "-40°C"; VariantName = "[No Variations]"
Add component (AddParameter): Name = "Orientation"; Value = "Horizontal"; VariantName = "[No Variations]"
Add component (AddParameter): Name = "Packaging"; Value = "Box"; VariantName = "[No Variations]"
Add component (AddParameter): Name = "Pitch"; Value = "5mm"; VariantName = "[No Variations]"
Add component (AddParameter): Name = "Rated Current"; Value = "16A"; VariantName = "[No Variations]"
Add component (AddParameter): Name = "Working Voltage"; Value = "250V"; VariantName = "[No Variations]"
Added Component: Designator=J2(691101710002)
Add component (AddParameter): Name = "Application"; Value = "Pressure Clamp"; VariantName = "[No Variations]"
Add component (AddParameter): Name = "Category"; Value = "Terminal Blocks"; VariantName = "[No Variations]"
Add component (AddParameter): Name = "ComponentLink1Description"; Value = "Website Link"; VariantName = "[No Variations]"
Add component (AddParameter): Name = "ComponentLink1URL"; Value = "https://www.we-online.com/redexpert/article/691101710002?ad"; VariantName = "[No Variations]"
Add component (AddParameter): Name = "ComponentLink2Description"; Value = "Datasheet Link"; VariantName = "[No Variations]"
Add component (AddParameter): Name = "ComponentLink2URL"; Value = "https://www.we-online.com/redexpert/spec/691101710002?ad"; VariantName = "[No Variations]"
Add component (AddParameter): Name = "Manufacturer"; Value = "Wurth Elektronik"; VariantName = "[No Variations]"
Add component (AddParameter): Name = "Manufacturer Part Number"; Value = "691101710002"; VariantName = "[No Variations]"
Add component (AddParameter): Name = "Match Code"; Value = "WR-TBL"; VariantName = "[No Variations]"
Add component (AddParameter): Name = "Modularity"; Value = "Yes"; VariantName = "[No Variations]"
Add component (AddParameter): Name = "Mount"; Value = "Through Hole"; VariantName = "[No Variations]"
Add component (AddParameter): Name = "Number of Pins"; Value = "2"; VariantName = "[No Variations]"
Add component (AddParameter): Name = "Number of Rows"; Value = "1"; VariantName = "[No Variations]"
Add component (AddParameter): Name = "Operating Temperature Max"; Value = "105°C"; VariantName = "[No Variations]"
Add component (AddParameter): Name = "Operating Temperature Min"; Value = "-40°C"; VariantName = "[No Variations]"
Add component (AddParameter): Name = "Orientation"; Value = "Horizontal"; VariantName = "[No Variations]"
Add component (AddParameter): Name = "Packaging"; Value = "Box"; VariantName = "[No Variations]"
Add component (AddParameter): Name = "Pitch"; Value = "5mm"; VariantName = "[No Variations]"
Add component (AddParameter): Name = "Rated Current"; Value = "16A"; VariantName = "[No Variations]"
Add component (AddParameter): Name = "Working Voltage"; Value = "250V"; VariantName = "[No Variations]"
Added Component: Designator=J8(691101710002)
Add component (AddParameter): Name = "Application"; Value = "Pressure Clamp"; VariantName = "[No Variations]"
Add component (AddParameter): Name = "Category"; Value = "Terminal Blocks"; VariantName = "[No Variations]"
Add component (AddParameter): Name = "ComponentLink1Description"; Value = "Website Link"; VariantName = "[No Variations]"
Add component (AddParameter): Name = "ComponentLink1URL"; Value = "https://www.we-online.com/redexpert/article/691101710002?ad"; VariantName = "[No Variations]"
Add component (AddParameter): Name = "ComponentLink2Description"; Value = "Datasheet Link"; VariantName = "[No Variations]"
Add component (AddParameter): Name = "ComponentLink2URL"; Value = "https://www.we-online.com/redexpert/spec/691101710002?ad"; VariantName = "[No Variations]"
Add component (AddParameter): Name = "Manufacturer"; Value = "Wurth Elektronik"; VariantName = "[No Variations]"
Add component (AddParameter): Name = "Manufacturer Part Number"; Value = "691101710002"; VariantName = "[No Variations]"
Add component (AddParameter): Name = "Match Code"; Value = "WR-TBL"; VariantName = "[No Variations]"
Add component (AddParameter): Name = "Modularity"; Value = "Yes"; VariantName = "[No Variations]"
Add component (AddParameter): Name = "Mount"; Value = "Through Hole"; VariantName = "[No Variations]"
Add component (AddParameter): Name = "Number of Pins"; Value = "2"; VariantName = "[No Variations]"
Add component (AddParameter): Name = "Number of Rows"; Value = "1"; VariantName = "[No Variations]"
Add component (AddParameter): Name = "Operating Temperature Max"; Value = "105°C"; VariantName = "[No Variations]"
Add component (AddParameter): Name = "Operating Temperature Min"; Value = "-40°C"; VariantName = "[No Variations]"
Add component (AddParameter): Name = "Orientation"; Value = "Horizontal"; VariantName = "[No Variations]"
Add component (AddParameter): Name = "Packaging"; Value = "Box"; VariantName = "[No Variations]"
Add component (AddParameter): Name = "Pitch"; Value = "5mm"; VariantName = "[No Variations]"
Add component (AddParameter): Name = "Rated Current"; Value = "16A"; VariantName = "[No Variations]"
Add component (AddParameter): Name = "Working Voltage"; Value = "250V"; VariantName = "[No Variations]"
Added Component: Designator=J9(691101710002)
Add component (AddParameter): Name = "Application"; Value = "Pressure Clamp"; VariantName = "[No Variations]"
Add component (AddParameter): Name = "Category"; Value = "Terminal Blocks"; VariantName = "[No Variations]"
Add component (AddParameter): Name = "ComponentLink1Description"; Value = "Website Link"; VariantName = "[No Variations]"
Add component (AddParameter): Name = "ComponentLink1URL"; Value = "https://www.we-online.com/redexpert/article/691101710002?ad"; VariantName = "[No Variations]"
Add component (AddParameter): Name = "ComponentLink2Description"; Value = "Datasheet Link"; VariantName = "[No Variations]"
Add component (AddParameter): Name = "ComponentLink2URL"; Value = "https://www.we-online.com/redexpert/spec/691101710002?ad"; VariantName = "[No Variations]"
Add component (AddParameter): Name = "Manufacturer"; Value = "Wurth Elektronik"; VariantName = "[No Variations]"
Add component (AddParameter): Name = "Manufacturer Part Number"; Value = "691101710002"; VariantName = "[No Variations]"
Add component (AddParameter): Name = "Match Code"; Value = "WR-TBL"; VariantName = "[No Variations]"
Add component (AddParameter): Name = "Modularity"; Value = "Yes"; VariantName = "[No Variations]"
Add component (AddParameter): Name = "Mount"; Value = "Through Hole"; VariantName = "[No Variations]"
Add component (AddParameter): Name = "Number of Pins"; Value = "2"; VariantName = "[No Variations]"
Add component (AddParameter): Name = "Number of Rows"; Value = "1"; VariantName = "[No Variations]"
Add component (AddParameter): Name = "Operating Temperature Max"; Value = "105°C"; VariantName = "[No Variations]"
Add component (AddParameter): Name = "Operating Temperature Min"; Value = "-40°C"; VariantName = "[No Variations]"
Add component (AddParameter): Name = "Orientation"; Value = "Horizontal"; VariantName = "[No Variations]"
Add component (AddParameter): Name = "Packaging"; Value = "Box"; VariantName = "[No Variations]"
Add component (AddParameter): Name = "Pitch"; Value = "5mm"; VariantName = "[No Variations]"
Add component (AddParameter): Name = "Rated Current"; Value = "16A"; VariantName = "[No Variations]"
Add component (AddParameter): Name = "Working Voltage"; Value = "250V"; VariantName = "[No Variations]"
Added Component: Designator=J10(691101710002)
Add component (AddParameter): Name = "Application"; Value = "Pressure Clamp"; VariantName = "[No Variations]"
Add component (AddParameter): Name = "Category"; Value = "Terminal Blocks"; VariantName = "[No Variations]"
Add component (AddParameter): Name = "ComponentLink1Description"; Value = "Website Link"; VariantName = "[No Variations]"
Add component (AddParameter): Name = "ComponentLink1URL"; Value = "https://www.we-online.com/redexpert/article/691101710002?ad"; VariantName = "[No Variations]"
Add component (AddParameter): Name = "ComponentLink2Description"; Value = "Datasheet Link"; VariantName = "[No Variations]"
Add component (AddParameter): Name = "ComponentLink2URL"; Value = "https://www.we-online.com/redexpert/spec/691101710002?ad"; VariantName = "[No Variations]"
Add component (AddParameter): Name = "Manufacturer"; Value = "Wurth Elektronik"; VariantName = "[No Variations]"
Add component (AddParameter): Name = "Manufacturer Part Number"; Value = "691101710002"; VariantName = "[No Variations]"
Add component (AddParameter): Name = "Match Code"; Value = "WR-TBL"; VariantName = "[No Variations]"
Add component (AddParameter): Name = "Modularity"; Value = "Yes"; VariantName = "[No Variations]"
Add component (AddParameter): Name = "Mount"; Value = "Through Hole"; VariantName = "[No Variations]"
Add component (AddParameter): Name = "Number of Pins"; Value = "2"; VariantName = "[No Variations]"
Add component (AddParameter): Name = "Number of Rows"; Value = "1"; VariantName = "[No Variations]"
Add component (AddParameter): Name = "Operating Temperature Max"; Value = "105°C"; VariantName = "[No Variations]"
Add component (AddParameter): Name = "Operating Temperature Min"; Value = "-40°C"; VariantName = "[No Variations]"
Add component (AddParameter): Name = "Orientation"; Value = "Horizontal"; VariantName = "[No Variations]"
Add component (AddParameter): Name = "Packaging"; Value = "Box"; VariantName = "[No Variations]"
Add component (AddParameter): Name = "Pitch"; Value = "5mm"; VariantName = "[No Variations]"
Add component (AddParameter): Name = "Rated Current"; Value = "16A"; VariantName = "[No Variations]"
Add component (AddParameter): Name = "Working Voltage"; Value = "250V"; VariantName = "[No Variations]"
Added Component: Designator=J12(691101710002)
Add component (AddParameter): Name = "Application"; Value = "Pressure Clamp"; VariantName = "[No Variations]"
Add component (AddParameter): Name = "Category"; Value = "Terminal Blocks"; VariantName = "[No Variations]"
Add component (AddParameter): Name = "ComponentLink1Description"; Value = "Website Link"; VariantName = "[No Variations]"
Add component (AddParameter): Name = "ComponentLink1URL"; Value = "https://www.we-online.com/redexpert/article/691101710002?ad"; VariantName = "[No Variations]"
Add component (AddParameter): Name = "ComponentLink2Description"; Value = "Datasheet Link"; VariantName = "[No Variations]"
Add component (AddParameter): Name = "ComponentLink2URL"; Value = "https://www.we-online.com/redexpert/spec/691101710002?ad"; VariantName = "[No Variations]"
Add component (AddParameter): Name = "Manufacturer"; Value = "Wurth Elektronik"; VariantName = "[No Variations]"
Add component (AddParameter): Name = "Manufacturer Part Number"; Value = "691101710002"; VariantName = "[No Variations]"
Add component (AddParameter): Name = "Match Code"; Value = "WR-TBL"; VariantName = "[No Variations]"
Add component (AddParameter): Name = "Modularity"; Value = "Yes"; VariantName = "[No Variations]"
Add component (AddParameter): Name = "Mount"; Value = "Through Hole"; VariantName = "[No Variations]"
Add component (AddParameter): Name = "Number of Pins"; Value = "2"; VariantName = "[No Variations]"
Add component (AddParameter): Name = "Number of Rows"; Value = "1"; VariantName = "[No Variations]"
Add component (AddParameter): Name = "Operating Temperature Max"; Value = "105°C"; VariantName = "[No Variations]"
Add component (AddParameter): Name = "Operating Temperature Min"; Value = "-40°C"; VariantName = "[No Variations]"
Add component (AddParameter): Name = "Orientation"; Value = "Horizontal"; VariantName = "[No Variations]"
Add component (AddParameter): Name = "Packaging"; Value = "Box"; VariantName = "[No Variations]"
Add component (AddParameter): Name = "Pitch"; Value = "5mm"; VariantName = "[No Variations]"
Add component (AddParameter): Name = "Rated Current"; Value = "16A"; VariantName = "[No Variations]"
Add component (AddParameter): Name = "Working Voltage"; Value = "250V"; VariantName = "[No Variations]"
Added Component: Designator=P2(61900311121)
Add component (AddParameter): Name = "ComponentLink1Description"; Value = "Manufacturer"; VariantName = "[No Variations]"
Add component (AddParameter): Name = "ComponentLink1URL"; Value = "http://www.we-online.de"; VariantName = "[No Variations]"
Add component (AddParameter): Name = "ComponentLink2Description"; Value = "Datasheet"; VariantName = "[No Variations]"
Add component (AddParameter): Name = "ComponentLink2URL"; Value = "https://www.we-online.com/catalog/datasheet/61900311121.pdf"; VariantName = "[No Variations]"
Add component (AddParameter): Name = "Contact Resistance"; Value = "20mOhm"; VariantName = "[No Variations]"
Add component (AddParameter): Name = "Gender"; Value = "Male"; VariantName = "[No Variations]"
Add component (AddParameter): Name = "Mounting Technology"; Value = "THT"; VariantName = "[No Variations]"
Add component (AddParameter): Name = "Operating Temperature"; Value = "-40 to +105degC"; VariantName = "[No Variations]"
Add component (AddParameter): Name = "Packaging"; Value = "Bag"; VariantName = "[No Variations]"
Add component (AddParameter): Name = "Part Number"; Value = "61900311121"; VariantName = "[No Variations]"
Add component (AddParameter): Name = "Pin Number"; Value = "3"; VariantName = "[No Variations]"
Add component (AddParameter): Name = "Pitch"; Value = "2.54mm"; VariantName = "[No Variations]"
Add component (AddParameter): Name = "Published Date"; Value = "January 2020"; VariantName = "[No Variations]"
Add component (AddParameter): Name = "Publisher"; Value = "Wurth Elektronik"; VariantName = "[No Variations]"
Add component (AddParameter): Name = "Rated Current"; Value = "3A"; VariantName = "[No Variations]"
Add component (AddParameter): Name = "Type"; Value = "Vertical"; VariantName = "[No Variations]"
Add component (AddParameter): Name = "Withstanding Voltage"; Value = "1000VAC"; VariantName = "[No Variations]"
Add component (AddParameter): Name = "Working Voltage"; Value = "250VAC"; VariantName = "[No Variations]"
Added Component: Designator=P3(61900311121)
Add component (AddParameter): Name = "ComponentLink1Description"; Value = "Manufacturer"; VariantName = "[No Variations]"
Add component (AddParameter): Name = "ComponentLink1URL"; Value = "http://www.we-online.de"; VariantName = "[No Variations]"
Add component (AddParameter): Name = "ComponentLink2Description"; Value = "Datasheet"; VariantName = "[No Variations]"
Add component (AddParameter): Name = "ComponentLink2URL"; Value = "https://www.we-online.com/catalog/datasheet/61900311121.pdf"; VariantName = "[No Variations]"
Add component (AddParameter): Name = "Contact Resistance"; Value = "20mOhm"; VariantName = "[No Variations]"
Add component (AddParameter): Name = "Gender"; Value = "Male"; VariantName = "[No Variations]"
Add component (AddParameter): Name = "Mounting Technology"; Value = "THT"; VariantName = "[No Variations]"
Add component (AddParameter): Name = "Operating Temperature"; Value = "-40 to +105degC"; VariantName = "[No Variations]"
Add component (AddParameter): Name = "Packaging"; Value = "Bag"; VariantName = "[No Variations]"
Add component (AddParameter): Name = "Part Number"; Value = "61900311121"; VariantName = "[No Variations]"
Add component (AddParameter): Name = "Pin Number"; Value = "3"; VariantName = "[No Variations]"
Add component (AddParameter): Name = "Pitch"; Value = "2.54mm"; VariantName = "[No Variations]"
Add component (AddParameter): Name = "Published Date"; Value = "January 2020"; VariantName = "[No Variations]"
Add component (AddParameter): Name = "Publisher"; Value = "Wurth Elektronik"; VariantName = "[No Variations]"
Add component (AddParameter): Name = "Rated Current"; Value = "3A"; VariantName = "[No Variations]"
Add component (AddParameter): Name = "Type"; Value = "Vertical"; VariantName = "[No Variations]"
Add component (AddParameter): Name = "Withstanding Voltage"; Value = "1000VAC"; VariantName = "[No Variations]"
Add component (AddParameter): Name = "Working Voltage"; Value = "250VAC"; VariantName = "[No Variations]"
Added Component: Designator=P4(61900311121)
Add component (AddParameter): Name = "ComponentLink1Description"; Value = "Manufacturer"; VariantName = "[No Variations]"
Add component (AddParameter): Name = "ComponentLink1URL"; Value = "http://www.we-online.de"; VariantName = "[No Variations]"
Add component (AddParameter): Name = "ComponentLink2Description"; Value = "Datasheet"; VariantName = "[No Variations]"
Add component (AddParameter): Name = "ComponentLink2URL"; Value = "https://www.we-online.com/catalog/datasheet/61900311121.pdf"; VariantName = "[No Variations]"
Add component (AddParameter): Name = "Contact Resistance"; Value = "20mOhm"; VariantName = "[No Variations]"
Add component (AddParameter): Name = "Gender"; Value = "Male"; VariantName = "[No Variations]"
Add component (AddParameter): Name = "Mounting Technology"; Value = "THT"; VariantName = "[No Variations]"
Add component (AddParameter): Name = "Operating Temperature"; Value = "-40 to +105degC"; VariantName = "[No Variations]"
Add component (AddParameter): Name = "Packaging"; Value = "Bag"; VariantName = "[No Variations]"
Add component (AddParameter): Name = "Part Number"; Value = "61900311121"; VariantName = "[No Variations]"
Add component (AddParameter): Name = "Pin Number"; Value = "3"; VariantName = "[No Variations]"
Add component (AddParameter): Name = "Pitch"; Value = "2.54mm"; VariantName = "[No Variations]"
Add component (AddParameter): Name = "Published Date"; Value = "January 2020"; VariantName = "[No Variations]"
Add component (AddParameter): Name = "Publisher"; Value = "Wurth Elektronik"; VariantName = "[No Variations]"
Add component (AddParameter): Name = "Rated Current"; Value = "3A"; VariantName = "[No Variations]"
Add component (AddParameter): Name = "Type"; Value = "Vertical"; VariantName = "[No Variations]"
Add component (AddParameter): Name = "Withstanding Voltage"; Value = "1000VAC"; VariantName = "[No Variations]"
Add component (AddParameter): Name = "Working Voltage"; Value = "250VAC"; VariantName = "[No Variations]"
Added Component: Designator=P5(61900311121)
Add component (AddParameter): Name = "ComponentLink1Description"; Value = "Manufacturer"; VariantName = "[No Variations]"
Add component (AddParameter): Name = "ComponentLink1URL"; Value = "http://www.we-online.de"; VariantName = "[No Variations]"
Add component (AddParameter): Name = "ComponentLink2Description"; Value = "Datasheet"; VariantName = "[No Variations]"
Add component (AddParameter): Name = "ComponentLink2URL"; Value = "https://www.we-online.com/catalog/datasheet/61900311121.pdf"; VariantName = "[No Variations]"
Add component (AddParameter): Name = "Contact Resistance"; Value = "20mOhm"; VariantName = "[No Variations]"
Add component (AddParameter): Name = "Gender"; Value = "Male"; VariantName = "[No Variations]"
Add component (AddParameter): Name = "Mounting Technology"; Value = "THT"; VariantName = "[No Variations]"
Add component (AddParameter): Name = "Operating Temperature"; Value = "-40 to +105degC"; VariantName = "[No Variations]"
Add component (AddParameter): Name = "Packaging"; Value = "Bag"; VariantName = "[No Variations]"
Add component (AddParameter): Name = "Part Number"; Value = "61900311121"; VariantName = "[No Variations]"
Add component (AddParameter): Name = "Pin Number"; Value = "3"; VariantName = "[No Variations]"
Add component (AddParameter): Name = "Pitch"; Value = "2.54mm"; VariantName = "[No Variations]"
Add component (AddParameter): Name = "Published Date"; Value = "January 2020"; VariantName = "[No Variations]"
Add component (AddParameter): Name = "Publisher"; Value = "Wurth Elektronik"; VariantName = "[No Variations]"
Add component (AddParameter): Name = "Rated Current"; Value = "3A"; VariantName = "[No Variations]"
Add component (AddParameter): Name = "Type"; Value = "Vertical"; VariantName = "[No Variations]"
Add component (AddParameter): Name = "Withstanding Voltage"; Value = "1000VAC"; VariantName = "[No Variations]"
Add component (AddParameter): Name = "Working Voltage"; Value = "250VAC"; VariantName = "[No Variations]"
Added Component: Designator=P6(61900311121)
Add component (AddParameter): Name = "ComponentLink1Description"; Value = "Manufacturer"; VariantName = "[No Variations]"
Add component (AddParameter): Name = "ComponentLink1URL"; Value = "http://www.we-online.de"; VariantName = "[No Variations]"
Add component (AddParameter): Name = "ComponentLink2Description"; Value = "Datasheet"; VariantName = "[No Variations]"
Add component (AddParameter): Name = "ComponentLink2URL"; Value = "https://www.we-online.com/catalog/datasheet/61900311121.pdf"; VariantName = "[No Variations]"
Add component (AddParameter): Name = "Contact Resistance"; Value = "20mOhm"; VariantName = "[No Variations]"
Add component (AddParameter): Name = "Gender"; Value = "Male"; VariantName = "[No Variations]"
Add component (AddParameter): Name = "Mounting Technology"; Value = "THT"; VariantName = "[No Variations]"
Add component (AddParameter): Name = "Operating Temperature"; Value = "-40 to +105degC"; VariantName = "[No Variations]"
Add component (AddParameter): Name = "Packaging"; Value = "Bag"; VariantName = "[No Variations]"
Add component (AddParameter): Name = "Part Number"; Value = "61900311121"; VariantName = "[No Variations]"
Add component (AddParameter): Name = "Pin Number"; Value = "3"; VariantName = "[No Variations]"
Add component (AddParameter): Name = "Pitch"; Value = "2.54mm"; VariantName = "[No Variations]"
Add component (AddParameter): Name = "Published Date"; Value = "January 2020"; VariantName = "[No Variations]"
Add component (AddParameter): Name = "Publisher"; Value = "Wurth Elektronik"; VariantName = "[No Variations]"
Add component (AddParameter): Name = "Rated Current"; Value = "3A"; VariantName = "[No Variations]"
Add component (AddParameter): Name = "Type"; Value = "Vertical"; VariantName = "[No Variations]"
Add component (AddParameter): Name = "Withstanding Voltage"; Value = "1000VAC"; VariantName = "[No Variations]"
Add component (AddParameter): Name = "Working Voltage"; Value = "250VAC"; VariantName = "[No Variations]"
Added Component: Designator=P7(61900311121)
Add component (AddParameter): Name = "ComponentLink1Description"; Value = "Manufacturer"; VariantName = "[No Variations]"
Add component (AddParameter): Name = "ComponentLink1URL"; Value = "http://www.we-online.de"; VariantName = "[No Variations]"
Add component (AddParameter): Name = "ComponentLink2Description"; Value = "Datasheet"; VariantName = "[No Variations]"
Add component (AddParameter): Name = "ComponentLink2URL"; Value = "https://www.we-online.com/catalog/datasheet/61900311121.pdf"; VariantName = "[No Variations]"
Add component (AddParameter): Name = "Contact Resistance"; Value = "20mOhm"; VariantName = "[No Variations]"
Add component (AddParameter): Name = "Gender"; Value = "Male"; VariantName = "[No Variations]"
Add component (AddParameter): Name = "Mounting Technology"; Value = "THT"; VariantName = "[No Variations]"
Add component (AddParameter): Name = "Operating Temperature"; Value = "-40 to +105degC"; VariantName = "[No Variations]"
Add component (AddParameter): Name = "Packaging"; Value = "Bag"; VariantName = "[No Variations]"
Add component (AddParameter): Name = "Part Number"; Value = "61900311121"; VariantName = "[No Variations]"
Add component (AddParameter): Name = "Pin Number"; Value = "3"; VariantName = "[No Variations]"
Add component (AddParameter): Name = "Pitch"; Value = "2.54mm"; VariantName = "[No Variations]"
Add component (AddParameter): Name = "Published Date"; Value = "January 2020"; VariantName = "[No Variations]"
Add component (AddParameter): Name = "Publisher"; Value = "Wurth Elektronik"; VariantName = "[No Variations]"
Add component (AddParameter): Name = "Rated Current"; Value = "3A"; VariantName = "[No Variations]"
Add component (AddParameter): Name = "Type"; Value = "Vertical"; VariantName = "[No Variations]"
Add component (AddParameter): Name = "Withstanding Voltage"; Value = "1000VAC"; VariantName = "[No Variations]"
Add component (AddParameter): Name = "Working Voltage"; Value = "250VAC"; VariantName = "[No Variations]"
Added Component: Designator=P8(61900311121)
Add component (AddParameter): Name = "ComponentLink1Description"; Value = "Manufacturer"; VariantName = "[No Variations]"
Add component (AddParameter): Name = "ComponentLink1URL"; Value = "http://www.we-online.de"; VariantName = "[No Variations]"
Add component (AddParameter): Name = "ComponentLink2Description"; Value = "Datasheet"; VariantName = "[No Variations]"
Add component (AddParameter): Name = "ComponentLink2URL"; Value = "https://www.we-online.com/catalog/datasheet/61900311121.pdf"; VariantName = "[No Variations]"
Add component (AddParameter): Name = "Contact Resistance"; Value = "20mOhm"; VariantName = "[No Variations]"
Add component (AddParameter): Name = "Gender"; Value = "Male"; VariantName = "[No Variations]"
Add component (AddParameter): Name = "Mounting Technology"; Value = "THT"; VariantName = "[No Variations]"
Add component (AddParameter): Name = "Operating Temperature"; Value = "-40 to +105degC"; VariantName = "[No Variations]"
Add component (AddParameter): Name = "Packaging"; Value = "Bag"; VariantName = "[No Variations]"
Add component (AddParameter): Name = "Part Number"; Value = "61900311121"; VariantName = "[No Variations]"
Add component (AddParameter): Name = "Pin Number"; Value = "3"; VariantName = "[No Variations]"
Add component (AddParameter): Name = "Pitch"; Value = "2.54mm"; VariantName = "[No Variations]"
Add component (AddParameter): Name = "Published Date"; Value = "January 2020"; VariantName = "[No Variations]"
Add component (AddParameter): Name = "Publisher"; Value = "Wurth Elektronik"; VariantName = "[No Variations]"
Add component (AddParameter): Name = "Rated Current"; Value = "3A"; VariantName = "[No Variations]"
Add component (AddParameter): Name = "Type"; Value = "Vertical"; VariantName = "[No Variations]"
Add component (AddParameter): Name = "Withstanding Voltage"; Value = "1000VAC"; VariantName = "[No Variations]"
Add component (AddParameter): Name = "Working Voltage"; Value = "250VAC"; VariantName = "[No Variations]"
Added Component: Designator=P9(61900311121)
Add component (AddParameter): Name = "ComponentLink1Description"; Value = "Manufacturer"; VariantName = "[No Variations]"
Add component (AddParameter): Name = "ComponentLink1URL"; Value = "http://www.we-online.de"; VariantName = "[No Variations]"
Add component (AddParameter): Name = "ComponentLink2Description"; Value = "Datasheet"; VariantName = "[No Variations]"
Add component (AddParameter): Name = "ComponentLink2URL"; Value = "https://www.we-online.com/catalog/datasheet/61900311121.pdf"; VariantName = "[No Variations]"
Add component (AddParameter): Name = "Contact Resistance"; Value = "20mOhm"; VariantName = "[No Variations]"
Add component (AddParameter): Name = "Gender"; Value = "Male"; VariantName = "[No Variations]"
Add component (AddParameter): Name = "Mounting Technology"; Value = "THT"; VariantName = "[No Variations]"
Add component (AddParameter): Name = "Operating Temperature"; Value = "-40 to +105degC"; VariantName = "[No Variations]"
Add component (AddParameter): Name = "Packaging"; Value = "Bag"; VariantName = "[No Variations]"
Add component (AddParameter): Name = "Part Number"; Value = "61900311121"; VariantName = "[No Variations]"
Add component (AddParameter): Name = "Pin Number"; Value = "3"; VariantName = "[No Variations]"
Add component (AddParameter): Name = "Pitch"; Value = "2.54mm"; VariantName = "[No Variations]"
Add component (AddParameter): Name = "Published Date"; Value = "January 2020"; VariantName = "[No Variations]"
Add component (AddParameter): Name = "Publisher"; Value = "Wurth Elektronik"; VariantName = "[No Variations]"
Add component (AddParameter): Name = "Rated Current"; Value = "3A"; VariantName = "[No Variations]"
Add component (AddParameter): Name = "Type"; Value = "Vertical"; VariantName = "[No Variations]"
Add component (AddParameter): Name = "Withstanding Voltage"; Value = "1000VAC"; VariantName = "[No Variations]"
Add component (AddParameter): Name = "Working Voltage"; Value = "250VAC"; VariantName = "[No Variations]"
Added Component: Designator=P10(61900311121)
Add component (AddParameter): Name = "ComponentLink1Description"; Value = "Manufacturer"; VariantName = "[No Variations]"
Add component (AddParameter): Name = "ComponentLink1URL"; Value = "http://www.we-online.de"; VariantName = "[No Variations]"
Add component (AddParameter): Name = "ComponentLink2Description"; Value = "Datasheet"; VariantName = "[No Variations]"
Add component (AddParameter): Name = "ComponentLink2URL"; Value = "https://www.we-online.com/catalog/datasheet/61900311121.pdf"; VariantName = "[No Variations]"
Add component (AddParameter): Name = "Contact Resistance"; Value = "20mOhm"; VariantName = "[No Variations]"
Add component (AddParameter): Name = "Gender"; Value = "Male"; VariantName = "[No Variations]"
Add component (AddParameter): Name = "Mounting Technology"; Value = "THT"; VariantName = "[No Variations]"
Add component (AddParameter): Name = "Operating Temperature"; Value = "-40 to +105degC"; VariantName = "[No Variations]"
Add component (AddParameter): Name = "Packaging"; Value = "Bag"; VariantName = "[No Variations]"
Add component (AddParameter): Name = "Part Number"; Value = "61900311121"; VariantName = "[No Variations]"
Add component (AddParameter): Name = "Pin Number"; Value = "3"; VariantName = "[No Variations]"
Add component (AddParameter): Name = "Pitch"; Value = "2.54mm"; VariantName = "[No Variations]"
Add component (AddParameter): Name = "Published Date"; Value = "January 2020"; VariantName = "[No Variations]"
Add component (AddParameter): Name = "Publisher"; Value = "Wurth Elektronik"; VariantName = "[No Variations]"
Add component (AddParameter): Name = "Rated Current"; Value = "3A"; VariantName = "[No Variations]"
Add component (AddParameter): Name = "Type"; Value = "Vertical"; VariantName = "[No Variations]"
Add component (AddParameter): Name = "Withstanding Voltage"; Value = "1000VAC"; VariantName = "[No Variations]"
Add component (AddParameter): Name = "Working Voltage"; Value = "250VAC"; VariantName = "[No Variations]"
Added Component: Designator=P11(61900311121)
Add component (AddParameter): Name = "ComponentLink1Description"; Value = "Manufacturer"; VariantName = "[No Variations]"
Add component (AddParameter): Name = "ComponentLink1URL"; Value = "http://www.we-online.de"; VariantName = "[No Variations]"
Add component (AddParameter): Name = "ComponentLink2Description"; Value = "Datasheet"; VariantName = "[No Variations]"
Add component (AddParameter): Name = "ComponentLink2URL"; Value = "https://www.we-online.com/catalog/datasheet/61900311121.pdf"; VariantName = "[No Variations]"
Add component (AddParameter): Name = "Contact Resistance"; Value = "20mOhm"; VariantName = "[No Variations]"
Add component (AddParameter): Name = "Gender"; Value = "Male"; VariantName = "[No Variations]"
Add component (AddParameter): Name = "Mounting Technology"; Value = "THT"; VariantName = "[No Variations]"
Add component (AddParameter): Name = "Operating Temperature"; Value = "-40 to +105degC"; VariantName = "[No Variations]"
Add component (AddParameter): Name = "Packaging"; Value = "Bag"; VariantName = "[No Variations]"
Add component (AddParameter): Name = "Part Number"; Value = "61900311121"; VariantName = "[No Variations]"
Add component (AddParameter): Name = "Pin Number"; Value = "3"; VariantName = "[No Variations]"
Add component (AddParameter): Name = "Pitch"; Value = "2.54mm"; VariantName = "[No Variations]"
Add component (AddParameter): Name = "Published Date"; Value = "January 2020"; VariantName = "[No Variations]"
Add component (AddParameter): Name = "Publisher"; Value = "Wurth Elektronik"; VariantName = "[No Variations]"
Add component (AddParameter): Name = "Rated Current"; Value = "3A"; VariantName = "[No Variations]"
Add component (AddParameter): Name = "Type"; Value = "Vertical"; VariantName = "[No Variations]"
Add component (AddParameter): Name = "Withstanding Voltage"; Value = "1000VAC"; VariantName = "[No Variations]"
Add component (AddParameter): Name = "Working Voltage"; Value = "250VAC"; VariantName = "[No Variations]"
Added Component: Designator=TP1(Test_Point)
Added Component: Designator=TP2(Test_Point)
Added Component: Designator=TP3(Test_Point)
Added Component: Designator=TP4(Test_Point)
Added Component: Designator=TP5(Test_Point)
Added Component: Designator=TP6(Test_Point)
Added Component: Designator=TP7(Test_Point)
Added Component: Designator=TP8(Test_Point)
Added Component: Designator=TP9(Test_Point)
Added Component: Designator=TP10(Test_Point)
Added Component: Designator=TP11(Test_Point)
Added Component: Designator=TP12(Test_Point)
Added Component: Designator=TP13(Test_Point)
Added Component: Designator=TP14(Test_Point)
Added Component: Designator=TP15(Test_Point)
Added Component: Designator=TP16(Test_Point)
Added Component: Designator=TP17(Test_Point)
Added Component: Designator=TP18(Test_Point)
Added Component: Designator=TP19(Test_Point)
Added Component: Designator=TP20(Test_Point)
Added Component: Designator=TP21(Test_Point)
Added Component: Designator=TP22(Test_Point)
Added Component: Designator=VT1(TO-220)
Add component (AddParameter): Name = "ChannelType"; Value = "N-канальный"; VariantName = "[No Variations]"
Add component (AddParameter): Name = "ComponentDescription"; Value = "Транзистор МОП, одиночный, N-канальный, IRF3205, TO-220"; VariantName = "[No Variations]"
Add component (AddParameter): Name = "ComponentType"; Value = "Транзистор МОП, одиночный"; VariantName = "[No Variations]"
Add component (AddParameter): Name = "Package"; Value = "TO-220"; VariantName = "[No Variations]"
Added Component: Designator=VT2(TO-220)
Add component (AddParameter): Name = "ChannelType"; Value = "N-канальный"; VariantName = "[No Variations]"
Add component (AddParameter): Name = "ComponentDescription"; Value = "Транзистор МОП, одиночный, N-канальный, IRF3205, TO-220"; VariantName = "[No Variations]"
Add component (AddParameter): Name = "ComponentType"; Value = "Транзистор МОП, одиночный"; VariantName = "[No Variations]"
Add component (AddParameter): Name = "Package"; Value = "TO-220"; VariantName = "[No Variations]"
Added Component: Designator=VT3(TO-220)
Add component (AddParameter): Name = "ChannelType"; Value = "N-канальный"; VariantName = "[No Variations]"
Add component (AddParameter): Name = "ComponentDescription"; Value = "Транзистор МОП, одиночный, N-канальный, IRF3205, TO-220"; VariantName = "[No Variations]"
Add component (AddParameter): Name = "ComponentType"; Value = "Транзистор МОП, одиночный"; VariantName = "[No Variations]"
Add component (AddParameter): Name = "Package"; Value = "TO-220"; VariantName = "[No Variations]"
Added Component: Designator=VT4(TO-220)
Add component (AddParameter): Name = "ChannelType"; Value = "N-канальный"; VariantName = "[No Variations]"
Add component (AddParameter): Name = "ComponentDescription"; Value = "Транзистор МОП, одиночный, N-канальный, IRF3205, TO-220"; VariantName = "[No Variations]"
Add component (AddParameter): Name = "ComponentType"; Value = "Транзистор МОП, одиночный"; VariantName = "[No Variations]"
Add component (AddParameter): Name = "Package"; Value = "TO-220"; VariantName = "[No Variations]"
Added Component: Designator=VT5(TO-220)
Add component (AddParameter): Name = "ChannelType"; Value = "N-канальный"; VariantName = "[No Variations]"
Add component (AddParameter): Name = "ComponentDescription"; Value = "Транзистор МОП, одиночный, N-канальный, IRF3205, TO-220"; VariantName = "[No Variations]"
Add component (AddParameter): Name = "ComponentType"; Value = "Транзистор МОП, одиночный"; VariantName = "[No Variations]"
Add component (AddParameter): Name = "Package"; Value = "TO-220"; VariantName = "[No Variations]"
Added Component: Designator=VT6(TO-220)
Add component (AddParameter): Name = "ChannelType"; Value = "N-канальный"; VariantName = "[No Variations]"
Add component (AddParameter): Name = "ComponentDescription"; Value = "Транзистор МОП, одиночный, N-канальный, IRF3205, TO-220"; VariantName = "[No Variations]"
Add component (AddParameter): Name = "ComponentType"; Value = "Транзистор МОП, одиночный"; VariantName = "[No Variations]"
Add component (AddParameter): Name = "Package"; Value = "TO-220"; VariantName = "[No Variations]"
Added Component: Designator=VT7(TO-220)
Add component (AddParameter): Name = "ChannelType"; Value = "N-канальный"; VariantName = "[No Variations]"
Add component (AddParameter): Name = "ComponentDescription"; Value = "Транзистор МОП, одиночный, N-канальный, IRF3205, TO-220"; VariantName = "[No Variations]"
Add component (AddParameter): Name = "ComponentType"; Value = "Транзистор МОП, одиночный"; VariantName = "[No Variations]"
Add component (AddParameter): Name = "Package"; Value = "TO-220"; VariantName = "[No Variations]"
Added Component: Designator=VT8(TO-220)
Add component (AddParameter): Name = "ChannelType"; Value = "N-канальный"; VariantName = "[No Variations]"
Add component (AddParameter): Name = "ComponentDescription"; Value = "Транзистор МОП, одиночный, N-канальный, IRF3205, TO-220"; VariantName = "[No Variations]"
Add component (AddParameter): Name = "ComponentType"; Value = "Транзистор МОП, одиночный"; VariantName = "[No Variations]"
Add component (AddParameter): Name = "Package"; Value = "TO-220"; VariantName = "[No Variations]"
Added Component: Designator=VT9(TO-220(bend2))
Add component (AddParameter): Name = "ChannelType"; Value = "N-канальный"; VariantName = "[No Variations]"
Add component (AddParameter): Name = "ComponentDescription"; Value = "Транзистор МОП, одиночный, N-канальный, IRF3205, TO-220(bend2)"; VariantName = "[No Variations]"
Add component (AddParameter): Name = "ComponentType"; Value = "Транзистор МОП, одиночный"; VariantName = "[No Variations]"
Add component (AddParameter): Name = "Package"; Value = "TO-220(bend2)"; VariantName = "[No Variations]"
Added Component: Designator=VT10(TO-220)
Add component (AddParameter): Name = "ChannelType"; Value = "N-канальный"; VariantName = "[No Variations]"
Add component (AddParameter): Name = "ComponentDescription"; Value = "Транзистор МОП, одиночный, N-канальный, IRF3205, TO-220"; VariantName = "[No Variations]"
Add component (AddParameter): Name = "ComponentType"; Value = "Транзистор МОП, одиночный"; VariantName = "[No Variations]"
Add component (AddParameter): Name = "Package"; Value = "TO-220"; VariantName = "[No Variations]"
Added Component: Designator=VT11(TO-220)
Add component (AddParameter): Name = "ChannelType"; Value = "N-канальный"; VariantName = "[No Variations]"
Add component (AddParameter): Name = "ComponentDescription"; Value = "Транзистор МОП, одиночный, N-канальный, IRF3205, TO-220"; VariantName = "[No Variations]"
Add component (AddParameter): Name = "ComponentType"; Value = "Транзистор МОП, одиночный"; VariantName = "[No Variations]"
Add component (AddParameter): Name = "Package"; Value = "TO-220"; VariantName = "[No Variations]"
Added Component: Designator=VT12(TO-220(bend2))
Add component (AddParameter): Name = "ChannelType"; Value = "N-канальный"; VariantName = "[No Variations]"
Add component (AddParameter): Name = "ComponentDescription"; Value = "Транзистор МОП, одиночный, N-канальный, IRF3205, TO-220(bend2)"; VariantName = "[No Variations]"
Add component (AddParameter): Name = "ComponentType"; Value = "Транзистор МОП, одиночный"; VariantName = "[No Variations]"
Add component (AddParameter): Name = "Package"; Value = "TO-220(bend2)"; VariantName = "[No Variations]"
Added Component: Designator=VT13(TO-220)
Add component (AddParameter): Name = "ChannelType"; Value = "N-канальный"; VariantName = "[No Variations]"
Add component (AddParameter): Name = "ComponentDescription"; Value = "Транзистор МОП, одиночный, N-канальный, IRF3205, TO-220"; VariantName = "[No Variations]"
Add component (AddParameter): Name = "ComponentType"; Value = "Транзистор МОП, одиночный"; VariantName = "[No Variations]"
Add component (AddParameter): Name = "Package"; Value = "TO-220"; VariantName = "[No Variations]"
Added Component: Designator=VT14(TO-220)
Add component (AddParameter): Name = "ChannelType"; Value = "N-канальный"; VariantName = "[No Variations]"
Add component (AddParameter): Name = "ComponentDescription"; Value = "Транзистор МОП, одиночный, N-канальный, IRF3205, TO-220"; VariantName = "[No Variations]"
Add component (AddParameter): Name = "ComponentType"; Value = "Транзистор МОП, одиночный"; VariantName = "[No Variations]"
Add component (AddParameter): Name = "Package"; Value = "TO-220"; VariantName = "[No Variations]"
Added Component: Designator=VT15(TO-220)
Add component (AddParameter): Name = "ChannelType"; Value = "N-канальный"; VariantName = "[No Variations]"
Add component (AddParameter): Name = "ComponentDescription"; Value = "Транзистор МОП, одиночный, N-канальный, IRF3205, TO-220"; VariantName = "[No Variations]"
Add component (AddParameter): Name = "ComponentType"; Value = "Транзистор МОП, одиночный"; VariantName = "[No Variations]"
Add component (AddParameter): Name = "Package"; Value = "TO-220"; VariantName = "[No Variations]"
Added Component: Designator=VT16(TO-220)
Add component (AddParameter): Name = "ChannelType"; Value = "N-канальный"; VariantName = "[No Variations]"
Add component (AddParameter): Name = "ComponentDescription"; Value = "Транзистор МОП, одиночный, N-канальный, IRF3205, TO-220"; VariantName = "[No Variations]"
Add component (AddParameter): Name = "ComponentType"; Value = "Транзистор МОП, одиночный"; VariantName = "[No Variations]"
Add component (AddParameter): Name = "Package"; Value = "TO-220"; VariantName = "[No Variations]"
Added Pin To Net: NetName=+5V Pin=C1-1
Added Pin To Net: NetName=GND Pin=C1-2
Added Pin To Net: NetName=VCC Pin=C2-1
Added Pin To Net: NetName=GND Pin=C2-2
Added Pin To Net: NetName=NetC4_1 Pin=C4-1
Added Pin To Net: NetName=GND Pin=C4-2
Added Pin To Net: NetName=NetC5_1 Pin=C5-1
Added Pin To Net: NetName=GND Pin=C5-2
Added Pin To Net: NetName=NetC6_1 Pin=C6-1
Added Pin To Net: NetName=GND Pin=C6-2
Added Pin To Net: NetName=GND Pin=D22-4
Added Pin To Net: NetName=NetD22_5 Pin=D22-5
Added Pin To Net: NetName=NetD22_6 Pin=D22-6
Added Pin To Net: NetName=NetD22_7 Pin=D22-7
Added Pin To Net: NetName=+5 Pin=D22-8
Added Pin To Net: NetName=GND Pin=D23-4
Added Pin To Net: NetName=NetD23_5 Pin=D23-5
Added Pin To Net: NetName=NetD23_6 Pin=D23-6
Added Pin To Net: NetName=NetD23_7 Pin=D23-7
Added Pin To Net: NetName=+5 Pin=D23-8
Added Pin To Net: NetName=GND Pin=D27-4
Added Pin To Net: NetName=NetD27_5 Pin=D27-5
Added Pin To Net: NetName=NetD27_6 Pin=D27-6
Added Pin To Net: NetName=NetD27_7 Pin=D27-7
Added Pin To Net: NetName=+5 Pin=D27-8
Added Pin To Net: NetName=GND Pin=D28-4
Added Pin To Net: NetName=NetD28_5 Pin=D28-5
Added Pin To Net: NetName=NetD28_6 Pin=D28-6
Added Pin To Net: NetName=NetD28_7 Pin=D28-7
Added Pin To Net: NetName=+5 Pin=D28-8
Added Pin To Net: NetName=GND Pin=J1-1
Added Pin To Net: NetName=VCC Pin=J1-2
Added Pin To Net: NetName=GND Pin=J2-1
Added Pin To Net: NetName=NetC4_1 Pin=J2-2
Added Pin To Net: NetName=NetC9_2 Pin=J8-1
Added Pin To Net: NetName=NetC12_2 Pin=J8-2
Added Pin To Net: NetName=NetC10_2 Pin=J9-1
Added Pin To Net: NetName=NetC13_2 Pin=J9-2
Added Pin To Net: NetName=NetC11_2 Pin=J10-1
Added Pin To Net: NetName=NetC14_2 Pin=J10-2
Added Pin To Net: NetName=NetC15_2 Pin=J12-1
Added Pin To Net: NetName=NetC16_2 Pin=J12-2
Added Pin To Net: NetName=GND Pin=P2-1
Added Pin To Net: NetName=NetP2_2 Pin=P2-2
Added Pin To Net: NetName=+5V Pin=P2-3
Added Pin To Net: NetName=GND Pin=P3-1
Added Pin To Net: NetName=NetP3_2 Pin=P3-2
Added Pin To Net: NetName=+5 Pin=P3-3
Added Pin To Net: NetName=GND Pin=P4-1
Added Pin To Net: NetName=NetP4_2 Pin=P4-2
Added Pin To Net: NetName=+5V Pin=P4-3
Added Pin To Net: NetName=GND Pin=P5-1
Added Pin To Net: NetName=NetP5_2 Pin=P5-2
Added Pin To Net: NetName=+5 Pin=P5-3
Added Pin To Net: NetName=GND Pin=P6-1
Added Pin To Net: NetName=NetP6_2 Pin=P6-2
Added Pin To Net: NetName=+5 Pin=P6-3
Added Pin To Net: NetName=GND Pin=P7-1
Added Pin To Net: NetName=NetP7_2 Pin=P7-2
Added Pin To Net: NetName=+5 Pin=P7-3
Added Pin To Net: NetName=GND Pin=P8-1
Added Pin To Net: NetName=NetP8_2 Pin=P8-2
Added Pin To Net: NetName=+5 Pin=P8-3
Added Pin To Net: NetName=GND Pin=P9-1
Added Pin To Net: NetName=NetP9_2 Pin=P9-2
Added Pin To Net: NetName=+5 Pin=P9-3
Added Pin To Net: NetName=GND Pin=P10-1
Added Pin To Net: NetName=NetP10_2 Pin=P10-2
Added Pin To Net: NetName=+5 Pin=P10-3
Added Pin To Net: NetName=GND Pin=P11-1
Added Pin To Net: NetName=NetP11_2 Pin=P11-2
Added Pin To Net: NetName=+5 Pin=P11-3
Added Pin To Net: NetName=NetCR2_1 Pin=TP1-1
Added Pin To Net: NetName=NetRP1_2 Pin=TP2-1
Added Pin To Net: NetName=+5 Pin=TP3-1
Added Pin To Net: NetName=+5 Pin=TP4-1
Added Pin To Net: NetName=NetD22_7 Pin=TP5-1
Added Pin To Net: NetName=NetD23_7 Pin=TP6-1
Added Pin To Net: NetName=NetR62_1 Pin=TP7-1
Added Pin To Net: NetName=NetR64_1 Pin=TP8-1
Added Pin To Net: NetName=NetD22_5 Pin=TP9-1
Added Pin To Net: NetName=NetD23_5 Pin=TP10-1
Added Pin To Net: NetName=NetD22_6 Pin=TP11-1
Added Pin To Net: NetName=NetD23_6 Pin=TP12-1
Added Pin To Net: NetName=+5 Pin=TP13-1
Added Pin To Net: NetName=+5 Pin=TP14-1
Added Pin To Net: NetName=NetD27_7 Pin=TP15-1
Added Pin To Net: NetName=NetD28_7 Pin=TP16-1
Added Pin To Net: NetName=NetR91_1 Pin=TP17-1
Added Pin To Net: NetName=NetR92_1 Pin=TP18-1
Added Pin To Net: NetName=NetD27_5 Pin=TP19-1
Added Pin To Net: NetName=NetD28_5 Pin=TP20-1
Added Pin To Net: NetName=NetD27_6 Pin=TP21-1
Added Pin To Net: NetName=NetD28_6 Pin=TP22-1
Added Pin To Net: NetName=NetD4_2 Pin=VT1-1
Added Pin To Net: NetName=V_BAT Pin=VT1-2
Added Pin To Net: NetName=NetC9_2 Pin=VT1-3
Added Pin To Net: NetName=NetD5_2 Pin=VT2-1
Added Pin To Net: NetName=V_BAT Pin=VT2-2
Added Pin To Net: NetName=NetC10_2 Pin=VT2-3
Added Pin To Net: NetName=NetD6_2 Pin=VT3-1
Added Pin To Net: NetName=V_BAT Pin=VT3-2
Added Pin To Net: NetName=NetC11_2 Pin=VT3-3
Added Pin To Net: NetName=NetD7_2 Pin=VT4-1
Added Pin To Net: NetName=NetC9_2 Pin=VT4-2
Added Pin To Net: NetName=GND Pin=VT4-3
Added Pin To Net: NetName=NetD8_2 Pin=VT5-1
Added Pin To Net: NetName=NetC10_2 Pin=VT5-2
Added Pin To Net: NetName=GND Pin=VT5-3
Added Pin To Net: NetName=NetD9_2 Pin=VT6-1
Added Pin To Net: NetName=NetC11_2 Pin=VT6-2
Added Pin To Net: NetName=GND Pin=VT6-3
Added Pin To Net: NetName=NetD13_2 Pin=VT7-1
Added Pin To Net: NetName=V_BAT Pin=VT7-2
Added Pin To Net: NetName=NetC12_2 Pin=VT7-3
Added Pin To Net: NetName=NetD14_2 Pin=VT8-1
Added Pin To Net: NetName=V_BAT Pin=VT8-2
Added Pin To Net: NetName=NetC13_2 Pin=VT8-3
Added Pin To Net: NetName=NetD16_2 Pin=VT10-1
Added Pin To Net: NetName=NetC12_2 Pin=VT10-2
Added Pin To Net: NetName=GND Pin=VT10-3
Added Pin To Net: NetName=NetD17_2 Pin=VT11-1
Added Pin To Net: NetName=NetC13_2 Pin=VT11-2
Added Pin To Net: NetName=GND Pin=VT11-3
Added Pin To Net: NetName=NetD20_2 Pin=VT13-1
Added Pin To Net: NetName=V_BAT Pin=VT13-2
Added Pin To Net: NetName=NetC15_2 Pin=VT13-3
Added Pin To Net: NetName=NetD21_2 Pin=VT14-1
Added Pin To Net: NetName=NetC15_2 Pin=VT14-2
Added Pin To Net: NetName=GND Pin=VT14-3
Added Pin To Net: NetName=NetD25_2 Pin=VT15-1
Added Pin To Net: NetName=V_BAT Pin=VT15-2
Added Pin To Net: NetName=NetC16_2 Pin=VT15-3
Added Pin To Net: NetName=NetD26_2 Pin=VT16-1
Added Pin To Net: NetName=NetC16_2 Pin=VT16-2
Added Pin To Net: NetName=GND Pin=VT16-3
Added Member To Class: ClassName=Sheet1 Member=Component C1 EEE1HA101AP
Added Member To Class: ClassName=Sheet1 Member=Component C2 EEE1HA101AP
Added Member To Class: ClassName=Sheet1 Member=Component C4 EEE1HA101AP
Added Member To Class: ClassName=Sheet1 Member=Component C5 EEE1HA101AP
Added Member To Class: ClassName=Sheet1 Member=Component C6 293D106X9050E2TE3
Added Member To Class: ClassName=Sheet1 Member=Component D22 LMV358AIDR
Added Member To Class: ClassName=Sheet1 Member=Component D23 LMV358AIDR
Added Member To Class: ClassName=Sheet1 Member=Component D27 LMV358AIDR
Added Member To Class: ClassName=Sheet1 Member=Component D28 LMV358AIDR
Added Member To Class: ClassName=Sheet1 Member=Component J1 691101710002
Added Member To Class: ClassName=Sheet1 Member=Component J2 691101710002
Added Member To Class: ClassName=Sheet1 Member=Component J8 691101710002
Added Member To Class: ClassName=Sheet1 Member=Component J9 691101710002
Added Member To Class: ClassName=Sheet1 Member=Component J10 691101710002
Added Member To Class: ClassName=Sheet1 Member=Component J12 691101710002
Added Member To Class: ClassName=Sheet1 Member=Component P2 61900311121
Added Member To Class: ClassName=Sheet1 Member=Component P3 61900311121
Added Member To Class: ClassName=Sheet1 Member=Component P4 61900311121
Added Member To Class: ClassName=Sheet1 Member=Component P5 61900311121
Added Member To Class: ClassName=Sheet1 Member=Component P6 61900311121
Added Member To Class: ClassName=Sheet1 Member=Component P7 61900311121
Added Member To Class: ClassName=Sheet1 Member=Component P8 61900311121
Added Member To Class: ClassName=Sheet1 Member=Component P9 61900311121
Added Member To Class: ClassName=Sheet1 Member=Component P10 61900311121
Added Member To Class: ClassName=Sheet1 Member=Component P11 61900311121
Added Member To Class: ClassName=Sheet1 Member=Component TP1 Test_Point_PCB
Added Member To Class: ClassName=Sheet1 Member=Component TP2 Test_Point_PCB
Added Member To Class: ClassName=Sheet1 Member=Component TP3 Test_Point_PCB
Added Member To Class: ClassName=Sheet1 Member=Component TP4 Test_Point_PCB
Added Member To Class: ClassName=Sheet1 Member=Component TP5 Test_Point_PCB
Added Member To Class: ClassName=Sheet1 Member=Component TP6 Test_Point_PCB
Added Member To Class: ClassName=Sheet1 Member=Component TP7 Test_Point_PCB
Added Member To Class: ClassName=Sheet1 Member=Component TP8 Test_Point_PCB
Added Member To Class: ClassName=Sheet1 Member=Component TP9 Test_Point_PCB
Added Member To Class: ClassName=Sheet1 Member=Component TP10 Test_Point_PCB
Added Member To Class: ClassName=Sheet1 Member=Component TP11 Test_Point_PCB
Added Member To Class: ClassName=Sheet1 Member=Component TP12 Test_Point_PCB
Added Member To Class: ClassName=Sheet1 Member=Component TP13 Test_Point_PCB
Added Member To Class: ClassName=Sheet1 Member=Component TP14 Test_Point_PCB
Added Member To Class: ClassName=Sheet1 Member=Component TP15 Test_Point_PCB
Added Member To Class: ClassName=Sheet1 Member=Component TP16 Test_Point_PCB
Added Member To Class: ClassName=Sheet1 Member=Component TP17 Test_Point_PCB
Added Member To Class: ClassName=Sheet1 Member=Component TP18 Test_Point_PCB
Added Member To Class: ClassName=Sheet1 Member=Component TP19 Test_Point_PCB
Added Member To Class: ClassName=Sheet1 Member=Component TP20 Test_Point_PCB
Added Member To Class: ClassName=Sheet1 Member=Component TP21 Test_Point_PCB
Added Member To Class: ClassName=Sheet1 Member=Component TP22 Test_Point_PCB
Added Member To Class: ClassName=Sheet1 Member=Component VT1 IRF3205
Added Member To Class: ClassName=Sheet1 Member=Component VT2 IRF3205
Added Member To Class: ClassName=Sheet1 Member=Component VT3 IRF3205
Added Member To Class: ClassName=Sheet1 Member=Component VT4 IRF3205
Added Member To Class: ClassName=Sheet1 Member=Component VT5 IRF3205
Added Member To Class: ClassName=Sheet1 Member=Component VT6 IRF3205
Added Member To Class: ClassName=Sheet1 Member=Component VT7 IRF3205
Added Member To Class: ClassName=Sheet1 Member=Component VT8 IRF3205
Added Member To Class: ClassName=Sheet1 Member=Component VT9 IRF3205
Added Member To Class: ClassName=Sheet1 Member=Component VT10 IRF3205
Added Member To Class: ClassName=Sheet1 Member=Component VT11 IRF3205
Added Member To Class: ClassName=Sheet1 Member=Component VT12 IRF3205
Added Member To Class: ClassName=Sheet1 Member=Component VT13 IRF3205
Added Member To Class: ClassName=Sheet1 Member=Component VT14 IRF3205
Added Member To Class: ClassName=Sheet1 Member=Component VT15 IRF3205
Added Member To Class: ClassName=Sheet1 Member=Component VT16 IRF3205
