Removed Pin From Net: NetName=V_BAT Pin=CR1-2
Removed Pin From Net: NetName=V_BAT Pin=J2-2
Change Component Footprint: Designator=R57 Old Footprint=FP-CRCW0805-e3-IPC_A New Footprint=FP-CRCW0805-e3-IPC_A
Change Component Footprint: Designator=R88 Old Footprint=FP-CRCW0805-e3-IPC_A New Footprint=FP-CRCW0805-e3-IPC_A
Change Component Footprint: Designator=LED1 Old Footprint=Type 3mm New Footprint=Type 3mm
Change Component Footprint: Designator=LED2 Old Footprint=Type 3mm New Footprint=Type 3mm
Change Component Footprint: Designator=LED3 Old Footprint=Type 3mm New Footprint=Type 3mm
Change Component Footprint: Designator=LED4 Old Footprint=Type 3mm New Footprint=Type 3mm
Change Component Footprint: Designator=L1 Old Footprint=WE-PD4-XL New Footprint=WE-PD4-XL
Added Component: Designator=J11(Sullins_SWR25X-NRTC-S06-ST-BA_MFG)
Added Component: Designator=J12(Jumper_2.54)
Added Component: Designator=J13(691101710002)
Add component (AddParameter): Name = "Application"; Value = "Pressure Clamp"; VariantName = "[No Variations]"
Add component (AddParameter): Name = "Category"; Value = "Terminal Blocks"; VariantName = "[No Variations]"
Add component (AddParameter): Name = "ComponentLink1Description"; Value = "Website Link"; VariantName = "[No Variations]"
Add component (AddParameter): Name = "ComponentLink1URL"; Value = "https://www.we-online.com/redexpert/article/691101710002?ad"; VariantName = "[No Variations]"
Add component (AddParameter): Name = "ComponentLink2Description"; Value = "Datasheet Link"; VariantName = "[No Variations]"
Add component (AddParameter): Name = "ComponentLink2URL"; Value = "https://www.we-online.com/redexpert/spec/691101710002?ad"; VariantName = "[No Variations]"
Add component (AddParameter): Name = "Manufacturer"; Value = "Wurth Elektronik"; VariantName = "[No Variations]"
Add component (AddParameter): Name = "Manufacturer Part Number"; Value = "691101710002"; VariantName = "[No Variations]"
Add component (AddParameter): Name = "Match Code"; Value = "WR-TBL"; VariantName = "[No Variations]"
Add component (AddParameter): Name = "Modularity"; Value = "Yes"; VariantName = "[No Variations]"
Add component (AddParameter): Name = "Mount"; Value = "Through Hole"; VariantName = "[No Variations]"
Add component (AddParameter): Name = "Number of Pins"; Value = "2"; VariantName = "[No Variations]"
Add component (AddParameter): Name = "Number of Rows"; Value = "1"; VariantName = "[No Variations]"
Add component (AddParameter): Name = "Operating Temperature Max"; Value = "105°C"; VariantName = "[No Variations]"
Add component (AddParameter): Name = "Operating Temperature Min"; Value = "-40°C"; VariantName = "[No Variations]"
Add component (AddParameter): Name = "Orientation"; Value = "Horizontal"; VariantName = "[No Variations]"
Add component (AddParameter): Name = "Packaging"; Value = "Box"; VariantName = "[No Variations]"
Add component (AddParameter): Name = "Pitch"; Value = "5mm"; VariantName = "[No Variations]"
Add component (AddParameter): Name = "Rated Current"; Value = "16A"; VariantName = "[No Variations]"
Add component (AddParameter): Name = "Working Voltage"; Value = "250V"; VariantName = "[No Variations]"
Added Pin To Net: NetName=+3V3 Pin=J11-1
Added Pin To Net: NetName=+5V Pin=J11-2
Added Pin To Net: NetName=NetC18_2 Pin=J11-3
Added Pin To Net: NetName=NetC19_2 Pin=J11-4
Added Pin To Net: NetName=NetC17_2 Pin=J11-5
Added Pin To Net: NetName=GND Pin=J11-6
Added Pin To Net: NetName=V_BAT Pin=J12-2
Added Pin To Net: NetName=GND Pin=J13-1
Added Pin To Net: NetName=V_BAT Pin=J13-2
Added Pin To Net: NetName=NetCR1_2 Pin=CR1-2
Added Pin To Net: NetName=NetCR1_2 Pin=J2-2
Added Pin To Net: NetName=NetCR1_2 Pin=J12-1
Added Net: Name=NetCR1_2
Added Member To Class: ClassName=Sheet1 Member=Component J11 SWR25X-NRTC-S06-ST-BA
Added Member To Class: ClassName=Sheet1 Member=Component J12 Jumper 1x2.54
Added Member To Class: ClassName=Sheet1 Member=Component J13 691101710002
