Added Component: Designator=SW1(SW4_FSM-5P23_TEC)
Add component (AddParameter): Name = "Copyright"; Value = "Copyright (C) 2022 Ultra Librarian. All rights reserved."; VariantName = "[No Variations]"
Add component (AddParameter): Name = "Manufacturer_Part_Number"; Value = "4-1437565-2"; VariantName = "[No Variations]"
Add component (AddParameter): Name = "Mfr_Name"; Value = "TE Connectivity"; VariantName = "[No Variations]"
Add component (AddParameter): Name = "RefDes"; Value = "RefDes"; VariantName = "[No Variations]"
Add component (AddParameter): Name = "Type"; Value = "DEV"; VariantName = "[No Variations]"
Added Component: Designator=SW2(SW4_FSM-5P23_TEC)
Add component (AddParameter): Name = "Copyright"; Value = "Copyright (C) 2022 Ultra Librarian. All rights reserved."; VariantName = "[No Variations]"
Add component (AddParameter): Name = "Manufacturer_Part_Number"; Value = "4-1437565-2"; VariantName = "[No Variations]"
Add component (AddParameter): Name = "Mfr_Name"; Value = "TE Connectivity"; VariantName = "[No Variations]"
Add component (AddParameter): Name = "RefDes"; Value = "RefDes"; VariantName = "[No Variations]"
Add component (AddParameter): Name = "Type"; Value = "DEV"; VariantName = "[No Variations]"
Added Pin To Net: NetName=GND Pin=SW1-1
Added Pin To Net: NetName=GND Pin=SW1-1
Added Pin To Net: NetName=GND Pin=SW1-2
Added Pin To Net: NetName=GND Pin=SW1-2
Added Pin To Net: NetName=Net*_9 Pin=SW1-3
Added Pin To Net: NetName=Net*_9 Pin=SW1-3
Added Pin To Net: NetName=Net*_9 Pin=SW1-4
Added Pin To Net: NetName=Net*_9 Pin=SW1-4
Added Pin To Net: NetName=GND Pin=SW2-1
Added Pin To Net: NetName=GND Pin=SW2-1
Added Pin To Net: NetName=GND Pin=SW2-2
Added Pin To Net: NetName=GND Pin=SW2-2
Added Pin To Net: NetName=Net*_14 Pin=SW2-3
Added Pin To Net: NetName=Net*_14 Pin=SW2-3
Added Pin To Net: NetName=Net*_14 Pin=SW2-4
Added Pin To Net: NetName=Net*_14 Pin=SW2-4
Added Member To Class: ClassName=Sheet1 Member=Component SW1 4-1437565-2
Added Member To Class: ClassName=Sheet1 Member=Component SW2 4-1437565-2
