Added Component: Designator=*(STMicroelectronics_0_MFG)
Added Component: Designator=D1(8-SOIC)
Add component (AddParameter): Name = "ComponentDescription"; Value = "Ìèêðîñõåìà ñäâîåííûé ÎÓ, LMV358AIDR, 8-SOIC"; VariantName = "[No Variations]"
Add component (AddParameter): Name = "ComponentTypå"; Value = "Ìèêðîñõåìà ñäâîåííûé ÎÓ"; VariantName = "[No Variations]"
Add component (AddParameter): Name = "Package"; Value = "8-SOIC"; VariantName = "[No Variations]"
Added Component: Designator=D2(8-SOIC)
Add component (AddParameter): Name = "ComponentDescription"; Value = "Ìèêðîñõåìà ñäâîåííûé ÎÓ, LMV358AIDR, 8-SOIC"; VariantName = "[No Variations]"
Add component (AddParameter): Name = "ComponentTypå"; Value = "Ìèêðîñõåìà ñäâîåííûé ÎÓ"; VariantName = "[No Variations]"
Add component (AddParameter): Name = "Package"; Value = "8-SOIC"; VariantName = "[No Variations]"
Added Component: Designator=D3(8-SOIC)
Add component (AddParameter): Name = "ComponentDescription"; Value = "Ìèêðîñõåìà ñäâîåííûé ÎÓ, LMV358AIDR, 8-SOIC"; VariantName = "[No Variations]"
Add component (AddParameter): Name = "ComponentTypå"; Value = "Ìèêðîñõåìà ñäâîåííûé ÎÓ"; VariantName = "[No Variations]"
Add component (AddParameter): Name = "Package"; Value = "8-SOIC"; VariantName = "[No Variations]"
Added Component: Designator=J1(691101710002)
Add component (AddParameter): Name = "Application"; Value = "Pressure Clamp"; VariantName = "[No Variations]"
Add component (AddParameter): Name = "Category"; Value = "Terminal Blocks"; VariantName = "[No Variations]"
Add component (AddParameter): Name = "ComponentLink1Description"; Value = "Website Link"; VariantName = "[No Variations]"
Add component (AddParameter): Name = "ComponentLink1URL"; Value = "https://www.we-online.com/redexpert/article/691101710002?ad"; VariantName = "[No Variations]"
Add component (AddParameter): Name = "ComponentLink2Description"; Value = "Datasheet Link"; VariantName = "[No Variations]"
Add component (AddParameter): Name = "ComponentLink2URL"; Value = "https://www.we-online.com/redexpert/spec/691101710002?ad"; VariantName = "[No Variations]"
Add component (AddParameter): Name = "Manufacturer"; Value = "Wurth Elektronik"; VariantName = "[No Variations]"
Add component (AddParameter): Name = "Manufacturer Part Number"; Value = "691101710002"; VariantName = "[No Variations]"
Add component (AddParameter): Name = "Match Code"; Value = "WR-TBL"; VariantName = "[No Variations]"
Add component (AddParameter): Name = "Modularity"; Value = "Yes"; VariantName = "[No Variations]"
Add component (AddParameter): Name = "Mount"; Value = "Through Hole"; VariantName = "[No Variations]"
Add component (AddParameter): Name = "Number of Pins"; Value = "2"; VariantName = "[No Variations]"
Add component (AddParameter): Name = "Number of Rows"; Value = "1"; VariantName = "[No Variations]"
Add component (AddParameter): Name = "Operating Temperature Max"; Value = "105°C"; VariantName = "[No Variations]"
Add component (AddParameter): Name = "Operating Temperature Min"; Value = "-40°C"; VariantName = "[No Variations]"
Add component (AddParameter): Name = "Orientation"; Value = "Horizontal"; VariantName = "[No Variations]"
Add component (AddParameter): Name = "Packaging"; Value = "Box"; VariantName = "[No Variations]"
Add component (AddParameter): Name = "Pitch"; Value = "5mm"; VariantName = "[No Variations]"
Add component (AddParameter): Name = "Rated Current"; Value = "16A"; VariantName = "[No Variations]"
Add component (AddParameter): Name = "Working Voltage"; Value = "250V"; VariantName = "[No Variations]"
Added Component: Designator=J3(2.54_Connector _x6)
Added Component: Designator=J4(2.54_Connector _x6)
Added Component: Designator=P1(61900311121)
Add component (AddParameter): Name = "ComponentLink1Description"; Value = "Manufacturer"; VariantName = "[No Variations]"
Add component (AddParameter): Name = "ComponentLink1URL"; Value = "http://www.we-online.de"; VariantName = "[No Variations]"
Add component (AddParameter): Name = "ComponentLink2Description"; Value = "Datasheet"; VariantName = "[No Variations]"
Add component (AddParameter): Name = "ComponentLink2URL"; Value = "https://www.we-online.com/catalog/datasheet/61900311121.pdf"; VariantName = "[No Variations]"
Add component (AddParameter): Name = "Contact Resistance"; Value = "20mOhm"; VariantName = "[No Variations]"
Add component (AddParameter): Name = "Gender"; Value = "Male"; VariantName = "[No Variations]"
Add component (AddParameter): Name = "Mounting Technology"; Value = "THT"; VariantName = "[No Variations]"
Add component (AddParameter): Name = "Operating Temperature"; Value = "-40 to +105degC"; VariantName = "[No Variations]"
Add component (AddParameter): Name = "Packaging"; Value = "Bag"; VariantName = "[No Variations]"
Add component (AddParameter): Name = "Part Number"; Value = "61900311121"; VariantName = "[No Variations]"
Add component (AddParameter): Name = "Pin Number"; Value = "3"; VariantName = "[No Variations]"
Add component (AddParameter): Name = "Pitch"; Value = "2.54mm"; VariantName = "[No Variations]"
Add component (AddParameter): Name = "Published Date"; Value = "January 2020"; VariantName = "[No Variations]"
Add component (AddParameter): Name = "Publisher"; Value = "Wurth Elektronik"; VariantName = "[No Variations]"
Add component (AddParameter): Name = "Rated Current"; Value = "3A"; VariantName = "[No Variations]"
Add component (AddParameter): Name = "Type"; Value = "Vertical"; VariantName = "[No Variations]"
Add component (AddParameter): Name = "Withstanding Voltage"; Value = "1000VAC"; VariantName = "[No Variations]"
Add component (AddParameter): Name = "Working Voltage"; Value = "250VAC"; VariantName = "[No Variations]"
Added Component: Designator=P2(61900311121)
Add component (AddParameter): Name = "ComponentLink1Description"; Value = "Manufacturer"; VariantName = "[No Variations]"
Add component (AddParameter): Name = "ComponentLink1URL"; Value = "http://www.we-online.de"; VariantName = "[No Variations]"
Add component (AddParameter): Name = "ComponentLink2Description"; Value = "Datasheet"; VariantName = "[No Variations]"
Add component (AddParameter): Name = "ComponentLink2URL"; Value = "https://www.we-online.com/catalog/datasheet/61900311121.pdf"; VariantName = "[No Variations]"
Add component (AddParameter): Name = "Contact Resistance"; Value = "20mOhm"; VariantName = "[No Variations]"
Add component (AddParameter): Name = "Gender"; Value = "Male"; VariantName = "[No Variations]"
Add component (AddParameter): Name = "Mounting Technology"; Value = "THT"; VariantName = "[No Variations]"
Add component (AddParameter): Name = "Operating Temperature"; Value = "-40 to +105degC"; VariantName = "[No Variations]"
Add component (AddParameter): Name = "Packaging"; Value = "Bag"; VariantName = "[No Variations]"
Add component (AddParameter): Name = "Part Number"; Value = "61900311121"; VariantName = "[No Variations]"
Add component (AddParameter): Name = "Pin Number"; Value = "3"; VariantName = "[No Variations]"
Add component (AddParameter): Name = "Pitch"; Value = "2.54mm"; VariantName = "[No Variations]"
Add component (AddParameter): Name = "Published Date"; Value = "January 2020"; VariantName = "[No Variations]"
Add component (AddParameter): Name = "Publisher"; Value = "Wurth Elektronik"; VariantName = "[No Variations]"
Add component (AddParameter): Name = "Rated Current"; Value = "3A"; VariantName = "[No Variations]"
Add component (AddParameter): Name = "Type"; Value = "Vertical"; VariantName = "[No Variations]"
Add component (AddParameter): Name = "Withstanding Voltage"; Value = "1000VAC"; VariantName = "[No Variations]"
Add component (AddParameter): Name = "Working Voltage"; Value = "250VAC"; VariantName = "[No Variations]"
Added Component: Designator=P3(61900311121)
Add component (AddParameter): Name = "ComponentLink1Description"; Value = "Manufacturer"; VariantName = "[No Variations]"
Add component (AddParameter): Name = "ComponentLink1URL"; Value = "http://www.we-online.de"; VariantName = "[No Variations]"
Add component (AddParameter): Name = "ComponentLink2Description"; Value = "Datasheet"; VariantName = "[No Variations]"
Add component (AddParameter): Name = "ComponentLink2URL"; Value = "https://www.we-online.com/catalog/datasheet/61900311121.pdf"; VariantName = "[No Variations]"
Add component (AddParameter): Name = "Contact Resistance"; Value = "20mOhm"; VariantName = "[No Variations]"
Add component (AddParameter): Name = "Gender"; Value = "Male"; VariantName = "[No Variations]"
Add component (AddParameter): Name = "Mounting Technology"; Value = "THT"; VariantName = "[No Variations]"
Add component (AddParameter): Name = "Operating Temperature"; Value = "-40 to +105degC"; VariantName = "[No Variations]"
Add component (AddParameter): Name = "Packaging"; Value = "Bag"; VariantName = "[No Variations]"
Add component (AddParameter): Name = "Part Number"; Value = "61900311121"; VariantName = "[No Variations]"
Add component (AddParameter): Name = "Pin Number"; Value = "3"; VariantName = "[No Variations]"
Add component (AddParameter): Name = "Pitch"; Value = "2.54mm"; VariantName = "[No Variations]"
Add component (AddParameter): Name = "Published Date"; Value = "January 2020"; VariantName = "[No Variations]"
Add component (AddParameter): Name = "Publisher"; Value = "Wurth Elektronik"; VariantName = "[No Variations]"
Add component (AddParameter): Name = "Rated Current"; Value = "3A"; VariantName = "[No Variations]"
Add component (AddParameter): Name = "Type"; Value = "Vertical"; VariantName = "[No Variations]"
Add component (AddParameter): Name = "Withstanding Voltage"; Value = "1000VAC"; VariantName = "[No Variations]"
Add component (AddParameter): Name = "Working Voltage"; Value = "250VAC"; VariantName = "[No Variations]"
Added Component: Designator=R1(Yageo_RC0805_IPC_C)
Added Component: Designator=R2(Vishay_CRCW0805-e3_IPC_B)
Added Component: Designator=R3(Vishay_CRCW0805-e3_IPC_B)
Added Component: Designator=R4(Yageo_RC0805_IPC_C)
Added Component: Designator=R5(Yageo_RC0805_IPC_C)
Added Component: Designator=R6(Yageo_RC0805_IPC_C)
Added Component: Designator=R7(Yageo_RC0805_IPC_C)
Added Component: Designator=R8(Yageo_RC0805_IPC_C)
Added Component: Designator=R9(Yageo_RC0805_IPC_C)
Added Component: Designator=R10(Yageo_RC0805_IPC_C)
Added Component: Designator=R11(Yageo_RC0805_IPC_C)
Added Component: Designator=R12(Yageo_RC0805_IPC_C)
Added Component: Designator=R13(Yageo_RC0805_IPC_C)
Added Component: Designator=R14(Yageo_RC0805_IPC_C)
Added Component: Designator=R15(Yageo_RC0805_IPC_C)
Added Component: Designator=R16(Yageo_RC0805_IPC_C)
Added Component: Designator=R17(Yageo_RC0805_IPC_C)
Added Component: Designator=R18(Yageo_RC0805_IPC_C)
Added Component: Designator=R19(Yageo_RC0805_IPC_C)
Added Component: Designator=R20(Yageo_RC0805_IPC_A)
Added Component: Designator=R21(Yageo_RC0805_IPC_C)
Added Component: Designator=R22(Yageo_RC0805_IPC_A)
Added Component: Designator=R23(Yageo_RC0805_IPC_C)
Added Component: Designator=R24(Yageo_RC0805_IPC_C)
Added Component: Designator=R25(Yageo_RC0805_IPC_C)
Added Component: Designator=R26(Yageo_RC0805_IPC_C)
Added Component: Designator=R27(Yageo_RC0805_IPC_C)
Added Component: Designator=R28(Yageo_RC0805_IPC_C)
Added Component: Designator=R29(Yageo_RC0805_IPC_C)
Added Component: Designator=R30(Yageo_RC0805_IPC_A)
Added Component: Designator=R31(Yageo_RC0805_IPC_C)
Added Component: Designator=RG1(ON_Semiconductor_TO220B03_MFG)
Add component (AddParameter): Name = "ComponentLink1Description"; Value = "Upverter"; VariantName = "[No Variations]"
Add component (AddParameter): Name = "ComponentLink1URL"; Value = "https://upverter.com/upn/revision/b27a7358b7dd93a3/"; VariantName = "[No Variations]"
Add component (AddParameter): Name = "ComponentLink2Description"; Value = "Datasheet"; VariantName = "[No Variations]"
Add component (AddParameter): Name = "ComponentLink2URL"; Value = "https://www.fairchildsemi.com/datasheets/LM/LM7805.pdf"; VariantName = "[No Variations]"
Add component (AddParameter): Name = "Current-Output"; Value = "1A"; VariantName = "[No Variations]"
Add component (AddParameter): Name = "Digikey Description"; Value = "REG IC REG LINEAR 5V 1A TO220AB"; VariantName = "[No Variations]"
Add component (AddParameter): Name = "Digikey Part Number"; Value = "LM7805CT-ND"; VariantName = "[No Variations]"
Add component (AddParameter): Name = "helpURL"; Value = "https://upverter.com/upn/revision/b27a7358b7dd93a3/"; VariantName = "[No Variations]"
Add component (AddParameter): Name = "Ipc Land Pattern Name"; Value = "TO-220"; VariantName = "[No Variations]"
Add component (AddParameter): Name = "Lead Free"; Value = "yes"; VariantName = "[No Variations]"
Add component (AddParameter): Name = "Manufacturer"; Value = "Fairchild"; VariantName = "[No Variations]"
Add component (AddParameter): Name = "Mouser Part Number"; Value = "512-LM7805CT"; VariantName = "[No Variations]"
Add component (AddParameter): Name = "Package"; Value = "TO220"; VariantName = "[No Variations]"
Add component (AddParameter): Name = "Part Number"; Value = "LM7805CT"; VariantName = "[No Variations]"
Add component (AddParameter): Name = "Price"; Value = "0.384521982769"; VariantName = "[No Variations]"
Add component (AddParameter): Name = "RoHS"; Value = "TRUE"; VariantName = "[No Variations]"
Add component (AddParameter): Name = "Supplier 1"; Value = "Digi-Key"; VariantName = "[No Variations]"
Add component (AddParameter): Name = "Supplier 2"; Value = "Mouser"; VariantName = "[No Variations]"
Add component (AddParameter): Name = "Supplier Part Number 1"; Value = "LM7805CT-ND"; VariantName = "[No Variations]"
Add component (AddParameter): Name = "Supplier Part Number 2"; Value = "512-LM7805CT"; VariantName = "[No Variations]"
Add component (AddParameter): Name = "Temperature"; Value = "-40°C to +125°C"; VariantName = "[No Variations]"
Add component (AddParameter): Name = "Temperature Range High"; Value = "+125°C"; VariantName = "[No Variations]"
Add component (AddParameter): Name = "Temperature Range Low"; Value = "-40°C"; VariantName = "[No Variations]"
Add component (AddParameter): Name = "Voltage - Input (Max)"; Value = "35V"; VariantName = "[No Variations]"
Add component (AddParameter): Name = "Voltage - Output"; Value = "5V"; VariantName = "[No Variations]"
Add component (AddParameter): Name = "Voltage Dropout (Max)"; Value = "2V @ 1A (Typ)"; VariantName = "[No Variations]"
Added Pin To Net: NetName=Net*_0 Pin=*-0
Added Pin To Net: NetName=GND Pin=*-3
Added Pin To Net: NetName=Net*_6 Pin=*-6
Added Pin To Net: NetName=Net*_7 Pin=*-7
Added Pin To Net: NetName=Net*_8 Pin=*-8
Added Pin To Net: NetName=Net*_9 Pin=*-9
Added Pin To Net: NetName=Net*_10 Pin=*-10
Added Pin To Net: NetName=Net*_11 Pin=*-11
Added Pin To Net: NetName=Net*_14 Pin=*-14
Added Pin To Net: NetName=VCC Pin=*-15
Added Pin To Net: NetName=GND Pin=*-16
Added Pin To Net: NetName=Net*_19 Pin=*-19
Added Pin To Net: NetName=Net*_20 Pin=*-20
Added Pin To Net: NetName=Net*_24 Pin=*-24
Added Pin To Net: NetName=Net*_25 Pin=*-25
Added Pin To Net: NetName=NetD1_1 Pin=D1-1
Added Pin To Net: NetName=NetD1_2 Pin=D1-2
Added Pin To Net: NetName=Net*_20 Pin=D1-3
Added Pin To Net: NetName=GND Pin=D1-4
Added Pin To Net: NetName=Net*_11 Pin=D1-5
Added Pin To Net: NetName=NetD1_6 Pin=D1-6
Added Pin To Net: NetName=NetD1_7 Pin=D1-7
Added Pin To Net: NetName=VCC Pin=D1-8
Added Pin To Net: NetName=NetD2_1 Pin=D2-1
Added Pin To Net: NetName=NetD2_2 Pin=D2-2
Added Pin To Net: NetName=Net*_25 Pin=D2-3
Added Pin To Net: NetName=GND Pin=D2-4
Added Pin To Net: NetName=Net*_0 Pin=D2-5
Added Pin To Net: NetName=NetD2_6 Pin=D2-6
Added Pin To Net: NetName=NetD2_7 Pin=D2-7
Added Pin To Net: NetName=VCC Pin=D2-8
Added Pin To Net: NetName=NetD3_1 Pin=D3-1
Added Pin To Net: NetName=NetD3_2 Pin=D3-2
Added Pin To Net: NetName=NetD3_3 Pin=D3-3
Added Pin To Net: NetName=GND Pin=D3-4
Added Pin To Net: NetName=NetD3_5 Pin=D3-5
Added Pin To Net: NetName=NetD3_6 Pin=D3-6
Added Pin To Net: NetName=NetD3_7 Pin=D3-7
Added Pin To Net: NetName=VCC Pin=D3-8
Added Pin To Net: NetName=GND Pin=J1-1
Added Pin To Net: NetName=NetJ1_2 Pin=J1-2
Added Pin To Net: NetName=NetD1_7 Pin=J3-2
Added Pin To Net: NetName=NetD1_1 Pin=J3-3
Added Pin To Net: NetName=NetD2_7 Pin=J3-4
Added Pin To Net: NetName=NetD2_1 Pin=J3-5
Added Pin To Net: NetName=GND Pin=J3-6
Added Pin To Net: NetName=NetD3_7 Pin=J4-2
Added Pin To Net: NetName=NetD3_1 Pin=J4-3
Added Pin To Net: NetName=NetD2_7 Pin=J4-4
Added Pin To Net: NetName=NetD2_1 Pin=J4-5
Added Pin To Net: NetName=GND Pin=J4-6
Added Pin To Net: NetName=GND Pin=P1-1
Added Pin To Net: NetName=NetP1_2 Pin=P1-2
Added Pin To Net: NetName=VCC Pin=P1-3
Added Pin To Net: NetName=GND Pin=P2-1
Added Pin To Net: NetName=NetP2_2 Pin=P2-2
Added Pin To Net: NetName=VCC Pin=P2-3
Added Pin To Net: NetName=GND Pin=P3-1
Added Pin To Net: NetName=NetP3_2 Pin=P3-2
Added Pin To Net: NetName=VCC Pin=P3-3
Added Pin To Net: NetName=NetD1_7 Pin=R1-1
Added Pin To Net: NetName=Net*_11 Pin=R1-2
Added Pin To Net: NetName=NetD2_7 Pin=R2-1
Added Pin To Net: NetName=Net*_0 Pin=R2-2
Added Pin To Net: NetName=NetD1_6 Pin=R3-1
Added Pin To Net: NetName=VCC Pin=R3-2
Added Pin To Net: NetName=NetD2_6 Pin=R4-1
Added Pin To Net: NetName=VCC Pin=R4-2
Added Pin To Net: NetName=GND Pin=R5-1
Added Pin To Net: NetName=NetD1_6 Pin=R5-2
Added Pin To Net: NetName=GND Pin=R6-1
Added Pin To Net: NetName=NetD2_6 Pin=R6-2
Added Pin To Net: NetName=Net*_9 Pin=R7-1
Added Pin To Net: NetName=VCC Pin=R7-2
Added Pin To Net: NetName=NetD1_1 Pin=R8-1
Added Pin To Net: NetName=Net*_20 Pin=R8-2
Added Pin To Net: NetName=NetD2_1 Pin=R9-1
Added Pin To Net: NetName=Net*_25 Pin=R9-2
Added Pin To Net: NetName=Net*_14 Pin=R10-1
Added Pin To Net: NetName=VCC Pin=R10-2
Added Pin To Net: NetName=NetD1_2 Pin=R11-1
Added Pin To Net: NetName=VCC Pin=R11-2
Added Pin To Net: NetName=NetD2_2 Pin=R12-1
Added Pin To Net: NetName=VCC Pin=R12-2
Added Pin To Net: NetName=GND Pin=R13-1
Added Pin To Net: NetName=NetD1_2 Pin=R13-2
Added Pin To Net: NetName=GND Pin=R14-1
Added Pin To Net: NetName=NetD2_2 Pin=R14-2
Added Pin To Net: NetName=Net*_7 Pin=R15-1
Added Pin To Net: NetName=+3v3 Pin=R15-2
Added Pin To Net: NetName=Net*_6 Pin=R16-1
Added Pin To Net: NetName=+3v3 Pin=R16-2
Added Pin To Net: NetName=NetJ2_3 Pin=R17-1
Added Pin To Net: NetName=VCC Pin=R17-2
Added Pin To Net: NetName=GND Pin=R18-1
Added Pin To Net: NetName=NetJ2_1 Pin=R18-2
Added Pin To Net: NetName=GND Pin=R19-1
Added Pin To Net: NetName=Net*_8 Pin=R19-2
Added Pin To Net: NetName=Net*_10 Pin=R20-1
Added Pin To Net: NetName=NetP2_2 Pin=R20-2
Added Pin To Net: NetName=NetD3_7 Pin=R21-1
Added Pin To Net: NetName=NetD3_5 Pin=R21-2
Added Pin To Net: NetName=Net*_10 Pin=R22-1
Added Pin To Net: NetName=GND Pin=R22-2
Added Pin To Net: NetName=NetD3_6 Pin=R23-1
Added Pin To Net: NetName=VCC Pin=R23-2
Added Pin To Net: NetName=GND Pin=R24-1
Added Pin To Net: NetName=NetD3_6 Pin=R24-2
Added Pin To Net: NetName=Net*_19 Pin=R25-1
Added Pin To Net: NetName=NetP1_2 Pin=R25-2
Added Pin To Net: NetName=Net*_19 Pin=R26-1
Added Pin To Net: NetName=GND Pin=R26-2
Added Pin To Net: NetName=NetD3_1 Pin=R27-1
Added Pin To Net: NetName=NetD3_3 Pin=R27-2
Added Pin To Net: NetName=Net*_24 Pin=R28-1
Added Pin To Net: NetName=NetP3_2 Pin=R28-2
Added Pin To Net: NetName=NetD3_2 Pin=R29-1
Added Pin To Net: NetName=VCC Pin=R29-2
Added Pin To Net: NetName=Net*_24 Pin=R30-1
Added Pin To Net: NetName=GND Pin=R30-2
Added Pin To Net: NetName=GND Pin=R31-1
Added Pin To Net: NetName=NetD3_2 Pin=R31-2
Added Pin To Net: NetName=NetJ1_2 Pin=RG1-1
Added Pin To Net: NetName=GND Pin=RG1-2
Added Pin To Net: NetName=VCC Pin=RG1-3
Added Member To Class: ClassName=Sheet1 Member=Component * STM32F303K8T6
Added Member To Class: ClassName=Sheet1 Member=Component D1 LMV358AIDR
Added Member To Class: ClassName=Sheet1 Member=Component D2 LMV358AIDR
Added Member To Class: ClassName=Sheet1 Member=Component D3 LMV358AIDR
Added Member To Class: ClassName=Sheet1 Member=Component J1 691101710002
Added Member To Class: ClassName=Sheet1 Member=Component J3 2.54_Connector _x6
Added Member To Class: ClassName=Sheet1 Member=Component J4 2.54_Connector _x6
Added Member To Class: ClassName=Sheet1 Member=Component P1 61900311121
Added Member To Class: ClassName=Sheet1 Member=Component P2 61900311121
Added Member To Class: ClassName=Sheet1 Member=Component P3 61900311121
Added Member To Class: ClassName=Sheet1 Member=Component R1 1M
Added Member To Class: ClassName=Sheet1 Member=Component R2 1M
Added Member To Class: ClassName=Sheet1 Member=Component R3 10K
Added Member To Class: ClassName=Sheet1 Member=Component R4 10K
Added Member To Class: ClassName=Sheet1 Member=Component R5 2.2K
Added Member To Class: ClassName=Sheet1 Member=Component R6 2.2K
Added Member To Class: ClassName=Sheet1 Member=Component R7 10K
Added Member To Class: ClassName=Sheet1 Member=Component R8 1M
Added Member To Class: ClassName=Sheet1 Member=Component R9 1M
Added Member To Class: ClassName=Sheet1 Member=Component R10 10K
Added Member To Class: ClassName=Sheet1 Member=Component R11 10K
Added Member To Class: ClassName=Sheet1 Member=Component R12 10K
Added Member To Class: ClassName=Sheet1 Member=Component R13 2.2K
Added Member To Class: ClassName=Sheet1 Member=Component R14 2.2K
Added Member To Class: ClassName=Sheet1 Member=Component R15 10K
Added Member To Class: ClassName=Sheet1 Member=Component R16 10K
Added Member To Class: ClassName=Sheet1 Member=Component R17 10K
Added Member To Class: ClassName=Sheet1 Member=Component R18 10K
Added Member To Class: ClassName=Sheet1 Member=Component R19 10K
Added Member To Class: ClassName=Sheet1 Member=Component R20 33K
Added Member To Class: ClassName=Sheet1 Member=Component R21 1M
Added Member To Class: ClassName=Sheet1 Member=Component R22 10K
Added Member To Class: ClassName=Sheet1 Member=Component R23 10K
Added Member To Class: ClassName=Sheet1 Member=Component R24 2.2K
Added Member To Class: ClassName=Sheet1 Member=Component R25 33K
Added Member To Class: ClassName=Sheet1 Member=Component R26 10K
Added Member To Class: ClassName=Sheet1 Member=Component R27 1M
Added Member To Class: ClassName=Sheet1 Member=Component R28 33K
Added Member To Class: ClassName=Sheet1 Member=Component R29 10K
Added Member To Class: ClassName=Sheet1 Member=Component R30 10K
Added Member To Class: ClassName=Sheet1 Member=Component R31 2.2K
Added Member To Class: ClassName=Sheet1 Member=Component RG1 Reg_Fairchild_LM7805CT_eec
