Added Component: Designator=R1(Yageo_RC0805_IPC_C)
Added Component: Designator=R2(Vishay_CRCW0805-e3_IPC_B)
Added Component: Designator=R3(Vishay_CRCW0805-e3_IPC_B)
Added Component: Designator=R4(Yageo_RC0805_IPC_C)
Added Component: Designator=R5(Yageo_RC0805_IPC_C)
Added Component: Designator=R6(Yageo_RC0805_IPC_C)
Added Component: Designator=R7(Yageo_RC0805_IPC_C)
Added Component: Designator=R8(Yageo_RC0805_IPC_C)
Added Component: Designator=R9(Yageo_RC0805_IPC_C)
Added Component: Designator=R10(Yageo_RC0805_IPC_C)
Added Component: Designator=R11(Yageo_RC0805_IPC_C)
Added Component: Designator=R12(Yageo_RC0805_IPC_C)
Added Component: Designator=R13(Yageo_RC0805_IPC_C)
Added Component: Designator=R14(Yageo_RC0805_IPC_C)
Added Component: Designator=R15(Yageo_RC0805_IPC_C)
Added Component: Designator=R16(Yageo_RC0805_IPC_C)
Added Component: Designator=R17(Yageo_RC0805_IPC_C)
Added Component: Designator=R18(Yageo_RC0805_IPC_C)
Added Component: Designator=R19(Yageo_RC0805_IPC_C)
Added Component: Designator=R20(Yageo_RC0805_IPC_A)
Added Component: Designator=R21(Yageo_RC0805_IPC_C)
Added Component: Designator=R22(Yageo_RC0805_IPC_A)
Added Component: Designator=R23(Yageo_RC0805_IPC_C)
Added Component: Designator=R24(Yageo_RC0805_IPC_C)
Added Component: Designator=R25(Yageo_RC0805_IPC_C)
Added Component: Designator=R26(Yageo_RC0805_IPC_C)
Added Component: Designator=R27(Yageo_RC0805_IPC_C)
Added Component: Designator=R28(Yageo_RC0805_IPC_C)
Added Component: Designator=R29(Yageo_RC0805_IPC_C)
Added Component: Designator=R30(Yageo_RC0805_IPC_A)
Added Component: Designator=R31(Yageo_RC0805_IPC_C)
Added Pin To Net: NetName=NetD1_7 Pin=R1-1
Added Pin To Net: NetName=Net*_11 Pin=R1-2
Added Pin To Net: NetName=NetD2_7 Pin=R2-1
Added Pin To Net: NetName=Net*_0 Pin=R2-2
Added Pin To Net: NetName=NetD1_6 Pin=R3-1
Added Pin To Net: NetName=VCC Pin=R3-2
Added Pin To Net: NetName=NetD2_6 Pin=R4-1
Added Pin To Net: NetName=VCC Pin=R4-2
Added Pin To Net: NetName=GND Pin=R5-1
Added Pin To Net: NetName=NetD1_6 Pin=R5-2
Added Pin To Net: NetName=GND Pin=R6-1
Added Pin To Net: NetName=NetD2_6 Pin=R6-2
Added Pin To Net: NetName=Net*_9 Pin=R7-1
Added Pin To Net: NetName=VCC Pin=R7-2
Added Pin To Net: NetName=NetD1_1 Pin=R8-1
Added Pin To Net: NetName=Net*_20 Pin=R8-2
Added Pin To Net: NetName=NetD2_1 Pin=R9-1
Added Pin To Net: NetName=Net*_25 Pin=R9-2
Added Pin To Net: NetName=Net*_14 Pin=R10-1
Added Pin To Net: NetName=VCC Pin=R10-2
Added Pin To Net: NetName=NetD1_2 Pin=R11-1
Added Pin To Net: NetName=VCC Pin=R11-2
Added Pin To Net: NetName=NetD2_2 Pin=R12-1
Added Pin To Net: NetName=VCC Pin=R12-2
Added Pin To Net: NetName=GND Pin=R13-1
Added Pin To Net: NetName=NetD1_2 Pin=R13-2
Added Pin To Net: NetName=GND Pin=R14-1
Added Pin To Net: NetName=NetD2_2 Pin=R14-2
Added Pin To Net: NetName=Net*_7 Pin=R15-1
Added Pin To Net: NetName=+3v3 Pin=R15-2
Added Pin To Net: NetName=Net*_6 Pin=R16-1
Added Pin To Net: NetName=+3v3 Pin=R16-2
Added Pin To Net: NetName=NetJ2_3 Pin=R17-1
Added Pin To Net: NetName=VCC Pin=R17-2
Added Pin To Net: NetName=GND Pin=R18-1
Added Pin To Net: NetName=NetJ2_1 Pin=R18-2
Added Pin To Net: NetName=GND Pin=R19-1
Added Pin To Net: NetName=Net*_8 Pin=R19-2
Added Pin To Net: NetName=Net*_10 Pin=R20-1
Added Pin To Net: NetName=NetP2_2 Pin=R20-2
Added Pin To Net: NetName=NetD3_7 Pin=R21-1
Added Pin To Net: NetName=NetD3_5 Pin=R21-2
Added Pin To Net: NetName=Net*_10 Pin=R22-1
Added Pin To Net: NetName=GND Pin=R22-2
Added Pin To Net: NetName=NetD3_6 Pin=R23-1
Added Pin To Net: NetName=VCC Pin=R23-2
Added Pin To Net: NetName=GND Pin=R24-1
Added Pin To Net: NetName=NetD3_6 Pin=R24-2
Added Pin To Net: NetName=Net*_19 Pin=R25-1
Added Pin To Net: NetName=NetP1_2 Pin=R25-2
Added Pin To Net: NetName=Net*_19 Pin=R26-1
Added Pin To Net: NetName=GND Pin=R26-2
Added Pin To Net: NetName=NetD3_1 Pin=R27-1
Added Pin To Net: NetName=NetD3_3 Pin=R27-2
Added Pin To Net: NetName=Net*_24 Pin=R28-1
Added Pin To Net: NetName=NetP3_2 Pin=R28-2
Added Pin To Net: NetName=NetD3_2 Pin=R29-1
Added Pin To Net: NetName=VCC Pin=R29-2
Added Pin To Net: NetName=Net*_24 Pin=R30-1
Added Pin To Net: NetName=GND Pin=R30-2
Added Pin To Net: NetName=GND Pin=R31-1
Added Pin To Net: NetName=NetD3_2 Pin=R31-2
Added Member To Class: ClassName=Sheet1 Member=Component R1 1M
Added Member To Class: ClassName=Sheet1 Member=Component R2 1M
Added Member To Class: ClassName=Sheet1 Member=Component R3 10K
Added Member To Class: ClassName=Sheet1 Member=Component R4 10K
Added Member To Class: ClassName=Sheet1 Member=Component R5 2.2K
Added Member To Class: ClassName=Sheet1 Member=Component R6 2.2K
Added Member To Class: ClassName=Sheet1 Member=Component R7 10K
Added Member To Class: ClassName=Sheet1 Member=Component R8 1M
Added Member To Class: ClassName=Sheet1 Member=Component R9 1M
Added Member To Class: ClassName=Sheet1 Member=Component R10 10K
Added Member To Class: ClassName=Sheet1 Member=Component R11 10K
Added Member To Class: ClassName=Sheet1 Member=Component R12 10K
Added Member To Class: ClassName=Sheet1 Member=Component R13 2.2K
Added Member To Class: ClassName=Sheet1 Member=Component R14 2.2K
Added Member To Class: ClassName=Sheet1 Member=Component R15 10K
Added Member To Class: ClassName=Sheet1 Member=Component R16 10K
Added Member To Class: ClassName=Sheet1 Member=Component R17 10K
Added Member To Class: ClassName=Sheet1 Member=Component R18 10K
Added Member To Class: ClassName=Sheet1 Member=Component R19 10K
Added Member To Class: ClassName=Sheet1 Member=Component R20 33K
Added Member To Class: ClassName=Sheet1 Member=Component R21 1M
Added Member To Class: ClassName=Sheet1 Member=Component R22 10K
Added Member To Class: ClassName=Sheet1 Member=Component R23 10K
Added Member To Class: ClassName=Sheet1 Member=Component R24 2.2K
Added Member To Class: ClassName=Sheet1 Member=Component R25 33K
Added Member To Class: ClassName=Sheet1 Member=Component R26 10K
Added Member To Class: ClassName=Sheet1 Member=Component R27 1M
Added Member To Class: ClassName=Sheet1 Member=Component R28 33K
Added Member To Class: ClassName=Sheet1 Member=Component R29 10K
Added Member To Class: ClassName=Sheet1 Member=Component R30 10K
Added Member To Class: ClassName=Sheet1 Member=Component R31 2.2K
