Removed Pin From Net: NetName=OUT_1 Pin=DD1-2
Removed Pin From Net: NetName=OUT_2 Pin=DD2-2
Removed Pin From Net: NetName=OUT_3 Pin=DD3-2
Removed Pin From Net: NetName=OUT_4 Pin=DD4-2
Removed Pin From Net: NetName=OUT_1 Pin=X1-1
Removed Pin From Net: NetName=OUT_2 Pin=X1-2
Removed Pin From Net: NetName=OUT_3 Pin=X1-3
Removed Pin From Net: NetName=OUT_4 Pin=X1-4
Added Component: Designator=C5(CAP-0805)
Added Component: Designator=C6(CAP-0805)
Added Component: Designator=C7(CAP-0805)
Added Component: Designator=C8(CAP-0805)
Added Component: Designator=C9(CAP-0805)
Added Component: Designator=DD5(SOIC14)
Added Component: Designator=R1(RES-0603)
Added Component: Designator=R2(RES-0603)
Added Component: Designator=R3(RES-0603)
Added Component: Designator=R4(RES-0603)
Added Component: Designator=R5(RES-0603)
Added Component: Designator=R6(RES-0603)
Added Component: Designator=R7(RES-0603)
Added Component: Designator=R8(RES-0603)
Added Component: Designator=R9(RES-0603)
Added Component: Designator=R10(RES-0603)
Added Component: Designator=R11(RES-0603)
Added Component: Designator=R12(RES-0603)
Added Component: Designator=R13(RES-0603)
Added Component: Designator=R14(RES-0603)
Added Component: Designator=R15(RES-0603)
Added Component: Designator=R16(RES-0603)
Added Pin To Net: NetName=GND Pin=C5-1
Added Pin To Net: NetName=+5 Pin=C5-2
Added Pin To Net: NetName=OUT_1 Pin=C6-2
Added Pin To Net: NetName=OUT_2 Pin=C7-2
Added Pin To Net: NetName=OUT_3 Pin=C8-2
Added Pin To Net: NetName=OUT_4 Pin=C9-2
Added Pin To Net: NetName=OUT_1 Pin=DD5-1
Added Pin To Net: NetName=+5 Pin=DD5-4
Added Pin To Net: NetName=OUT_2 Pin=DD5-7
Added Pin To Net: NetName=OUT_3 Pin=DD5-8
Added Pin To Net: NetName=GND Pin=DD5-11
Added Pin To Net: NetName=OUT_4 Pin=DD5-14
Added Pin To Net: NetName=GND Pin=R1-1
Added Pin To Net: NetName=GND Pin=R2-1
Added Pin To Net: NetName=GND Pin=R3-1
Added Pin To Net: NetName=GND Pin=R4-1
Added Pin To Net: NetName=OUT_1 Pin=R5-2
Added Pin To Net: NetName=OUT_2 Pin=R6-2
Added Pin To Net: NetName=OUT_3 Pin=R7-2
Added Pin To Net: NetName=OUT_4 Pin=R8-2
Added Pin To Net: NetName=GND Pin=R13-1
Added Pin To Net: NetName=GND Pin=R14-1
Added Pin To Net: NetName=GND Pin=R15-1
Added Pin To Net: NetName=GND Pin=R16-1
Added Pin To Net: NetName=+IN_1 Pin=DD1-2
Added Pin To Net: NetName=+IN_1 Pin=DD5-3
Added Net: Name=+IN_1
Added Pin To Net: NetName=+IN_2 Pin=DD2-2
Added Pin To Net: NetName=+IN_2 Pin=DD5-5
Added Net: Name=+IN_2
Added Pin To Net: NetName=+IN_3 Pin=DD3-2
Added Pin To Net: NetName=+IN_3 Pin=DD5-10
Added Net: Name=+IN_3
Added Pin To Net: NetName=+IN_4 Pin=DD4-2
Added Pin To Net: NetName=+IN_4 Pin=DD5-12
Added Net: Name=+IN_4
Added Pin To Net: NetName=-IN_1 Pin=DD5-2
Added Net: Name=-IN_1
Added Pin To Net: NetName=-IN_2 Pin=DD5-6
Added Net: Name=-IN_2
Added Pin To Net: NetName=-IN_3 Pin=DD5-9
Added Net: Name=-IN_3
Added Pin To Net: NetName=-IN_4 Pin=DD5-13
Added Net: Name=-IN_4
Added Pin To Net: NetName=IN_1 Pin=R1-2
Added Pin To Net: NetName=IN_1 Pin=R5-1
Added Net: Name=IN_1
Added Pin To Net: NetName=IN_2 Pin=R2-2
Added Pin To Net: NetName=IN_2 Pin=R6-1
Added Net: Name=IN_2
Added Pin To Net: NetName=IN_3 Pin=R3-2
Added Pin To Net: NetName=IN_3 Pin=R7-1
Added Net: Name=IN_3
Added Pin To Net: NetName=IN_4 Pin=R4-2
Added Pin To Net: NetName=IN_4 Pin=R8-1
Added Net: Name=IN_4
Added Pin To Net: NetName=NetC6_1 Pin=C6-1
Added Pin To Net: NetName=NetC6_1 Pin=R9-2
Added Net: Name=NetC6_1
Added Pin To Net: NetName=NetC7_1 Pin=C7-1
Added Pin To Net: NetName=NetC7_1 Pin=R10-2
Added Net: Name=NetC7_1
Added Pin To Net: NetName=NetC8_1 Pin=C8-1
Added Pin To Net: NetName=NetC8_1 Pin=R11-2
Added Net: Name=NetC8_1
Added Pin To Net: NetName=NetC9_1 Pin=C9-1
Added Pin To Net: NetName=NetC9_1 Pin=R12-2
Added Net: Name=NetC9_1
Added Pin To Net: NetName=V_1 Pin=R9-1
Added Pin To Net: NetName=V_1 Pin=R13-2
Added Pin To Net: NetName=V_1 Pin=X1-1
Added Net: Name=V_1
Added Pin To Net: NetName=V_2 Pin=R10-1
Added Pin To Net: NetName=V_2 Pin=R14-2
Added Pin To Net: NetName=V_2 Pin=X1-2
Added Net: Name=V_2
Added Pin To Net: NetName=V_3 Pin=R11-1
Added Pin To Net: NetName=V_3 Pin=R15-2
Added Pin To Net: NetName=V_3 Pin=X1-3
Added Net: Name=V_3
Added Pin To Net: NetName=V_4 Pin=R12-1
Added Pin To Net: NetName=V_4 Pin=R16-2
Added Pin To Net: NetName=V_4 Pin=X1-4
Added Net: Name=V_4
