Added Component: Designator=C1(CAP-0805)
Added Component: Designator=C2(CAP-0805)
Added Component: Designator=C3(CAP-0805)
Added Component: Designator=C4(CAP-0805)
Added Component: Designator=DD1(SOT23-3)
Added Component: Designator=DD2(SOT23-3)
Added Component: Designator=DD3(SOT23-3)
Added Component: Designator=DD4(SOT23-3)
Added Component: Designator=X1(CONN-PLS-4-2.54mm)
Added Component: Designator=X2(CONN-PLS-4-2.54mm)
Added Pin To Net: NetName=GND Pin=C1-1
Added Pin To Net: NetName=COM Pin=C1-2
Added Pin To Net: NetName=GND Pin=C2-1
Added Pin To Net: NetName=COM Pin=C2-2
Added Pin To Net: NetName=GND Pin=C3-1
Added Pin To Net: NetName=COM Pin=C3-2
Added Pin To Net: NetName=GND Pin=C4-1
Added Pin To Net: NetName=COM Pin=C4-2
Added Pin To Net: NetName=COM Pin=DD1-1
Added Pin To Net: NetName=AVDD Pin=DD1-2
Added Pin To Net: NetName=GND Pin=DD1-3
Added Pin To Net: NetName=COM Pin=DD2-1
Added Pin To Net: NetName=ADJ2 Pin=DD2-2
Added Pin To Net: NetName=GND Pin=DD2-3
Added Pin To Net: NetName=COM Pin=DD3-1
Added Pin To Net: NetName=ADJ1 Pin=DD3-2
Added Pin To Net: NetName=GND Pin=DD3-3
Added Pin To Net: NetName=COM Pin=DD4-1
Added Pin To Net: NetName=ADJ0 Pin=DD4-2
Added Pin To Net: NetName=GND Pin=DD4-3
Added Pin To Net: NetName=AVDD Pin=X1-1
Added Pin To Net: NetName=ADJ2 Pin=X1-2
Added Pin To Net: NetName=ADJ1 Pin=X1-3
Added Pin To Net: NetName=ADJ0 Pin=X1-4
Added Pin To Net: NetName=COM Pin=X2-1
Added Pin To Net: NetName=GND Pin=X2-2
Change Net Name : Old Net Name=ADJ0 New Net Name=OUT_4
Change Net Name : Old Net Name=ADJ1 New Net Name=OUT_3
Change Net Name : Old Net Name=ADJ2 New Net Name=OUT_2
Change Net Name : Old Net Name=AVDD New Net Name=OUT_1
Change Net Name : Old Net Name=COM New Net Name=+5
