Removed Pin From Net: NetName=GND Pin=C4-1
Removed Pin From Net: NetName=+3V3 Pin=C26-2
Removed Pin From Net: NetName=+5 Pin=C31-1
Removed Pin From Net: NetName=+5 Pin=C32-1
Removed Pin From Net: NetName=+5 Pin=C36-1
Removed Pin From Net: NetName=GND Pin=C37-1
Removed Pin From Net: NetName=GND Pin=C39-1
Removed Pin From Net: NetName=GND Pin=C40-2
Removed Pin From Net: NetName=GND Pin=C41-1
Removed Pin From Net: NetName=+5 Pin=C41-2
Removed Pin From Net: NetName=+24V_1 Pin=C44-1
Removed Pin From Net: NetName=GND_-24V_1 Pin=C44-2
Removed Pin From Net: NetName=GND_-24V_1 Pin=C45-1
Removed Pin From Net: NetName=+24V_1 Pin=C45-2
Removed Pin From Net: NetName=GND_-24V_1 Pin=C46-1
Removed Pin From Net: NetName=GND_-24V_1 Pin=C47-2
Removed Pin From Net: NetName=+24V_2 Pin=C54-1
Removed Pin From Net: NetName=GND_-24V_2 Pin=C54-2
Removed Pin From Net: NetName=GND_-24V_2 Pin=C56-1
Removed Pin From Net: NetName=+24V_2 Pin=C56-2
Removed Pin From Net: NetName=GND_-24V_2 Pin=C59-1
Removed Pin From Net: NetName=GND_-24V_2 Pin=C63-2
Removed Pin From Net: NetName=+5V Pin=C64-1
Removed Pin From Net: NetName=GND Pin=C64-2
Removed Pin From Net: NetName=+5V_1 Pin=C65-1
Removed Pin From Net: NetName=GND Pin=C65-2
Removed Pin From Net: NetName=GND Pin=C66-1
Removed Pin From Net: NetName=+5V Pin=C66-2
Removed Pin From Net: NetName=GND Pin=C67-1
Removed Pin From Net: NetName=+5V_1 Pin=C67-2
Removed Pin From Net: NetName=VCC Pin=C68-1
Removed Pin From Net: NetName=GND Pin=C68-2
Removed Pin From Net: NetName=GND_-24V_1 Pin=C73-1
Removed Pin From Net: NetName=+24V_1 Pin=C73-2
Removed Pin From Net: NetName=+24V_1 Pin=C74-1
Removed Pin From Net: NetName=GND_-24V_1 Pin=C74-2
Removed Pin From Net: NetName=GND_-24V_1 Pin=C77-2
Removed Pin From Net: NetName=GND_-24V_1 Pin=C80-1
Removed Pin From Net: NetName=GND Pin=C90-1
Removed Pin From Net: NetName=+5 Pin=C90-2
Removed Pin From Net: NetName=GND Pin=C91-1
Removed Pin From Net: NetName=+5 Pin=C91-2
Removed Pin From Net: NetName=+5 Pin=C92-1
Removed Pin From Net: NetName=GND Pin=C92-2
Removed Pin From Net: NetName=+5 Pin=C93-1
Removed Pin From Net: NetName=GND Pin=C93-2
Removed Pin From Net: NetName=GND Pin=C94-1
Removed Pin From Net: NetName=+5 Pin=C94-2
Removed Pin From Net: NetName=+5 Pin=C96-1
Removed Pin From Net: NetName=GND Pin=C96-2
Removed Pin From Net: NetName=+5 Pin=C97-1
Removed Pin From Net: NetName=GND Pin=C97-2
Removed Pin From Net: NetName=GND_-24V_1 Pin=C103-1
Removed Pin From Net: NetName=+24V_1 Pin=C103-2
Removed Pin From Net: NetName=GND_-24V_1 Pin=C104-1
Removed Pin From Net: NetName=+24V_1 Pin=C104-2
Removed Pin From Net: NetName=+24V_1 Pin=C105-1
Removed Pin From Net: NetName=GND_-24V_1 Pin=C105-2
Removed Pin From Net: NetName=+24V_1 Pin=C106-1
Removed Pin From Net: NetName=GND_-24V_1 Pin=C106-2
Removed Pin From Net: NetName=GND_-24V_1 Pin=C108-2
Removed Pin From Net: NetName=GND_-24V_1 Pin=C110-2
Removed Pin From Net: NetName=GND_-24V_1 Pin=C111-1
Removed Pin From Net: NetName=GND_-24V_1 Pin=C112-1
Removed Pin From Net: NetName=GND Pin=C120-1
Removed Pin From Net: NetName=+5 Pin=C120-2
Removed Pin From Net: NetName=GND Pin=C121-1
Removed Pin From Net: NetName=+5 Pin=C121-2
Removed Pin From Net: NetName=+5 Pin=C123-1
Removed Pin From Net: NetName=GND Pin=C123-2
Removed Pin From Net: NetName=+5 Pin=C124-1
Removed Pin From Net: NetName=GND Pin=C124-2
Removed Pin From Net: NetName=GND Pin=C125-1
Removed Pin From Net: NetName=+5 Pin=C125-2
Removed Pin From Net: NetName=GND Pin=C126-1
Removed Pin From Net: NetName=+5 Pin=C126-2
Removed Pin From Net: NetName=+5 Pin=C127-1
Removed Pin From Net: NetName=GND Pin=C127-2
Removed Pin From Net: NetName=+5 Pin=C128-1
Removed Pin From Net: NetName=GND Pin=C128-2
Removed Pin From Net: NetName=GND_-24V_1 Pin=C135-1
Removed Pin From Net: NetName=+24V_1 Pin=C135-2
Removed Pin From Net: NetName=+24V_1 Pin=C136-1
Removed Pin From Net: NetName=GND_-24V_1 Pin=C136-2
Removed Pin From Net: NetName=GND_-24V_1 Pin=C137-1
Removed Pin From Net: NetName=+24V_1 Pin=C137-2
Removed Pin From Net: NetName=+24V_1 Pin=C139-1
Removed Pin From Net: NetName=GND_-24V_1 Pin=C139-2
Removed Pin From Net: NetName=GND_-24V_1 Pin=C140-2
Removed Pin From Net: NetName=GND_-24V_1 Pin=C143-1
Removed Pin From Net: NetName=GND_-24V_1 Pin=C144-2
Removed Pin From Net: NetName=GND_-24V_1 Pin=C145-1
Removed Pin From Net: NetName=GND Pin=C150-1
Removed Pin From Net: NetName=+5 Pin=C150-2
Removed Pin From Net: NetName=GND Pin=C151-1
Removed Pin From Net: NetName=+5 Pin=C151-2
Removed Pin From Net: NetName=+5 Pin=C152-1
Removed Pin From Net: NetName=GND Pin=C152-2
Removed Pin From Net: NetName=+5 Pin=C153-1
Removed Pin From Net: NetName=GND Pin=C153-2
Removed Pin From Net: NetName=GND Pin=C154-1
Removed Pin From Net: NetName=+5 Pin=C154-2
Removed Pin From Net: NetName=GND Pin=C155-1
Removed Pin From Net: NetName=+5 Pin=C155-2
Removed Pin From Net: NetName=+5 Pin=C156-1
Removed Pin From Net: NetName=GND Pin=C156-2
Removed Pin From Net: NetName=+5 Pin=C157-1
Removed Pin From Net: NetName=GND Pin=C157-2
Removed Pin From Net: NetName=GND_-24V_1 Pin=C169-1
Removed Pin From Net: NetName=+24V_1 Pin=C169-2
Removed Pin From Net: NetName=+24V_1 Pin=C170-1
Removed Pin From Net: NetName=GND_-24V_1 Pin=C170-2
Removed Pin From Net: NetName=GND_-24V_1 Pin=C171-1
Removed Pin From Net: NetName=+24V_1 Pin=C171-2
Removed Pin From Net: NetName=+24V_1 Pin=C172-1
Removed Pin From Net: NetName=GND_-24V_1 Pin=C172-2
Removed Pin From Net: NetName=GND_-24V_1 Pin=C173-2
Removed Pin From Net: NetName=GND_-24V_1 Pin=C174-1
Removed Pin From Net: NetName=GND_-24V_1 Pin=C175-2
Removed Pin From Net: NetName=GND_-24V_1 Pin=C176-1
Removed Pin From Net: NetName=GND Pin=C179-1
Removed Pin From Net: NetName=+5 Pin=C179-2
Removed Pin From Net: NetName=GND Pin=C180-1
Removed Pin From Net: NetName=+5 Pin=C180-2
Removed Pin From Net: NetName=+5 Pin=C182-1
Removed Pin From Net: NetName=GND Pin=C182-2
Removed Pin From Net: NetName=+5 Pin=C183-1
Removed Pin From Net: NetName=GND Pin=C183-2
Removed Pin From Net: NetName=GND Pin=C185-1
Removed Pin From Net: NetName=+5 Pin=C185-2
Removed Pin From Net: NetName=GND Pin=C186-1
Removed Pin From Net: NetName=+5 Pin=C186-2
Removed Pin From Net: NetName=+5 Pin=C187-1
Removed Pin From Net: NetName=GND Pin=C187-2
Removed Pin From Net: NetName=+5 Pin=C188-1
Removed Pin From Net: NetName=GND Pin=C188-2
Removed Pin From Net: NetName=VCC Pin=D11-1
Removed Pin From Net: NetName=GND Pin=D11-2
Removed Pin From Net: NetName=GND_-24V_1 Pin=J9-1
Removed Pin From Net: NetName=GND_-24V_2 Pin=J10-1
Removed Pin From Net: NetName=GND Pin=J11-1
Removed Pin From Net: NetName=VCC Pin=J11-2
Removed Pin From Net: NetName=+5V Pin=J12-1
Removed Pin From Net: NetName=GND Pin=J12-2
Removed Pin From Net: NetName=+24V_1 Pin=L5-2
Removed Pin From Net: NetName=+24V_2 Pin=L7-2
Removed Pin From Net: NetName=+5V_1 Pin=L9-1
Removed Pin From Net: NetName=+5V Pin=L9-2
Removed Pin From Net: NetName=GND Pin=P4-1
Removed Pin From Net: NetName=GND Pin=P9-1
Removed Pin From Net: NetName=+3V3 Pin=P9-4
Removed Pin From Net: NetName=+5V_1 Pin=P9-5
Removed Pin From Net: NetName=+5V_1 Pin=R1-2
Removed Pin From Net: NetName=GND Pin=R8-2
Removed Pin From Net: NetName=+24V_1 Pin=R64-2
Removed Pin From Net: NetName=+24V_1 Pin=R64-2
Removed Pin From Net: NetName=+24V_1 Pin=R93-2
Removed Pin From Net: NetName=+24V_1 Pin=R93-2
Removed Pin From Net: NetName=+24V_1 Pin=R95-2
Removed Pin From Net: NetName=+24V_1 Pin=R95-2
Removed Pin From Net: NetName=+3V3 Pin=R119-2
Removed Pin From Net: NetName=+24V_1 Pin=R131-2
Removed Pin From Net: NetName=+24V_1 Pin=R131-2
Removed Pin From Net: NetName=+24V_1 Pin=R133-2
Removed Pin From Net: NetName=+24V_1 Pin=R133-2
Removed Pin From Net: NetName=+24V_1 Pin=R164-2
Removed Pin From Net: NetName=+24V_1 Pin=R164-2
Removed Pin From Net: NetName=+24V_1 Pin=R166-2
Removed Pin From Net: NetName=+24V_1 Pin=R166-2
Removed Pin From Net: NetName=VCC Pin=RG1-1
Removed Pin From Net: NetName=GND Pin=RG1-2
Removed Pin From Net: NetName=GND Pin=RG1-2
Removed Pin From Net: NetName=+5V_1 Pin=RG1-3
Removed Pin From Net: NetName=+24V_1 Pin=TP33-1
Removed Pin From Net: NetName=+24V_2 Pin=TP37-1
Removed Pin From Net: NetName=+5V_1 Pin=TP38-1
Removed Pin From Net: NetName=+5V Pin=TP39-1
Removed Pin From Net: NetName=+5V_RS Pin=U4-1
Removed Pin From Net: NetName=+5V_RS Pin=U4-7
Removed Pin From Net: NetName=+3V3 Pin=U5-5
Removed Pin From Net: NetName=+5 Pin=U6-8
Removed Pin From Net: NetName=GND Pin=U7-1
Removed Pin From Net: NetName=+5 Pin=U7-3
Removed Pin From Net: NetName=+5 Pin=U8-2
Removed Pin From Net: NetName=GND_-24V_1 Pin=U13-14
Removed Pin From Net: NetName=+24V_1 Pin=U13-16
Removed Pin From Net: NetName=+5 Pin=U14-1
Removed Pin From Net: NetName=NetR65_2 Pin=U14-2
Removed Pin From Net: NetName=GND Pin=U14-3
Removed Pin From Net: NetName=+5 Pin=U14-5
Removed Pin From Net: NetName=+5 Pin=U15-1
Removed Pin From Net: NetName=NetR67_2 Pin=U15-2
Removed Pin From Net: NetName=GND Pin=U15-3
Removed Pin From Net: NetName=NetR68_2 Pin=U15-4
Removed Pin From Net: NetName=+5 Pin=U15-5
Removed Pin From Net: NetName=NetR66_2 Pin=U16-2
Removed Pin From Net: NetName=NetR69_2 Pin=U17-2
Removed Pin From Net: NetName=NetR70_2 Pin=U17-4
Removed Pin From Net: NetName=GND_-24V_1 Pin=U19-14
Removed Pin From Net: NetName=+24V_1 Pin=U19-16
Removed Pin From Net: NetName=GND_-24V_1 Pin=U20-14
Removed Pin From Net: NetName=+24V_1 Pin=U20-16
Removed Pin From Net: NetName=+5 Pin=U21-1
Removed Pin From Net: NetName=NetR96_2 Pin=U21-2
Removed Pin From Net: NetName=GND Pin=U21-3
Removed Pin From Net: NetName=+5 Pin=U21-5
Removed Pin From Net: NetName=+5 Pin=U22-1
Removed Pin From Net: NetName=NetR98_2 Pin=U22-2
Removed Pin From Net: NetName=GND Pin=U22-3
Removed Pin From Net: NetName=NetR99_2 Pin=U22-4
Removed Pin From Net: NetName=+5 Pin=U22-5
Removed Pin From Net: NetName=+5 Pin=U23-1
Removed Pin From Net: NetName=NetR100_2 Pin=U23-2
Removed Pin From Net: NetName=GND Pin=U23-3
Removed Pin From Net: NetName=NetR101_2 Pin=U23-4
Removed Pin From Net: NetName=+5 Pin=U23-5
Removed Pin From Net: NetName=+5 Pin=U24-1
Removed Pin From Net: NetName=GND Pin=U24-3
Removed Pin From Net: NetName=+5 Pin=U24-5
Removed Pin From Net: NetName=+5 Pin=U26-1
Removed Pin From Net: NetName=NetR122_2 Pin=U26-2
Removed Pin From Net: NetName=GND Pin=U26-3
Removed Pin From Net: NetName=+5 Pin=U26-5
Removed Pin From Net: NetName=+5 Pin=U27-1
Removed Pin From Net: NetName=NetR124_2 Pin=U27-2
Removed Pin From Net: NetName=GND Pin=U27-3
Removed Pin From Net: NetName=NetR125_2 Pin=U27-4
Removed Pin From Net: NetName=+5 Pin=U27-5
Removed Pin From Net: NetName=+5 Pin=U28-1
Removed Pin From Net: NetName=NetR123_2 Pin=U28-2
Removed Pin From Net: NetName=GND Pin=U28-3
Removed Pin From Net: NetName=+5 Pin=U28-5
Removed Pin From Net: NetName=+5 Pin=U29-1
Removed Pin From Net: NetName=NetR126_2 Pin=U29-2
Removed Pin From Net: NetName=GND Pin=U29-3
Removed Pin From Net: NetName=NetR127_2 Pin=U29-4
Removed Pin From Net: NetName=+5 Pin=U29-5
Removed Pin From Net: NetName=GND_-24V_1 Pin=U30-14
Removed Pin From Net: NetName=+24V_1 Pin=U30-16
Removed Pin From Net: NetName=GND_-24V_1 Pin=U31-14
Removed Pin From Net: NetName=+24V_1 Pin=U31-16
Removed Pin From Net: NetName=+5 Pin=U34-1
Removed Pin From Net: NetName=NetR156_2 Pin=U34-2
Removed Pin From Net: NetName=GND Pin=U34-3
Removed Pin From Net: NetName=+5 Pin=U34-5
Removed Pin From Net: NetName=+5 Pin=U35-1
Removed Pin From Net: NetName=NetR158_2 Pin=U35-2
Removed Pin From Net: NetName=GND Pin=U35-3
Removed Pin From Net: NetName=NetR159_2 Pin=U35-4
Removed Pin From Net: NetName=+5 Pin=U35-5
Removed Pin From Net: NetName=+5 Pin=U36-1
Removed Pin From Net: NetName=NetR157_2 Pin=U36-2
Removed Pin From Net: NetName=GND Pin=U36-3
Removed Pin From Net: NetName=+5 Pin=U36-5
Removed Pin From Net: NetName=+5 Pin=U37-1
Removed Pin From Net: NetName=NetR160_2 Pin=U37-2
Removed Pin From Net: NetName=GND Pin=U37-3
Removed Pin From Net: NetName=NetR161_2 Pin=U37-4
Removed Pin From Net: NetName=+5 Pin=U37-5
Removed Pin From Net: NetName=GND_-24V_1 Pin=U38-14
Removed Pin From Net: NetName=+24V_1 Pin=U38-16
Removed Pin From Net: NetName=GND_-24V_1 Pin=U39-14
Removed Pin From Net: NetName=+24V_1 Pin=U39-16
Removed Pin From Net: NetName=GND_-24V_1 Pin=VD5-2
Removed Pin From Net: NetName=GND_-24V_1 Pin=VD12-2
Removed Pin From Net: NetName=GND_-24V_1 Pin=VD13-2
Removed Pin From Net: NetName=GND_-24V_1 Pin=VD20-2
Removed Pin From Net: NetName=GND_-24V_1 Pin=VD21-2
Removed Pin From Net: NetName=GND_-24V_1 Pin=VD28-2
Removed Pin From Net: NetName=GND_-24V_1 Pin=VD29-2
Removed Pin From Net: NetName=GND_2 Pin=ZD1-1
Removed Pin From Net: NetName=NetJ8_3 Pin=ZD1-2
Removed Pin From Net: NetName=GND_2 Pin=ZD2-1
Removed Pin From Net: NetName=NetJ8_1 Pin=ZD2-2
Removed Pin From Net: NetName=GND Pin=ZD3-1
Removed Pin From Net: NetName=VCC Pin=ZD3-2
Removed Member From Class: ClassName=Driver Member=C77
Removed Member From Class: ClassName=Driver Member=C78
Removed Member From Class: ClassName=Driver Member=C79
Removed Member From Class: ClassName=Driver Member=C105
Removed Member From Class: ClassName=Driver Member=C106
Removed Member From Class: ClassName=Driver Member=C107
Removed Member From Class: ClassName=Driver Member=C108
Removed Member From Class: ClassName=Driver Member=C128
Removed Member From Class: ClassName=Driver Member=C129
Removed Member From Class: ClassName=Driver Member=C130
Removed Member From Class: ClassName=Driver Member=C131
Removed Member From Class: ClassName=Driver Member=C132
Removed Member From Class: ClassName=Driver Member=C133
Removed Member From Class: ClassName=Driver Member=C134
Removed Member From Class: ClassName=Driver Member=C135
Removed Member From Class: ClassName=Driver Member=C157
Removed Member From Class: ClassName=Driver Member=C158
Removed Member From Class: ClassName=Driver Member=C160
Removed Member From Class: ClassName=Driver Member=C161
Removed Member From Class: ClassName=Driver Member=C163
Removed Member From Class: ClassName=Driver Member=C164
Removed Member From Class: ClassName=Driver Member=C165
Removed Member From Class: ClassName=Driver Member=C166
Removed Member From Class: ClassName=Driver Member=C175
Removed Member From Class: ClassName=Driver Member=C176
Removed Member From Class: ClassName=Driver Member=C177
Removed Member From Class: ClassName=Driver Member=C178
Removed Member From Class: ClassName=Driver Member=C179
Removed Member From Class: ClassName=Driver Member=C180
Removed Member From Class: ClassName=Driver Member=C181
Removed Member From Class: ClassName=Driver Member=C182
Removed Member From Class: ClassName=Driver Member=C183
Removed Member From Class: ClassName=Driver Member=C184
Removed Member From Class: ClassName=Driver Member=C185
Removed Member From Class: ClassName=Driver Member=C186
Removed Member From Class: ClassName=Driver Member=C187
Removed Member From Class: ClassName=Driver Member=C188
Removed Member From Class: ClassName=Driver Member=C189
Removed Member From Class: ClassName=Driver Member=C190
Removed Member From Class: ClassName=Driver Member=C191
Removed Member From Class: ClassName=Driver Member=C192
Removed Member From Class: ClassName=Driver Member=C193
Removed Member From Class: ClassName=Driver Member=C194
Removed Member From Class: ClassName=Driver Member=C195
Removed Member From Class: ClassName=Driver Member=C196
Removed Member From Class: ClassName=Driver Member=J54
Removed Member From Class: ClassName=Driver Member=J55
Removed Member From Class: ClassName=Driver Member=J56
Removed Member From Class: ClassName=Driver Member=L8
Removed Member From Class: ClassName=Driver Member=L9
Removed Member From Class: ClassName=Driver Member=RG1
Removed Member From Class: ClassName=Driver Member=TP106
Removed Member From Class: ClassName=Driver Member=TP107
Removed Member From Class: ClassName=Driver Member=TP108
Removed Member From Class: ClassName=Driver Member=TP109
Removed Member From Class: ClassName=Driver Member=ZD3
Removed Member From Class: ClassName=HV Member=NetC5_1
Removed Member From Class: ClassName=HV Member=NetR29_1
Change Component Footprint: Designator=P9 Old Footprint=61300511121 New Footprint=61900211121
Change Footprint: Footprint Not Found CAP_SMD_Size_E
Change Component Footprint: Designator=C40 Old Footprint=CAP_SMD_Size_E New Footprint=CAP-0805
Change Component Footprint: Designator=C36 Old Footprint=CAP_SMD_Size_G New Footprint=CAP-0805
Change Footprint: Footprint Not Found HITANO 3300uF 25V  16x25
Change Footprint: Footprint Not Found INF-SOT23_N
Change Footprint: Footprint Not Found INF-SOT23_N
Change Footprint: Footprint Not Found INF-SOT23_N
Change Footprint: Footprint Not Found INF-SOT23_N
Change Footprint: Footprint Not Found SOIC-8_M
Change Footprint: Cannot match pads with new footprint in component :L3 Footprint:WE-PD2_1054
Change Component Footprint: Designator=L5 Old Footprint=WE-PD2_1054 New Footprint=WE-PD2_7850
Change Footprint: Cannot match pads with new footprint in component :L4 Footprint:WE-PD2_1054
Change Component Comment : Designator=C47 Old Comment= New Comment=25V_2200uF
Change Component Comment : Designator=C41 Old Comment=0.1uF New Comment=0.47uF
Change Component Comment : Designator=C39 Old Comment=0.1uF New Comment=1000uF 6.3V
Change Component Comment : Designator=R141 Old Comment=20K New Comment=100K
Change Component Comment : Designator=C40 Old Comment=1000uF_6.3V New Comment=0.1uF
Change Component Comment : Designator=C38 Old Comment=1000uF_6.3V New Comment=330uF 16V
Change Component Comment : Designator=C36 Old Comment=1000uF_10V New Comment=470pF
Change Component Comment : Designator=L4 Old Comment=1000µH, 0.3A New Comment=744776227
Change Component Comment : Designator=L5 Old Comment=744776227 New Comment=220uH
Change Component Comment : Designator=P9 Old Comment=61300511121 New Comment=61900211121
Change Component Comment : Designator=U7 Old Comment=AMS1117-3v3 New Comment=MC34063
Change Component Comment : Designator=C95 Old Comment=CAP-NON-POLAR New Comment=0.1uF
Change Component Designator: OldDesignator=C5 NewDesignator=C4
Change Component Designator: OldDesignator=C6 NewDesignator=C5
Change Component Designator: OldDesignator=C7 NewDesignator=C6
Change Component Designator: OldDesignator=C8 NewDesignator=C7
Change Component Designator: OldDesignator=C9 NewDesignator=C8
Change Component Designator: OldDesignator=C10 NewDesignator=C9
Change Component Designator: OldDesignator=C11 NewDesignator=C10
Change Component Designator: OldDesignator=C12 NewDesignator=C11
Change Component Designator: OldDesignator=C13 NewDesignator=C12
Change Component Designator: OldDesignator=C14 NewDesignator=C13
Change Component Designator: OldDesignator=C15 NewDesignator=C14
Change Component Designator: OldDesignator=C16 NewDesignator=C15
Change Component Designator: OldDesignator=C17 NewDesignator=C16
Change Component Designator: OldDesignator=C18 NewDesignator=C17
Change Component Designator: OldDesignator=C19 NewDesignator=C18
Change Component Designator: OldDesignator=C20 NewDesignator=C19
Change Component Designator: OldDesignator=C21 NewDesignator=C20
Change Component Designator: OldDesignator=C22 NewDesignator=C21
Change Component Designator: OldDesignator=C23 NewDesignator=C22
Change Component Designator: OldDesignator=C24 NewDesignator=C23
Change Component Designator: OldDesignator=C25 NewDesignator=C24
Change Component Designator: OldDesignator=C26 NewDesignator=C25
Change Component Designator: OldDesignator=C27 NewDesignator=C26
Change Component Designator: OldDesignator=C28 NewDesignator=C27
Change Component Designator: OldDesignator=C29 NewDesignator=C28
Change Component Designator: OldDesignator=C30 NewDesignator=C29
Change Component Designator: OldDesignator=C31 NewDesignator=C30
Change Component Designator: OldDesignator=C32 NewDesignator=C31
Change Component Designator: OldDesignator=C33 NewDesignator=C32
Change Component Designator: OldDesignator=C34 NewDesignator=C33
Change Component Designator: OldDesignator=C35 NewDesignator=C34
Change Component Designator: OldDesignator=C42 NewDesignator=C35
Change Component Designator: OldDesignator=C43 NewDesignator=C37
Change Component Designator: OldDesignator=C48 NewDesignator=C42
Change Component Designator: OldDesignator=C49 NewDesignator=C45
Change Component Designator: OldDesignator=C50 NewDesignator=C43
Change Component Designator: OldDesignator=C51 NewDesignator=C44
Change Component Designator: OldDesignator=C52 NewDesignator=C46
Change Component Designator: OldDesignator=C53 NewDesignator=C48
Change Component Designator: OldDesignator=C55 NewDesignator=C49
Change Component Designator: OldDesignator=C57 NewDesignator=C52
Change Component Designator: OldDesignator=C58 NewDesignator=C50
Change Component Designator: OldDesignator=C60 NewDesignator=C53
Change Component Designator: OldDesignator=C61 NewDesignator=C51
Change Component Designator: OldDesignator=C62 NewDesignator=C54
Change Component Designator: OldDesignator=C69 NewDesignator=C55
Change Component Designator: OldDesignator=C70 NewDesignator=C56
Change Component Designator: OldDesignator=C71 NewDesignator=C57
Change Component Designator: OldDesignator=C72 NewDesignator=C58
Change Component Designator: OldDesignator=C73 NewDesignator=C59
Change Component Designator: OldDesignator=C74 NewDesignator=C60
Change Component Designator: OldDesignator=C75 NewDesignator=C61
Change Component Designator: OldDesignator=C76 NewDesignator=C62
Change Component Designator: OldDesignator=C77 NewDesignator=C63
Change Component Designator: OldDesignator=C78 NewDesignator=C64
Change Component Designator: OldDesignator=C79 NewDesignator=C65
Change Component Designator: OldDesignator=C80 NewDesignator=C66
Change Component Designator: OldDesignator=C81 NewDesignator=C67
Change Component Designator: OldDesignator=C82 NewDesignator=C68
Change Component Designator: OldDesignator=C83 NewDesignator=C69
Change Component Designator: OldDesignator=C84 NewDesignator=C70
Change Component Designator: OldDesignator=C85 NewDesignator=C71
Change Component Designator: OldDesignator=C86 NewDesignator=C72
Change Component Designator: OldDesignator=C87 NewDesignator=C73
Change Component Designator: OldDesignator=C88 NewDesignator=C74
Change Component Designator: OldDesignator=C89 NewDesignator=C75
Change Component Designator: OldDesignator=C95 NewDesignator=C76
Change Component Designator: OldDesignator=C98 NewDesignator=C80
Change Component Designator: OldDesignator=C99 NewDesignator=C81
Change Component Designator: OldDesignator=C100 NewDesignator=C82
Change Component Designator: OldDesignator=C101 NewDesignator=C83
Change Component Designator: OldDesignator=C102 NewDesignator=C84
Change Component Designator: OldDesignator=C103 NewDesignator=C85
Change Component Designator: OldDesignator=C104 NewDesignator=C86
Change Component Designator: OldDesignator=C105 NewDesignator=C87
Change Component Designator: OldDesignator=C106 NewDesignator=C88
Change Component Designator: OldDesignator=C107 NewDesignator=C89
Change Component Designator: OldDesignator=C108 NewDesignator=C90
Change Component Designator: OldDesignator=C109 NewDesignator=C91
Change Component Designator: OldDesignator=C110 NewDesignator=C92
Change Component Designator: OldDesignator=C111 NewDesignator=C93
Change Component Designator: OldDesignator=C112 NewDesignator=C94
Change Component Designator: OldDesignator=C113 NewDesignator=C95
Change Component Designator: OldDesignator=C114 NewDesignator=C96
Change Component Designator: OldDesignator=C115 NewDesignator=C97
Change Component Designator: OldDesignator=C116 NewDesignator=C98
Change Component Designator: OldDesignator=C117 NewDesignator=C99
Change Component Designator: OldDesignator=C118 NewDesignator=C100
Change Component Designator: OldDesignator=C119 NewDesignator=C101
Change Component Designator: OldDesignator=C122 NewDesignator=C102
Change Component Designator: OldDesignator=C129 NewDesignator=C103
Change Component Designator: OldDesignator=C130 NewDesignator=C104
Change Component Designator: OldDesignator=C131 NewDesignator=C109
Change Component Designator: OldDesignator=C132 NewDesignator=C110
Change Component Designator: OldDesignator=C133 NewDesignator=C111
Change Component Designator: OldDesignator=C134 NewDesignator=C112
Change Component Designator: OldDesignator=C135 NewDesignator=C113
Change Component Designator: OldDesignator=C136 NewDesignator=C114
Change Component Designator: OldDesignator=C137 NewDesignator=C115
Change Component Designator: OldDesignator=C138 NewDesignator=C116
Change Component Designator: OldDesignator=C139 NewDesignator=C117
Change Component Designator: OldDesignator=C140 NewDesignator=C118
Change Component Designator: OldDesignator=C141 NewDesignator=C119
Change Component Designator: OldDesignator=C142 NewDesignator=C120
Change Component Designator: OldDesignator=C143 NewDesignator=C121
Change Component Designator: OldDesignator=C144 NewDesignator=C122
Change Component Designator: OldDesignator=C145 NewDesignator=C123
Change Component Designator: OldDesignator=C146 NewDesignator=C124
Change Component Designator: OldDesignator=C147 NewDesignator=C125
Change Component Designator: OldDesignator=C148 NewDesignator=C126
Change Component Designator: OldDesignator=C149 NewDesignator=C127
Change Component Designator: OldDesignator=C158 NewDesignator=C136
Change Component Designator: OldDesignator=C159 NewDesignator=C137
Change Component Designator: OldDesignator=C160 NewDesignator=C138
Change Component Designator: OldDesignator=C161 NewDesignator=C139
Change Component Designator: OldDesignator=C162 NewDesignator=C140
Change Component Designator: OldDesignator=C163 NewDesignator=C141
Change Component Designator: OldDesignator=C164 NewDesignator=C142
Change Component Designator: OldDesignator=C165 NewDesignator=C143
Change Component Designator: OldDesignator=C166 NewDesignator=C144
Change Component Designator: OldDesignator=C167 NewDesignator=C145
Change Component Designator: OldDesignator=C168 NewDesignator=C146
Change Component Designator: OldDesignator=C169 NewDesignator=C147
Change Component Designator: OldDesignator=C170 NewDesignator=C148
Change Component Designator: OldDesignator=C171 NewDesignator=C149
Change Component Designator: OldDesignator=C172 NewDesignator=C150
Change Component Designator: OldDesignator=C173 NewDesignator=C151
Change Component Designator: OldDesignator=C174 NewDesignator=C152
Change Component Designator: OldDesignator=C175 NewDesignator=C153
Change Component Designator: OldDesignator=C176 NewDesignator=C154
Change Component Designator: OldDesignator=C177 NewDesignator=C155
Change Component Designator: OldDesignator=C178 NewDesignator=C156
Change Component Designator: OldDesignator=C181 NewDesignator=C159
Change Component Designator: OldDesignator=C184 NewDesignator=C162
Change Component Designator: OldDesignator=C189 NewDesignator=C167
Change Component Designator: OldDesignator=C190 NewDesignator=C168
Change Component Designator: OldDesignator=C191 NewDesignator=C169
Change Component Designator: OldDesignator=C192 NewDesignator=C170
Change Component Designator: OldDesignator=C193 NewDesignator=C171
Change Component Designator: OldDesignator=C194 NewDesignator=C172
Change Component Designator: OldDesignator=C195 NewDesignator=C173
Change Component Designator: OldDesignator=C196 NewDesignator=C174
Change Component Designator: OldDesignator=D10 NewDesignator=D11
Change Component Designator: OldDesignator=D22 NewDesignator=D23
Change Component Designator: OldDesignator=D23 NewDesignator=D24
Change Component Designator: OldDesignator=D24 NewDesignator=D25
Change Component Designator: OldDesignator=D25 NewDesignator=D26
Change Component Designator: OldDesignator=D26 NewDesignator=D27
Change Component Designator: OldDesignator=D27 NewDesignator=D28
Change Component Designator: OldDesignator=J13 NewDesignator=J10
Change Component Designator: OldDesignator=J14 NewDesignator=J11
Change Component Designator: OldDesignator=J15 NewDesignator=J12
Change Component Designator: OldDesignator=J16 NewDesignator=J13
Change Component Designator: OldDesignator=J17 NewDesignator=J14
Change Component Designator: OldDesignator=J18 NewDesignator=J15
Change Component Designator: OldDesignator=J19 NewDesignator=J16
Change Component Designator: OldDesignator=J20 NewDesignator=J17
Change Component Designator: OldDesignator=J21 NewDesignator=J18
Change Component Designator: OldDesignator=J22 NewDesignator=J19
Change Component Designator: OldDesignator=J23 NewDesignator=J20
Change Component Designator: OldDesignator=J24 NewDesignator=J21
Change Component Designator: OldDesignator=J25 NewDesignator=J22
Change Component Designator: OldDesignator=J26 NewDesignator=J23
Change Component Designator: OldDesignator=J27 NewDesignator=J24
Change Component Designator: OldDesignator=J28 NewDesignator=J25
Change Component Designator: OldDesignator=J29 NewDesignator=J26
Change Component Designator: OldDesignator=J30 NewDesignator=J27
Change Component Designator: OldDesignator=J31 NewDesignator=J28
Change Component Designator: OldDesignator=J32 NewDesignator=J29
Change Component Designator: OldDesignator=J33 NewDesignator=J30
Change Component Designator: OldDesignator=J34 NewDesignator=J31
Change Component Designator: OldDesignator=J35 NewDesignator=J32
Change Component Designator: OldDesignator=J36 NewDesignator=J33
Change Component Designator: OldDesignator=J37 NewDesignator=J34
Change Component Designator: OldDesignator=J38 NewDesignator=J35
Change Component Designator: OldDesignator=J39 NewDesignator=J36
Change Component Designator: OldDesignator=J40 NewDesignator=J37
Change Component Designator: OldDesignator=J41 NewDesignator=J38
Change Component Designator: OldDesignator=J42 NewDesignator=J39
Change Component Designator: OldDesignator=J43 NewDesignator=J40
Change Component Designator: OldDesignator=J44 NewDesignator=J41
Change Component Designator: OldDesignator=J45 NewDesignator=J42
Change Component Designator: OldDesignator=J46 NewDesignator=J43
Change Component Designator: OldDesignator=J47 NewDesignator=J44
Change Component Designator: OldDesignator=J48 NewDesignator=J45
Change Component Designator: OldDesignator=J49 NewDesignator=J46
Change Component Designator: OldDesignator=J50 NewDesignator=J47
Change Component Designator: OldDesignator=J51 NewDesignator=J48
Change Component Designator: OldDesignator=J52 NewDesignator=J49
Change Component Designator: OldDesignator=J53 NewDesignator=J50
Change Component Designator: OldDesignator=J54 NewDesignator=J51
Change Component Designator: OldDesignator=J55 NewDesignator=J52
Change Component Designator: OldDesignator=J56 NewDesignator=J53
Change Component Designator: OldDesignator=L8 NewDesignator=L7
Change Component Designator: OldDesignator=P5 NewDesignator=P4
Change Component Designator: OldDesignator=P6 NewDesignator=P5
Change Component Designator: OldDesignator=P7 NewDesignator=P6
Change Component Designator: OldDesignator=P8 NewDesignator=P7
Change Component Designator: OldDesignator=R2 NewDesignator=R1
Change Component Designator: OldDesignator=R3 NewDesignator=R2
Change Component Designator: OldDesignator=R4 NewDesignator=R3
Change Component Designator: OldDesignator=R5 NewDesignator=R4
Change Component Designator: OldDesignator=R6 NewDesignator=R5
Change Component Designator: OldDesignator=R7 NewDesignator=R6
Change Component Designator: OldDesignator=R9 NewDesignator=R7
Change Component Designator: OldDesignator=R10 NewDesignator=R8
Change Component Designator: OldDesignator=R11 NewDesignator=R10
Change Component Designator: OldDesignator=R15 NewDesignator=R9
Change Component Designator: OldDesignator=R16 NewDesignator=R11
Change Component Designator: OldDesignator=R17 NewDesignator=R15
Change Component Designator: OldDesignator=R18 NewDesignator=R16
Change Component Designator: OldDesignator=R19 NewDesignator=R17
Change Component Designator: OldDesignator=R20 NewDesignator=R18
Change Component Designator: OldDesignator=R21 NewDesignator=R19
Change Component Designator: OldDesignator=R22 NewDesignator=R20
Change Component Designator: OldDesignator=R23 NewDesignator=R21
Change Component Designator: OldDesignator=R29 NewDesignator=R31
Change Component Designator: OldDesignator=R30 NewDesignator=R32
Change Component Designator: OldDesignator=R31 NewDesignator=R33
Change Component Designator: OldDesignator=R32 NewDesignator=R34
Change Component Designator: OldDesignator=R33 NewDesignator=R35
Change Component Designator: OldDesignator=R34 NewDesignator=R36
Change Component Designator: OldDesignator=R35 NewDesignator=R37
Change Component Designator: OldDesignator=R36 NewDesignator=R38
Change Component Designator: OldDesignator=R37 NewDesignator=R39
Change Component Designator: OldDesignator=R38 NewDesignator=R40
Change Component Designator: OldDesignator=R39 NewDesignator=R41
Change Component Designator: OldDesignator=R40 NewDesignator=R42
Change Component Designator: OldDesignator=R41 NewDesignator=R43
Change Component Designator: OldDesignator=R42 NewDesignator=R44
Change Component Designator: OldDesignator=R43 NewDesignator=R22
Change Component Designator: OldDesignator=R44 NewDesignator=R23
Change Component Designator: OldDesignator=R49 NewDesignator=R29
Change Component Designator: OldDesignator=R50 NewDesignator=R30
Change Component Designator: OldDesignator=R51 NewDesignator=R49
Change Component Designator: OldDesignator=R52 NewDesignator=R50
Change Component Designator: OldDesignator=R53 NewDesignator=R51
Change Component Designator: OldDesignator=R54 NewDesignator=R52
Change Component Designator: OldDesignator=R55 NewDesignator=R53
Change Component Designator: OldDesignator=R56 NewDesignator=R55
Change Component Designator: OldDesignator=R57 NewDesignator=R58
Change Component Designator: OldDesignator=R58 NewDesignator=R59
Change Component Designator: OldDesignator=R59 NewDesignator=R60
Change Component Designator: OldDesignator=R60 NewDesignator=R61
Change Component Designator: OldDesignator=R61 NewDesignator=R62
Change Component Designator: OldDesignator=R62 NewDesignator=R63
Change Component Designator: OldDesignator=R63 NewDesignator=R64
Change Component Designator: OldDesignator=R64 NewDesignator=R65
Change Component Designator: OldDesignator=R65 NewDesignator=R66
Change Component Designator: OldDesignator=R66 NewDesignator=R67
Change Component Designator: OldDesignator=R67 NewDesignator=R68
Change Component Designator: OldDesignator=R68 NewDesignator=R69
Change Component Designator: OldDesignator=R69 NewDesignator=R70
Change Component Designator: OldDesignator=R70 NewDesignator=R71
Change Component Designator: OldDesignator=R71 NewDesignator=R72
Change Component Designator: OldDesignator=R72 NewDesignator=R73
Change Component Designator: OldDesignator=R73 NewDesignator=R74
Change Component Designator: OldDesignator=R74 NewDesignator=R75
Change Component Designator: OldDesignator=R75 NewDesignator=R76
Change Component Designator: OldDesignator=R76 NewDesignator=R77
Change Component Designator: OldDesignator=R77 NewDesignator=R78
Change Component Designator: OldDesignator=R78 NewDesignator=R79
Change Component Designator: OldDesignator=R79 NewDesignator=R80
Change Component Designator: OldDesignator=R80 NewDesignator=R81
Change Component Designator: OldDesignator=R81 NewDesignator=R82
Change Component Designator: OldDesignator=R82 NewDesignator=R83
Change Component Designator: OldDesignator=R83 NewDesignator=R84
Change Component Designator: OldDesignator=R84 NewDesignator=R85
Change Component Designator: OldDesignator=R85 NewDesignator=R86
Change Component Designator: OldDesignator=R86 NewDesignator=R87
Change Component Designator: OldDesignator=R87 NewDesignator=R88
Change Component Designator: OldDesignator=R88 NewDesignator=R89
Change Component Designator: OldDesignator=R89 NewDesignator=R90
Change Component Designator: OldDesignator=R90 NewDesignator=R91
Change Component Designator: OldDesignator=R91 NewDesignator=R92
Change Component Designator: OldDesignator=R92 NewDesignator=R93
Change Component Designator: OldDesignator=R93 NewDesignator=R94
Change Component Designator: OldDesignator=R94 NewDesignator=R95
Change Component Designator: OldDesignator=R95 NewDesignator=R96
Change Component Designator: OldDesignator=R96 NewDesignator=R97
Change Component Designator: OldDesignator=R97 NewDesignator=R98
Change Component Designator: OldDesignator=R98 NewDesignator=R99
Change Component Designator: OldDesignator=R99 NewDesignator=R100
Change Component Designator: OldDesignator=R100 NewDesignator=R101
Change Component Designator: OldDesignator=R101 NewDesignator=R102
Change Component Designator: OldDesignator=R102 NewDesignator=R103
Change Component Designator: OldDesignator=R103 NewDesignator=R104
Change Component Designator: OldDesignator=R104 NewDesignator=R105
Change Component Designator: OldDesignator=R105 NewDesignator=R106
Change Component Designator: OldDesignator=R106 NewDesignator=R107
Change Component Designator: OldDesignator=R107 NewDesignator=R108
Change Component Designator: OldDesignator=R108 NewDesignator=R109
Change Component Designator: OldDesignator=R109 NewDesignator=R110
Change Component Designator: OldDesignator=R110 NewDesignator=R111
Change Component Designator: OldDesignator=R111 NewDesignator=R112
Change Component Designator: OldDesignator=R112 NewDesignator=R113
Change Component Designator: OldDesignator=R113 NewDesignator=R114
Change Component Designator: OldDesignator=R114 NewDesignator=R115
Change Component Designator: OldDesignator=R115 NewDesignator=R116
Change Component Designator: OldDesignator=R116 NewDesignator=R117
Change Component Designator: OldDesignator=R117 NewDesignator=R118
Change Component Designator: OldDesignator=R118 NewDesignator=R119
Change Component Designator: OldDesignator=R121 NewDesignator=R124
Change Component Designator: OldDesignator=R122 NewDesignator=R125
Change Component Designator: OldDesignator=R123 NewDesignator=R126
Change Component Designator: OldDesignator=R124 NewDesignator=R127
Change Component Designator: OldDesignator=R125 NewDesignator=R128
Change Component Designator: OldDesignator=R126 NewDesignator=R129
Change Component Designator: OldDesignator=R127 NewDesignator=R130
Change Component Designator: OldDesignator=R128 NewDesignator=R131
Change Component Designator: OldDesignator=R129 NewDesignator=R132
Change Component Designator: OldDesignator=R130 NewDesignator=R133
Change Component Designator: OldDesignator=R131 NewDesignator=R134
Change Component Designator: OldDesignator=R132 NewDesignator=R135
Change Component Designator: OldDesignator=R133 NewDesignator=R136
Change Component Designator: OldDesignator=R134 NewDesignator=R138
Change Component Designator: OldDesignator=R135 NewDesignator=R139
Change Component Designator: OldDesignator=R136 NewDesignator=R140
Change Component Designator: OldDesignator=R137 NewDesignator=R141
Change Component Designator: OldDesignator=R138 NewDesignator=R143
Change Component Designator: OldDesignator=R139 NewDesignator=R144
Change Component Designator: OldDesignator=R140 NewDesignator=R145
Change Component Designator: OldDesignator=R141 NewDesignator=R146
Change Component Designator: OldDesignator=R142 NewDesignator=R147
Change Component Designator: OldDesignator=R143 NewDesignator=R148
Change Component Designator: OldDesignator=R144 NewDesignator=R149
Change Component Designator: OldDesignator=R145 NewDesignator=R150
Change Component Designator: OldDesignator=R146 NewDesignator=R151
Change Component Designator: OldDesignator=R147 NewDesignator=R152
Change Component Designator: OldDesignator=R148 NewDesignator=R153
Change Component Designator: OldDesignator=R149 NewDesignator=R154
Change Component Designator: OldDesignator=R150 NewDesignator=R155
Change Component Designator: OldDesignator=R151 NewDesignator=R156
Change Component Designator: OldDesignator=R152 NewDesignator=R157
Change Component Designator: OldDesignator=R153 NewDesignator=R158
Change Component Designator: OldDesignator=R154 NewDesignator=R159
Change Component Designator: OldDesignator=R155 NewDesignator=R160
Change Component Designator: OldDesignator=R156 NewDesignator=R161
Change Component Designator: OldDesignator=R157 NewDesignator=R162
Change Component Designator: OldDesignator=R158 NewDesignator=R163
Change Component Designator: OldDesignator=R159 NewDesignator=R164
Change Component Designator: OldDesignator=R160 NewDesignator=R165
Change Component Designator: OldDesignator=R161 NewDesignator=R166
Change Component Designator: OldDesignator=R162 NewDesignator=R167
Change Component Designator: OldDesignator=R163 NewDesignator=R168
Change Component Designator: OldDesignator=R164 NewDesignator=R169
Change Component Designator: OldDesignator=R165 NewDesignator=R170
Change Component Designator: OldDesignator=R166 NewDesignator=R171
Change Component Designator: OldDesignator=R167 NewDesignator=R172
Change Component Designator: OldDesignator=R168 NewDesignator=R173
Change Component Designator: OldDesignator=R169 NewDesignator=R174
Change Component Designator: OldDesignator=R170 NewDesignator=R175
Change Component Designator: OldDesignator=R171 NewDesignator=R176
Change Component Designator: OldDesignator=R172 NewDesignator=R177
Change Component Designator: OldDesignator=R173 NewDesignator=R178
Change Component Designator: OldDesignator=R174 NewDesignator=R179
Change Component Designator: OldDesignator=R175 NewDesignator=R180
Change Component Designator: OldDesignator=R176 NewDesignator=R181
Change Component Designator: OldDesignator=TP1 NewDesignator=TP4
Change Component Designator: OldDesignator=TP2 NewDesignator=TP1
Change Component Designator: OldDesignator=TP3 NewDesignator=TP2
Change Component Designator: OldDesignator=TP5 NewDesignator=TP3
Change Component Designator: OldDesignator=TP6 NewDesignator=TP5
Change Component Designator: OldDesignator=TP7 NewDesignator=TP6
Change Component Designator: OldDesignator=TP8 NewDesignator=TP9
Change Component Designator: OldDesignator=TP9 NewDesignator=TP10
Change Component Designator: OldDesignator=TP10 NewDesignator=TP11
Change Component Designator: OldDesignator=TP11 NewDesignator=TP12
Change Component Designator: OldDesignator=TP12 NewDesignator=TP13
Change Component Designator: OldDesignator=TP13 NewDesignator=TP14
Change Component Designator: OldDesignator=TP14 NewDesignator=TP15
Change Component Designator: OldDesignator=TP15 NewDesignator=TP16
Change Component Designator: OldDesignator=TP16 NewDesignator=TP17
Change Component Designator: OldDesignator=TP17 NewDesignator=TP18
Change Component Designator: OldDesignator=TP18 NewDesignator=TP7
Change Component Designator: OldDesignator=TP20 NewDesignator=TP8
Change Component Designator: OldDesignator=TP21 NewDesignator=TP20
Change Component Designator: OldDesignator=TP22 NewDesignator=TP21
Change Component Designator: OldDesignator=TP23 NewDesignator=TP22
Change Component Designator: OldDesignator=TP24 NewDesignator=TP23
Change Component Designator: OldDesignator=TP25 NewDesignator=TP24
Change Component Designator: OldDesignator=TP26 NewDesignator=TP25
Change Component Designator: OldDesignator=TP27 NewDesignator=TP26
Change Component Designator: OldDesignator=TP28 NewDesignator=TP27
Change Component Designator: OldDesignator=TP32 NewDesignator=TP31
Change Component Designator: OldDesignator=TP34 NewDesignator=TP33
Change Component Designator: OldDesignator=TP35 NewDesignator=TP32
Change Component Designator: OldDesignator=TP40 NewDesignator=TP35
Change Component Designator: OldDesignator=TP41 NewDesignator=TP36
Change Component Designator: OldDesignator=TP42 NewDesignator=TP37
Change Component Designator: OldDesignator=TP43 NewDesignator=TP38
Change Component Designator: OldDesignator=TP44 NewDesignator=TP39
Change Component Designator: OldDesignator=TP45 NewDesignator=TP40
Change Component Designator: OldDesignator=TP46 NewDesignator=TP41
Change Component Designator: OldDesignator=TP47 NewDesignator=TP42
Change Component Designator: OldDesignator=TP48 NewDesignator=TP43
Change Component Designator: OldDesignator=TP49 NewDesignator=TP44
Change Component Designator: OldDesignator=TP50 NewDesignator=TP45
Change Component Designator: OldDesignator=TP51 NewDesignator=TP46
Change Component Designator: OldDesignator=TP52 NewDesignator=TP47
Change Component Designator: OldDesignator=TP53 NewDesignator=TP48
Change Component Designator: OldDesignator=TP54 NewDesignator=TP49
Change Component Designator: OldDesignator=TP55 NewDesignator=TP50
Change Component Designator: OldDesignator=TP56 NewDesignator=TP51
Change Component Designator: OldDesignator=TP57 NewDesignator=TP52
Change Component Designator: OldDesignator=TP58 NewDesignator=TP53
Change Component Designator: OldDesignator=TP59 NewDesignator=TP54
Change Component Designator: OldDesignator=TP60 NewDesignator=TP55
Change Component Designator: OldDesignator=TP61 NewDesignator=TP56
Change Component Designator: OldDesignator=TP62 NewDesignator=TP57
Change Component Designator: OldDesignator=TP63 NewDesignator=TP58
Change Component Designator: OldDesignator=TP64 NewDesignator=TP59
Change Component Designator: OldDesignator=TP65 NewDesignator=TP60
Change Component Designator: OldDesignator=TP66 NewDesignator=TP61
Change Component Designator: OldDesignator=TP67 NewDesignator=TP62
Change Component Designator: OldDesignator=TP68 NewDesignator=TP63
Change Component Designator: OldDesignator=TP69 NewDesignator=TP64
Change Component Designator: OldDesignator=TP70 NewDesignator=TP65
Change Component Designator: OldDesignator=TP71 NewDesignator=TP66
Change Component Designator: OldDesignator=TP72 NewDesignator=TP67
Change Component Designator: OldDesignator=TP73 NewDesignator=TP68
Change Component Designator: OldDesignator=TP74 NewDesignator=TP69
Change Component Designator: OldDesignator=TP75 NewDesignator=TP70
Change Component Designator: OldDesignator=TP76 NewDesignator=TP71
Change Component Designator: OldDesignator=TP77 NewDesignator=TP72
Change Component Designator: OldDesignator=TP78 NewDesignator=TP73
Change Component Designator: OldDesignator=TP79 NewDesignator=TP74
Change Component Designator: OldDesignator=TP80 NewDesignator=TP75
Change Component Designator: OldDesignator=TP81 NewDesignator=TP76
Change Component Designator: OldDesignator=TP82 NewDesignator=TP77
Change Component Designator: OldDesignator=TP83 NewDesignator=TP78
Change Component Designator: OldDesignator=TP84 NewDesignator=TP79
Change Component Designator: OldDesignator=TP85 NewDesignator=TP80
Change Component Designator: OldDesignator=TP86 NewDesignator=TP81
Change Component Designator: OldDesignator=TP87 NewDesignator=TP82
Change Component Designator: OldDesignator=TP88 NewDesignator=TP83
Change Component Designator: OldDesignator=TP89 NewDesignator=TP85
Change Component Designator: OldDesignator=TP90 NewDesignator=TP86
Change Component Designator: OldDesignator=TP91 NewDesignator=TP87
Change Component Designator: OldDesignator=TP92 NewDesignator=TP88
Change Component Designator: OldDesignator=TP93 NewDesignator=TP89
Change Component Designator: OldDesignator=TP94 NewDesignator=TP90
Change Component Designator: OldDesignator=TP95 NewDesignator=TP91
Change Component Designator: OldDesignator=TP96 NewDesignator=TP92
Change Component Designator: OldDesignator=TP97 NewDesignator=TP93
Change Component Designator: OldDesignator=TP98 NewDesignator=TP94
Change Component Designator: OldDesignator=TP99 NewDesignator=TP95
Change Component Designator: OldDesignator=TP100 NewDesignator=TP96
Change Component Designator: OldDesignator=TP101 NewDesignator=TP97
Change Component Designator: OldDesignator=TP102 NewDesignator=TP98
Change Component Designator: OldDesignator=TP103 NewDesignator=TP99
Change Component Designator: OldDesignator=TP104 NewDesignator=TP100
Change Component Designator: OldDesignator=TP105 NewDesignator=TP101
Change Component Designator: OldDesignator=TP106 NewDesignator=TP102
Change Component Designator: OldDesignator=TP107 NewDesignator=TP103
Change Component Designator: OldDesignator=TP108 NewDesignator=TP104
Change Component Designator: OldDesignator=TP109 NewDesignator=TP105
Change Component Designator: OldDesignator=U10 NewDesignator=U11
Change Component Designator: OldDesignator=U11 NewDesignator=U12
Change Component Designator: OldDesignator=U12 NewDesignator=U13
Change Component Designator: OldDesignator=U13 NewDesignator=U14
Change Component Designator: OldDesignator=U16 NewDesignator=U15
Change Component Designator: OldDesignator=U17 NewDesignator=U16
Change Component Designator: OldDesignator=U18 NewDesignator=U19
Change Component Designator: OldDesignator=U19 NewDesignator=U20
Change Component Designator: OldDesignator=U20 NewDesignator=U21
Change Component Designator: OldDesignator=U25 NewDesignator=U26
Change Component Designator: OldDesignator=U30 NewDesignator=U31
Change Component Designator: OldDesignator=U31 NewDesignator=U32
Change Component Designator: OldDesignator=U32 NewDesignator=U33
Change Component Designator: OldDesignator=U33 NewDesignator=U34
Change Component Designator: OldDesignator=U38 NewDesignator=U39
Change Component Designator: OldDesignator=U39 NewDesignator=U40
Change Component Designator: OldDesignator=VD18 NewDesignator=VD20
Change Component Designator: OldDesignator=VD19 NewDesignator=VD21
Change Component Designator: OldDesignator=VD20 NewDesignator=VD22
Change Component Designator: OldDesignator=VD21 NewDesignator=VD23
Change Component Designator: OldDesignator=VD22 NewDesignator=VD24
Change Component Designator: OldDesignator=VD23 NewDesignator=VD25
Change Component Designator: OldDesignator=VD24 NewDesignator=VD26
Change Component Designator: OldDesignator=VD25 NewDesignator=VD27
Change Component Designator: OldDesignator=VD26 NewDesignator=VD28
Change Component Designator: OldDesignator=VD27 NewDesignator=VD29
Change Component Designator: OldDesignator=VD28 NewDesignator=VD30
Change Component Designator: OldDesignator=VD29 NewDesignator=VD31
Change Component Designator: OldDesignator=VD30 NewDesignator=VD32
Change Component Designator: OldDesignator=VD31 NewDesignator=VD33
Change Component Designator: OldDesignator=VD32 NewDesignator=VD34
Change Component Designator: OldDesignator=VD33 NewDesignator=VD35
Change Managed Component Library Link : Designator=L4 Old VaultGUID= New VaultGUID=B7D15EC3-160A-466F-A46C-7801FE6295A7 Old ItemGUID= New ItemGUID=20B15B5F-BEAB-4CF7-8A0B-6DEBA0504057 Old RevisionGUID= New RevisionGUID=24911B03-6D1B-4363-B4B7-CEAF5F29FEE2
Change Managed Component Library Link : Designator=L5 Old VaultGUID=B7D15EC3-160A-466F-A46C-7801FE6295A7 New VaultGUID= Old ItemGUID=20B15B5F-BEAB-4CF7-8A0B-6DEBA0504057 New ItemGUID= Old RevisionGUID=24911B03-6D1B-4363-B4B7-CEAF5F29FEE2 New RevisionGUID=
Change component parameters: Designator = "L4" ("L4"); Footprint = "WE-PD2_7850"; UniqueID = "\YHXOHLVG" ("\YHXOHLVG")
Change component parameters (AddParameter): Name = "Ambient Temperature Range High"; Value = "85°C"; VariantName = "[No Variations]"
Change component parameters (AddParameter): Name = "Ambient Temperature Range Low"; Value = "-40°C"; VariantName = "[No Variations]"
Change component parameters (AddParameter): Name = "Current Rating"; Value = "620mA"; VariantName = "[No Variations]"
Change component parameters (AddParameter): Name = "DC Resistance (DCR)"; Value = "500m?"; VariantName = "[No Variations]"
Change component parameters (AddParameter): Name = "Height"; Value = "5.4mm"; VariantName = "[No Variations]"
Change component parameters (AddParameter): Name = "Inductance"; Value = "270µH"; VariantName = "[No Variations]"
Change component parameters (AddParameter): Name = "Length"; Value = "9mm"; VariantName = "[No Variations]"
Change component parameters (AddParameter): Name = "Max Operating Temperature"; Value = "125°C"; VariantName = "[No Variations]"
Change component parameters (AddParameter): Name = "Min Operating Temperature"; Value = "-40°C"; VariantName = "[No Variations]"
Change component parameters (AddParameter): Name = "NexarPartId"; Value = "24533346"; VariantName = "[No Variations]"
Change component parameters (AddParameter): Name = "Packaging"; Value = "Digi-Reel®"; VariantName = "[No Variations]"
Change component parameters (AddParameter): Name = "RoHS"; Value = "Compliant"; VariantName = "[No Variations]"
Change component parameters (AddParameter): Name = "Self Resonant Frequency"; Value = "4MHz"; VariantName = "[No Variations]"
Change component parameters (AddParameter): Name = "Width"; Value = "10mm"; VariantName = "[No Variations]"
Change component parameters: Designator = "L5" ("L5"); Footprint = "WE-PD2_1054"; UniqueID = "\MGAXEJLN" ("\MGAXEJLN")
Change component parameters (AddParameter): Name = "Case/Size Code"; Value = "7850"; VariantName = "[No Variations]"
Change component parameters (AddParameter): Name = "Category"; Value = "Unshielded Power Inductors"; VariantName = "[No Variations]"
Change component parameters (AddParameter): Name = "ComponentLink1Description"; Value = "Website Link"; VariantName = "[No Variations]"
Change component parameters (AddParameter): Name = "ComponentLink1URL"; Value = "https://www.we-online.com/redexpert/article/74477530?ad"; VariantName = "[No Variations]"
Change component parameters (AddParameter): Name = "ComponentLink2Description"; Value = "Datasheet Link"; VariantName = "[No Variations]"
Change component parameters (AddParameter): Name = "ComponentLink2URL"; Value = "https://www.we-online.com/redexpert/spec/74477530?ad"; VariantName = "[No Variations]"
Change component parameters (AddParameter): Name = "DC Resistance"; Value = "2.78?"; VariantName = "[No Variations]"
Change component parameters (AddParameter): Name = "DC Resistance Max"; Value = "3.3?"; VariantName = "[No Variations]"
Change component parameters (AddParameter): Name = "Height"; Value = "4.95mm"; VariantName = "[No Variations]"
Change component parameters (AddParameter): Name = "Inductance"; Value = "1000µH"; VariantName = "[No Variations]"
Change component parameters (AddParameter): Name = "Length"; Value = "7.8mm"; VariantName = "[No Variations]"
Change component parameters (AddParameter): Name = "Manufacturer"; Value = "Wurth Elektronik"; VariantName = "[No Variations]"
Change component parameters (AddParameter): Name = "Manufacturer Part Number"; Value = "74477530"; VariantName = "[No Variations]"
Change component parameters (AddParameter): Name = "Match Code"; Value = "WE-PD2"; VariantName = "[No Variations]"
Change component parameters (AddParameter): Name = "Mount"; Value = "Surface Mount"; VariantName = "[No Variations]"
Change component parameters (AddParameter): Name = "Operating Temperature Max"; Value = "125°C"; VariantName = "[No Variations]"
Change component parameters (AddParameter): Name = "Operating Temperature Min"; Value = "-40°C"; VariantName = "[No Variations]"
Change component parameters (AddParameter): Name = "Packaging"; Value = "Tape and Reel"; VariantName = "[No Variations]"
Change component parameters (AddParameter): Name = "Rated Current"; Value = "0.3A"; VariantName = "[No Variations]"
Change component parameters (AddParameter): Name = "Saturation Current"; Value = "0.3A"; VariantName = "[No Variations]"
Change component parameters (AddParameter): Name = "Self Resonant Frequency"; Value = "2.4MHz"; VariantName = "[No Variations]"
Change component parameters (AddParameter): Name = "Width"; Value = "7mm"; VariantName = "[No Variations]"
Change component parameters: Designator = "P9" ("P9"); Footprint = "61300511121"; UniqueID = "\XGDOEEEF" ("\XGDOEEEF")
Change component parameters (AddParameter): Name = "ComponentLink1Description"; Value = "Manufacturer"; VariantName = "[No Variations]"
Change component parameters (AddParameter): Name = "ComponentLink1URL"; Value = "http://www.we-online.de"; VariantName = "[No Variations]"
Change component parameters (AddParameter): Name = "ComponentLink2Description"; Value = "Datasheet"; VariantName = "[No Variations]"
Change component parameters (AddParameter): Name = "ComponentLink2URL"; Value = "https://www.we-online.com/catalog/datasheet/61900211121.pdf"; VariantName = "[No Variations]"
Change component parameters (AddParameter): Name = "Contact Resistance"; Value = "20mOhm"; VariantName = "[No Variations]"
Change component parameters (AddParameter): Name = "Gender"; Value = "Male"; VariantName = "[No Variations]"
Change component parameters (AddParameter): Name = "Mounting Technology"; Value = "THT"; VariantName = "[No Variations]"
Change component parameters (AddParameter): Name = "Operating Temperature"; Value = "-40 to +105degC"; VariantName = "[No Variations]"
Change component parameters (AddParameter): Name = "Packaging"; Value = "Bag"; VariantName = "[No Variations]"
Change component parameters (AddParameter): Name = "Part Number"; Value = "61900211121"; VariantName = "[No Variations]"
Change component parameters (AddParameter): Name = "Pin Number"; Value = "2"; VariantName = "[No Variations]"
Change component parameters (AddParameter): Name = "Pitch"; Value = "2.54mm"; VariantName = "[No Variations]"
Change component parameters (AddParameter): Name = "Published Date"; Value = "January 2020"; VariantName = "[No Variations]"
Change component parameters (AddParameter): Name = "Publisher"; Value = "Wurth Elektronik"; VariantName = "[No Variations]"
Change component parameters (AddParameter): Name = "Rated Current"; Value = "3A"; VariantName = "[No Variations]"
Change component parameters (AddParameter): Name = "Type"; Value = "Vertical"; VariantName = "[No Variations]"
Change component parameters (AddParameter): Name = "Withstanding Voltage"; Value = "1000VAC"; VariantName = "[No Variations]"
Change component parameters (AddParameter): Name = "Working Voltage"; Value = "250VAC"; VariantName = "[No Variations]"
Added Component: Designator=C?(CAP-0805)
Added Component: Designator=C?(CAP-0805)
Added Component: Designator=C?(CAP-0805)
Added Component: Designator=C?(CAP-0805)
Added Component: Designator=C?(CAP-0805)
Added Component: Designator=C?(CAP-0805)
Added Component: Designator=C?(CAP-0805)
Added Component: Designator=C?(CAP-0805)
Added Component: Designator=C?(CAP-0805)
Added Component: Designator=C?(CAP-0805)
Added Component: Designator=C?(CAP-0805)
Added Component: Designator=C?(CAP-0805)
Added Component: Designator=C?(CAP-0805)
Added Component: Designator=C?(CAP-0805)
Added Component: Designator=C?(CAP-0805)
Added Component: Designator=D10(US1G_SMA)
Add Component: Footprint Not Found LED_RED
Added Component: Designator=P8(62000411622)
Add component (AddParameter): Name = "ComponentLink1Description"; Value = "Manufacturer"; VariantName = "[No Variations]"
Add component (AddParameter): Name = "ComponentLink1URL"; Value = "http://www.we-online.de"; VariantName = "[No Variations]"
Add component (AddParameter): Name = "ComponentLink2Description"; Value = "Datasheet"; VariantName = "[No Variations]"
Add component (AddParameter): Name = "ComponentLink2URL"; Value = "https://www.we-online.com/catalog/datasheet/62000411622.pdf"; VariantName = "[No Variations]"
Add component (AddParameter): Name = "Contact Resistance"; Value = "20mOhm"; VariantName = "[No Variations]"
Add component (AddParameter): Name = "Gender"; Value = "Male"; VariantName = "[No Variations]"
Add component (AddParameter): Name = "Mounting Technology"; Value = "THT"; VariantName = "[No Variations]"
Add component (AddParameter): Name = "Operating Temperature"; Value = "-25 to +85degC"; VariantName = "[No Variations]"
Add component (AddParameter): Name = "Packaging"; Value = "Bag"; VariantName = "[No Variations]"
Add component (AddParameter): Name = "Part Number"; Value = "62000411622"; VariantName = "[No Variations]"
Add component (AddParameter): Name = "Pin Number"; Value = "4"; VariantName = "[No Variations]"
Add component (AddParameter): Name = "Pitch"; Value = "2mm"; VariantName = "[No Variations]"
Add component (AddParameter): Name = "Published Date"; Value = "January 2020"; VariantName = "[No Variations]"
Add component (AddParameter): Name = "Publisher"; Value = "Wurth Elektronik"; VariantName = "[No Variations]"
Add component (AddParameter): Name = "Rated Current"; Value = "2A"; VariantName = "[No Variations]"
Add component (AddParameter): Name = "Type"; Value = "Vertical"; VariantName = "[No Variations]"
Add component (AddParameter): Name = "Withstanding Voltage"; Value = "800VAC"; VariantName = "[No Variations]"
Add component (AddParameter): Name = "Working Voltage"; Value = "125VAC"; VariantName = "[No Variations]"
Added Component: Designator=R54(RES-2512)
Added Component: Designator=R56(RES-0805)
Added Component: Designator=R57(RES-0805)
Added Component: Designator=R121(RES-0805)
Added Component: Designator=R122(RES-0805)
Added Component: Designator=R123(RES-0805)
Added Component: Designator=R137(RES-0805)
Added Component: Designator=R142(RES-0805)
Added Component: Designator=TP28(Test_Point)
Add Component: Footprint Not Found Pin_Test_Point(Orange)
Added Component: Designator=TP84(Test_Point)
Added Component: Designator=U10(DC-DC_Bridge)
Add Component: Footprint Not Found SOT23-5_N
Add Component: Footprint Not Found SOT23-5_N
Add Component: Footprint Not Found SOT23-5_N
Add Component: Footprint Not Found SOT23-5_N
Add Component: Footprint Not Found SOT23-5_N
Add Component: Footprint Not Found SOT23-5_N
Add Component: Footprint Not Found SOT23-5_N
Added Component: Designator=U?(DC-DC_Bridge)
Add Component: Footprint Not Found SOT23-5_N
Add Component: Footprint Not Found SOT23-5_N
Add Component: Footprint Not Found SOT23-5_N
Add Component: Footprint Not Found SOT23-5_N
Added Component: Designator=U?(DC-DC_Bridge)
Add Component: Footprint Not Found SOT23-5_N
Added Component: Designator=U?(DC-DC_Bridge)
Add Component: Footprint Not Found SOT23-5_N
Add Component: Footprint Not Found SOT23-5_N
Add Component: Footprint Not Found SOT23-5_N
Add Component: Footprint Not Found SOT23-5_N
Add Component: Footprint Not Found SOT23-5_N
Added Component: Designator=U?(DC-DC_Bridge)
Add Component: Footprint Not Found SOT23-5_N
Added Component: Designator=U?(DC-DC_Bridge)
Add Component: Footprint Not Found SOT23-5_N
Add Component: Footprint Not Found SMF3.3A
Add Component: Footprint Not Found SMF3.3A
Added Pin To Net: NetName=+5V Pin=C25-2
Added Pin To Net: NetName=+5V Pin=C30-1
Added Pin To Net: NetName=+5V Pin=C31-1
Added Pin To Net: NetName=+5V_1 Pin=C38-1
Added Pin To Net: NetName=+5V Pin=C39-1
Added Pin To Net: NetName=GND Pin=C39-2
Added Pin To Net: NetName=GND Pin=C40-1
Added Pin To Net: NetName=+5V Pin=C40-2
Added Pin To Net: NetName=VCC Pin=C41-1
Added Pin To Net: NetName=GND Pin=C41-2
Added Pin To Net: NetName=VCC Pin=C47-1
Added Pin To Net: NetName=GND Pin=C47-2
Added Pin To Net: NetName=GND Pin=C?-1
Added Pin To Net: NetName=GND Pin=C?-1
Added Pin To Net: NetName=GND Pin=C?-1
Added Pin To Net: NetName=GND Pin=C?-1
Added Pin To Net: NetName=GND Pin=C?-1
Added Pin To Net: NetName=GND Pin=C?-1
Added Pin To Net: NetName=GND Pin=C?-1
Added Pin To Net: NetName=GND Pin=C?-1
Added Pin To Net: NetName=GND Pin=C?-1
Added Pin To Net: NetName=GND Pin=C?-1
Added Pin To Net: NetName=GND Pin=C?-1
Added Pin To Net: NetName=GND Pin=C?-1
Added Pin To Net: NetName=GND Pin=C?-1
Added Pin To Net: NetName=GND Pin=C?-1
Added Pin To Net: NetName=GND Pin=C?-1
Added Pin To Net: NetName=+5 Pin=C?-2
Added Pin To Net: NetName=+5 Pin=C?-2
Added Pin To Net: NetName=+5 Pin=C?-2
Added Pin To Net: NetName=+5 Pin=C?-2
Added Pin To Net: NetName=+5 Pin=C?-2
Added Pin To Net: NetName=+5 Pin=C?-2
Added Pin To Net: NetName=+5 Pin=C?-2
Added Pin To Net: NetName=+5 Pin=C?-2
Added Pin To Net: NetName=+5 Pin=C?-2
Added Pin To Net: NetName=+5 Pin=C?-2
Added Pin To Net: NetName=+5 Pin=C?-2
Added Pin To Net: NetName=+5 Pin=C?-2
Added Pin To Net: NetName=+5 Pin=C?-2
Added Pin To Net: NetName=+5 Pin=C?-2
Added Pin To Net: NetName=+5 Pin=C?-2
Added Pin To Net: NetName=GND Pin=D10-2
Added Pin To Net: NetName=GND Pin=J9-1
Added Pin To Net: NetName=VCC Pin=J9-2
Added Pin To Net: NetName=+5V_1 Pin=L4-1
Added Pin To Net: NetName=+5V Pin=L4-2
Added Pin To Net: NetName=+5V_1 Pin=L5-2
Added Pin To Net: NetName=GND Pin=P8-4
Added Pin To Net: NetName=GND Pin=P9-2
Added Pin To Net: NetName=VCC Pin=R54-1
Added Pin To Net: NetName=VCC Pin=R54-1
Added Pin To Net: NetName=+5V_1 Pin=R56-1
Added Pin To Net: NetName=GND Pin=R57-1
Added Pin To Net: NetName=NetC50_1 Pin=R58-2
Added Pin To Net: NetName=+3V3 Pin=R121-2
Added Pin To Net: NetName=+3V3 Pin=R137-1
Added Pin To Net: NetName=+3V3 Pin=R142-2
Added Pin To Net: NetName=+5V Pin=TP29-1
Added Pin To Net: NetName=+5V_1 Pin=TP30-1
Add Pin To Net: Unknown Pin: Pin TP34-1
Added Pin To Net: NetName=+3V3 Pin=U4-1
Added Pin To Net: NetName=+3V3 Pin=U4-7
Added Pin To Net: NetName=+5V Pin=U5-5
Added Pin To Net: NetName=+5V Pin=U6-8
Add Pin To Net: Unknown Pin: Pin U7-4
Add Pin To Net: Unknown Pin: Pin U7-6
Added Pin To Net: NetName=+5V Pin=U8-2
Added Pin To Net: NetName=+24V_1 Pin=U10-1
Added Pin To Net: NetName=+24V_1 Pin=U10-2
Added Pin To Net: NetName=GND_-24V_1 Pin=U10-3
Added Pin To Net: NetName=GND_-24V_1 Pin=U10-4
Added Pin To Net: NetName=VCC Pin=U10-8
Added Pin To Net: NetName=VCC Pin=U10-9
Added Pin To Net: NetName=GND Pin=U10-10
Added Pin To Net: NetName=GND Pin=U10-11
Added Pin To Net: NetName=GND_-24V_2 Pin=U10-15
Added Pin To Net: NetName=GND_-24V_2 Pin=U10-16
Added Pin To Net: NetName=+24V_2 Pin=U10-17
Added Pin To Net: NetName=+24V_2 Pin=U10-18
Added Pin To Net: NetName=NetC50_1 Pin=U12-1
Added Pin To Net: NetName=NetC50_1 Pin=U12-19
Added Pin To Net: NetName=NetC50_1 Pin=U12-32
Added Pin To Net: NetName=NetC50_1 Pin=U12-48
Added Pin To Net: NetName=NetC50_1 Pin=U12-64
Added Pin To Net: NetName=NetR65_2 Pin=U15-2
Added Pin To Net: NetName=NetR67_2 Pin=U16-2
Added Pin To Net: NetName=NetR68_2 Pin=U16-4
Add Pin To Net: Unknown Pin: Pin U17-2
Add Pin To Net: Unknown Pin: Pin U18-2
Add Pin To Net: Unknown Pin: Pin U18-4
Added Pin To Net: NetName=NetR96_2 Pin=U22-2
Added Pin To Net: NetName=NetR98_2 Pin=U23-2
Added Pin To Net: NetName=NetR99_2 Pin=U23-4
Add Pin To Net: Unknown Pin: Pin U25-2
Add Pin To Net: Unknown Pin: Pin U25-4
Added Pin To Net: NetName=NetR122_2 Pin=U27-2
Added Pin To Net: NetName=NetR124_2 Pin=U28-2
Added Pin To Net: NetName=NetR125_2 Pin=U28-4
Added Pin To Net: NetName=NetR123_2 Pin=U29-2
Add Pin To Net: Unknown Pin: Pin U30-2
Add Pin To Net: Unknown Pin: Pin U30-4
Added Pin To Net: NetName=NetR156_2 Pin=U35-2
Added Pin To Net: NetName=NetR158_2 Pin=U35-4
Added Pin To Net: NetName=NetR158_2 Pin=U36-2
Added Pin To Net: NetName=NetR159_2 Pin=U36-4
Added Pin To Net: NetName=NetR157_2 Pin=U37-2
Add Pin To Net: Unknown Pin: Pin U38-2
Add Pin To Net: Unknown Pin: Pin U38-4
Added Pin To Net: NetName=+5 Pin=U?-1
Added Pin To Net: NetName=+24V_2 Pin=U?-1
Added Pin To Net: NetName=+24V_2 Pin=U?-2
Added Pin To Net: NetName=GND_-24V_2 Pin=U?-3
Added Pin To Net: NetName=GND Pin=U?-3
Added Pin To Net: NetName=GND_-24V_2 Pin=U?-4
Added Pin To Net: NetName=+5 Pin=U?-5
Added Pin To Net: NetName=VCC Pin=U?-8
Added Pin To Net: NetName=VCC Pin=U?-8
Added Pin To Net: NetName=VCC Pin=U?-8
Added Pin To Net: NetName=VCC Pin=U?-8
Added Pin To Net: NetName=VCC Pin=U?-8
Added Pin To Net: NetName=VCC Pin=U?-9
Added Pin To Net: NetName=VCC Pin=U?-9
Added Pin To Net: NetName=VCC Pin=U?-9
Added Pin To Net: NetName=VCC Pin=U?-9
Added Pin To Net: NetName=VCC Pin=U?-9
Added Pin To Net: NetName=GND Pin=U?-10
Added Pin To Net: NetName=GND Pin=U?-10
Added Pin To Net: NetName=GND Pin=U?-10
Added Pin To Net: NetName=GND Pin=U?-10
Added Pin To Net: NetName=GND Pin=U?-10
Added Pin To Net: NetName=GND Pin=U?-11
Added Pin To Net: NetName=GND Pin=U?-11
Added Pin To Net: NetName=GND Pin=U?-11
Added Pin To Net: NetName=GND Pin=U?-11
Added Pin To Net: NetName=GND Pin=U?-11
Added Pin To Net: NetName=GND_-24V_2 Pin=U?-15
Added Pin To Net: NetName=GND_-24V_2 Pin=U?-15
Added Pin To Net: NetName=GND_-24V_2 Pin=U?-16
Added Pin To Net: NetName=GND_-24V_2 Pin=U?-16
Added Pin To Net: NetName=+24V_2 Pin=U?-17
Added Pin To Net: NetName=+24V_2 Pin=U?-17
Added Pin To Net: NetName=+24V_2 Pin=U?-18
Added Pin To Net: NetName=+24V_2 Pin=U?-18
Add Pin To Net: Unknown Pin: Pin VD18-1
Add Pin To Net: Unknown Pin: Pin VD19-1
Added Pin To Net: NetName=NetJ8_3 Pin=ZD1-1
Added Pin To Net: NetName=GND_2 Pin=ZD1-2
Added Pin To Net: NetName=NetJ8_1 Pin=ZD2-1
Added Pin To Net: NetName=GND_2 Pin=ZD2-2
Change Net Name : Old Net Name=NetC5_1 New Net Name=NetC4_1
Change Net Name : Old Net Name=NetC5_2 New Net Name=NetC4_2
Change Net Name : Old Net Name=NetC6_2 New Net Name=NetC5_2
Change Net Name : Old Net Name=NetC11_2 New Net Name=NetC10_2
Change Net Name : Old Net Name=NetC12_2 New Net Name=NetC11_2
Change Net Name : Old Net Name=NetC22_2 New Net Name=NetC21_2
Change Net Name : Old Net Name=NetC23_2 New Net Name=NetC22_2
Change Net Name : Old Net Name=NetC24_2 New Net Name=NetC23_2
Change Net Name : Old Net Name=NetC25_2 New Net Name=NetC24_2
Change Net Name : Old Net Name=NetC27_1 New Net Name=NetC26_1
Change Net Name : Old Net Name=NetC27_2 New Net Name=NetC26_2
Change Net Name : Old Net Name=NetC28_1 New Net Name=NetC27_1
Change Net Name : Old Net Name=NetC28_2 New Net Name=NetC27_2
Change Net Name : Old Net Name=NetC29_2 New Net Name=NetC28_2
Change Net Name : Old Net Name=NetC30_2 New Net Name=NetC29_2
Change Net Name : Old Net Name=NetC33_2 New Net Name=NetC32_2
Change Net Name : Old Net Name=NetC50_1 New Net Name=+3V3_MCU
Change Net Name : Old Net Name=NetC53_2 New Net Name=NetC48_2
Change Net Name : Old Net Name=NetC58_1 New Net Name=NetC50_1
Change Net Name : Old Net Name=NetC69_1 New Net Name=NetC55_1
Change Net Name : Old Net Name=NetC70_1 New Net Name=NetC56_1
Change Net Name : Old Net Name=NetC75_1 New Net Name=NetC61_1
Change Net Name : Old Net Name=NetC77_1 New Net Name=NetC63_1
Change Net Name : Old Net Name=NetC78_2 New Net Name=NetC64_2
Change Net Name : Old Net Name=NetC79_2 New Net Name=NetC65_2
Change Net Name : Old Net Name=NetC82_2 New Net Name=NetC68_2
Change Net Name : Old Net Name=NetC83_2 New Net Name=NetC69_2
Change Net Name : Old Net Name=NetC88_2 New Net Name=NetC74_2
Change Net Name : Old Net Name=NetC89_2 New Net Name=NetC75_2
Change Net Name : Old Net Name=NetC98_1 New Net Name=NetC80_1
Change Net Name : Old Net Name=NetC99_2 New Net Name=NetC81_2
Change Net Name : Old Net Name=NetC101_1 New Net Name=NetC83_1
Change Net Name : Old Net Name=NetC107_2 New Net Name=NetC89_2
Change Net Name : Old Net Name=NetC108_1 New Net Name=NetC90_1
Change Net Name : Old Net Name=NetC110_1 New Net Name=NetC92_1
Change Net Name : Old Net Name=NetC114_2 New Net Name=NetC96_2
Change Net Name : Old Net Name=NetC116_2 New Net Name=NetC98_2
Change Net Name : Old Net Name=NetC117_2 New Net Name=NetC99_2
Change Net Name : Old Net Name=NetC118_2 New Net Name=NetC100_2
Change Net Name : Old Net Name=NetC131_1 New Net Name=NetC109_1
Change Net Name : Old Net Name=NetC132_1 New Net Name=NetC110_1
Change Net Name : Old Net Name=NetC140_1 New Net Name=NetC118_1
Change Net Name : Old Net Name=NetC141_2 New Net Name=NetC119_2
Change Net Name : Old Net Name=NetC142_2 New Net Name=NetC120_2
Change Net Name : Old Net Name=NetC144_1 New Net Name=NetC122_1
Change Net Name : Old Net Name=NetC146_2 New Net Name=NetC124_2
Change Net Name : Old Net Name=NetC147_2 New Net Name=NetC125_2
Change Net Name : Old Net Name=NetC148_2 New Net Name=NetC126_2
Change Net Name : Old Net Name=NetC149_2 New Net Name=NetC127_2
Change Net Name : Old Net Name=NetC162_1 New Net Name=NetC140_1
Change Net Name : Old Net Name=NetC164_1 New Net Name=NetC142_1
Change Net Name : Old Net Name=NetC167_2 New Net Name=NetC145_2
Change Net Name : Old Net Name=NetC168_2 New Net Name=NetC146_2
Change Net Name : Old Net Name=NetC173_1 New Net Name=NetC151_1
Change Net Name : Old Net Name=NetC175_1 New Net Name=NetC153_1
Change Net Name : Old Net Name=NetC178_2 New Net Name=NetC156_2
Change Net Name : Old Net Name=NetC184_2 New Net Name=NetC162_2
Change Net Name : Old Net Name=NetC193_1 New Net Name=NetC171_1
Change Net Name : Old Net Name=NetC195_1 New Net Name=NetC173_1
Change Net Name : Old Net Name=NetD10_1 New Net Name=NetD11_1
Change Net Name : Old Net Name=NetD22_1 New Net Name=NetD23_1
Change Net Name : Old Net Name=NetD22_2 New Net Name=NetD23_2
Change Net Name : Old Net Name=NetD23_1 New Net Name=NetD24_1
Change Net Name : Old Net Name=NetD23_2 New Net Name=NetD24_2
Change Net Name : Old Net Name=NetD24_1 New Net Name=NetD25_1
Change Net Name : Old Net Name=NetD24_2 New Net Name=NetD25_2
Change Net Name : Old Net Name=NetD25_1 New Net Name=NetD26_1
Change Net Name : Old Net Name=NetD25_2 New Net Name=NetD26_2
Change Net Name : Old Net Name=NetD26_1 New Net Name=NetD27_1
Change Net Name : Old Net Name=NetD26_2 New Net Name=NetD27_2
Change Net Name : Old Net Name=NetD27_1 New Net Name=NetD28_1
Change Net Name : Old Net Name=NetD27_2 New Net Name=NetD28_2
Change Net Name : Old Net Name=NetJ13_2 New Net Name=NetJ10_2
Change Net Name : Old Net Name=NetJ13_3 New Net Name=NetJ10_3
Change Net Name : Old Net Name=NetJ13_4 New Net Name=NetJ10_4
Change Net Name : Old Net Name=NetJ13_5 New Net Name=NetJ10_5
Change Net Name : Old Net Name=NetJ14_5 New Net Name=NetJ11_5
Change Net Name : Old Net Name=NetJ15_2 New Net Name=NetJ12_2
Change Net Name : Old Net Name=NetJ15_3 New Net Name=NetJ12_3
Change Net Name : Old Net Name=NetJ15_4 New Net Name=NetJ12_4
Change Net Name : Old Net Name=NetJ15_5 New Net Name=NetJ12_5
Change Net Name : Old Net Name=NetJ16_5 New Net Name=NetJ13_5
Change Net Name : Old Net Name=NetJ21_1 New Net Name=NetJ18_1
Change Net Name : Old Net Name=NetJ30_1 New Net Name=NetJ27_1
Change Net Name : Old Net Name=NetJ36_1 New Net Name=NetJ33_1
Change Net Name : Old Net Name=NetJ44_1 New Net Name=NetJ41_1
Change Net Name : Old Net Name=NetJ51_3 New Net Name=NetJ48_3
Change Net Name : Old Net Name=NetJ51_4 New Net Name=NetJ48_4
Change Net Name : Old Net Name=NetJ51_5 New Net Name=NetJ48_5
Change Net Name : Old Net Name=NetJ52_2 New Net Name=NetJ49_2
Change Net Name : Old Net Name=NetJ52_3 New Net Name=NetJ49_3
Change Net Name : Old Net Name=NetJ52_4 New Net Name=NetJ49_4
Change Net Name : Old Net Name=NetJ52_5 New Net Name=NetJ49_5
Change Net Name : Old Net Name=NetJ55_2 New Net Name=NetJ52_2
Change Net Name : Old Net Name=NetJ55_3 New Net Name=NetJ52_3
Change Net Name : Old Net Name=NetJ56_3 New Net Name=NetJ53_3
Change Net Name : Old Net Name=NetJ56_4 New Net Name=NetJ53_4
Change Net Name : Old Net Name=NetJ56_5 New Net Name=NetJ53_5
Change Net Name : Old Net Name=NetP5_2 New Net Name=NetP4_2
Change Net Name : Old Net Name=NetP6_2 New Net Name=NetP5_2
Change Net Name : Old Net Name=NetR19_1 New Net Name=NetR17_1
Change Net Name : Old Net Name=NetR20_1 New Net Name=NetR18_1
Change Net Name : Old Net Name=NetR23_1 New Net Name=NetR21_1
Change Net Name : Old Net Name=NetR29_1 New Net Name=NetR31_1
Change Net Name : Old Net Name=NetR30_2 New Net Name=NetR32_2
Change Net Name : Old Net Name=NetR34_2 New Net Name=NetR36_2
Change Net Name : Old Net Name=NetR35_2 New Net Name=NetR37_2
Change Net Name : Old Net Name=NetR36_2 New Net Name=NetR38_2
Change Net Name : Old Net Name=NetR43_2 New Net Name=NetR22_2
Change Net Name : Old Net Name=NetR44_2 New Net Name=NetR23_2
Change Net Name : Old Net Name=NetR58_2 New Net Name=NetR59_2
Change Net Name : Old Net Name=NetR65_2 New Net Name=NetR66_2
Change Net Name : Old Net Name=NetR66_2 New Net Name=NetR67_2
Change Net Name : Old Net Name=NetR67_2 New Net Name=NetR68_2
Change Net Name : Old Net Name=NetR68_2 New Net Name=NetR69_2
Change Net Name : Old Net Name=NetR69_2 New Net Name=NetR70_2
Change Net Name : Old Net Name=NetR70_2 New Net Name=NetR71_2
Change Net Name : Old Net Name=NetR79_1 New Net Name=NetR80_1
Change Net Name : Old Net Name=NetR83_1 New Net Name=NetR84_1
Change Net Name : Old Net Name=NetR96_2 New Net Name=NetR97_2
Change Net Name : Old Net Name=NetR97_2 New Net Name=NetR98_2
Change Net Name : Old Net Name=NetR98_2 New Net Name=NetR99_2
Change Net Name : Old Net Name=NetR99_2 New Net Name=NetR100_2
Change Net Name : Old Net Name=NetR100_2 New Net Name=NetR101_2
Change Net Name : Old Net Name=NetR101_2 New Net Name=NetR102_2
Change Net Name : Old Net Name=NetR109_1 New Net Name=NetR110_1
Change Net Name : Old Net Name=NetR110_1 New Net Name=NetR111_1
Change Net Name : Old Net Name=NetR122_2 New Net Name=NetR125_2
Change Net Name : Old Net Name=NetR123_2 New Net Name=NetR126_2
Change Net Name : Old Net Name=NetR124_2 New Net Name=NetR127_2
Change Net Name : Old Net Name=NetR125_2 New Net Name=NetR128_2
Change Net Name : Old Net Name=NetR126_2 New Net Name=NetR129_2
Change Net Name : Old Net Name=NetR127_2 New Net Name=NetR130_2
Change Net Name : Old Net Name=NetR135_1 New Net Name=NetR139_1
Change Net Name : Old Net Name=NetR136_1 New Net Name=NetR140_1
Change Net Name : Old Net Name=NetR151_1 New Net Name=NetR156_1
Change Net Name : Old Net Name=NetR152_1 New Net Name=NetR157_1
Change Net Name : Old Net Name=NetR156_2 New Net Name=NetR161_2
Change Net Name : Old Net Name=NetR157_2 New Net Name=NetR162_2
Change Net Name : Old Net Name=NetR158_2 New Net Name=NetR163_2
Change Net Name : Old Net Name=NetR159_2 New Net Name=NetR164_2
Change Net Name : Old Net Name=NetR160_2 New Net Name=NetR165_2
Change Net Name : Old Net Name=NetR161_2 New Net Name=NetR166_2
Added Pin To Net: NetName=+5V_OUT Pin=P8-1
Added Net: Name=+5V_OUT
Added Pin To Net: NetName=+24V_3 Pin=C86-2
Added Pin To Net: NetName=+24V_3 Pin=C88-1
Added Pin To Net: NetName=+24V_3 Pin=R96-2
Added Pin To Net: NetName=+24V_3 Pin=R96-2
Added Pin To Net: NetName=+24V_3 Pin=U21-16
Added Pin To Net: NetName=+24V_3 Pin=U?-1
Added Pin To Net: NetName=+24V_3 Pin=U?-2
Added Net: Name=+24V_3
Added Pin To Net: NetName=+24V_4 Pin=C115-2
Added Pin To Net: NetName=+24V_4 Pin=C117-1
Added Pin To Net: NetName=+24V_4 Pin=R136-2
Added Pin To Net: NetName=+24V_4 Pin=R136-2
Added Pin To Net: NetName=+24V_4 Pin=U32-16
Added Pin To Net: NetName=+24V_4 Pin=U?-1
Added Pin To Net: NetName=+24V_4 Pin=U?-2
Added Net: Name=+24V_4
Added Pin To Net: NetName=+24V_5 Pin=C149-2
Added Pin To Net: NetName=+24V_5 Pin=C150-1
Added Pin To Net: NetName=+24V_5 Pin=R171-2
Added Pin To Net: NetName=+24V_5 Pin=R171-2
Added Pin To Net: NetName=+24V_5 Pin=U40-16
Added Pin To Net: NetName=+24V_5 Pin=U?-17
Added Pin To Net: NetName=+24V_5 Pin=U?-18
Added Net: Name=+24V_5
Added Pin To Net: NetName=+24V_6 Pin=C59-2
Added Pin To Net: NetName=+24V_6 Pin=C60-1
Added Pin To Net: NetName=+24V_6 Pin=R65-2
Added Pin To Net: NetName=+24V_6 Pin=R65-2
Added Pin To Net: NetName=+24V_6 Pin=U14-16
Added Pin To Net: NetName=+24V_6 Pin=U?-1
Added Pin To Net: NetName=+24V_6 Pin=U?-2
Added Net: Name=+24V_6
Added Pin To Net: NetName=+24V_7 Pin=C85-2
Added Pin To Net: NetName=+24V_7 Pin=C87-1
Added Pin To Net: NetName=+24V_7 Pin=R94-2
Added Pin To Net: NetName=+24V_7 Pin=R94-2
Added Pin To Net: NetName=+24V_7 Pin=U20-16
Added Pin To Net: NetName=+24V_7 Pin=U?-17
Added Pin To Net: NetName=+24V_7 Pin=U?-18
Added Net: Name=+24V_7
Added Pin To Net: NetName=+24V_8 Pin=C113-2
Added Pin To Net: NetName=+24V_8 Pin=C114-1
Added Pin To Net: NetName=+24V_8 Pin=R134-2
Added Pin To Net: NetName=+24V_8 Pin=R134-2
Added Pin To Net: NetName=+24V_8 Pin=U31-16
Added Pin To Net: NetName=+24V_8 Pin=U?-1
Added Pin To Net: NetName=+24V_8 Pin=U?-2
Added Net: Name=+24V_8
Added Pin To Net: NetName=+24V_9 Pin=C147-2
Added Pin To Net: NetName=+24V_9 Pin=C148-1
Added Pin To Net: NetName=+24V_9 Pin=R169-2
Added Pin To Net: NetName=+24V_9 Pin=R169-2
Added Pin To Net: NetName=+24V_9 Pin=U39-16
Added Pin To Net: NetName=+24V_9 Pin=U?-17
Added Pin To Net: NetName=+24V_9 Pin=U?-18
Added Net: Name=+24V_9
Added Pin To Net: NetName=GND_-24V_3 Pin=C86-1
Added Pin To Net: NetName=GND_-24V_3 Pin=C88-2
Added Pin To Net: NetName=GND_-24V_3 Pin=C92-2
Added Pin To Net: NetName=GND_-24V_3 Pin=C94-1
Added Pin To Net: NetName=GND_-24V_3 Pin=U21-14
Added Pin To Net: NetName=GND_-24V_3 Pin=U?-3
Added Pin To Net: NetName=GND_-24V_3 Pin=U?-4
Added Pin To Net: NetName=GND_-24V_3 Pin=VD13-2
Added Net: Name=GND_-24V_3
Added Pin To Net: NetName=GND_-24V_4 Pin=C115-1
Added Pin To Net: NetName=GND_-24V_4 Pin=C117-2
Added Pin To Net: NetName=GND_-24V_4 Pin=C122-2
Added Pin To Net: NetName=GND_-24V_4 Pin=C123-1
Added Pin To Net: NetName=GND_-24V_4 Pin=U32-14
Added Pin To Net: NetName=GND_-24V_4 Pin=U?-3
Added Pin To Net: NetName=GND_-24V_4 Pin=U?-4
Added Pin To Net: NetName=GND_-24V_4 Pin=VD23-2
Added Net: Name=GND_-24V_4
Added Pin To Net: NetName=GND_-24V_5 Pin=C149-1
Added Pin To Net: NetName=GND_-24V_5 Pin=C150-2
Added Pin To Net: NetName=GND_-24V_5 Pin=C153-2
Added Pin To Net: NetName=GND_-24V_5 Pin=C154-1
Added Pin To Net: NetName=GND_-24V_5 Pin=U40-14
Added Pin To Net: NetName=GND_-24V_5 Pin=U?-15
Added Pin To Net: NetName=GND_-24V_5 Pin=U?-16
Added Pin To Net: NetName=GND_-24V_5 Pin=VD31-2
Added Net: Name=GND_-24V_5
Added Pin To Net: NetName=GND_-24V_6 Pin=C59-1
Added Pin To Net: NetName=GND_-24V_6 Pin=C60-2
Added Pin To Net: NetName=GND_-24V_6 Pin=C63-2
Added Pin To Net: NetName=GND_-24V_6 Pin=C66-1
Added Pin To Net: NetName=GND_-24V_6 Pin=U14-14
Added Pin To Net: NetName=GND_-24V_6 Pin=U?-3
Added Pin To Net: NetName=GND_-24V_6 Pin=U?-4
Added Pin To Net: NetName=GND_-24V_6 Pin=VD5-2
Added Net: Name=GND_-24V_6
Added Pin To Net: NetName=GND_-24V_7 Pin=C85-1
Added Pin To Net: NetName=GND_-24V_7 Pin=C87-2
Added Pin To Net: NetName=GND_-24V_7 Pin=C90-2
Added Pin To Net: NetName=GND_-24V_7 Pin=C93-1
Added Pin To Net: NetName=GND_-24V_7 Pin=U20-14
Added Pin To Net: NetName=GND_-24V_7 Pin=U?-15
Added Pin To Net: NetName=GND_-24V_7 Pin=U?-16
Added Pin To Net: NetName=GND_-24V_7 Pin=VD12-2
Added Net: Name=GND_-24V_7
Added Pin To Net: NetName=GND_-24V_8 Pin=C113-1
Added Pin To Net: NetName=GND_-24V_8 Pin=C114-2
Added Pin To Net: NetName=GND_-24V_8 Pin=C118-2
Added Pin To Net: NetName=GND_-24V_8 Pin=C121-1
Added Pin To Net: NetName=GND_-24V_8 Pin=U31-14
Added Pin To Net: NetName=GND_-24V_8 Pin=U?-3
Added Pin To Net: NetName=GND_-24V_8 Pin=U?-4
Added Pin To Net: NetName=GND_-24V_8 Pin=VD22-2
Added Net: Name=GND_-24V_8
Added Pin To Net: NetName=GND_-24V_9 Pin=C147-1
Added Pin To Net: NetName=GND_-24V_9 Pin=C148-2
Added Pin To Net: NetName=GND_-24V_9 Pin=C151-2
Added Pin To Net: NetName=GND_-24V_9 Pin=C152-1
Added Pin To Net: NetName=GND_-24V_9 Pin=U39-14
Added Pin To Net: NetName=GND_-24V_9 Pin=U?-15
Added Pin To Net: NetName=GND_-24V_9 Pin=U?-16
Added Pin To Net: NetName=GND_-24V_9 Pin=VD30-2
Added Net: Name=GND_-24V_9
Added Pin To Net: NetName=NetC36_1 Pin=C36-1
Added Pin To Net: NetName=NetC36_1 Pin=U7-3
Added Net: Name=NetC36_1
Added Pin To Net: NetName=NetD10_1 Pin=D10-1
Added Pin To Net: NetName=NetD10_1 Pin=L5-1
Added Pin To Net: NetName=NetD10_1 Pin=TP28-1
Added Pin To Net: NetName=NetD10_1 Pin=U7-2
Added Pin To Net: NetName=NetD10_1 Pin=U7-2
Added Net: Name=NetD10_1
Added Pin To Net: NetName=NetD22_1 Pin=R142-1
Added Net: Name=NetD22_1
Added Pin To Net: NetName=NetD22_2 Pin=P9-1
Added Pin To Net: NetName=NetD22_2 Pin=R137-2
Added Pin To Net: NetName=NetD22_2 Pin=TP84-1
Added Pin To Net: NetName=NetD22_2 Pin=U12-24
Added Net: Name=NetD22_2
Added Pin To Net: NetName=NetP8_2 Pin=P8-2
Added Pin To Net: NetName=NetP8_2 Pin=R122-2
Added Net: Name=NetP8_2
Added Pin To Net: NetName=NetP8_3 Pin=P8-3
Added Pin To Net: NetName=NetP8_3 Pin=R123-2
Added Net: Name=NetP8_3
Added Pin To Net: NetName=NetP10_2 Pin=P10-2
Added Pin To Net: NetName=NetP10_2 Pin=R121-1
Added Pin To Net: NetName=NetP10_2 Pin=R123-1
Added Pin To Net: NetName=NetP10_2 Pin=U12-61
Added Net: Name=NetP10_2
Added Pin To Net: NetName=NetP10_3 Pin=P10-3
Added Pin To Net: NetName=NetP10_3 Pin=R120-1
Added Pin To Net: NetName=NetP10_3 Pin=R122-1
Added Pin To Net: NetName=NetP10_3 Pin=U12-62
Added Net: Name=NetP10_3
Added Pin To Net: NetName=NetR54_2 Pin=R54-2
Added Pin To Net: NetName=NetR54_2 Pin=R54-2
Added Pin To Net: NetName=NetR54_2 Pin=U7-1
Added Net: Name=NetR54_2
Added Pin To Net: NetName=NetR56_2 Pin=R56-2
Added Pin To Net: NetName=NetR56_2 Pin=R57-2
Added Net: Name=NetR56_2
Added Member To Class: ClassName=Driver Member=Component C? 0.1uF
Added Member To Class: ClassName=Driver Member=Component C? 0.1uF
Added Member To Class: ClassName=Driver Member=Component C? 0.1uF
Added Member To Class: ClassName=Driver Member=Component C? 0.1uF
Added Member To Class: ClassName=Driver Member=Component C? 0.1uF
Added Member To Class: ClassName=Driver Member=Component C? 0.1uF
Added Member To Class: ClassName=Driver Member=Component C? 0.1uF
Added Member To Class: ClassName=Driver Member=Component C? 0.1uF
Added Member To Class: ClassName=Driver Member=Component C? 0.1uF
Added Member To Class: ClassName=Driver Member=Component C? 0.1uF
Added Member To Class: ClassName=Driver Member=Component C? 0.1uF
Added Member To Class: ClassName=Driver Member=Component C? 0.1uF
Added Member To Class: ClassName=Driver Member=Component C? 0.1uF
Added Member To Class: ClassName=Driver Member=Component C? 0.1uF
Added Member To Class: ClassName=Driver Member=Component C? 0.1uF
Added Member To Class: ClassName=Driver Member=Component D28 US1G
Added Member To Class: ClassName=Driver Member=Component R177 10
Added Member To Class: ClassName=Driver Member=Component R178 10K
Added Member To Class: ClassName=Driver Member=Component R179 1K
Added Member To Class: ClassName=Driver Member=Component R180 10K
Added Member To Class: ClassName=Driver Member=Component R181 1K
Added Member To Class: ClassName=Driver Member=Component U40 UCC21520DW
Added Member To Class: ClassName=Driver Member=Component U? 74LVC1G14
Added Member To Class: ClassName=Driver Member=Component U? 74LVC1G14
Added Member To Class: ClassName=Driver Member=Component U? DC-DC
Added Member To Class: ClassName=Driver Member=Component U? 74LVC1G14
Added Member To Class: ClassName=Driver Member=Component U? 74LVC1G14
Added Member To Class: ClassName=Driver Member=Component U? 74LVC1G14
Added Member To Class: ClassName=Driver Member=Component U? 74LVC1G14
Added Member To Class: ClassName=Driver Member=Component U? DC-DC
Added Member To Class: ClassName=Driver Member=Component U? 74LVC1G14
Added Member To Class: ClassName=Driver Member=Component U? DC-DC
Added Member To Class: ClassName=Driver Member=Component U? 74LVC1G14
Added Member To Class: ClassName=Driver Member=Component U? 74LVC1G14
Added Member To Class: ClassName=Driver Member=Component U? 74LVC1G14
Added Member To Class: ClassName=Driver Member=Component U? 74LVC1G14
Added Member To Class: ClassName=Driver Member=Component U? 74LVC1G14
Added Member To Class: ClassName=Driver Member=Component U? DC-DC
Added Member To Class: ClassName=Driver Member=Component U? 74LVC1G14
Added Member To Class: ClassName=Driver Member=Component U? DC-DC
Added Member To Class: ClassName=Driver Member=Component U? 74LVC1G14
Added Member To Class: ClassName=Driver Member=Component VD34 5.1V
Added Member To Class: ClassName=Driver Member=Component VD35 5.1V
Added Member To Class: ClassName=HV Member=Wire NetC4_1
Added Member To Class: ClassName=HV Member=Wire NetR31_1
